{"C:\\Users\\HENI\\Downloads\\Pelatihan\\apk\\Coffeeshop\\backend\\src\\server.js": {"path":"C:\\Users\\HENI\\Downloads\\Pelatihan\\apk\\Coffeeshop\\backend\\src\\server.js","statementMap":{"0":{"start":{"line":1,"column":0},"end":{"line":1,"column":27}},"1":{"start":{"line":3,"column":18},"end":{"line":3,"column":26}},"2":{"start":{"line":5,"column":0},"end":{"line":129,"column":1}},"3":{"start":{"line":6,"column":17},"end":{"line":6,"column":40}},"4":{"start":{"line":7,"column":29},"end":{"line":7,"column":62}},"5":{"start":{"line":12,"column":2},"end":{"line":16,"column":5}},"6":{"start":{"line":18,"column":18},"end":{"line":18,"column":36}},"7":{"start":{"line":19,"column":15},"end":{"line":19,"column":30}},"8":{"start":{"line":20,"column":15},"end":{"line":20,"column":30}},"9":{"start":{"line":21,"column":17},"end":{"line":21,"column":34}},"10":{"start":{"line":22,"column":17},"end":{"line":22,"column":60}},"11":{"start":{"line":23,"column":15},"end":{"line":23,"column":30}},"12":{"start":{"line":24,"column":21},"end":{"line":24,"column":41}},"13":{"start":{"line":26,"column":2},"end":{"line":26,"column":18}},"14":{"start":{"line":27,"column":17},"end":{"line":27,"column":39}},"15":{"start":{"line":28,"column":13},"end":{"line":28,"column":58}},"16":{"start":{"line":30,"column":2},"end":{"line":30,"column":20}},"17":{"start":{"line":32,"column":2},"end":{"line":32,"column":23}},"18":{"start":{"line":32,"column":20},"end":{"line":32,"column":22}},"19":{"start":{"line":34,"column":2},"end":{"line":34,"column":18}},"20":{"start":{"line":35,"column":2},"end":{"line":35,"column":26}},"21":{"start":{"line":36,"column":2},"end":{"line":36,"column":85}},"22":{"start":{"line":39,"column":2},"end":{"line":39,"column":85}},"23":{"start":{"line":39,"column":39},"end":{"line":39,"column":83}},"24":{"start":{"line":42,"column":20},"end":{"line":42,"column":49}},"25":{"start":{"line":43,"column":15},"end":{"line":43,"column":32}},"26":{"start":{"line":44,"column":26},"end":{"line":44,"column":76}},"27":{"start":{"line":45,"column":2},"end":{"line":45,"column":74}},"28":{"start":{"line":48,"column":14},"end":{"line":48,"column":37}},"29":{"start":{"line":49,"column":17},"end":{"line":49,"column":71}},"30":{"start":{"line":51,"column":25},"end":{"line":51,"column":63}},"31":{"start":{"line":52,"column":2},"end":{"line":52,"column":26}},"32":{"start":{"line":54,"column":22},"end":{"line":54,"column":57}},"33":{"start":{"line":55,"column":2},"end":{"line":55,"column":23}},"34":{"start":{"line":57,"column":2},"end":{"line":57,"column":50}},"35":{"start":{"line":58,"column":2},"end":{"line":58,"column":55}},"36":{"start":{"line":59,"column":2},"end":{"line":59,"column":70}},"37":{"start":{"line":60,"column":2},"end":{"line":60,"column":59}},"38":{"start":{"line":61,"column":2},"end":{"line":61,"column":94}},"39":{"start":{"line":62,"column":2},"end":{"line":62,"column":97}},"40":{"start":{"line":63,"column":2},"end":{"line":63,"column":83}},"41":{"start":{"line":64,"column":2},"end":{"line":64,"column":82}},"42":{"start":{"line":65,"column":2},"end":{"line":65,"column":90}},"43":{"start":{"line":66,"column":2},"end":{"line":66,"column":60}},"44":{"start":{"line":67,"column":2},"end":{"line":67,"column":67}},"45":{"start":{"line":69,"column":23},"end":{"line":69,"column":44}},"46":{"start":{"line":70,"column":2},"end":{"line":100,"column":5}},"47":{"start":{"line":71,"column":4},"end":{"line":99,"column":5}},"48":{"start":{"line":72,"column":6},"end":{"line":72,"column":71}},"49":{"start":{"line":72,"column":21},"end":{"line":72,"column":71}},"50":{"start":{"line":74,"column":22},"end":{"line":74,"column":60}},"51":{"start":{"line":75,"column":23},"end":{"line":75,"column":92}},"52":{"start":{"line":76,"column":23},"end":{"line":76,"column":43}},"53":{"start":{"line":79,"column":30},"end":{"line":84,"column":10}},"54":{"start":{"line":86,"column":6},"end":{"line":89,"column":7}},"55":{"start":{"line":87,"column":8},"end":{"line":87,"column":56}},"56":{"start":{"line":88,"column":8},"end":{"line":88,"column":147}},"57":{"start":{"line":91,"column":38},"end":{"line":93,"column":31}},"58":{"start":{"line":95,"column":6},"end":{"line":95,"column":49}},"59":{"start":{"line":97,"column":6},"end":{"line":97,"column":25}},"60":{"start":{"line":98,"column":6},"end":{"line":98,"column":51}},"61":{"start":{"line":102,"column":2},"end":{"line":102,"column":39}},"62":{"start":{"line":103,"column":23},"end":{"line":103,"column":59}},"63":{"start":{"line":104,"column":2},"end":{"line":104,"column":24}},"64":{"start":{"line":106,"column":15},"end":{"line":106,"column":39}},"65":{"start":{"line":107,"column":30},"end":{"line":107,"column":63}},"66":{"start":{"line":109,"column":2},"end":{"line":114,"column":4}},"67":{"start":{"line":110,"column":4},"end":{"line":113,"column":7}},"68":{"start":{"line":111,"column":6},"end":{"line":111,"column":67}},"69":{"start":{"line":112,"column":6},"end":{"line":112,"column":24}},"70":{"start":{"line":116,"column":2},"end":{"line":118,"column":3}},"71":{"start":{"line":117,"column":4},"end":{"line":117,"column":18}},"72":{"start":{"line":120,"column":18},"end":{"line":120,"column":36}},"73":{"start":{"line":121,"column":2},"end":{"line":121,"column":18}},"74":{"start":{"line":122,"column":2},"end":{"line":128,"column":5}},"75":{"start":{"line":123,"column":4},"end":{"line":127,"column":7}},"76":{"start":{"line":131,"column":0},"end":{"line":131,"column":56}}},"fnMap":{"0":{"name":"(anonymous_0)","decl":{"start":{"line":3,"column":18},"end":{"line":3,"column":19}},"loc":{"start":{"line":3,"column":24},"end":{"line":3,"column":26}},"line":3},"1":{"name":"(anonymous_1)","decl":{"start":{"line":32,"column":14},"end":{"line":32,"column":15}},"loc":{"start":{"line":32,"column":20},"end":{"line":32,"column":22}},"line":32},"2":{"name":"(anonymous_2)","decl":{"start":{"line":39,"column":25},"end":{"line":39,"column":26}},"loc":{"start":{"line":39,"column":39},"end":{"line":39,"column":83}},"line":39},"3":{"name":"(anonymous_3)","decl":{"start":{"line":70,"column":50},"end":{"line":70,"column":51}},"loc":{"start":{"line":70,"column":70},"end":{"line":100,"column":3}},"line":70},"4":{"name":"(anonymous_4)","decl":{"start":{"line":109,"column":16},"end":{"line":109,"column":17}},"loc":{"start":{"line":109,"column":22},"end":{"line":114,"column":3}},"line":109},"5":{"name":"(anonymous_5)","decl":{"start":{"line":110,"column":24},"end":{"line":110,"column":25}},"loc":{"start":{"line":110,"column":30},"end":{"line":113,"column":5}},"line":110},"6":{"name":"(anonymous_6)","decl":{"start":{"line":122,"column":15},"end":{"line":122,"column":16}},"loc":{"start":{"line":122,"column":29},"end":{"line":128,"column":3}},"line":122}},"branchMap":{"0":{"loc":{"start":{"line":49,"column":17},"end":{"line":49,"column":71}},"type":"binary-expr","locations":[{"start":{"line":49,"column":17},"end":{"line":49,"column":39}},{"start":{"line":49,"column":43},"end":{"line":49,"column":71}}],"line":49},"1":{"loc":{"start":{"line":72,"column":6},"end":{"line":72,"column":71}},"type":"if","locations":[{"start":{"line":72,"column":6},"end":{"line":72,"column":71}},{"start":{},"end":{}}],"line":72},"2":{"loc":{"start":{"line":86,"column":6},"end":{"line":89,"column":7}},"type":"if","locations":[{"start":{"line":86,"column":6},"end":{"line":89,"column":7}},{"start":{},"end":{}}],"line":86},"3":{"loc":{"start":{"line":106,"column":15},"end":{"line":106,"column":39}},"type":"binary-expr","locations":[{"start":{"line":106,"column":15},"end":{"line":106,"column":31}},{"start":{"line":106,"column":35},"end":{"line":106,"column":39}}],"line":106},"4":{"loc":{"start":{"line":116,"column":2},"end":{"line":118,"column":3}},"type":"if","locations":[{"start":{"line":116,"column":2},"end":{"line":118,"column":3}},{"start":{},"end":{}}],"line":116},"5":{"loc":{"start":{"line":116,"column":6},"end":{"line":116,"column":60}},"type":"binary-expr","locations":[{"start":{"line":116,"column":6},"end":{"line":116,"column":25}},{"start":{"line":116,"column":29},"end":{"line":116,"column":60}}],"line":116}},"s":{"0":1,"1":1,"2":1,"3":1,"4":1,"5":1,"6":1,"7":1,"8":1,"9":1,"10":1,"11":1,"12":1,"13":1,"14":1,"15":1,"16":1,"17":1,"18":0,"19":1,"20":1,"21":1,"22":1,"23":0,"24":1,"25":1,"26":1,"27":1,"28":1,"29":1,"30":1,"31":1,"32":1,"33":1,"34":1,"35":1,"36":1,"37":1,"38":1,"39":1,"40":1,"41":1,"42":1,"43":1,"44":1,"45":1,"46":1,"47":0,"48":0,"49":0,"50":0,"51":0,"52":0,"53":0,"54":0,"55":0,"56":0,"57":0,"58":0,"59":0,"60":0,"61":1,"62":1,"63":1,"64":1,"65":1,"66":1,"67":0,"68":0,"69":0,"70":1,"71":0,"72":0,"73":0,"74":0,"75":0,"76":1},"f":{"0":0,"1":0,"2":0,"3":0,"4":0,"5":0,"6":0},"b":{"0":[1,0],"1":[0,0],"2":[0,0],"3":[1,0],"4":[0,1],"5":[1,1]},"_coverageSchema":"1a1c01bbd47fc00a2c39e90264f33305004495a9","hash":"856cec069d524d164729bcb392f72c5edd76eb90"}
,"C:\\Users\\HENI\\Downloads\\Pelatihan\\apk\\Coffeeshop\\backend\\src\\supabase.js": {"path":"C:\\Users\\HENI\\Downloads\\Pelatihan\\apk\\Coffeeshop\\backend\\src\\supabase.js","statementMap":{"0":{"start":{"line":1,"column":25},"end":{"line":1,"column":57}},"1":{"start":{"line":2,"column":13},"end":{"line":2,"column":28}},"2":{"start":{"line":3,"column":0},"end":{"line":3,"column":84}},"3":{"start":{"line":5,"column":20},"end":{"line":5,"column":75}},"4":{"start":{"line":6,"column":20},"end":{"line":6,"column":59}},"5":{"start":{"line":8,"column":0},"end":{"line":10,"column":1}},"6":{"start":{"line":9,"column":2},"end":{"line":9,"column":106}},"7":{"start":{"line":12,"column":17},"end":{"line":12,"column":55}},"8":{"start":{"line":19,"column":24},"end":{"line":24,"column":1}},"9":{"start":{"line":23,"column":2},"end":{"line":23,"column":18}},"10":{"start":{"line":26,"column":0},"end":{"line":29,"column":2}}},"fnMap":{"0":{"name":"(anonymous_0)","decl":{"start":{"line":19,"column":24},"end":{"line":19,"column":25}},"loc":{"start":{"line":19,"column":38},"end":{"line":24,"column":1}},"line":19}},"branchMap":{"0":{"loc":{"start":{"line":5,"column":20},"end":{"line":5,"column":75}},"type":"binary-expr","locations":[{"start":{"line":5,"column":20},"end":{"line":5,"column":44}},{"start":{"line":5,"column":48},"end":{"line":5,"column":75}}],"line":5},"1":{"loc":{"start":{"line":6,"column":20},"end":{"line":6,"column":59}},"type":"binary-expr","locations":[{"start":{"line":6,"column":20},"end":{"line":6,"column":44}},{"start":{"line":6,"column":48},"end":{"line":6,"column":59}}],"line":6},"2":{"loc":{"start":{"line":8,"column":0},"end":{"line":10,"column":1}},"type":"if","locations":[{"start":{"line":8,"column":0},"end":{"line":10,"column":1}},{"start":{},"end":{}}],"line":8},"3":{"loc":{"start":{"line":8,"column":4},"end":{"line":8,"column":58}},"type":"binary-expr","locations":[{"start":{"line":8,"column":4},"end":{"line":8,"column":29}},{"start":{"line":8,"column":33},"end":{"line":8,"column":58}}],"line":8}},"s":{"0":1,"1":1,"2":1,"3":1,"4":1,"5":1,"6":0,"7":1,"8":1,"9":0,"10":1},"f":{"0":0},"b":{"0":[1,0],"1":[1,0],"2":[0,1],"3":[1,1]},"_coverageSchema":"1a1c01bbd47fc00a2c39e90264f33305004495a9","hash":"369aac75b540c4052ed7bbf6fe74d9daab01b0b8"}
,"C:\\Users\\HENI\\Downloads\\Pelatihan\\apk\\Coffeeshop\\backend\\src\\controllers\\accountingController.js": {"path":"C:\\Users\\HENI\\Downloads\\Pelatihan\\apk\\Coffeeshop\\backend\\src\\controllers\\accountingController.js","statementMap":{"0":{"start":{"line":1,"column":26},"end":{"line":1,"column":66}},"1":{"start":{"line":6,"column":4},"end":{"line":14,"column":5}},"2":{"start":{"line":7,"column":27},"end":{"line":7,"column":48}},"3":{"start":{"line":8,"column":25},"end":{"line":8,"column":34}},"4":{"start":{"line":9,"column":21},"end":{"line":9,"column":73}},"5":{"start":{"line":10,"column":6},"end":{"line":10,"column":23}},"6":{"start":{"line":12,"column":6},"end":{"line":12,"column":58}},"7":{"start":{"line":13,"column":6},"end":{"line":13,"column":51}},"8":{"start":{"line":18,"column":4},"end":{"line":24,"column":5}},"9":{"start":{"line":19,"column":27},"end":{"line":19,"column":48}},"10":{"start":{"line":20,"column":21},"end":{"line":20,"column":66}},"11":{"start":{"line":21,"column":6},"end":{"line":21,"column":23}},"12":{"start":{"line":23,"column":6},"end":{"line":23,"column":51}},"13":{"start":{"line":28,"column":4},"end":{"line":34,"column":5}},"14":{"start":{"line":29,"column":27},"end":{"line":29,"column":48}},"15":{"start":{"line":30,"column":21},"end":{"line":30,"column":66}},"16":{"start":{"line":31,"column":6},"end":{"line":31,"column":23}},"17":{"start":{"line":33,"column":6},"end":{"line":33,"column":51}},"18":{"start":{"line":38,"column":4},"end":{"line":47,"column":5}},"19":{"start":{"line":39,"column":27},"end":{"line":39,"column":48}},"20":{"start":{"line":40,"column":6},"end":{"line":40,"column":82}},"21":{"start":{"line":40,"column":21},"end":{"line":40,"column":82}},"22":{"start":{"line":42,"column":24},"end":{"line":42,"column":81}},"23":{"start":{"line":43,"column":6},"end":{"line":43,"column":45}},"24":{"start":{"line":45,"column":6},"end":{"line":45,"column":60}},"25":{"start":{"line":46,"column":6},"end":{"line":46,"column":51}},"26":{"start":{"line":51,"column":4},"end":{"line":60,"column":5}},"27":{"start":{"line":52,"column":69},"end":{"line":52,"column":90}},"28":{"start":{"line":53,"column":6},"end":{"line":53,"column":82}},"29":{"start":{"line":53,"column":21},"end":{"line":53,"column":82}},"30":{"start":{"line":55,"column":21},"end":{"line":55,"column":110}},"31":{"start":{"line":56,"column":6},"end":{"line":56,"column":45}},"32":{"start":{"line":58,"column":6},"end":{"line":58,"column":55}},"33":{"start":{"line":59,"column":6},"end":{"line":59,"column":51}},"34":{"start":{"line":65,"column":0},"end":{"line":65,"column":44}}},"fnMap":{"0":{"name":"(anonymous_0)","decl":{"start":{"line":5,"column":2},"end":{"line":5,"column":3}},"loc":{"start":{"line":5,"column":29},"end":{"line":15,"column":3}},"line":5},"1":{"name":"(anonymous_1)","decl":{"start":{"line":17,"column":2},"end":{"line":17,"column":3}},"loc":{"start":{"line":17,"column":30},"end":{"line":25,"column":3}},"line":17},"2":{"name":"(anonymous_2)","decl":{"start":{"line":27,"column":2},"end":{"line":27,"column":3}},"loc":{"start":{"line":27,"column":30},"end":{"line":35,"column":3}},"line":27},"3":{"name":"(anonymous_3)","decl":{"start":{"line":37,"column":2},"end":{"line":37,"column":3}},"loc":{"start":{"line":37,"column":32},"end":{"line":48,"column":3}},"line":37},"4":{"name":"(anonymous_4)","decl":{"start":{"line":50,"column":2},"end":{"line":50,"column":3}},"loc":{"start":{"line":50,"column":32},"end":{"line":61,"column":3}},"line":50}},"branchMap":{"0":{"loc":{"start":{"line":7,"column":27},"end":{"line":7,"column":48}},"type":"binary-expr","locations":[{"start":{"line":7,"column":27},"end":{"line":7,"column":42}},{"start":{"line":7,"column":46},"end":{"line":7,"column":48}}],"line":7},"1":{"loc":{"start":{"line":19,"column":27},"end":{"line":19,"column":48}},"type":"binary-expr","locations":[{"start":{"line":19,"column":27},"end":{"line":19,"column":42}},{"start":{"line":19,"column":46},"end":{"line":19,"column":48}}],"line":19},"2":{"loc":{"start":{"line":29,"column":27},"end":{"line":29,"column":48}},"type":"binary-expr","locations":[{"start":{"line":29,"column":27},"end":{"line":29,"column":42}},{"start":{"line":29,"column":46},"end":{"line":29,"column":48}}],"line":29},"3":{"loc":{"start":{"line":39,"column":27},"end":{"line":39,"column":48}},"type":"binary-expr","locations":[{"start":{"line":39,"column":27},"end":{"line":39,"column":42}},{"start":{"line":39,"column":46},"end":{"line":39,"column":48}}],"line":39},"4":{"loc":{"start":{"line":40,"column":6},"end":{"line":40,"column":82}},"type":"if","locations":[{"start":{"line":40,"column":6},"end":{"line":40,"column":82}},{"start":{},"end":{}}],"line":40},"5":{"loc":{"start":{"line":52,"column":69},"end":{"line":52,"column":90}},"type":"binary-expr","locations":[{"start":{"line":52,"column":69},"end":{"line":52,"column":84}},{"start":{"line":52,"column":88},"end":{"line":52,"column":90}}],"line":52},"6":{"loc":{"start":{"line":53,"column":6},"end":{"line":53,"column":82}},"type":"if","locations":[{"start":{"line":53,"column":6},"end":{"line":53,"column":82}},{"start":{},"end":{}}],"line":53}},"s":{"0":1,"1":0,"2":0,"3":0,"4":0,"5":0,"6":0,"7":0,"8":0,"9":0,"10":0,"11":0,"12":0,"13":0,"14":0,"15":0,"16":0,"17":0,"18":0,"19":0,"20":0,"21":0,"22":0,"23":0,"24":0,"25":0,"26":0,"27":0,"28":0,"29":0,"30":0,"31":0,"32":0,"33":0,"34":1},"f":{"0":0,"1":0,"2":0,"3":0,"4":0},"b":{"0":[0,0],"1":[0,0],"2":[0,0],"3":[0,0],"4":[0,0],"5":[0,0],"6":[0,0]},"_coverageSchema":"1a1c01bbd47fc00a2c39e90264f33305004495a9","hash":"dd1fd36d819860201d2e0f23a8d0f2a36af820ee"}
,"C:\\Users\\HENI\\Downloads\\Pelatihan\\apk\\Coffeeshop\\backend\\src\\controllers\\aiController.js": {"path":"C:\\Users\\HENI\\Downloads\\Pelatihan\\apk\\Coffeeshop\\backend\\src\\controllers\\aiController.js","statementMap":{"0":{"start":{"line":1,"column":18},"end":{"line":1,"column":50}},"1":{"start":{"line":6,"column":4},"end":{"line":15,"column":5}},"2":{"start":{"line":7,"column":50},"end":{"line":7,"column":58}},"3":{"start":{"line":8,"column":23},"end":{"line":8,"column":87}},"4":{"start":{"line":10,"column":21},"end":{"line":10,"column":91}},"5":{"start":{"line":11,"column":6},"end":{"line":11,"column":23}},"6":{"start":{"line":13,"column":6},"end":{"line":13,"column":53}},"7":{"start":{"line":14,"column":6},"end":{"line":14,"column":51}},"8":{"start":{"line":19,"column":4},"end":{"line":27,"column":5}},"9":{"start":{"line":20,"column":35},"end":{"line":20,"column":44}},"10":{"start":{"line":21,"column":27},"end":{"line":21,"column":48}},"11":{"start":{"line":23,"column":21},"end":{"line":23,"column":81}},"12":{"start":{"line":24,"column":6},"end":{"line":24,"column":23}},"13":{"start":{"line":26,"column":6},"end":{"line":26,"column":51}},"14":{"start":{"line":30,"column":4},"end":{"line":38,"column":5}},"15":{"start":{"line":31,"column":35},"end":{"line":31,"column":44}},"16":{"start":{"line":32,"column":27},"end":{"line":32,"column":48}},"17":{"start":{"line":34,"column":21},"end":{"line":34,"column":85}},"18":{"start":{"line":35,"column":6},"end":{"line":35,"column":23}},"19":{"start":{"line":37,"column":6},"end":{"line":37,"column":51}},"20":{"start":{"line":42,"column":4},"end":{"line":50,"column":5}},"21":{"start":{"line":43,"column":35},"end":{"line":43,"column":44}},"22":{"start":{"line":44,"column":27},"end":{"line":44,"column":48}},"23":{"start":{"line":46,"column":21},"end":{"line":46,"column":87}},"24":{"start":{"line":47,"column":6},"end":{"line":47,"column":23}},"25":{"start":{"line":49,"column":6},"end":{"line":49,"column":51}},"26":{"start":{"line":54,"column":0},"end":{"line":54,"column":36}}},"fnMap":{"0":{"name":"(anonymous_0)","decl":{"start":{"line":5,"column":2},"end":{"line":5,"column":3}},"loc":{"start":{"line":5,"column":23},"end":{"line":16,"column":3}},"line":5},"1":{"name":"(anonymous_1)","decl":{"start":{"line":18,"column":2},"end":{"line":18,"column":3}},"loc":{"start":{"line":18,"column":30},"end":{"line":28,"column":3}},"line":18},"2":{"name":"(anonymous_2)","decl":{"start":{"line":29,"column":2},"end":{"line":29,"column":3}},"loc":{"start":{"line":29,"column":40},"end":{"line":39,"column":3}},"line":29},"3":{"name":"(anonymous_3)","decl":{"start":{"line":41,"column":2},"end":{"line":41,"column":3}},"loc":{"start":{"line":41,"column":39},"end":{"line":51,"column":3}},"line":41}},"branchMap":{"0":{"loc":{"start":{"line":8,"column":23},"end":{"line":8,"column":87}},"type":"binary-expr","locations":[{"start":{"line":8,"column":23},"end":{"line":8,"column":38}},{"start":{"line":8,"column":43},"end":{"line":8,"column":58}},{"start":{"line":8,"column":62},"end":{"line":8,"column":86}}],"line":8},"1":{"loc":{"start":{"line":21,"column":27},"end":{"line":21,"column":48}},"type":"binary-expr","locations":[{"start":{"line":21,"column":27},"end":{"line":21,"column":42}},{"start":{"line":21,"column":46},"end":{"line":21,"column":48}}],"line":21},"2":{"loc":{"start":{"line":32,"column":27},"end":{"line":32,"column":48}},"type":"binary-expr","locations":[{"start":{"line":32,"column":27},"end":{"line":32,"column":42}},{"start":{"line":32,"column":46},"end":{"line":32,"column":48}}],"line":32},"3":{"loc":{"start":{"line":44,"column":27},"end":{"line":44,"column":48}},"type":"binary-expr","locations":[{"start":{"line":44,"column":27},"end":{"line":44,"column":42}},{"start":{"line":44,"column":46},"end":{"line":44,"column":48}}],"line":44}},"s":{"0":1,"1":0,"2":0,"3":0,"4":0,"5":0,"6":0,"7":0,"8":0,"9":0,"10":0,"11":0,"12":0,"13":0,"14":0,"15":0,"16":0,"17":0,"18":0,"19":0,"20":0,"21":0,"22":0,"23":0,"24":0,"25":0,"26":1},"f":{"0":0,"1":0,"2":0,"3":0},"b":{"0":[0,0,0],"1":[0,0],"2":[0,0],"3":[0,0]},"_coverageSchema":"1a1c01bbd47fc00a2c39e90264f33305004495a9","hash":"8066174ce0301234f12350c9186d45871eb8c461"}
,"C:\\Users\\HENI\\Downloads\\Pelatihan\\apk\\Coffeeshop\\backend\\src\\controllers\\inventoryController.js": {"path":"C:\\Users\\HENI\\Downloads\\Pelatihan\\apk\\Coffeeshop\\backend\\src\\controllers\\inventoryController.js","statementMap":{"0":{"start":{"line":1,"column":25},"end":{"line":1,"column":64}},"1":{"start":{"line":6,"column":4},"end":{"line":12,"column":5}},"2":{"start":{"line":7,"column":27},"end":{"line":7,"column":48}},"3":{"start":{"line":8,"column":26},"end":{"line":8,"column":78}},"4":{"start":{"line":9,"column":6},"end":{"line":9,"column":34}},"5":{"start":{"line":11,"column":6},"end":{"line":11,"column":51}},"6":{"start":{"line":16,"column":4},"end":{"line":22,"column":5}},"7":{"start":{"line":17,"column":27},"end":{"line":17,"column":48}},"8":{"start":{"line":18,"column":20},"end":{"line":18,"column":72}},"9":{"start":{"line":19,"column":6},"end":{"line":19,"column":28}},"10":{"start":{"line":21,"column":6},"end":{"line":21,"column":51}},"11":{"start":{"line":26,"column":4},"end":{"line":34,"column":5}},"12":{"start":{"line":27,"column":27},"end":{"line":27,"column":48}},"13":{"start":{"line":28,"column":39},"end":{"line":28,"column":47}},"14":{"start":{"line":29,"column":19},"end":{"line":29,"column":85}},"15":{"start":{"line":30,"column":6},"end":{"line":30,"column":33}},"16":{"start":{"line":32,"column":6},"end":{"line":32,"column":68}},"17":{"start":{"line":33,"column":6},"end":{"line":33,"column":51}},"18":{"start":{"line":38,"column":4},"end":{"line":44,"column":5}},"19":{"start":{"line":39,"column":27},"end":{"line":39,"column":48}},"20":{"start":{"line":40,"column":24},"end":{"line":40,"column":75}},"21":{"start":{"line":41,"column":6},"end":{"line":41,"column":32}},"22":{"start":{"line":43,"column":6},"end":{"line":43,"column":51}},"23":{"start":{"line":48,"column":4},"end":{"line":54,"column":5}},"24":{"start":{"line":49,"column":27},"end":{"line":49,"column":48}},"25":{"start":{"line":50,"column":23},"end":{"line":50,"column":67}},"26":{"start":{"line":51,"column":6},"end":{"line":51,"column":25}},"27":{"start":{"line":53,"column":6},"end":{"line":53,"column":51}},"28":{"start":{"line":58,"column":4},"end":{"line":65,"column":5}},"29":{"start":{"line":59,"column":27},"end":{"line":59,"column":48}},"30":{"start":{"line":60,"column":19},"end":{"line":60,"column":59}},"31":{"start":{"line":61,"column":6},"end":{"line":61,"column":21}},"32":{"start":{"line":63,"column":6},"end":{"line":63,"column":60}},"33":{"start":{"line":64,"column":6},"end":{"line":64,"column":19}},"34":{"start":{"line":69,"column":4},"end":{"line":75,"column":5}},"35":{"start":{"line":70,"column":27},"end":{"line":70,"column":48}},"36":{"start":{"line":71,"column":19},"end":{"line":71,"column":63}},"37":{"start":{"line":72,"column":6},"end":{"line":72,"column":21}},"38":{"start":{"line":74,"column":6},"end":{"line":74,"column":46}},"39":{"start":{"line":79,"column":4},"end":{"line":86,"column":5}},"40":{"start":{"line":80,"column":33},"end":{"line":80,"column":54}},"41":{"start":{"line":81,"column":19},"end":{"line":81,"column":73}},"42":{"start":{"line":82,"column":6},"end":{"line":82,"column":21}},"43":{"start":{"line":84,"column":6},"end":{"line":84,"column":61}},"44":{"start":{"line":85,"column":6},"end":{"line":85,"column":51}},"45":{"start":{"line":90,"column":4},"end":{"line":98,"column":5}},"46":{"start":{"line":91,"column":27},"end":{"line":91,"column":48}},"47":{"start":{"line":92,"column":44},"end":{"line":92,"column":52}},"48":{"start":{"line":93,"column":19},"end":{"line":93,"column":91}},"49":{"start":{"line":94,"column":6},"end":{"line":94,"column":33}},"50":{"start":{"line":96,"column":6},"end":{"line":96,"column":62}},"51":{"start":{"line":97,"column":6},"end":{"line":97,"column":51}},"52":{"start":{"line":102,"column":4},"end":{"line":111,"column":5}},"53":{"start":{"line":103,"column":27},"end":{"line":103,"column":48}},"54":{"start":{"line":104,"column":21},"end":{"line":104,"column":31}},"55":{"start":{"line":105,"column":45},"end":{"line":105,"column":53}},"56":{"start":{"line":106,"column":19},"end":{"line":106,"column":96}},"57":{"start":{"line":107,"column":6},"end":{"line":107,"column":21}},"58":{"start":{"line":109,"column":6},"end":{"line":109,"column":61}},"59":{"start":{"line":110,"column":6},"end":{"line":110,"column":51}},"60":{"start":{"line":115,"column":4},"end":{"line":123,"column":5}},"61":{"start":{"line":116,"column":27},"end":{"line":116,"column":48}},"62":{"start":{"line":117,"column":21},"end":{"line":117,"column":31}},"63":{"start":{"line":118,"column":19},"end":{"line":118,"column":71}},"64":{"start":{"line":119,"column":6},"end":{"line":119,"column":77}},"65":{"start":{"line":121,"column":6},"end":{"line":121,"column":64}},"66":{"start":{"line":122,"column":6},"end":{"line":122,"column":51}},"67":{"start":{"line":127,"column":0},"end":{"line":127,"column":43}}},"fnMap":{"0":{"name":"(anonymous_0)","decl":{"start":{"line":5,"column":2},"end":{"line":5,"column":3}},"loc":{"start":{"line":5,"column":33},"end":{"line":13,"column":3}},"line":5},"1":{"name":"(anonymous_1)","decl":{"start":{"line":15,"column":2},"end":{"line":15,"column":3}},"loc":{"start":{"line":15,"column":27},"end":{"line":23,"column":3}},"line":15},"2":{"name":"(anonymous_2)","decl":{"start":{"line":25,"column":2},"end":{"line":25,"column":3}},"loc":{"start":{"line":25,"column":30},"end":{"line":35,"column":3}},"line":25},"3":{"name":"(anonymous_3)","decl":{"start":{"line":37,"column":2},"end":{"line":37,"column":3}},"loc":{"start":{"line":37,"column":31},"end":{"line":45,"column":3}},"line":37},"4":{"name":"(anonymous_4)","decl":{"start":{"line":47,"column":2},"end":{"line":47,"column":3}},"loc":{"start":{"line":47,"column":30},"end":{"line":55,"column":3}},"line":47},"5":{"name":"(anonymous_5)","decl":{"start":{"line":57,"column":2},"end":{"line":57,"column":3}},"loc":{"start":{"line":57,"column":26},"end":{"line":66,"column":3}},"line":57},"6":{"name":"(anonymous_6)","decl":{"start":{"line":68,"column":2},"end":{"line":68,"column":3}},"loc":{"start":{"line":68,"column":26},"end":{"line":76,"column":3}},"line":68},"7":{"name":"(anonymous_7)","decl":{"start":{"line":78,"column":2},"end":{"line":78,"column":3}},"loc":{"start":{"line":78,"column":31},"end":{"line":87,"column":3}},"line":78},"8":{"name":"(anonymous_8)","decl":{"start":{"line":89,"column":2},"end":{"line":89,"column":3}},"loc":{"start":{"line":89,"column":34},"end":{"line":99,"column":3}},"line":89},"9":{"name":"(anonymous_9)","decl":{"start":{"line":101,"column":2},"end":{"line":101,"column":3}},"loc":{"start":{"line":101,"column":34},"end":{"line":112,"column":3}},"line":101},"10":{"name":"(anonymous_10)","decl":{"start":{"line":114,"column":2},"end":{"line":114,"column":3}},"loc":{"start":{"line":114,"column":34},"end":{"line":124,"column":3}},"line":114}},"branchMap":{"0":{"loc":{"start":{"line":7,"column":27},"end":{"line":7,"column":48}},"type":"binary-expr","locations":[{"start":{"line":7,"column":27},"end":{"line":7,"column":42}},{"start":{"line":7,"column":46},"end":{"line":7,"column":48}}],"line":7},"1":{"loc":{"start":{"line":9,"column":15},"end":{"line":9,"column":32}},"type":"binary-expr","locations":[{"start":{"line":9,"column":15},"end":{"line":9,"column":26}},{"start":{"line":9,"column":30},"end":{"line":9,"column":32}}],"line":9},"2":{"loc":{"start":{"line":17,"column":27},"end":{"line":17,"column":48}},"type":"binary-expr","locations":[{"start":{"line":17,"column":27},"end":{"line":17,"column":42}},{"start":{"line":17,"column":46},"end":{"line":17,"column":48}}],"line":17},"3":{"loc":{"start":{"line":19,"column":15},"end":{"line":19,"column":26}},"type":"binary-expr","locations":[{"start":{"line":19,"column":15},"end":{"line":19,"column":20}},{"start":{"line":19,"column":24},"end":{"line":19,"column":26}}],"line":19},"4":{"loc":{"start":{"line":27,"column":27},"end":{"line":27,"column":48}},"type":"binary-expr","locations":[{"start":{"line":27,"column":27},"end":{"line":27,"column":42}},{"start":{"line":27,"column":46},"end":{"line":27,"column":48}}],"line":27},"5":{"loc":{"start":{"line":39,"column":27},"end":{"line":39,"column":48}},"type":"binary-expr","locations":[{"start":{"line":39,"column":27},"end":{"line":39,"column":42}},{"start":{"line":39,"column":46},"end":{"line":39,"column":48}}],"line":39},"6":{"loc":{"start":{"line":41,"column":15},"end":{"line":41,"column":30}},"type":"binary-expr","locations":[{"start":{"line":41,"column":15},"end":{"line":41,"column":24}},{"start":{"line":41,"column":28},"end":{"line":41,"column":30}}],"line":41},"7":{"loc":{"start":{"line":49,"column":27},"end":{"line":49,"column":48}},"type":"binary-expr","locations":[{"start":{"line":49,"column":27},"end":{"line":49,"column":42}},{"start":{"line":49,"column":46},"end":{"line":49,"column":48}}],"line":49},"8":{"loc":{"start":{"line":59,"column":27},"end":{"line":59,"column":48}},"type":"binary-expr","locations":[{"start":{"line":59,"column":27},"end":{"line":59,"column":42}},{"start":{"line":59,"column":46},"end":{"line":59,"column":48}}],"line":59},"9":{"loc":{"start":{"line":70,"column":27},"end":{"line":70,"column":48}},"type":"binary-expr","locations":[{"start":{"line":70,"column":27},"end":{"line":70,"column":42}},{"start":{"line":70,"column":46},"end":{"line":70,"column":48}}],"line":70},"10":{"loc":{"start":{"line":80,"column":33},"end":{"line":80,"column":54}},"type":"binary-expr","locations":[{"start":{"line":80,"column":33},"end":{"line":80,"column":48}},{"start":{"line":80,"column":52},"end":{"line":80,"column":54}}],"line":80},"11":{"loc":{"start":{"line":91,"column":27},"end":{"line":91,"column":48}},"type":"binary-expr","locations":[{"start":{"line":91,"column":27},"end":{"line":91,"column":42}},{"start":{"line":91,"column":46},"end":{"line":91,"column":48}}],"line":91},"12":{"loc":{"start":{"line":103,"column":27},"end":{"line":103,"column":48}},"type":"binary-expr","locations":[{"start":{"line":103,"column":27},"end":{"line":103,"column":42}},{"start":{"line":103,"column":46},"end":{"line":103,"column":48}}],"line":103},"13":{"loc":{"start":{"line":116,"column":27},"end":{"line":116,"column":48}},"type":"binary-expr","locations":[{"start":{"line":116,"column":27},"end":{"line":116,"column":42}},{"start":{"line":116,"column":46},"end":{"line":116,"column":48}}],"line":116}},"s":{"0":1,"1":0,"2":0,"3":0,"4":0,"5":0,"6":0,"7":0,"8":0,"9":0,"10":0,"11":0,"12":0,"13":0,"14":0,"15":0,"16":0,"17":0,"18":0,"19":0,"20":0,"21":0,"22":0,"23":0,"24":0,"25":0,"26":0,"27":0,"28":0,"29":0,"30":0,"31":0,"32":0,"33":0,"34":0,"35":0,"36":0,"37":0,"38":0,"39":0,"40":0,"41":0,"42":0,"43":0,"44":0,"45":0,"46":0,"47":0,"48":0,"49":0,"50":0,"51":0,"52":0,"53":0,"54":0,"55":0,"56":0,"57":0,"58":0,"59":0,"60":0,"61":0,"62":0,"63":0,"64":0,"65":0,"66":0,"67":1},"f":{"0":0,"1":0,"2":0,"3":0,"4":0,"5":0,"6":0,"7":0,"8":0,"9":0,"10":0},"b":{"0":[0,0],"1":[0,0],"2":[0,0],"3":[0,0],"4":[0,0],"5":[0,0],"6":[0,0],"7":[0,0],"8":[0,0],"9":[0,0],"10":[0,0],"11":[0,0],"12":[0,0],"13":[0,0]},"_coverageSchema":"1a1c01bbd47fc00a2c39e90264f33305004495a9","hash":"f1099b9142fe2546f90d20f6f826316b68feadd4"}
,"C:\\Users\\HENI\\Downloads\\Pelatihan\\apk\\Coffeeshop\\backend\\src\\controllers\\menuController.js": {"path":"C:\\Users\\HENI\\Downloads\\Pelatihan\\apk\\Coffeeshop\\backend\\src\\controllers\\menuController.js","statementMap":{"0":{"start":{"line":1,"column":20},"end":{"line":1,"column":54}},"1":{"start":{"line":5,"column":4},"end":{"line":14,"column":5}},"2":{"start":{"line":6,"column":43},"end":{"line":6,"column":58}},"3":{"start":{"line":9,"column":19},"end":{"line":9,"column":73}},"4":{"start":{"line":10,"column":6},"end":{"line":10,"column":21}},"5":{"start":{"line":12,"column":6},"end":{"line":12,"column":67}},"6":{"start":{"line":13,"column":6},"end":{"line":13,"column":19}},"7":{"start":{"line":18,"column":4},"end":{"line":27,"column":5}},"8":{"start":{"line":19,"column":35},"end":{"line":19,"column":43}},"9":{"start":{"line":20,"column":37},"end":{"line":20,"column":52}},"10":{"start":{"line":22,"column":22},"end":{"line":22,"column":85}},"11":{"start":{"line":23,"column":6},"end":{"line":23,"column":36}},"12":{"start":{"line":25,"column":6},"end":{"line":25,"column":68}},"13":{"start":{"line":26,"column":6},"end":{"line":26,"column":51}},"14":{"start":{"line":31,"column":4},"end":{"line":41,"column":5}},"15":{"start":{"line":32,"column":35},"end":{"line":32,"column":43}},"16":{"start":{"line":33,"column":21},"end":{"line":33,"column":34}},"17":{"start":{"line":34,"column":37},"end":{"line":34,"column":52}},"18":{"start":{"line":36,"column":6},"end":{"line":36,"column":78}},"19":{"start":{"line":37,"column":6},"end":{"line":37,"column":64}},"20":{"start":{"line":39,"column":6},"end":{"line":39,"column":67}},"21":{"start":{"line":40,"column":6},"end":{"line":40,"column":51}},"22":{"start":{"line":45,"column":4},"end":{"line":55,"column":5}},"23":{"start":{"line":46,"column":21},"end":{"line":46,"column":34}},"24":{"start":{"line":47,"column":37},"end":{"line":47,"column":52}},"25":{"start":{"line":50,"column":6},"end":{"line":50,"column":67}},"26":{"start":{"line":51,"column":6},"end":{"line":51,"column":77}},"27":{"start":{"line":53,"column":6},"end":{"line":53,"column":70}},"28":{"start":{"line":54,"column":6},"end":{"line":54,"column":51}},"29":{"start":{"line":59,"column":0},"end":{"line":59,"column":38}}},"fnMap":{"0":{"name":"(anonymous_0)","decl":{"start":{"line":4,"column":2},"end":{"line":4,"column":3}},"loc":{"start":{"line":4,"column":29},"end":{"line":15,"column":3}},"line":4},"1":{"name":"(anonymous_1)","decl":{"start":{"line":17,"column":2},"end":{"line":17,"column":3}},"loc":{"start":{"line":17,"column":29},"end":{"line":28,"column":3}},"line":17},"2":{"name":"(anonymous_2)","decl":{"start":{"line":30,"column":2},"end":{"line":30,"column":3}},"loc":{"start":{"line":30,"column":29},"end":{"line":42,"column":3}},"line":30},"3":{"name":"(anonymous_3)","decl":{"start":{"line":44,"column":2},"end":{"line":44,"column":3}},"loc":{"start":{"line":44,"column":29},"end":{"line":56,"column":3}},"line":44}},"branchMap":{},"s":{"0":1,"1":0,"2":0,"3":0,"4":0,"5":0,"6":0,"7":0,"8":0,"9":0,"10":0,"11":0,"12":0,"13":0,"14":0,"15":0,"16":0,"17":0,"18":0,"19":0,"20":0,"21":0,"22":0,"23":0,"24":0,"25":0,"26":0,"27":0,"28":0,"29":1},"f":{"0":0,"1":0,"2":0,"3":0},"b":{},"_coverageSchema":"1a1c01bbd47fc00a2c39e90264f33305004495a9","hash":"5e641c83361838378cc107c80c3b31b09dde6ccf"}
,"C:\\Users\\HENI\\Downloads\\Pelatihan\\apk\\Coffeeshop\\backend\\src\\controllers\\procurementController.js": {"path":"C:\\Users\\HENI\\Downloads\\Pelatihan\\apk\\Coffeeshop\\backend\\src\\controllers\\procurementController.js","statementMap":{"0":{"start":{"line":1,"column":27},"end":{"line":1,"column":68}},"1":{"start":{"line":6,"column":4},"end":{"line":12,"column":5}},"2":{"start":{"line":7,"column":27},"end":{"line":7,"column":48}},"3":{"start":{"line":8,"column":21},"end":{"line":8,"column":84}},"4":{"start":{"line":9,"column":6},"end":{"line":9,"column":23}},"5":{"start":{"line":11,"column":6},"end":{"line":11,"column":51}},"6":{"start":{"line":16,"column":4},"end":{"line":24,"column":5}},"7":{"start":{"line":17,"column":27},"end":{"line":17,"column":48}},"8":{"start":{"line":18,"column":43},"end":{"line":18,"column":51}},"9":{"start":{"line":19,"column":17},"end":{"line":19,"column":86}},"10":{"start":{"line":20,"column":6},"end":{"line":20,"column":19}},"11":{"start":{"line":22,"column":6},"end":{"line":22,"column":56}},"12":{"start":{"line":23,"column":6},"end":{"line":23,"column":51}},"13":{"start":{"line":28,"column":4},"end":{"line":34,"column":5}},"14":{"start":{"line":29,"column":27},"end":{"line":29,"column":48}},"15":{"start":{"line":30,"column":21},"end":{"line":30,"column":67}},"16":{"start":{"line":31,"column":6},"end":{"line":31,"column":23}},"17":{"start":{"line":33,"column":6},"end":{"line":33,"column":51}},"18":{"start":{"line":38,"column":4},"end":{"line":51,"column":5}},"19":{"start":{"line":39,"column":27},"end":{"line":39,"column":48}},"20":{"start":{"line":40,"column":29},"end":{"line":40,"column":37}},"21":{"start":{"line":42,"column":6},"end":{"line":44,"column":7}},"22":{"start":{"line":43,"column":8},"end":{"line":43,"column":74}},"23":{"start":{"line":46,"column":21},"end":{"line":46,"column":87}},"24":{"start":{"line":47,"column":6},"end":{"line":47,"column":23}},"25":{"start":{"line":49,"column":6},"end":{"line":49,"column":62}},"26":{"start":{"line":50,"column":6},"end":{"line":50,"column":51}},"27":{"start":{"line":55,"column":4},"end":{"line":64,"column":5}},"28":{"start":{"line":56,"column":27},"end":{"line":56,"column":48}},"29":{"start":{"line":57,"column":24},"end":{"line":57,"column":37}},"30":{"start":{"line":59,"column":21},"end":{"line":59,"column":77}},"31":{"start":{"line":60,"column":6},"end":{"line":60,"column":23}},"32":{"start":{"line":62,"column":6},"end":{"line":62,"column":51}},"33":{"start":{"line":63,"column":6},"end":{"line":63,"column":51}},"34":{"start":{"line":68,"column":4},"end":{"line":79,"column":5}},"35":{"start":{"line":69,"column":33},"end":{"line":69,"column":54}},"36":{"start":{"line":70,"column":44},"end":{"line":70,"column":52}},"37":{"start":{"line":72,"column":6},"end":{"line":72,"column":91}},"38":{"start":{"line":74,"column":21},"end":{"line":74,"column":99}},"39":{"start":{"line":75,"column":6},"end":{"line":75,"column":51}},"40":{"start":{"line":77,"column":6},"end":{"line":77,"column":50}},"41":{"start":{"line":78,"column":6},"end":{"line":78,"column":64}},"42":{"start":{"line":83,"column":4},"end":{"line":89,"column":5}},"43":{"start":{"line":84,"column":27},"end":{"line":84,"column":48}},"44":{"start":{"line":85,"column":21},"end":{"line":85,"column":70}},"45":{"start":{"line":86,"column":6},"end":{"line":86,"column":23}},"46":{"start":{"line":88,"column":6},"end":{"line":88,"column":51}},"47":{"start":{"line":93,"column":4},"end":{"line":99,"column":5}},"48":{"start":{"line":94,"column":27},"end":{"line":94,"column":48}},"49":{"start":{"line":95,"column":21},"end":{"line":95,"column":68}},"50":{"start":{"line":96,"column":6},"end":{"line":96,"column":23}},"51":{"start":{"line":98,"column":6},"end":{"line":98,"column":51}},"52":{"start":{"line":103,"column":4},"end":{"line":109,"column":5}},"53":{"start":{"line":104,"column":27},"end":{"line":104,"column":48}},"54":{"start":{"line":105,"column":21},"end":{"line":105,"column":80}},"55":{"start":{"line":106,"column":6},"end":{"line":106,"column":23}},"56":{"start":{"line":108,"column":6},"end":{"line":108,"column":51}},"57":{"start":{"line":113,"column":0},"end":{"line":113,"column":45}}},"fnMap":{"0":{"name":"(anonymous_0)","decl":{"start":{"line":5,"column":2},"end":{"line":5,"column":3}},"loc":{"start":{"line":5,"column":36},"end":{"line":13,"column":3}},"line":5},"1":{"name":"(anonymous_1)","decl":{"start":{"line":15,"column":2},"end":{"line":15,"column":3}},"loc":{"start":{"line":15,"column":38},"end":{"line":25,"column":3}},"line":15},"2":{"name":"(anonymous_2)","decl":{"start":{"line":27,"column":2},"end":{"line":27,"column":3}},"loc":{"start":{"line":27,"column":30},"end":{"line":35,"column":3}},"line":27},"3":{"name":"(anonymous_3)","decl":{"start":{"line":37,"column":2},"end":{"line":37,"column":3}},"loc":{"start":{"line":37,"column":38},"end":{"line":52,"column":3}},"line":37},"4":{"name":"(anonymous_4)","decl":{"start":{"line":54,"column":2},"end":{"line":54,"column":3}},"loc":{"start":{"line":54,"column":29},"end":{"line":65,"column":3}},"line":54},"5":{"name":"(anonymous_5)","decl":{"start":{"line":67,"column":2},"end":{"line":67,"column":3}},"loc":{"start":{"line":67,"column":29},"end":{"line":80,"column":3}},"line":67},"6":{"name":"(anonymous_6)","decl":{"start":{"line":82,"column":2},"end":{"line":82,"column":3}},"loc":{"start":{"line":82,"column":33},"end":{"line":90,"column":3}},"line":82},"7":{"name":"(anonymous_7)","decl":{"start":{"line":92,"column":2},"end":{"line":92,"column":3}},"loc":{"start":{"line":92,"column":31},"end":{"line":100,"column":3}},"line":92},"8":{"name":"(anonymous_8)","decl":{"start":{"line":102,"column":2},"end":{"line":102,"column":3}},"loc":{"start":{"line":102,"column":33},"end":{"line":110,"column":3}},"line":102}},"branchMap":{"0":{"loc":{"start":{"line":7,"column":27},"end":{"line":7,"column":48}},"type":"binary-expr","locations":[{"start":{"line":7,"column":27},"end":{"line":7,"column":42}},{"start":{"line":7,"column":46},"end":{"line":7,"column":48}}],"line":7},"1":{"loc":{"start":{"line":17,"column":27},"end":{"line":17,"column":48}},"type":"binary-expr","locations":[{"start":{"line":17,"column":27},"end":{"line":17,"column":42}},{"start":{"line":17,"column":46},"end":{"line":17,"column":48}}],"line":17},"2":{"loc":{"start":{"line":29,"column":27},"end":{"line":29,"column":48}},"type":"binary-expr","locations":[{"start":{"line":29,"column":27},"end":{"line":29,"column":42}},{"start":{"line":29,"column":46},"end":{"line":29,"column":48}}],"line":29},"3":{"loc":{"start":{"line":39,"column":27},"end":{"line":39,"column":48}},"type":"binary-expr","locations":[{"start":{"line":39,"column":27},"end":{"line":39,"column":42}},{"start":{"line":39,"column":46},"end":{"line":39,"column":48}}],"line":39},"4":{"loc":{"start":{"line":42,"column":6},"end":{"line":44,"column":7}},"type":"if","locations":[{"start":{"line":42,"column":6},"end":{"line":44,"column":7}},{"start":{},"end":{}}],"line":42},"5":{"loc":{"start":{"line":56,"column":27},"end":{"line":56,"column":48}},"type":"binary-expr","locations":[{"start":{"line":56,"column":27},"end":{"line":56,"column":42}},{"start":{"line":56,"column":46},"end":{"line":56,"column":48}}],"line":56},"6":{"loc":{"start":{"line":69,"column":33},"end":{"line":69,"column":54}},"type":"binary-expr","locations":[{"start":{"line":69,"column":33},"end":{"line":69,"column":48}},{"start":{"line":69,"column":52},"end":{"line":69,"column":54}}],"line":69},"7":{"loc":{"start":{"line":84,"column":27},"end":{"line":84,"column":48}},"type":"binary-expr","locations":[{"start":{"line":84,"column":27},"end":{"line":84,"column":42}},{"start":{"line":84,"column":46},"end":{"line":84,"column":48}}],"line":84},"8":{"loc":{"start":{"line":94,"column":27},"end":{"line":94,"column":48}},"type":"binary-expr","locations":[{"start":{"line":94,"column":27},"end":{"line":94,"column":42}},{"start":{"line":94,"column":46},"end":{"line":94,"column":48}}],"line":94},"9":{"loc":{"start":{"line":104,"column":27},"end":{"line":104,"column":48}},"type":"binary-expr","locations":[{"start":{"line":104,"column":27},"end":{"line":104,"column":42}},{"start":{"line":104,"column":46},"end":{"line":104,"column":48}}],"line":104}},"s":{"0":1,"1":0,"2":0,"3":0,"4":0,"5":0,"6":0,"7":0,"8":0,"9":0,"10":0,"11":0,"12":0,"13":0,"14":0,"15":0,"16":0,"17":0,"18":0,"19":0,"20":0,"21":0,"22":0,"23":0,"24":0,"25":0,"26":0,"27":0,"28":0,"29":0,"30":0,"31":0,"32":0,"33":0,"34":0,"35":0,"36":0,"37":0,"38":0,"39":0,"40":0,"41":0,"42":0,"43":0,"44":0,"45":0,"46":0,"47":0,"48":0,"49":0,"50":0,"51":0,"52":0,"53":0,"54":0,"55":0,"56":0,"57":1},"f":{"0":0,"1":0,"2":0,"3":0,"4":0,"5":0,"6":0,"7":0,"8":0},"b":{"0":[0,0],"1":[0,0],"2":[0,0],"3":[0,0],"4":[0,0],"5":[0,0],"6":[0,0],"7":[0,0],"8":[0,0],"9":[0,0]},"_coverageSchema":"1a1c01bbd47fc00a2c39e90264f33305004495a9","hash":"63cfc942b3c0772cad1a3f1f2662b2663c2fc212"}
,"C:\\Users\\HENI\\Downloads\\Pelatihan\\apk\\Coffeeshop\\backend\\src\\controllers\\promoCodeController.js": {"path":"C:\\Users\\HENI\\Downloads\\Pelatihan\\apk\\Coffeeshop\\backend\\src\\controllers\\promoCodeController.js","statementMap":{"0":{"start":{"line":2,"column":28},"end":{"line":2,"column":74}},"1":{"start":{"line":3,"column":17},"end":{"line":3,"column":45}},"2":{"start":{"line":7,"column":21},"end":{"line":7,"column":33}},"3":{"start":{"line":8,"column":17},"end":{"line":8,"column":25}},"4":{"start":{"line":9,"column":4},"end":{"line":14,"column":5}},"5":{"start":{"line":10,"column":20},"end":{"line":10,"column":68}},"6":{"start":{"line":11,"column":6},"end":{"line":11,"column":34}},"7":{"start":{"line":13,"column":6},"end":{"line":13,"column":61}},"8":{"start":{"line":18,"column":21},"end":{"line":18,"column":33}},"9":{"start":{"line":19,"column":4},"end":{"line":24,"column":5}},"10":{"start":{"line":20,"column":21},"end":{"line":20,"column":64}},"11":{"start":{"line":21,"column":6},"end":{"line":21,"column":23}},"12":{"start":{"line":23,"column":6},"end":{"line":23,"column":61}},"13":{"start":{"line":28,"column":21},"end":{"line":28,"column":33}},"14":{"start":{"line":29,"column":19},"end":{"line":29,"column":29}},"15":{"start":{"line":30,"column":4},"end":{"line":36,"column":5}},"16":{"start":{"line":31,"column":20},"end":{"line":31,"column":70}},"17":{"start":{"line":32,"column":6},"end":{"line":32,"column":76}},"18":{"start":{"line":32,"column":18},"end":{"line":32,"column":76}},"19":{"start":{"line":33,"column":6},"end":{"line":33,"column":22}},"20":{"start":{"line":35,"column":6},"end":{"line":35,"column":61}},"21":{"start":{"line":40,"column":21},"end":{"line":40,"column":33}},"22":{"start":{"line":41,"column":19},"end":{"line":41,"column":29}},"23":{"start":{"line":42,"column":17},"end":{"line":42,"column":25}},"24":{"start":{"line":43,"column":4},"end":{"line":50,"column":5}},"25":{"start":{"line":45,"column":22},"end":{"line":45,"column":72}},"26":{"start":{"line":47,"column":6},"end":{"line":47,"column":24}},"27":{"start":{"line":49,"column":6},"end":{"line":49,"column":61}},"28":{"start":{"line":54,"column":21},"end":{"line":54,"column":33}},"29":{"start":{"line":55,"column":19},"end":{"line":55,"column":29}},"30":{"start":{"line":56,"column":4},"end":{"line":61,"column":5}},"31":{"start":{"line":57,"column":6},"end":{"line":57,"column":57}},"32":{"start":{"line":58,"column":6},"end":{"line":58,"column":29}},"33":{"start":{"line":60,"column":6},"end":{"line":60,"column":61}},"34":{"start":{"line":65,"column":0},"end":{"line":65,"column":43}}},"fnMap":{"0":{"name":"(anonymous_0)","decl":{"start":{"line":6,"column":2},"end":{"line":6,"column":3}},"loc":{"start":{"line":6,"column":25},"end":{"line":15,"column":3}},"line":6},"1":{"name":"(anonymous_1)","decl":{"start":{"line":17,"column":2},"end":{"line":17,"column":3}},"loc":{"start":{"line":17,"column":23},"end":{"line":25,"column":3}},"line":17},"2":{"name":"(anonymous_2)","decl":{"start":{"line":27,"column":2},"end":{"line":27,"column":3}},"loc":{"start":{"line":27,"column":22},"end":{"line":37,"column":3}},"line":27},"3":{"name":"(anonymous_3)","decl":{"start":{"line":39,"column":2},"end":{"line":39,"column":3}},"loc":{"start":{"line":39,"column":25},"end":{"line":51,"column":3}},"line":39},"4":{"name":"(anonymous_4)","decl":{"start":{"line":53,"column":2},"end":{"line":53,"column":3}},"loc":{"start":{"line":53,"column":25},"end":{"line":62,"column":3}},"line":53}},"branchMap":{"0":{"loc":{"start":{"line":13,"column":32},"end":{"line":13,"column":49}},"type":"binary-expr","locations":[{"start":{"line":13,"column":32},"end":{"line":13,"column":42}},{"start":{"line":13,"column":46},"end":{"line":13,"column":49}}],"line":13},"1":{"loc":{"start":{"line":23,"column":32},"end":{"line":23,"column":49}},"type":"binary-expr","locations":[{"start":{"line":23,"column":32},"end":{"line":23,"column":42}},{"start":{"line":23,"column":46},"end":{"line":23,"column":49}}],"line":23},"2":{"loc":{"start":{"line":32,"column":6},"end":{"line":32,"column":76}},"type":"if","locations":[{"start":{"line":32,"column":6},"end":{"line":32,"column":76}},{"start":{},"end":{}}],"line":32},"3":{"loc":{"start":{"line":35,"column":32},"end":{"line":35,"column":49}},"type":"binary-expr","locations":[{"start":{"line":35,"column":32},"end":{"line":35,"column":42}},{"start":{"line":35,"column":46},"end":{"line":35,"column":49}}],"line":35},"4":{"loc":{"start":{"line":49,"column":32},"end":{"line":49,"column":49}},"type":"binary-expr","locations":[{"start":{"line":49,"column":32},"end":{"line":49,"column":42}},{"start":{"line":49,"column":46},"end":{"line":49,"column":49}}],"line":49},"5":{"loc":{"start":{"line":60,"column":32},"end":{"line":60,"column":49}},"type":"binary-expr","locations":[{"start":{"line":60,"column":32},"end":{"line":60,"column":42}},{"start":{"line":60,"column":46},"end":{"line":60,"column":49}}],"line":60}},"s":{"0":1,"1":1,"2":0,"3":0,"4":0,"5":0,"6":0,"7":0,"8":0,"9":0,"10":0,"11":0,"12":0,"13":0,"14":0,"15":0,"16":0,"17":0,"18":0,"19":0,"20":0,"21":0,"22":0,"23":0,"24":0,"25":0,"26":0,"27":0,"28":0,"29":0,"30":0,"31":0,"32":0,"33":0,"34":1},"f":{"0":0,"1":0,"2":0,"3":0,"4":0},"b":{"0":[0,0],"1":[0,0],"2":[0,0],"3":[0,0],"4":[0,0],"5":[0,0]},"_coverageSchema":"1a1c01bbd47fc00a2c39e90264f33305004495a9","hash":"c2673238b870f0cedeada5ea536c1c1d956e02b3"}
,"C:\\Users\\HENI\\Downloads\\Pelatihan\\apk\\Coffeeshop\\backend\\src\\controllers\\reportController.js": {"path":"C:\\Users\\HENI\\Downloads\\Pelatihan\\apk\\Coffeeshop\\backend\\src\\controllers\\reportController.js","statementMap":{"0":{"start":{"line":1,"column":22},"end":{"line":1,"column":58}},"1":{"start":{"line":6,"column":4},"end":{"line":13,"column":5}},"2":{"start":{"line":7,"column":27},"end":{"line":7,"column":48}},"3":{"start":{"line":8,"column":25},"end":{"line":8,"column":34}},"4":{"start":{"line":9,"column":21},"end":{"line":9,"column":69}},"5":{"start":{"line":10,"column":6},"end":{"line":10,"column":23}},"6":{"start":{"line":12,"column":6},"end":{"line":12,"column":51}},"7":{"start":{"line":17,"column":4},"end":{"line":23,"column":5}},"8":{"start":{"line":18,"column":27},"end":{"line":18,"column":48}},"9":{"start":{"line":19,"column":21},"end":{"line":19,"column":59}},"10":{"start":{"line":20,"column":6},"end":{"line":20,"column":23}},"11":{"start":{"line":22,"column":6},"end":{"line":22,"column":51}},"12":{"start":{"line":27,"column":4},"end":{"line":33,"column":5}},"13":{"start":{"line":28,"column":27},"end":{"line":28,"column":48}},"14":{"start":{"line":29,"column":21},"end":{"line":29,"column":65}},"15":{"start":{"line":30,"column":6},"end":{"line":30,"column":23}},"16":{"start":{"line":32,"column":6},"end":{"line":32,"column":51}},"17":{"start":{"line":37,"column":4},"end":{"line":43,"column":5}},"18":{"start":{"line":38,"column":27},"end":{"line":38,"column":48}},"19":{"start":{"line":39,"column":21},"end":{"line":39,"column":68}},"20":{"start":{"line":40,"column":6},"end":{"line":40,"column":23}},"21":{"start":{"line":42,"column":6},"end":{"line":42,"column":51}},"22":{"start":{"line":47,"column":4},"end":{"line":53,"column":5}},"23":{"start":{"line":48,"column":27},"end":{"line":48,"column":48}},"24":{"start":{"line":49,"column":21},"end":{"line":49,"column":67}},"25":{"start":{"line":50,"column":6},"end":{"line":50,"column":23}},"26":{"start":{"line":52,"column":6},"end":{"line":52,"column":51}},"27":{"start":{"line":57,"column":4},"end":{"line":63,"column":5}},"28":{"start":{"line":58,"column":27},"end":{"line":58,"column":48}},"29":{"start":{"line":59,"column":21},"end":{"line":59,"column":59}},"30":{"start":{"line":60,"column":6},"end":{"line":60,"column":23}},"31":{"start":{"line":62,"column":6},"end":{"line":62,"column":51}},"32":{"start":{"line":67,"column":4},"end":{"line":73,"column":5}},"33":{"start":{"line":68,"column":27},"end":{"line":68,"column":48}},"34":{"start":{"line":69,"column":21},"end":{"line":69,"column":62}},"35":{"start":{"line":70,"column":6},"end":{"line":70,"column":23}},"36":{"start":{"line":72,"column":6},"end":{"line":72,"column":51}},"37":{"start":{"line":78,"column":0},"end":{"line":78,"column":40}}},"fnMap":{"0":{"name":"(anonymous_0)","decl":{"start":{"line":5,"column":2},"end":{"line":5,"column":3}},"loc":{"start":{"line":5,"column":29},"end":{"line":14,"column":3}},"line":5},"1":{"name":"(anonymous_1)","decl":{"start":{"line":16,"column":2},"end":{"line":16,"column":3}},"loc":{"start":{"line":16,"column":27},"end":{"line":24,"column":3}},"line":16},"2":{"name":"(anonymous_2)","decl":{"start":{"line":26,"column":2},"end":{"line":26,"column":3}},"loc":{"start":{"line":26,"column":33},"end":{"line":34,"column":3}},"line":26},"3":{"name":"(anonymous_3)","decl":{"start":{"line":36,"column":2},"end":{"line":36,"column":3}},"loc":{"start":{"line":36,"column":36},"end":{"line":44,"column":3}},"line":36},"4":{"name":"(anonymous_4)","decl":{"start":{"line":46,"column":2},"end":{"line":46,"column":3}},"loc":{"start":{"line":46,"column":35},"end":{"line":54,"column":3}},"line":46},"5":{"name":"(anonymous_5)","decl":{"start":{"line":56,"column":2},"end":{"line":56,"column":3}},"loc":{"start":{"line":56,"column":27},"end":{"line":64,"column":3}},"line":56},"6":{"name":"(anonymous_6)","decl":{"start":{"line":66,"column":2},"end":{"line":66,"column":3}},"loc":{"start":{"line":66,"column":30},"end":{"line":74,"column":3}},"line":66}},"branchMap":{"0":{"loc":{"start":{"line":7,"column":27},"end":{"line":7,"column":48}},"type":"binary-expr","locations":[{"start":{"line":7,"column":27},"end":{"line":7,"column":42}},{"start":{"line":7,"column":46},"end":{"line":7,"column":48}}],"line":7},"1":{"loc":{"start":{"line":18,"column":27},"end":{"line":18,"column":48}},"type":"binary-expr","locations":[{"start":{"line":18,"column":27},"end":{"line":18,"column":42}},{"start":{"line":18,"column":46},"end":{"line":18,"column":48}}],"line":18},"2":{"loc":{"start":{"line":28,"column":27},"end":{"line":28,"column":48}},"type":"binary-expr","locations":[{"start":{"line":28,"column":27},"end":{"line":28,"column":42}},{"start":{"line":28,"column":46},"end":{"line":28,"column":48}}],"line":28},"3":{"loc":{"start":{"line":38,"column":27},"end":{"line":38,"column":48}},"type":"binary-expr","locations":[{"start":{"line":38,"column":27},"end":{"line":38,"column":42}},{"start":{"line":38,"column":46},"end":{"line":38,"column":48}}],"line":38},"4":{"loc":{"start":{"line":48,"column":27},"end":{"line":48,"column":48}},"type":"binary-expr","locations":[{"start":{"line":48,"column":27},"end":{"line":48,"column":42}},{"start":{"line":48,"column":46},"end":{"line":48,"column":48}}],"line":48},"5":{"loc":{"start":{"line":58,"column":27},"end":{"line":58,"column":48}},"type":"binary-expr","locations":[{"start":{"line":58,"column":27},"end":{"line":58,"column":42}},{"start":{"line":58,"column":46},"end":{"line":58,"column":48}}],"line":58},"6":{"loc":{"start":{"line":68,"column":27},"end":{"line":68,"column":48}},"type":"binary-expr","locations":[{"start":{"line":68,"column":27},"end":{"line":68,"column":42}},{"start":{"line":68,"column":46},"end":{"line":68,"column":48}}],"line":68}},"s":{"0":1,"1":0,"2":0,"3":0,"4":0,"5":0,"6":0,"7":0,"8":0,"9":0,"10":0,"11":0,"12":0,"13":0,"14":0,"15":0,"16":0,"17":0,"18":0,"19":0,"20":0,"21":0,"22":0,"23":0,"24":0,"25":0,"26":0,"27":0,"28":0,"29":0,"30":0,"31":0,"32":0,"33":0,"34":0,"35":0,"36":0,"37":1},"f":{"0":0,"1":0,"2":0,"3":0,"4":0,"5":0,"6":0},"b":{"0":[0,0],"1":[0,0],"2":[0,0],"3":[0,0],"4":[0,0],"5":[0,0],"6":[0,0]},"_coverageSchema":"1a1c01bbd47fc00a2c39e90264f33305004495a9","hash":"2a9ddac8b4183f849df4f847c7c214f066500a2b"}
,"C:\\Users\\HENI\\Downloads\\Pelatihan\\apk\\Coffeeshop\\backend\\src\\controllers\\shiftController.js": {"path":"C:\\Users\\HENI\\Downloads\\Pelatihan\\apk\\Coffeeshop\\backend\\src\\controllers\\shiftController.js","statementMap":{"0":{"start":{"line":1,"column":21},"end":{"line":1,"column":56}},"1":{"start":{"line":3,"column":0},"end":{"line":11,"column":2}},"2":{"start":{"line":4,"column":2},"end":{"line":10,"column":3}},"3":{"start":{"line":5,"column":21},"end":{"line":5,"column":45}},"4":{"start":{"line":6,"column":19},"end":{"line":6,"column":60}},"5":{"start":{"line":7,"column":4},"end":{"line":7,"column":21}},"6":{"start":{"line":9,"column":4},"end":{"line":9,"column":14}},"7":{"start":{"line":13,"column":0},"end":{"line":21,"column":2}},"8":{"start":{"line":14,"column":2},"end":{"line":20,"column":3}},"9":{"start":{"line":15,"column":21},"end":{"line":15,"column":45}},"10":{"start":{"line":16,"column":24},"end":{"line":16,"column":67}},"11":{"start":{"line":17,"column":4},"end":{"line":17,"column":26}},"12":{"start":{"line":19,"column":4},"end":{"line":19,"column":14}},"13":{"start":{"line":23,"column":0},"end":{"line":31,"column":2}},"14":{"start":{"line":24,"column":2},"end":{"line":30,"column":3}},"15":{"start":{"line":25,"column":21},"end":{"line":25,"column":45}},"16":{"start":{"line":26,"column":21},"end":{"line":26,"column":69}},"17":{"start":{"line":27,"column":4},"end":{"line":27,"column":80}},"18":{"start":{"line":29,"column":4},"end":{"line":29,"column":14}},"19":{"start":{"line":33,"column":0},"end":{"line":43,"column":2}},"20":{"start":{"line":34,"column":2},"end":{"line":42,"column":3}},"21":{"start":{"line":35,"column":21},"end":{"line":35,"column":45}},"22":{"start":{"line":36,"column":20},"end":{"line":36,"column":33}},"23":{"start":{"line":37,"column":18},"end":{"line":37,"column":69}},"24":{"start":{"line":39,"column":4},"end":{"line":39,"column":32}},"25":{"start":{"line":41,"column":4},"end":{"line":41,"column":14}},"26":{"start":{"line":45,"column":0},"end":{"line":54,"column":2}},"27":{"start":{"line":46,"column":2},"end":{"line":53,"column":3}},"28":{"start":{"line":47,"column":21},"end":{"line":47,"column":45}},"29":{"start":{"line":48,"column":20},"end":{"line":48,"column":33}},"30":{"start":{"line":49,"column":25},"end":{"line":49,"column":83}},"31":{"start":{"line":50,"column":4},"end":{"line":50,"column":73}},"32":{"start":{"line":52,"column":4},"end":{"line":52,"column":14}}},"fnMap":{"0":{"name":"(anonymous_0)","decl":{"start":{"line":3,"column":23},"end":{"line":3,"column":24}},"loc":{"start":{"line":3,"column":49},"end":{"line":11,"column":1}},"line":3},"1":{"name":"(anonymous_1)","decl":{"start":{"line":13,"column":25},"end":{"line":13,"column":26}},"loc":{"start":{"line":13,"column":51},"end":{"line":21,"column":1}},"line":13},"2":{"name":"(anonymous_2)","decl":{"start":{"line":23,"column":20},"end":{"line":23,"column":21}},"loc":{"start":{"line":23,"column":46},"end":{"line":31,"column":1}},"line":23},"3":{"name":"(anonymous_3)","decl":{"start":{"line":33,"column":24},"end":{"line":33,"column":25}},"loc":{"start":{"line":33,"column":50},"end":{"line":43,"column":1}},"line":33},"4":{"name":"(anonymous_4)","decl":{"start":{"line":45,"column":21},"end":{"line":45,"column":22}},"loc":{"start":{"line":45,"column":47},"end":{"line":54,"column":1}},"line":45}},"branchMap":{},"s":{"0":1,"1":1,"2":0,"3":0,"4":0,"5":0,"6":0,"7":1,"8":0,"9":0,"10":0,"11":0,"12":0,"13":1,"14":0,"15":0,"16":0,"17":0,"18":0,"19":1,"20":1,"21":1,"22":1,"23":1,"24":1,"25":0,"26":1,"27":0,"28":0,"29":0,"30":0,"31":0,"32":0},"f":{"0":0,"1":0,"2":0,"3":1,"4":0},"b":{},"_coverageSchema":"1a1c01bbd47fc00a2c39e90264f33305004495a9","hash":"c9704172b107838f086d9d73cc96b83db7ee230e"}
,"C:\\Users\\HENI\\Downloads\\Pelatihan\\apk\\Coffeeshop\\backend\\src\\controllers\\systemController.js": {"path":"C:\\Users\\HENI\\Downloads\\Pelatihan\\apk\\Coffeeshop\\backend\\src\\controllers\\systemController.js","statementMap":{"0":{"start":{"line":1,"column":22},"end":{"line":1,"column":58}},"1":{"start":{"line":6,"column":4},"end":{"line":12,"column":5}},"2":{"start":{"line":7,"column":27},"end":{"line":7,"column":48}},"3":{"start":{"line":8,"column":21},"end":{"line":8,"column":60}},"4":{"start":{"line":9,"column":6},"end":{"line":9,"column":23}},"5":{"start":{"line":11,"column":6},"end":{"line":11,"column":51}},"6":{"start":{"line":16,"column":4},"end":{"line":22,"column":5}},"7":{"start":{"line":17,"column":27},"end":{"line":17,"column":48}},"8":{"start":{"line":18,"column":21},"end":{"line":18,"column":72}},"9":{"start":{"line":19,"column":6},"end":{"line":19,"column":23}},"10":{"start":{"line":21,"column":6},"end":{"line":21,"column":92}},"11":{"start":{"line":26,"column":4},"end":{"line":37,"column":5}},"12":{"start":{"line":27,"column":27},"end":{"line":27,"column":48}},"13":{"start":{"line":28,"column":21},"end":{"line":28,"column":31}},"14":{"start":{"line":29,"column":21},"end":{"line":29,"column":76}},"15":{"start":{"line":30,"column":6},"end":{"line":30,"column":23}},"16":{"start":{"line":32,"column":6},"end":{"line":36,"column":7}},"17":{"start":{"line":33,"column":8},"end":{"line":33,"column":65}},"18":{"start":{"line":35,"column":8},"end":{"line":35,"column":53}},"19":{"start":{"line":41,"column":4},"end":{"line":48,"column":5}},"20":{"start":{"line":42,"column":27},"end":{"line":42,"column":48}},"21":{"start":{"line":43,"column":21},"end":{"line":43,"column":31}},"22":{"start":{"line":44,"column":6},"end":{"line":44,"column":52}},"23":{"start":{"line":45,"column":6},"end":{"line":45,"column":69}},"24":{"start":{"line":47,"column":6},"end":{"line":47,"column":51}},"25":{"start":{"line":52,"column":4},"end":{"line":60,"column":5}},"26":{"start":{"line":53,"column":33},"end":{"line":53,"column":54}},"27":{"start":{"line":54,"column":6},"end":{"line":54,"column":130}},"28":{"start":{"line":54,"column":46},"end":{"line":54,"column":130}},"29":{"start":{"line":56,"column":21},"end":{"line":56,"column":67}},"30":{"start":{"line":57,"column":6},"end":{"line":57,"column":23}},"31":{"start":{"line":59,"column":6},"end":{"line":59,"column":94}},"32":{"start":{"line":64,"column":4},"end":{"line":76,"column":5}},"33":{"start":{"line":65,"column":27},"end":{"line":65,"column":48}},"34":{"start":{"line":66,"column":6},"end":{"line":66,"column":101}},"35":{"start":{"line":66,"column":21},"end":{"line":66,"column":101}},"36":{"start":{"line":68,"column":6},"end":{"line":70,"column":7}},"37":{"start":{"line":69,"column":8},"end":{"line":69,"column":93}},"38":{"start":{"line":72,"column":21},"end":{"line":72,"column":73}},"39":{"start":{"line":73,"column":6},"end":{"line":73,"column":35}},"40":{"start":{"line":75,"column":6},"end":{"line":75,"column":87}},"41":{"start":{"line":80,"column":4},"end":{"line":96,"column":5}},"42":{"start":{"line":81,"column":33},"end":{"line":81,"column":54}},"43":{"start":{"line":82,"column":21},"end":{"line":82,"column":31}},"44":{"start":{"line":84,"column":24},"end":{"line":84,"column":89}},"45":{"start":{"line":85,"column":6},"end":{"line":87,"column":7}},"46":{"start":{"line":86,"column":8},"end":{"line":86,"column":98}},"47":{"start":{"line":89,"column":21},"end":{"line":89,"column":83}},"48":{"start":{"line":90,"column":6},"end":{"line":90,"column":23}},"49":{"start":{"line":92,"column":6},"end":{"line":94,"column":7}},"50":{"start":{"line":93,"column":8},"end":{"line":93,"column":60}},"51":{"start":{"line":95,"column":6},"end":{"line":95,"column":96}},"52":{"start":{"line":100,"column":4},"end":{"line":113,"column":5}},"53":{"start":{"line":101,"column":33},"end":{"line":101,"column":54}},"54":{"start":{"line":102,"column":21},"end":{"line":102,"column":31}},"55":{"start":{"line":104,"column":24},"end":{"line":104,"column":89}},"56":{"start":{"line":105,"column":6},"end":{"line":107,"column":7}},"57":{"start":{"line":106,"column":8},"end":{"line":106,"column":98}},"58":{"start":{"line":109,"column":21},"end":{"line":109,"column":73}},"59":{"start":{"line":110,"column":6},"end":{"line":110,"column":23}},"60":{"start":{"line":112,"column":6},"end":{"line":112,"column":94}},"61":{"start":{"line":117,"column":4},"end":{"line":123,"column":5}},"62":{"start":{"line":118,"column":37},"end":{"line":118,"column":58}},"63":{"start":{"line":119,"column":21},"end":{"line":119,"column":74}},"64":{"start":{"line":120,"column":6},"end":{"line":120,"column":23}},"65":{"start":{"line":122,"column":6},"end":{"line":122,"column":103}},"66":{"start":{"line":127,"column":4},"end":{"line":135,"column":5}},"67":{"start":{"line":128,"column":27},"end":{"line":128,"column":48}},"68":{"start":{"line":129,"column":6},"end":{"line":129,"column":82}},"69":{"start":{"line":129,"column":21},"end":{"line":129,"column":82}},"70":{"start":{"line":131,"column":21},"end":{"line":131,"column":62}},"71":{"start":{"line":132,"column":6},"end":{"line":132,"column":23}},"72":{"start":{"line":134,"column":6},"end":{"line":134,"column":51}},"73":{"start":{"line":139,"column":4},"end":{"line":147,"column":5}},"74":{"start":{"line":140,"column":27},"end":{"line":140,"column":48}},"75":{"start":{"line":141,"column":6},"end":{"line":141,"column":82}},"76":{"start":{"line":141,"column":21},"end":{"line":141,"column":82}},"77":{"start":{"line":143,"column":21},"end":{"line":143,"column":69}},"78":{"start":{"line":144,"column":6},"end":{"line":144,"column":23}},"79":{"start":{"line":146,"column":6},"end":{"line":146,"column":51}},"80":{"start":{"line":151,"column":4},"end":{"line":171,"column":5}},"81":{"start":{"line":152,"column":27},"end":{"line":152,"column":48}},"82":{"start":{"line":153,"column":6},"end":{"line":153,"column":82}},"83":{"start":{"line":153,"column":21},"end":{"line":153,"column":82}},"84":{"start":{"line":155,"column":22},"end":{"line":165,"column":7}},"85":{"start":{"line":167,"column":21},"end":{"line":167,"column":74}},"86":{"start":{"line":168,"column":6},"end":{"line":168,"column":23}},"87":{"start":{"line":170,"column":6},"end":{"line":170,"column":51}},"88":{"start":{"line":175,"column":4},"end":{"line":189,"column":5}},"89":{"start":{"line":176,"column":27},"end":{"line":176,"column":48}},"90":{"start":{"line":177,"column":6},"end":{"line":177,"column":82}},"91":{"start":{"line":177,"column":21},"end":{"line":177,"column":82}},"92":{"start":{"line":179,"column":22},"end":{"line":183,"column":7}},"93":{"start":{"line":185,"column":21},"end":{"line":185,"column":81}},"94":{"start":{"line":186,"column":6},"end":{"line":186,"column":23}},"95":{"start":{"line":188,"column":6},"end":{"line":188,"column":59}},"96":{"start":{"line":193,"column":4},"end":{"line":199,"column":5}},"97":{"start":{"line":194,"column":33},"end":{"line":194,"column":54}},"98":{"start":{"line":195,"column":21},"end":{"line":195,"column":72}},"99":{"start":{"line":196,"column":6},"end":{"line":196,"column":23}},"100":{"start":{"line":198,"column":6},"end":{"line":198,"column":19}},"101":{"start":{"line":203,"column":0},"end":{"line":203,"column":40}}},"fnMap":{"0":{"name":"(anonymous_0)","decl":{"start":{"line":5,"column":2},"end":{"line":5,"column":3}},"loc":{"start":{"line":5,"column":28},"end":{"line":13,"column":3}},"line":5},"1":{"name":"(anonymous_1)","decl":{"start":{"line":15,"column":2},"end":{"line":15,"column":3}},"loc":{"start":{"line":15,"column":30},"end":{"line":23,"column":3}},"line":15},"2":{"name":"(anonymous_2)","decl":{"start":{"line":25,"column":2},"end":{"line":25,"column":3}},"loc":{"start":{"line":25,"column":30},"end":{"line":38,"column":3}},"line":25},"3":{"name":"(anonymous_3)","decl":{"start":{"line":40,"column":2},"end":{"line":40,"column":3}},"loc":{"start":{"line":40,"column":30},"end":{"line":49,"column":3}},"line":40},"4":{"name":"(anonymous_4)","decl":{"start":{"line":51,"column":2},"end":{"line":51,"column":3}},"loc":{"start":{"line":51,"column":29},"end":{"line":61,"column":3}},"line":51},"5":{"name":"(anonymous_5)","decl":{"start":{"line":63,"column":2},"end":{"line":63,"column":3}},"loc":{"start":{"line":63,"column":31},"end":{"line":77,"column":3}},"line":63},"6":{"name":"(anonymous_6)","decl":{"start":{"line":79,"column":2},"end":{"line":79,"column":3}},"loc":{"start":{"line":79,"column":31},"end":{"line":97,"column":3}},"line":79},"7":{"name":"(anonymous_7)","decl":{"start":{"line":99,"column":2},"end":{"line":99,"column":3}},"loc":{"start":{"line":99,"column":31},"end":{"line":114,"column":3}},"line":99},"8":{"name":"(anonymous_8)","decl":{"start":{"line":116,"column":2},"end":{"line":116,"column":3}},"loc":{"start":{"line":116,"column":32},"end":{"line":124,"column":3}},"line":116},"9":{"name":"(anonymous_9)","decl":{"start":{"line":126,"column":2},"end":{"line":126,"column":3}},"loc":{"start":{"line":126,"column":30},"end":{"line":136,"column":3}},"line":126},"10":{"name":"(anonymous_10)","decl":{"start":{"line":138,"column":2},"end":{"line":138,"column":3}},"loc":{"start":{"line":138,"column":37},"end":{"line":148,"column":3}},"line":138},"11":{"name":"(anonymous_11)","decl":{"start":{"line":150,"column":2},"end":{"line":150,"column":3}},"loc":{"start":{"line":150,"column":33},"end":{"line":172,"column":3}},"line":150},"12":{"name":"(anonymous_12)","decl":{"start":{"line":174,"column":2},"end":{"line":174,"column":3}},"loc":{"start":{"line":174,"column":40},"end":{"line":190,"column":3}},"line":174},"13":{"name":"(anonymous_13)","decl":{"start":{"line":192,"column":2},"end":{"line":192,"column":3}},"loc":{"start":{"line":192,"column":34},"end":{"line":200,"column":3}},"line":192}},"branchMap":{"0":{"loc":{"start":{"line":7,"column":27},"end":{"line":7,"column":48}},"type":"binary-expr","locations":[{"start":{"line":7,"column":27},"end":{"line":7,"column":42}},{"start":{"line":7,"column":46},"end":{"line":7,"column":48}}],"line":7},"1":{"loc":{"start":{"line":17,"column":27},"end":{"line":17,"column":48}},"type":"binary-expr","locations":[{"start":{"line":17,"column":27},"end":{"line":17,"column":42}},{"start":{"line":17,"column":46},"end":{"line":17,"column":48}}],"line":17},"2":{"loc":{"start":{"line":27,"column":27},"end":{"line":27,"column":48}},"type":"binary-expr","locations":[{"start":{"line":27,"column":27},"end":{"line":27,"column":42}},{"start":{"line":27,"column":46},"end":{"line":27,"column":48}}],"line":27},"3":{"loc":{"start":{"line":32,"column":6},"end":{"line":36,"column":7}},"type":"if","locations":[{"start":{"line":32,"column":6},"end":{"line":36,"column":7}},{"start":{"line":34,"column":13},"end":{"line":36,"column":7}}],"line":32},"4":{"loc":{"start":{"line":42,"column":27},"end":{"line":42,"column":48}},"type":"binary-expr","locations":[{"start":{"line":42,"column":27},"end":{"line":42,"column":42}},{"start":{"line":42,"column":46},"end":{"line":42,"column":48}}],"line":42},"5":{"loc":{"start":{"line":53,"column":33},"end":{"line":53,"column":54}},"type":"binary-expr","locations":[{"start":{"line":53,"column":33},"end":{"line":53,"column":48}},{"start":{"line":53,"column":52},"end":{"line":53,"column":54}}],"line":53},"6":{"loc":{"start":{"line":54,"column":6},"end":{"line":54,"column":130}},"type":"if","locations":[{"start":{"line":54,"column":6},"end":{"line":54,"column":130}},{"start":{},"end":{}}],"line":54},"7":{"loc":{"start":{"line":54,"column":10},"end":{"line":54,"column":44}},"type":"binary-expr","locations":[{"start":{"line":54,"column":10},"end":{"line":54,"column":31}},{"start":{"line":54,"column":35},"end":{"line":54,"column":44}}],"line":54},"8":{"loc":{"start":{"line":65,"column":27},"end":{"line":65,"column":48}},"type":"binary-expr","locations":[{"start":{"line":65,"column":27},"end":{"line":65,"column":42}},{"start":{"line":65,"column":46},"end":{"line":65,"column":48}}],"line":65},"9":{"loc":{"start":{"line":66,"column":6},"end":{"line":66,"column":101}},"type":"if","locations":[{"start":{"line":66,"column":6},"end":{"line":66,"column":101}},{"start":{},"end":{}}],"line":66},"10":{"loc":{"start":{"line":68,"column":6},"end":{"line":70,"column":7}},"type":"if","locations":[{"start":{"line":68,"column":6},"end":{"line":70,"column":7}},{"start":{},"end":{}}],"line":68},"11":{"loc":{"start":{"line":68,"column":10},"end":{"line":68,"column":55}},"type":"binary-expr","locations":[{"start":{"line":68,"column":10},"end":{"line":68,"column":24}},{"start":{"line":68,"column":28},"end":{"line":68,"column":55}}],"line":68},"12":{"loc":{"start":{"line":81,"column":33},"end":{"line":81,"column":54}},"type":"binary-expr","locations":[{"start":{"line":81,"column":33},"end":{"line":81,"column":48}},{"start":{"line":81,"column":52},"end":{"line":81,"column":54}}],"line":81},"13":{"loc":{"start":{"line":85,"column":6},"end":{"line":87,"column":7}},"type":"if","locations":[{"start":{"line":85,"column":6},"end":{"line":87,"column":7}},{"start":{},"end":{}}],"line":85},"14":{"loc":{"start":{"line":92,"column":6},"end":{"line":94,"column":7}},"type":"if","locations":[{"start":{"line":92,"column":6},"end":{"line":94,"column":7}},{"start":{},"end":{}}],"line":92},"15":{"loc":{"start":{"line":101,"column":33},"end":{"line":101,"column":54}},"type":"binary-expr","locations":[{"start":{"line":101,"column":33},"end":{"line":101,"column":48}},{"start":{"line":101,"column":52},"end":{"line":101,"column":54}}],"line":101},"16":{"loc":{"start":{"line":105,"column":6},"end":{"line":107,"column":7}},"type":"if","locations":[{"start":{"line":105,"column":6},"end":{"line":107,"column":7}},{"start":{},"end":{}}],"line":105},"17":{"loc":{"start":{"line":118,"column":37},"end":{"line":118,"column":58}},"type":"binary-expr","locations":[{"start":{"line":118,"column":37},"end":{"line":118,"column":52}},{"start":{"line":118,"column":56},"end":{"line":118,"column":58}}],"line":118},"18":{"loc":{"start":{"line":128,"column":27},"end":{"line":128,"column":48}},"type":"binary-expr","locations":[{"start":{"line":128,"column":27},"end":{"line":128,"column":42}},{"start":{"line":128,"column":46},"end":{"line":128,"column":48}}],"line":128},"19":{"loc":{"start":{"line":129,"column":6},"end":{"line":129,"column":82}},"type":"if","locations":[{"start":{"line":129,"column":6},"end":{"line":129,"column":82}},{"start":{},"end":{}}],"line":129},"20":{"loc":{"start":{"line":140,"column":27},"end":{"line":140,"column":48}},"type":"binary-expr","locations":[{"start":{"line":140,"column":27},"end":{"line":140,"column":42}},{"start":{"line":140,"column":46},"end":{"line":140,"column":48}}],"line":140},"21":{"loc":{"start":{"line":141,"column":6},"end":{"line":141,"column":82}},"type":"if","locations":[{"start":{"line":141,"column":6},"end":{"line":141,"column":82}},{"start":{},"end":{}}],"line":141},"22":{"loc":{"start":{"line":152,"column":27},"end":{"line":152,"column":48}},"type":"binary-expr","locations":[{"start":{"line":152,"column":27},"end":{"line":152,"column":42}},{"start":{"line":152,"column":46},"end":{"line":152,"column":48}}],"line":152},"23":{"loc":{"start":{"line":153,"column":6},"end":{"line":153,"column":82}},"type":"if","locations":[{"start":{"line":153,"column":6},"end":{"line":153,"column":82}},{"start":{},"end":{}}],"line":153},"24":{"loc":{"start":{"line":159,"column":18},"end":{"line":159,"column":40}},"type":"binary-expr","locations":[{"start":{"line":159,"column":18},"end":{"line":159,"column":35}},{"start":{"line":159,"column":39},"end":{"line":159,"column":40}}],"line":159},"25":{"loc":{"start":{"line":160,"column":19},"end":{"line":160,"column":42}},"type":"binary-expr","locations":[{"start":{"line":160,"column":19},"end":{"line":160,"column":37}},{"start":{"line":160,"column":41},"end":{"line":160,"column":42}}],"line":160},"26":{"loc":{"start":{"line":161,"column":25},"end":{"line":161,"column":75}},"type":"binary-expr","locations":[{"start":{"line":161,"column":25},"end":{"line":161,"column":49}},{"start":{"line":161,"column":53},"end":{"line":161,"column":68}},{"start":{"line":161,"column":72},"end":{"line":161,"column":75}}],"line":161},"27":{"loc":{"start":{"line":176,"column":27},"end":{"line":176,"column":48}},"type":"binary-expr","locations":[{"start":{"line":176,"column":27},"end":{"line":176,"column":42}},{"start":{"line":176,"column":46},"end":{"line":176,"column":48}}],"line":176},"28":{"loc":{"start":{"line":177,"column":6},"end":{"line":177,"column":82}},"type":"if","locations":[{"start":{"line":177,"column":6},"end":{"line":177,"column":82}},{"start":{},"end":{}}],"line":177},"29":{"loc":{"start":{"line":194,"column":33},"end":{"line":194,"column":54}},"type":"binary-expr","locations":[{"start":{"line":194,"column":33},"end":{"line":194,"column":48}},{"start":{"line":194,"column":52},"end":{"line":194,"column":54}}],"line":194}},"s":{"0":1,"1":0,"2":0,"3":0,"4":0,"5":0,"6":0,"7":0,"8":0,"9":0,"10":0,"11":0,"12":0,"13":0,"14":0,"15":0,"16":0,"17":0,"18":0,"19":0,"20":0,"21":0,"22":0,"23":0,"24":0,"25":0,"26":0,"27":0,"28":0,"29":0,"30":0,"31":0,"32":0,"33":0,"34":0,"35":0,"36":0,"37":0,"38":0,"39":0,"40":0,"41":0,"42":0,"43":0,"44":0,"45":0,"46":0,"47":0,"48":0,"49":0,"50":0,"51":0,"52":0,"53":0,"54":0,"55":0,"56":0,"57":0,"58":0,"59":0,"60":0,"61":0,"62":0,"63":0,"64":0,"65":0,"66":0,"67":0,"68":0,"69":0,"70":0,"71":0,"72":0,"73":0,"74":0,"75":0,"76":0,"77":0,"78":0,"79":0,"80":0,"81":0,"82":0,"83":0,"84":0,"85":0,"86":0,"87":0,"88":0,"89":0,"90":0,"91":0,"92":0,"93":0,"94":0,"95":0,"96":0,"97":0,"98":0,"99":0,"100":0,"101":1},"f":{"0":0,"1":0,"2":0,"3":0,"4":0,"5":0,"6":0,"7":0,"8":0,"9":0,"10":0,"11":0,"12":0,"13":0},"b":{"0":[0,0],"1":[0,0],"2":[0,0],"3":[0,0],"4":[0,0],"5":[0,0],"6":[0,0],"7":[0,0],"8":[0,0],"9":[0,0],"10":[0,0],"11":[0,0],"12":[0,0],"13":[0,0],"14":[0,0],"15":[0,0],"16":[0,0],"17":[0,0],"18":[0,0],"19":[0,0],"20":[0,0],"21":[0,0],"22":[0,0],"23":[0,0],"24":[0,0],"25":[0,0],"26":[0,0,0],"27":[0,0],"28":[0,0],"29":[0,0]},"_coverageSchema":"1a1c01bbd47fc00a2c39e90264f33305004495a9","hash":"b6d6fa71ac7c00bdf88d06ecb2ba58c6cb30f669"}
[...]
,"C:\\Users\\HENI\\Downloads\\Pelatihan\\apk\\Coffeeshop\\backend\\src\\utils\\AppError.js": {"path":"C:\\Users\\HENI\\Downloads\\Pelatihan\\apk\\Coffeeshop\\backend\\src\\utils\\AppError.js","statementMap":{"0":{"start":{"line":3,"column":4},"end":{"line":3,"column":19}},"1":{"start":{"line":5,"column":4},"end":{"line":5,"column":33}},"2":{"start":{"line":6,"column":4},"end":{"line":6,"column":69}},"3":{"start":{"line":7,"column":4},"end":{"line":7,"column":30}},"4":{"start":{"line":9,"column":4},"end":{"line":9,"column":52}},"5":{"start":{"line":13,"column":0},"end":{"line":13,"column":26}}},"fnMap":{"0":{"name":"(anonymous_0)","decl":{"start":{"line":2,"column":2},"end":{"line":2,"column":3}},"loc":{"start":{"line":2,"column":35},"end":{"line":10,"column":3}},"line":2}},"branchMap":{"0":{"loc":{"start":{"line":6,"column":18},"end":{"line":6,"column":68}},"type":"cond-expr","locations":[{"start":{"line":6,"column":52},"end":{"line":6,"column":58}},{"start":{"line":6,"column":61},"end":{"line":6,"column":68}}],"line":6}},"s":{"0":5,"1":5,"2":5,"3":5,"4":5,"5":3},"f":{"0":5},"b":{"0":[0,5]},"_coverageSchema":"1a1c01bbd47fc00a2c39e90264f33305004495a9","hash":"861262dab7eddb1b499cff8863ca0676a91af429"}
,"C:\\Users\\HENI\\Downloads\\Pelatihan\\apk\\Coffeeshop\\backend\\src\\utils\\cache.js": {"path":"C:\\Users\\HENI\\Downloads\\Pelatihan\\apk\\Coffeeshop\\backend\\src\\utils\\cache.js","statementMap":{"0":{"start":{"line":1,"column":18},"end":{"line":1,"column":39}},"1":{"start":{"line":4,"column":19},"end":{"line":4,"column":66}},"2":{"start":{"line":6,"column":0},"end":{"line":11,"column":2}},"3":{"start":{"line":7,"column":16},"end":{"line":7,"column":35}},"4":{"start":{"line":8,"column":28},"end":{"line":8,"column":59}},"5":{"start":{"line":9,"column":16},"end":{"line":9,"column":35}},"6":{"start":{"line":10,"column":15},"end":{"line":10,"column":36}}},"fnMap":{"0":{"name":"(anonymous_0)","decl":{"start":{"line":7,"column":7},"end":{"line":7,"column":8}},"loc":{"start":{"line":7,"column":16},"end":{"line":7,"column":35}},"line":7},"1":{"name":"(anonymous_1)","decl":{"start":{"line":8,"column":7},"end":{"line":8,"column":8}},"loc":{"start":{"line":8,"column":28},"end":{"line":8,"column":59}},"line":8},"2":{"name":"(anonymous_2)","decl":{"start":{"line":9,"column":7},"end":{"line":9,"column":8}},"loc":{"start":{"line":9,"column":16},"end":{"line":9,"column":35}},"line":9},"3":{"name":"(anonymous_3)","decl":{"start":{"line":10,"column":9},"end":{"line":10,"column":10}},"loc":{"start":{"line":10,"column":15},"end":{"line":10,"column":36}},"line":10}},"branchMap":{},"s":{"0":1,"1":1,"2":1,"3":0,"4":0,"5":0,"6":0},"f":{"0":0,"1":0,"2":0,"3":0},"b":{},"_coverageSchema":"1a1c01bbd47fc00a2c39e90264f33305004495a9","hash":"ad40d7423cf45e39bd0d07a47de7cd1a40779830"}
,"C:\\Users\\HENI\\Downloads\\Pelatihan\\apk\\Coffeeshop\\backend\\src\\utils\\conversion.js": {"path":"C:\\Users\\HENI\\Downloads\\Pelatihan\\apk\\Coffeeshop\\backend\\src\\utils\\conversion.js","statementMap":{"0":{"start":{"line":2,"column":2},"end":{"line":2,"column":44}},"1":{"start":{"line":2,"column":14},"end":{"line":2,"column":44}},"2":{"start":{"line":3,"column":2},"end":{"line":17,"column":3}},"3":{"start":{"line":4,"column":23},"end":{"line":4,"column":59}},"4":{"start":{"line":5,"column":16},"end":{"line":5,"column":52}},"5":{"start":{"line":6,"column":20},"end":{"line":6,"column":69}},"6":{"start":{"line":7,"column":4},"end":{"line":11,"column":5}},"7":{"start":{"line":8,"column":6},"end":{"line":8,"column":81}},"8":{"start":{"line":10,"column":6},"end":{"line":10,"column":73}},"9":{"start":{"line":13,"column":14},"end":{"line":13,"column":46}},"10":{"start":{"line":14,"column":4},"end":{"line":14,"column":77}},"11":{"start":{"line":14,"column":40},"end":{"line":14,"column":77}},"12":{"start":{"line":15,"column":4},"end":{"line":15,"column":71}},"13":{"start":{"line":15,"column":36},"end":{"line":15,"column":71}},"14":{"start":{"line":16,"column":4},"end":{"line":16,"column":42}},"15":{"start":{"line":20,"column":0},"end":{"line":20,"column":35}}},"fnMap":{"0":{"name":"getConversion","decl":{"start":{"line":1,"column":9},"end":{"line":1,"column":22}},"loc":{"start":{"line":1,"column":30},"end":{"line":18,"column":1}},"line":1}},"branchMap":{"0":{"loc":{"start":{"line":2,"column":2},"end":{"line":2,"column":44}},"type":"if","locations":[{"start":{"line":2,"column":2},"end":{"line":2,"column":44}},{"start":{},"end":{}}],"line":2},"1":{"loc":{"start":{"line":3,"column":2},"end":{"line":17,"column":3}},"type":"if","locations":[{"start":{"line":3,"column":2},"end":{"line":17,"column":3}},{"start":{"line":12,"column":9},"end":{"line":17,"column":3}}],"line":3},"2":{"loc":{"start":{"line":4,"column":23},"end":{"line":4,"column":59}},"type":"binary-expr","locations":[{"start":{"line":4,"column":23},"end":{"line":4,"column":54}},{"start":{"line":4,"column":58},"end":{"line":4,"column":59}}],"line":4},"3":{"loc":{"start":{"line":5,"column":16},"end":{"line":5,"column":52}},"type":"binary-expr","locations":[{"start":{"line":5,"column":16},"end":{"line":5,"column":47}},{"start":{"line":5,"column":51},"end":{"line":5,"column":52}}],"line":5},"4":{"loc":{"start":{"line":6,"column":21},"end":{"line":6,"column":54}},"type":"binary-expr","locations":[{"start":{"line":6,"column":21},"end":{"line":6,"column":48}},{"start":{"line":6,"column":52},"end":{"line":6,"column":54}}],"line":6},"5":{"loc":{"start":{"line":7,"column":4},"end":{"line":11,"column":5}},"type":"if","locations":[{"start":{"line":7,"column":4},"end":{"line":11,"column":5}},{"start":{"line":9,"column":11},"end":{"line":11,"column":5}}],"line":7},"6":{"loc":{"start":{"line":7,"column":8},"end":{"line":7,"column":66}},"type":"binary-expr","locations":[{"start":{"line":7,"column":8},"end":{"line":7,"column":24}},{"start":{"line":7,"column":28},"end":{"line":7,"column":44}},{"start":{"line":7,"column":48},"end":{"line":7,"column":66}}],"line":7},"7":{"loc":{"start":{"line":8,"column":46},"end":{"line":8,"column":78}},"type":"cond-expr","locations":[{"start":{"line":8,"column":65},"end":{"line":8,"column":71}},{"start":{"line":8,"column":74},"end":{"line":8,"column":78}}],"line":8},"8":{"loc":{"start":{"line":10,"column":40},"end":{"line":10,"column":70}},"type":"binary-expr","locations":[{"start":{"line":10,"column":40},"end":{"line":10,"column":61}},{"start":{"line":10,"column":65},"end":{"line":10,"column":70}}],"line":10},"9":{"loc":{"start":{"line":13,"column":15},"end":{"line":13,"column":31}},"type":"binary-expr","locations":[{"start":{"line":13,"column":15},"end":{"line":13,"column":25}},{"start":{"line":13,"column":29},"end":{"line":13,"column":31}}],"line":13},"10":{"loc":{"start":{"line":14,"column":4},"end":{"line":14,"column":77}},"type":"if","locations":[{"start":{"line":14,"column":4},"end":{"line":14,"column":77}},{"start":{},"end":{}}],"line":14},"11":{"loc":{"start":{"line":14,"column":8},"end":{"line":14,"column":38}},"type":"binary-expr","locations":[{"start":{"line":14,"column":8},"end":{"line":14,"column":18}},{"start":{"line":14,"column":22},"end":{"line":14,"column":38}}],"line":14},"12":{"loc":{"start":{"line":15,"column":4},"end":{"line":15,"column":71}},"type":"if","locations":[{"start":{"line":15,"column":4},"end":{"line":15,"column":71}},{"start":{},"end":{}}],"line":15},"13":{"loc":{"start":{"line":15,"column":8},"end":{"line":15,"column":34}},"type":"binary-expr","locations":[{"start":{"line":15,"column":8},"end":{"line":15,"column":21}},{"start":{"line":15,"column":25},"end":{"line":15,"column":34}}],"line":15}},"s":{"0":0,"1":0,"2":0,"3":0,"4":0,"5":0,"6":0,"7":0,"8":0,"9":0,"10":0,"11":0,"12":0,"13":0,"14":0,"15":1},"f":{"0":0},"b":{"0":[0,0],"1":[0,0],"2":[0,0],"3":[0,0],"4":[0,0],"5":[0,0],"6":[0,0,0],"7":[0,0],"8":[0,0],"9":[0,0],"10":[0,0],"11":[0,0],"12":[0,0],"13":[0,0]},"_coverageSchema":"1a1c01bbd47fc00a2c39e90264f33305004495a9","hash":"41d220f2afd48e5da5bad08e1c6eeb1d25d2f180"}
,"C:\\Users\\HENI\\Downloads\\Pelatihan\\apk\\Coffeeshop\\backend\\src\\utils\\logger.js": {"path":"C:\\Users\\HENI\\Downloads\\Pelatihan\\apk\\Coffeeshop\\backend\\src\\utils\\logger.js","statementMap":{"0":{"start":{"line":1,"column":45},"end":{"line":1,"column":63}},"1":{"start":{"line":3,"column":15},"end":{"line":14,"column":2}},"2":{"start":{"line":17,"column":0},"end":{"line":19,"column":1}},"3":{"start":{"line":18,"column":2},"end":{"line":18,"column":66}},"4":{"start":{"line":21,"column":0},"end":{"line":21,"column":24}}},"fnMap":{},"branchMap":{"0":{"loc":{"start":{"line":17,"column":0},"end":{"line":19,"column":1}},"type":"if","locations":[{"start":{"line":17,"column":0},"end":{"line":19,"column":1}},{"start":{},"end":{}}],"line":17}},"s":{"0":1,"1":1,"2":1,"3":1,"4":1},"f":{},"b":{"0":[1,0]},"_coverageSchema":"1a1c01bbd47fc00a2c39e90264f33305004495a9","hash":"71efc94e1d983c781074f1b7bca8b78116db0e77"}
,"C:\\Users\\HENI\\Downloads\\Pelatihan\\apk\\Coffeeshop\\backend\\src\\utils\\realtimeNotifier.js": {"path":"C:\\Users\\HENI\\Downloads\\Pelatihan\\apk\\Coffeeshop\\backend\\src\\utils\\realtimeNotifier.js","statementMap":{"0":{"start":{"line":1,"column":24},"end":{"line":10,"column":1}},"1":{"start":{"line":3,"column":13},"end":{"line":3,"column":43}},"2":{"start":{"line":4,"column":2},"end":{"line":7,"column":3}},"3":{"start":{"line":5,"column":4},"end":{"line":5,"column":81}},"4":{"start":{"line":6,"column":4},"end":{"line":6,"column":11}},"5":{"start":{"line":9,"column":2},"end":{"line":9,"column":65}},"6":{"start":{"line":12,"column":0},"end":{"line":12,"column":37}}},"fnMap":{"0":{"name":"(anonymous_0)","decl":{"start":{"line":1,"column":24},"end":{"line":1,"column":25}},"loc":{"start":{"line":1,"column":46},"end":{"line":10,"column":1}},"line":1}},"branchMap":{"0":{"loc":{"start":{"line":4,"column":2},"end":{"line":7,"column":3}},"type":"if","locations":[{"start":{"line":4,"column":2},"end":{"line":7,"column":3}},{"start":{},"end":{}}],"line":4}},"s":{"0":1,"1":2,"2":2,"3":2,"4":2,"5":0,"6":1},"f":{"0":2},"b":{"0":[2,0]},"_coverageSchema":"1a1c01bbd47fc00a2c39e90264f33305004495a9","hash":"403d5004a67caa78705ad3874113e221336a5b46"}
,"C:\\Users\\HENI\\Downloads\\Pelatihan\\apk\\Coffeeshop\\backend\\src\\utils\\redis.js": {"path":"C:\\Users\\HENI\\Downloads\\Pelatihan\\apk\\Coffeeshop\\backend\\src\\utils\\redis.js","statementMap":{"0":{"start":{"line":1,"column":25},"end":{"line":1,"column":41}},"1":{"start":{"line":5,"column":4},"end":{"line":5,"column":23}},"2":{"start":{"line":6,"column":4},"end":{"line":6,"column":25}},"3":{"start":{"line":7,"column":4},"end":{"line":7,"column":35}},"4":{"start":{"line":11,"column":4},"end":{"line":39,"column":5}},"5":{"start":{"line":12,"column":6},"end":{"line":21,"column":9}},"6":{"start":{"line":17,"column":12},"end":{"line":17,"column":69}},"7":{"start":{"line":17,"column":29},"end":{"line":17,"column":69}},"8":{"start":{"line":18,"column":12},"end":{"line":18,"column":24}},"9":{"start":{"line":23,"column":6},"end":{"line":27,"column":9}},"10":{"start":{"line":25,"column":8},"end":{"line":25,"column":77}},"11":{"start":{"line":25,"column":26},"end":{"line":25,"column":77}},"12":{"start":{"line":26,"column":8},"end":{"line":26,"column":29}},"13":{"start":{"line":29,"column":6},"end":{"line":32,"column":9}},"14":{"start":{"line":30,"column":8},"end":{"line":30,"column":53}},"15":{"start":{"line":31,"column":8},"end":{"line":31,"column":28}},"16":{"start":{"line":34,"column":6},"end":{"line":36,"column":9}},"17":{"start":{"line":35,"column":8},"end":{"line":35,"column":70}},"18":{"start":{"line":38,"column":6},"end":{"line":38,"column":27}},"19":{"start":{"line":48,"column":4},"end":{"line":68,"column":5}},"20":{"start":{"line":49,"column":24},"end":{"line":57,"column":7}},"21":{"start":{"line":59,"column":6},"end":{"line":67,"column":7}},"22":{"start":{"line":60,"column":23},"end":{"line":63,"column":10}},"23":{"start":{"line":64,"column":8},"end":{"line":64,"column":50}},"24":{"start":{"line":66,"column":8},"end":{"line":66,"column":51}},"25":{"start":{"line":71,"column":18},"end":{"line":71,"column":45}},"26":{"start":{"line":72,"column":4},"end":{"line":75,"column":5}},"27":{"start":{"line":73,"column":6},"end":{"line":73,"column":56}},"28":{"start":{"line":73,"column":38},"end":{"line":73,"column":56}},"29":{"start":{"line":74,"column":6},"end":{"line":74,"column":37}},"30":{"start":{"line":78,"column":4},"end":{"line":81,"column":7}},"31":{"start":{"line":82,"column":4},"end":{"line":82,"column":16}},"32":{"start":{"line":86,"column":4},"end":{"line":93,"column":5}},"33":{"start":{"line":87,"column":6},"end":{"line":92,"column":20}},"34":{"start":{"line":88,"column":8},"end":{"line":90,"column":11}},"35":{"start":{"line":91,"column":8},"end":{"line":91,"column":15}},"36":{"start":{"line":96,"column":4},"end":{"line":99,"column":7}},"37":{"start":{"line":103,"column":4},"end":{"line":108,"column":5}},"38":{"start":{"line":104,"column":6},"end":{"line":107,"column":20}},"39":{"start":{"line":105,"column":21},"end":{"line":105,"column":47}},"40":{"start":{"line":106,"column":8},"end":{"line":106,"column":46}},"41":{"start":{"line":111,"column":18},"end":{"line":111,"column":45}},"42":{"start":{"line":112,"column":4},"end":{"line":112,"column":28}},"43":{"start":{"line":112,"column":16},"end":{"line":112,"column":28}},"44":{"start":{"line":113,"column":4},"end":{"line":116,"column":5}},"45":{"start":{"line":114,"column":6},"end":{"line":114,"column":37}},"46":{"start":{"line":115,"column":6},"end":{"line":115,"column":18}},"47":{"start":{"line":117,"column":4},"end":{"line":117,"column":22}},"48":{"start":{"line":121,"column":4},"end":{"line":125,"column":5}},"49":{"start":{"line":122,"column":6},"end":{"line":124,"column":20}},"50":{"start":{"line":123,"column":8},"end":{"line":123,"column":35}},"51":{"start":{"line":126,"column":4},"end":{"line":126,"column":35}},"52":{"start":{"line":130,"column":21},"end":{"line":130,"column":39}},"53":{"start":{"line":131,"column":0},"end":{"line":131,"column":30}}},"fnMap":{"0":{"name":"(anonymous_0)","decl":{"start":{"line":4,"column":2},"end":{"line":4,"column":3}},"loc":{"start":{"line":4,"column":16},"end":{"line":8,"column":3}},"line":4},"1":{"name":"(anonymous_1)","decl":{"start":{"line":10,"column":2},"end":{"line":10,"column":3}},"loc":{"start":{"line":10,"column":18},"end":{"line":40,"column":3}},"line":10},"2":{"name":"(anonymous_2)","decl":{"start":{"line":16,"column":29},"end":{"line":16,"column":30}},"loc":{"start":{"line":16,"column":42},"end":{"line":19,"column":11}},"line":16},"3":{"name":"(anonymous_3)","decl":{"start":{"line":23,"column":30},"end":{"line":23,"column":31}},"loc":{"start":{"line":23,"column":39},"end":{"line":27,"column":7}},"line":23},"4":{"name":"(anonymous_4)","decl":{"start":{"line":29,"column":30},"end":{"line":29,"column":31}},"loc":{"start":{"line":29,"column":36},"end":{"line":32,"column":7}},"line":29},"5":{"name":"(anonymous_5)","decl":{"start":{"line":34,"column":40},"end":{"line":34,"column":41}},"loc":{"start":{"line":34,"column":45},"end":{"line":36,"column":7}},"line":34},"6":{"name":"(anonymous_6)","decl":{"start":{"line":46,"column":2},"end":{"line":46,"column":3}},"loc":{"start":{"line":46,"column":55},"end":{"line":83,"column":3}},"line":46},"7":{"name":"(anonymous_7)","decl":{"start":{"line":85,"column":2},"end":{"line":85,"column":3}},"loc":{"start":{"line":85,"column":43},"end":{"line":100,"column":3}},"line":85},"8":{"name":"(anonymous_8)","decl":{"start":{"line":102,"column":2},"end":{"line":102,"column":3}},"loc":{"start":{"line":102,"column":17},"end":{"line":118,"column":3}},"line":102},"9":{"name":"(anonymous_9)","decl":{"start":{"line":120,"column":2},"end":{"line":120,"column":3}},"loc":{"start":{"line":120,"column":17},"end":{"line":127,"column":3}},"line":120}},"branchMap":{"0":{"loc":{"start":{"line":13,"column":13},"end":{"line":13,"column":62}},"type":"binary-expr","locations":[{"start":{"line":13,"column":13},"end":{"line":13,"column":34}},{"start":{"line":13,"column":38},"end":{"line":13,"column":62}}],"line":13},"1":{"loc":{"start":{"line":17,"column":12},"end":{"line":17,"column":69}},"type":"if","locations":[{"start":{"line":17,"column":12},"end":{"line":17,"column":69}},{"start":{},"end":{}}],"line":17},"2":{"loc":{"start":{"line":25,"column":8},"end":{"line":25,"column":77}},"type":"if","locations":[{"start":{"line":25,"column":8},"end":{"line":25,"column":77}},{"start":{},"end":{}}],"line":25},"3":{"loc":{"start":{"line":48,"column":4},"end":{"line":68,"column":5}},"type":"if","locations":[{"start":{"line":48,"column":4},"end":{"line":68,"column":5}},{"start":{},"end":{}}],"line":48},"4":{"loc":{"start":{"line":64,"column":15},"end":{"line":64,"column":49}},"type":"cond-expr","locations":[{"start":{"line":64,"column":24},"end":{"line":64,"column":42}},{"start":{"line":64,"column":45},"end":{"line":64,"column":49}}],"line":64},"5":{"loc":{"start":{"line":72,"column":4},"end":{"line":75,"column":5}},"type":"if","locations":[{"start":{"line":72,"column":4},"end":{"line":75,"column":5}},{"start":{},"end":{}}],"line":72},"6":{"loc":{"start":{"line":73,"column":6},"end":{"line":73,"column":56}},"type":"if","locations":[{"start":{"line":73,"column":6},"end":{"line":73,"column":56}},{"start":{},"end":{}}],"line":73},"7":{"loc":{"start":{"line":85,"column":24},"end":{"line":85,"column":41}},"type":"default-arg","locations":[{"start":{"line":85,"column":37},"end":{"line":85,"column":41}}],"line":85},"8":{"loc":{"start":{"line":86,"column":4},"end":{"line":93,"column":5}},"type":"if","locations":[{"start":{"line":86,"column":4},"end":{"line":93,"column":5}},{"start":{},"end":{}}],"line":86},"9":{"loc":{"start":{"line":103,"column":4},"end":{"line":108,"column":5}},"type":"if","locations":[{"start":{"line":103,"column":4},"end":{"line":108,"column":5}},{"start":{},"end":{}}],"line":103},"10":{"loc":{"start":{"line":106,"column":15},"end":{"line":106,"column":45}},"type":"cond-expr","locations":[{"start":{"line":106,"column":22},"end":{"line":106,"column":38}},{"start":{"line":106,"column":41},"end":{"line":106,"column":45}}],"line":106},"11":{"loc":{"start":{"line":112,"column":4},"end":{"line":112,"column":28}},"type":"if","locations":[{"start":{"line":112,"column":4},"end":{"line":112,"column":28}},{"start":{},"end":{}}],"line":112},"12":{"loc":{"start":{"line":113,"column":4},"end":{"line":116,"column":5}},"type":"if","locations":[{"start":{"line":113,"column":4},"end":{"line":116,"column":5}},{"start":{},"end":{}}],"line":113},"13":{"loc":{"start":{"line":121,"column":4},"end":{"line":125,"column":5}},"type":"if","locations":[{"start":{"line":121,"column":4},"end":{"line":125,"column":5}},{"start":{},"end":{}}],"line":121}},"s":{"0":1,"1":1,"2":1,"3":1,"4":0,"5":0,"6":0,"7":0,"8":0,"9":0,"10":0,"11":0,"12":0,"13":0,"14":0,"15":0,"16":0,"17":0,"18":0,"19":0,"20":0,"21":0,"22":0,"23":0,"24":0,"25":0,"26":0,"27":0,"28":0,"29":0,"30":0,"31":0,"32":0,"33":0,"34":0,"35":0,"36":0,"37":0,"38":0,"39":0,"40":0,"41":0,"42":0,"43":0,"44":0,"45":0,"46":0,"47":0,"48":0,"49":0,"50":0,"51":0,"52":1,"53":1},"f":{"0":1,"1":0,"2":0,"3":0,"4":0,"5":0,"6":0,"7":0,"8":0,"9":0},"b":{"0":[0,0],"1":[0,0],"2":[0,0],"3":[0,0],"4":[0,0],"5":[0,0],"6":[0,0],"7":[0],"8":[0,0],"9":[0,0],"10":[0,0],"11":[0,0],"12":[0,0],"13":[0,0]},"_coverageSchema":"1a1c01bbd47fc00a2c39e90264f33305004495a9","hash":"5db3ccadb8635b900bf1f01ad74ba46374a2d5a3"}
}
