{"C:\\Users\\HENI\\Downloads\\Pelatihan\\apk\\Coffeeshop\\backend\\src\\server.js": {"path":"C:\\Users\\HENI\\Downloads\\Pelatihan\\apk\\Coffeeshop\\backend\\src\\server.js","statementMap":{"0":{"start":{"line":1,"column":0},"end":{"line":1,"column":27}},"1":{"start":{"line":2,"column":15},"end":{"line":2,"column":38}},"2":{"start":{"line":4,"column":0},"end":{"line":8,"column":3}},"3":{"start":{"line":11,"column":18},"end":{"line":11,"column":26}},"4":{"start":{"line":13,"column":0},"end":{"line":161,"column":1}},"5":{"start":{"line":14,"column":29},"end":{"line":14,"column":62}},"6":{"start":{"line":19,"column":2},"end":{"line":23,"column":5}},"7":{"start":{"line":25,"column":18},"end":{"line":25,"column":36}},"8":{"start":{"line":26,"column":15},"end":{"line":26,"column":30}},"9":{"start":{"line":27,"column":15},"end":{"line":27,"column":30}},"10":{"start":{"line":28,"column":17},"end":{"line":28,"column":34}},"11":{"start":{"line":29,"column":17},"end":{"line":29,"column":60}},"12":{"start":{"line":30,"column":15},"end":{"line":30,"column":30}},"13":{"start":{"line":31,"column":21},"end":{"line":31,"column":41}},"14":{"start":{"line":33,"column":2},"end":{"line":33,"column":18}},"15":{"start":{"line":34,"column":17},"end":{"line":34,"column":39}},"16":{"start":{"line":35,"column":13},"end":{"line":35,"column":58}},"17":{"start":{"line":37,"column":2},"end":{"line":37,"column":20}},"18":{"start":{"line":39,"column":2},"end":{"line":39,"column":23}},"19":{"start":{"line":39,"column":20},"end":{"line":39,"column":22}},"20":{"start":{"line":41,"column":2},"end":{"line":41,"column":18}},"21":{"start":{"line":42,"column":2},"end":{"line":42,"column":26}},"22":{"start":{"line":43,"column":2},"end":{"line":43,"column":85}},"23":{"start":{"line":46,"column":2},"end":{"line":46,"column":85}},"24":{"start":{"line":46,"column":39},"end":{"line":46,"column":83}},"25":{"start":{"line":48,"column":2},"end":{"line":48,"column":68}},"26":{"start":{"line":48,"column":40},"end":{"line":48,"column":66}},"27":{"start":{"line":49,"column":0},"end":{"line":49,"column":62}},"28":{"start":{"line":49,"column":34},"end":{"line":49,"column":60}},"29":{"start":{"line":52,"column":20},"end":{"line":52,"column":49}},"30":{"start":{"line":53,"column":15},"end":{"line":53,"column":32}},"31":{"start":{"line":54,"column":26},"end":{"line":54,"column":76}},"32":{"start":{"line":55,"column":2},"end":{"line":55,"column":74}},"33":{"start":{"line":58,"column":14},"end":{"line":58,"column":37}},"34":{"start":{"line":59,"column":17},"end":{"line":59,"column":71}},"35":{"start":{"line":61,"column":25},"end":{"line":61,"column":63}},"36":{"start":{"line":62,"column":2},"end":{"line":62,"column":26}},"37":{"start":{"line":64,"column":22},"end":{"line":64,"column":57}},"38":{"start":{"line":65,"column":2},"end":{"line":65,"column":23}},"39":{"start":{"line":67,"column":23},"end":{"line":67,"column":59}},"40":{"start":{"line":69,"column":2},"end":{"line":69,"column":50}},"41":{"start":{"line":70,"column":2},"end":{"line":70,"column":55}},"42":{"start":{"line":71,"column":2},"end":{"line":71,"column":84}},"43":{"start":{"line":72,"column":2},"end":{"line":72,"column":59}},"44":{"start":{"line":73,"column":2},"end":{"line":73,"column":94}},"45":{"start":{"line":74,"column":2},"end":{"line":74,"column":102}},"46":{"start":{"line":75,"column":2},"end":{"line":75,"column":111}},"47":{"start":{"line":76,"column":2},"end":{"line":76,"column":83}},"48":{"start":{"line":77,"column":2},"end":{"line":77,"column":82}},"49":{"start":{"line":78,"column":2},"end":{"line":78,"column":90}},"50":{"start":{"line":79,"column":2},"end":{"line":79,"column":60}},"51":{"start":{"line":80,"column":2},"end":{"line":80,"column":67}},"52":{"start":{"line":81,"column":2},"end":{"line":81,"column":88}},"53":{"start":{"line":82,"column":2},"end":{"line":82,"column":92}},"54":{"start":{"line":84,"column":23},"end":{"line":84,"column":44}},"55":{"start":{"line":85,"column":2},"end":{"line":129,"column":5}},"56":{"start":{"line":86,"column":4},"end":{"line":128,"column":5}},"57":{"start":{"line":87,"column":6},"end":{"line":87,"column":71}},"58":{"start":{"line":87,"column":21},"end":{"line":87,"column":71}},"59":{"start":{"line":89,"column":22},"end":{"line":89,"column":60}},"60":{"start":{"line":90,"column":23},"end":{"line":90,"column":92}},"61":{"start":{"line":91,"column":23},"end":{"line":91,"column":43}},"62":{"start":{"line":94,"column":22},"end":{"line":99,"column":10}},"63":{"start":{"line":101,"column":6},"end":{"line":113,"column":7}},"64":{"start":{"line":102,"column":8},"end":{"line":102,"column":114}},"65":{"start":{"line":103,"column":37},"end":{"line":103,"column":101}},"66":{"start":{"line":104,"column":8},"end":{"line":112,"column":9}},"67":{"start":{"line":105,"column":10},"end":{"line":105,"column":118}},"68":{"start":{"line":106,"column":10},"end":{"line":111,"column":15}},"69":{"start":{"line":115,"column":6},"end":{"line":118,"column":7}},"70":{"start":{"line":116,"column":8},"end":{"line":116,"column":66}},"71":{"start":{"line":117,"column":8},"end":{"line":117,"column":131}},"72":{"start":{"line":120,"column":38},"end":{"line":122,"column":31}},"73":{"start":{"line":124,"column":6},"end":{"line":124,"column":49}},"74":{"start":{"line":126,"column":6},"end":{"line":126,"column":25}},"75":{"start":{"line":127,"column":6},"end":{"line":127,"column":51}},"76":{"start":{"line":131,"column":2},"end":{"line":131,"column":39}},"77":{"start":{"line":132,"column":23},"end":{"line":132,"column":59}},"78":{"start":{"line":133,"column":2},"end":{"line":133,"column":24}},"79":{"start":{"line":135,"column":15},"end":{"line":135,"column":39}},"80":{"start":{"line":136,"column":30},"end":{"line":136,"column":63}},"81":{"start":{"line":137,"column":23},"end":{"line":137,"column":40}},"82":{"start":{"line":139,"column":2},"end":{"line":145,"column":4}},"83":{"start":{"line":140,"column":4},"end":{"line":144,"column":7}},"84":{"start":{"line":141,"column":6},"end":{"line":141,"column":67}},"85":{"start":{"line":142,"column":6},"end":{"line":142,"column":24}},"86":{"start":{"line":143,"column":6},"end":{"line":143,"column":17}},"87":{"start":{"line":147,"column":2},"end":{"line":149,"column":3}},"88":{"start":{"line":148,"column":4},"end":{"line":148,"column":18}},"89":{"start":{"line":151,"column":2},"end":{"line":151,"column":52}},"90":{"start":{"line":152,"column":18},"end":{"line":152,"column":36}},"91":{"start":{"line":153,"column":2},"end":{"line":153,"column":18}},"92":{"start":{"line":154,"column":2},"end":{"line":160,"column":5}},"93":{"start":{"line":155,"column":4},"end":{"line":159,"column":7}},"94":{"start":{"line":163,"column":0},"end":{"line":163,"column":21}}},"fnMap":{"0":{"name":"(anonymous_0)","decl":{"start":{"line":11,"column":18},"end":{"line":11,"column":19}},"loc":{"start":{"line":11,"column":24},"end":{"line":11,"column":26}},"line":11},"1":{"name":"(anonymous_1)","decl":{"start":{"line":39,"column":14},"end":{"line":39,"column":15}},"loc":{"start":{"line":39,"column":20},"end":{"line":39,"column":22}},"line":39},"2":{"name":"(anonymous_2)","decl":{"start":{"line":46,"column":25},"end":{"line":46,"column":26}},"loc":{"start":{"line":46,"column":39},"end":{"line":46,"column":83}},"line":46},"3":{"name":"(anonymous_3)","decl":{"start":{"line":48,"column":26},"end":{"line":48,"column":27}},"loc":{"start":{"line":48,"column":40},"end":{"line":48,"column":66}},"line":48},"4":{"name":"(anonymous_4)","decl":{"start":{"line":49,"column":20},"end":{"line":49,"column":21}},"loc":{"start":{"line":49,"column":34},"end":{"line":49,"column":60}},"line":49},"5":{"name":"(anonymous_5)","decl":{"start":{"line":85,"column":50},"end":{"line":85,"column":51}},"loc":{"start":{"line":85,"column":70},"end":{"line":129,"column":3}},"line":85},"6":{"name":"(anonymous_6)","decl":{"start":{"line":139,"column":16},"end":{"line":139,"column":17}},"loc":{"start":{"line":139,"column":22},"end":{"line":145,"column":3}},"line":139},"7":{"name":"(anonymous_7)","decl":{"start":{"line":140,"column":24},"end":{"line":140,"column":25}},"loc":{"start":{"line":140,"column":30},"end":{"line":144,"column":5}},"line":140},"8":{"name":"(anonymous_8)","decl":{"start":{"line":154,"column":15},"end":{"line":154,"column":16}},"loc":{"start":{"line":154,"column":29},"end":{"line":160,"column":3}},"line":154}},"branchMap":{"0":{"loc":{"start":{"line":59,"column":17},"end":{"line":59,"column":71}},"type":"binary-expr","locations":[{"start":{"line":59,"column":17},"end":{"line":59,"column":39}},{"start":{"line":59,"column":43},"end":{"line":59,"column":71}}],"line":59},"1":{"loc":{"start":{"line":87,"column":6},"end":{"line":87,"column":71}},"type":"if","locations":[{"start":{"line":87,"column":6},"end":{"line":87,"column":71}},{"start":{},"end":{}}],"line":87},"2":{"loc":{"start":{"line":101,"column":6},"end":{"line":113,"column":7}},"type":"if","locations":[{"start":{"line":101,"column":6},"end":{"line":113,"column":7}},{"start":{},"end":{}}],"line":101},"3":{"loc":{"start":{"line":101,"column":10},"end":{"line":101,"column":81}},"type":"binary-expr","locations":[{"start":{"line":101,"column":10},"end":{"line":101,"column":25}},{"start":{"line":101,"column":29},"end":{"line":101,"column":81}}],"line":101},"4":{"loc":{"start":{"line":104,"column":8},"end":{"line":112,"column":9}},"type":"if","locations":[{"start":{"line":104,"column":8},"end":{"line":112,"column":9}},{"start":{},"end":{}}],"line":104},"5":{"loc":{"start":{"line":115,"column":6},"end":{"line":118,"column":7}},"type":"if","locations":[{"start":{"line":115,"column":6},"end":{"line":118,"column":7}},{"start":{},"end":{}}],"line":115},"6":{"loc":{"start":{"line":135,"column":15},"end":{"line":135,"column":39}},"type":"binary-expr","locations":[{"start":{"line":135,"column":15},"end":{"line":135,"column":31}},{"start":{"line":135,"column":35},"end":{"line":135,"column":39}}],"line":135},"7":{"loc":{"start":{"line":147,"column":2},"end":{"line":149,"column":3}},"type":"if","locations":[{"start":{"line":147,"column":2},"end":{"line":149,"column":3}},{"start":{},"end":{}}],"line":147},"8":{"loc":{"start":{"line":147,"column":6},"end":{"line":147,"column":60}},"type":"binary-expr","locations":[{"start":{"line":147,"column":6},"end":{"line":147,"column":25}},{"start":{"line":147,"column":29},"end":{"line":147,"column":60}}],"line":147}},"s":{"0":1,"1":1,"2":1,"3":1,"4":1,"5":1,"6":1,"7":1,"8":1,"9":1,"10":1,"11":1,"12":1,"13":1,"14":1,"15":1,"16":1,"17":1,"18":1,"19":0,"20":1,"21":1,"22":1,"23":1,"24":0,"25":1,"26":0,"27":1,"28":0,"29":1,"30":1,"31":1,"32":1,"33":1,"34":1,"35":1,"36":1,"37":1,"38":1,"39":1,"40":1,"41":1,"42":1,"43":1,"44":1,"45":1,"46":1,"47":1,"48":1,"49":1,"50":1,"51":1,"52":1,"53":1,"54":1,"55":1,"56":0,"57":0,"58":0,"59":0,"60":0,"61":0,"62":0,"63":0,"64":0,"65":0,"66":0,"67":0,"68":0,"69":0,"70":0,"71":0,"72":0,"73":0,"74":0,"75":0,"76":1,"77":1,"78":1,"79":1,"80":1,"81":1,"82":1,"83":0,"84":0,"85":0,"86":0,"87":1,"88":0,"89":0,"90":0,"91":0,"92":0,"93":0,"94":1},"f":{"0":0,"1":0,"2":0,"3":0,"4":0,"5":0,"6":0,"7":0,"8":0},"b":{"0":[1,0],"1":[0,0],"2":[0,0],"3":[0,0],"4":[0,0],"5":[0,0],"6":[1,0],"7":[0,1],"8":[1,1]},"_coverageSchema":"1a1c01bbd47fc00a2c39e90264f33305004495a9","hash":"8bf9ca2f9fb86bb4ff23b5fa698e5150304c98eb"}
,"C:\\Users\\HENI\\Downloads\\Pelatihan\\apk\\Coffeeshop\\backend\\src\\supabase.js": {"path":"C:\\Users\\HENI\\Downloads\\Pelatihan\\apk\\Coffeeshop\\backend\\src\\supabase.js","statementMap":{"0":{"start":{"line":1,"column":25},"end":{"line":1,"column":57}},"1":{"start":{"line":2,"column":13},"end":{"line":2,"column":28}},"2":{"start":{"line":3,"column":0},"end":{"line":3,"column":84}},"3":{"start":{"line":5,"column":20},"end":{"line":5,"column":75}},"4":{"start":{"line":6,"column":20},"end":{"line":6,"column":59}},"5":{"start":{"line":8,"column":0},"end":{"line":10,"column":1}},"6":{"start":{"line":9,"column":2},"end":{"line":9,"column":106}},"7":{"start":{"line":12,"column":17},"end":{"line":12,"column":55}},"8":{"start":{"line":19,"column":24},"end":{"line":24,"column":1}},"9":{"start":{"line":23,"column":2},"end":{"line":23,"column":18}},"10":{"start":{"line":26,"column":0},"end":{"line":29,"column":2}}},"fnMap":{"0":{"name":"(anonymous_0)","decl":{"start":{"line":19,"column":24},"end":{"line":19,"column":25}},"loc":{"start":{"line":19,"column":38},"end":{"line":24,"column":1}},"line":19}},"branchMap":{"0":{"loc":{"start":{"line":5,"column":20},"end":{"line":5,"column":75}},"type":"binary-expr","locations":[{"start":{"line":5,"column":20},"end":{"line":5,"column":44}},{"start":{"line":5,"column":48},"end":{"line":5,"column":75}}],"line":5},"1":{"loc":{"start":{"line":6,"column":20},"end":{"line":6,"column":59}},"type":"binary-expr","locations":[{"start":{"line":6,"column":20},"end":{"line":6,"column":44}},{"start":{"line":6,"column":48},"end":{"line":6,"column":59}}],"line":6},"2":{"loc":{"start":{"line":8,"column":0},"end":{"line":10,"column":1}},"type":"if","locations":[{"start":{"line":8,"column":0},"end":{"line":10,"column":1}},{"start":{},"end":{}}],"line":8},"3":{"loc":{"start":{"line":8,"column":4},"end":{"line":8,"column":58}},"type":"binary-expr","locations":[{"start":{"line":8,"column":4},"end":{"line":8,"column":29}},{"start":{"line":8,"column":33},"end":{"line":8,"column":58}}],"line":8}},"s":{"0":1,"1":1,"2":1,"3":1,"4":1,"5":1,"6":0,"7":1,"8":1,"9":0,"10":1},"f":{"0":0},"b":{"0":[1,0],"1":[1,0],"2":[0,1],"3":[1,1]},"_coverageSchema":"1a1c01bbd47fc00a2c39e90264f33305004495a9","hash":"369aac75b540c4052ed7bbf6fe74d9daab01b0b8"}
,"C:\\Users\\HENI\\Downloads\\Pelatihan\\apk\\Coffeeshop\\backend\\src\\controllers\\accountingController.js": {"path":"C:\\Users\\HENI\\Downloads\\Pelatihan\\apk\\Coffeeshop\\backend\\src\\controllers\\accountingController.js","statementMap":{"0":{"start":{"line":1,"column":26},"end":{"line":1,"column":66}},"1":{"start":{"line":2,"column":22},"end":{"line":2,"column":58}},"2":{"start":{"line":7,"column":4},"end":{"line":15,"column":5}},"3":{"start":{"line":8,"column":27},"end":{"line":8,"column":48}},"4":{"start":{"line":9,"column":25},"end":{"line":9,"column":34}},"5":{"start":{"line":10,"column":21},"end":{"line":10,"column":73}},"6":{"start":{"line":11,"column":6},"end":{"line":11,"column":23}},"7":{"start":{"line":13,"column":6},"end":{"line":13,"column":58}},"8":{"start":{"line":14,"column":6},"end":{"line":14,"column":51}},"9":{"start":{"line":19,"column":4},"end":{"line":25,"column":5}},"10":{"start":{"line":20,"column":27},"end":{"line":20,"column":48}},"11":{"start":{"line":21,"column":21},"end":{"line":21,"column":66}},"12":{"start":{"line":22,"column":6},"end":{"line":22,"column":23}},"13":{"start":{"line":24,"column":6},"end":{"line":24,"column":51}},"14":{"start":{"line":29,"column":4},"end":{"line":35,"column":5}},"15":{"start":{"line":30,"column":27},"end":{"line":30,"column":48}},"16":{"start":{"line":31,"column":21},"end":{"line":31,"column":66}},"17":{"start":{"line":32,"column":6},"end":{"line":32,"column":23}},"18":{"start":{"line":34,"column":6},"end":{"line":34,"column":51}},"19":{"start":{"line":39,"column":4},"end":{"line":48,"column":5}},"20":{"start":{"line":40,"column":27},"end":{"line":40,"column":48}},"21":{"start":{"line":41,"column":30},"end":{"line":41,"column":40}},"22":{"start":{"line":42,"column":25},"end":{"line":42,"column":34}},"23":{"start":{"line":43,"column":21},"end":{"line":43,"column":92}},"24":{"start":{"line":44,"column":6},"end":{"line":44,"column":23}},"25":{"start":{"line":46,"column":6},"end":{"line":46,"column":54}},"26":{"start":{"line":47,"column":6},"end":{"line":47,"column":51}},"27":{"start":{"line":52,"column":4},"end":{"line":61,"column":5}},"28":{"start":{"line":53,"column":27},"end":{"line":53,"column":48}},"29":{"start":{"line":54,"column":6},"end":{"line":54,"column":82}},"30":{"start":{"line":54,"column":21},"end":{"line":54,"column":82}},"31":{"start":{"line":56,"column":24},"end":{"line":56,"column":81}},"32":{"start":{"line":57,"column":6},"end":{"line":57,"column":45}},"33":{"start":{"line":59,"column":6},"end":{"line":59,"column":60}},"34":{"start":{"line":60,"column":6},"end":{"line":60,"column":51}},"35":{"start":{"line":65,"column":4},"end":{"line":74,"column":5}},"36":{"start":{"line":66,"column":69},"end":{"line":66,"column":90}},"37":{"start":{"line":67,"column":6},"end":{"line":67,"column":82}},"38":{"start":{"line":67,"column":21},"end":{"line":67,"column":82}},"39":{"start":{"line":69,"column":21},"end":{"line":69,"column":110}},"40":{"start":{"line":70,"column":6},"end":{"line":70,"column":45}},"41":{"start":{"line":72,"column":6},"end":{"line":72,"column":55}},"42":{"start":{"line":73,"column":6},"end":{"line":73,"column":51}},"43":{"start":{"line":78,"column":4},"end":{"line":87,"column":5}},"44":{"start":{"line":79,"column":27},"end":{"line":79,"column":48}},"45":{"start":{"line":80,"column":6},"end":{"line":80,"column":82}},"46":{"start":{"line":80,"column":21},"end":{"line":80,"column":82}},"47":{"start":{"line":82,"column":24},"end":{"line":82,"column":79}},"48":{"start":{"line":83,"column":6},"end":{"line":83,"column":45}},"49":{"start":{"line":85,"column":6},"end":{"line":85,"column":59}},"50":{"start":{"line":86,"column":6},"end":{"line":86,"column":51}},"51":{"start":{"line":95,"column":4},"end":{"line":104,"column":5}},"52":{"start":{"line":96,"column":27},"end":{"line":96,"column":48}},"53":{"start":{"line":97,"column":6},"end":{"line":97,"column":82}},"54":{"start":{"line":97,"column":21},"end":{"line":97,"column":82}},"55":{"start":{"line":99,"column":21},"end":{"line":99,"column":72}},"56":{"start":{"line":100,"column":6},"end":{"line":100,"column":23}},"57":{"start":{"line":102,"column":6},"end":{"line":102,"column":51}},"58":{"start":{"line":103,"column":6},"end":{"line":103,"column":51}},"59":{"start":{"line":108,"column":4},"end":{"line":123,"column":5}},"60":{"start":{"line":109,"column":27},"end":{"line":109,"column":48}},"61":{"start":{"line":110,"column":6},"end":{"line":110,"column":82}},"62":{"start":{"line":110,"column":21},"end":{"line":110,"column":82}},"63":{"start":{"line":113,"column":6},"end":{"line":116,"column":7}},"64":{"start":{"line":114,"column":24},"end":{"line":114,"column":79}},"65":{"start":{"line":115,"column":8},"end":{"line":115,"column":52}},"66":{"start":{"line":118,"column":21},"end":{"line":118,"column":71}},"67":{"start":{"line":119,"column":6},"end":{"line":119,"column":48}},"68":{"start":{"line":121,"column":6},"end":{"line":121,"column":51}},"69":{"start":{"line":122,"column":6},"end":{"line":122,"column":51}},"70":{"start":{"line":127,"column":4},"end":{"line":136,"column":5}},"71":{"start":{"line":128,"column":27},"end":{"line":128,"column":48}},"72":{"start":{"line":129,"column":6},"end":{"line":129,"column":82}},"73":{"start":{"line":129,"column":21},"end":{"line":129,"column":82}},"74":{"start":{"line":131,"column":6},"end":{"line":131,"column":64}},"75":{"start":{"line":132,"column":6},"end":{"line":132,"column":34}},"76":{"start":{"line":134,"column":6},"end":{"line":134,"column":53}},"77":{"start":{"line":135,"column":6},"end":{"line":135,"column":51}},"78":{"start":{"line":140,"column":4},"end":{"line":150,"column":5}},"79":{"start":{"line":141,"column":27},"end":{"line":141,"column":48}},"80":{"start":{"line":142,"column":6},"end":{"line":142,"column":82}},"81":{"start":{"line":142,"column":21},"end":{"line":142,"column":82}},"82":{"start":{"line":144,"column":30},"end":{"line":144,"column":39}},"83":{"start":{"line":145,"column":21},"end":{"line":145,"column":81}},"84":{"start":{"line":146,"column":6},"end":{"line":146,"column":23}},"85":{"start":{"line":148,"column":6},"end":{"line":148,"column":55}},"86":{"start":{"line":149,"column":6},"end":{"line":149,"column":51}},"87":{"start":{"line":155,"column":0},"end":{"line":155,"column":44}}},"fnMap":{"0":{"name":"(anonymous_0)","decl":{"start":{"line":6,"column":2},"end":{"line":6,"column":3}},"loc":{"start":{"line":6,"column":29},"end":{"line":16,"column":3}},"line":6},"1":{"name":"(anonymous_1)","decl":{"start":{"line":18,"column":2},"end":{"line":18,"column":3}},"loc":{"start":{"line":18,"column":30},"end":{"line":26,"column":3}},"line":18},"2":{"name":"(anonymous_2)","decl":{"start":{"line":28,"column":2},"end":{"line":28,"column":3}},"loc":{"start":{"line":28,"column":30},"end":{"line":36,"column":3}},"line":28},"3":{"name":"(anonymous_3)","decl":{"start":{"line":38,"column":2},"end":{"line":38,"column":3}},"loc":{"start":{"line":38,"column":35},"end":{"line":49,"column":3}},"line":38},"4":{"name":"(anonymous_4)","decl":{"start":{"line":51,"column":2},"end":{"line":51,"column":3}},"loc":{"start":{"line":51,"column":32},"end":{"line":62,"column":3}},"line":51},"5":{"name":"(anonymous_5)","decl":{"start":{"line":64,"column":2},"end":{"line":64,"column":3}},"loc":{"start":{"line":64,"column":32},"end":{"line":75,"column":3}},"line":64},"6":{"name":"(anonymous_6)","decl":{"start":{"line":77,"column":2},"end":{"line":77,"column":3}},"loc":{"start":{"line":77,"column":30},"end":{"line":88,"column":3}},"line":77},"7":{"name":"(anonymous_7)","decl":{"start":{"line":94,"column":2},"end":{"line":94,"column":3}},"loc":{"start":{"line":94,"column":29},"end":{"line":105,"column":3}},"line":94},"8":{"name":"(anonymous_8)","decl":{"start":{"line":107,"column":2},"end":{"line":107,"column":3}},"loc":{"start":{"line":107,"column":29},"end":{"line":124,"column":3}},"line":107},"9":{"name":"(anonymous_9)","decl":{"start":{"line":126,"column":2},"end":{"line":126,"column":3}},"loc":{"start":{"line":126,"column":31},"end":{"line":137,"column":3}},"line":126},"10":{"name":"(anonymous_10)","decl":{"start":{"line":139,"column":2},"end":{"line":139,"column":3}},"loc":{"start":{"line":139,"column":36},"end":{"line":151,"column":3}},"line":139}},"branchMap":{"0":{"loc":{"start":{"line":8,"column":27},"end":{"line":8,"column":48}},"type":"binary-expr","locations":[{"start":{"line":8,"column":27},"end":{"line":8,"column":42}},{"start":{"line":8,"column":46},"end":{"line":8,"column":48}}],"line":8},"1":{"loc":{"start":{"line":20,"column":27},"end":{"line":20,"column":48}},"type":"binary-expr","locations":[{"start":{"line":20,"column":27},"end":{"line":20,"column":42}},{"start":{"line":20,"column":46},"end":{"line":20,"column":48}}],"line":20},"2":{"loc":{"start":{"line":30,"column":27},"end":{"line":30,"column":48}},"type":"binary-expr","locations":[{"start":{"line":30,"column":27},"end":{"line":30,"column":42}},{"start":{"line":30,"column":46},"end":{"line":30,"column":48}}],"line":30},"3":{"loc":{"start":{"line":40,"column":27},"end":{"line":40,"column":48}},"type":"binary-expr","locations":[{"start":{"line":40,"column":27},"end":{"line":40,"column":42}},{"start":{"line":40,"column":46},"end":{"line":40,"column":48}}],"line":40},"4":{"loc":{"start":{"line":53,"column":27},"end":{"line":53,"column":48}},"type":"binary-expr","locations":[{"start":{"line":53,"column":27},"end":{"line":53,"column":42}},{"start":{"line":53,"column":46},"end":{"line":53,"column":48}}],"line":53},"5":{"loc":{"start":{"line":54,"column":6},"end":{"line":54,"column":82}},"type":"if","locations":[{"start":{"line":54,"column":6},"end":{"line":54,"column":82}},{"start":{},"end":{}}],"line":54},"6":{"loc":{"start":{"line":66,"column":69},"end":{"line":66,"column":90}},"type":"binary-expr","locations":[{"start":{"line":66,"column":69},"end":{"line":66,"column":84}},{"start":{"line":66,"column":88},"end":{"line":66,"column":90}}],"line":66},"7":{"loc":{"start":{"line":67,"column":6},"end":{"line":67,"column":82}},"type":"if","locations":[{"start":{"line":67,"column":6},"end":{"line":67,"column":82}},{"start":{},"end":{}}],"line":67},"8":{"loc":{"start":{"line":79,"column":27},"end":{"line":79,"column":48}},"type":"binary-expr","locations":[{"start":{"line":79,"column":27},"end":{"line":79,"column":42}},{"start":{"line":79,"column":46},"end":{"line":79,"column":48}}],"line":79},"9":{"loc":{"start":{"line":80,"column":6},"end":{"line":80,"column":82}},"type":"if","locations":[{"start":{"line":80,"column":6},"end":{"line":80,"column":82}},{"start":{},"end":{}}],"line":80},"10":{"loc":{"start":{"line":96,"column":27},"end":{"line":96,"column":48}},"type":"binary-expr","locations":[{"start":{"line":96,"column":27},"end":{"line":96,"column":42}},{"start":{"line":96,"column":46},"end":{"line":96,"column":48}}],"line":96},"11":{"loc":{"start":{"line":97,"column":6},"end":{"line":97,"column":82}},"type":"if","locations":[{"start":{"line":97,"column":6},"end":{"line":97,"column":82}},{"start":{},"end":{}}],"line":97},"12":{"loc":{"start":{"line":109,"column":27},"end":{"line":109,"column":48}},"type":"binary-expr","locations":[{"start":{"line":109,"column":27},"end":{"line":109,"column":42}},{"start":{"line":109,"column":46},"end":{"line":109,"column":48}}],"line":109},"13":{"loc":{"start":{"line":110,"column":6},"end":{"line":110,"column":82}},"type":"if","locations":[{"start":{"line":110,"column":6},"end":{"line":110,"column":82}},{"start":{},"end":{}}],"line":110},"14":{"loc":{"start":{"line":113,"column":6},"end":{"line":116,"column":7}},"type":"if","locations":[{"start":{"line":113,"column":6},"end":{"line":116,"column":7}},{"start":{},"end":{}}],"line":113},"15":{"loc":{"start":{"line":128,"column":27},"end":{"line":128,"column":48}},"type":"binary-expr","locations":[{"start":{"line":128,"column":27},"end":{"line":128,"column":42}},{"start":{"line":128,"column":46},"end":{"line":128,"column":48}}],"line":128},"16":{"loc":{"start":{"line":129,"column":6},"end":{"line":129,"column":82}},"type":"if","locations":[{"start":{"line":129,"column":6},"end":{"line":129,"column":82}},{"start":{},"end":{}}],"line":129},"17":{"loc":{"start":{"line":141,"column":27},"end":{"line":141,"column":48}},"type":"binary-expr","locations":[{"start":{"line":141,"column":27},"end":{"line":141,"column":42}},{"start":{"line":141,"column":46},"end":{"line":141,"column":48}}],"line":141},"18":{"loc":{"start":{"line":142,"column":6},"end":{"line":142,"column":82}},"type":"if","locations":[{"start":{"line":142,"column":6},"end":{"line":142,"column":82}},{"start":{},"end":{}}],"line":142}},"s":{"0":1,"1":1,"2":0,"3":0,"4":0,"5":0,"6":0,"7":0,"8":0,"9":0,"10":0,"11":0,"12":0,"13":0,"14":0,"15":0,"16":0,"17":0,"18":0,"19":0,"20":0,"21":0,"22":0,"23":0,"24":0,"25":0,"26":0,"27":0,"28":0,"29":0,"30":0,"31":0,"32":0,"33":0,"34":0,"35":0,"36":0,"37":0,"38":0,"39":0,"40":0,"41":0,"42":0,"43":0,"44":0,"45":0,"46":0,"47":0,"48":0,"49":0,"50":0,"51":0,"52":0,"53":0,"54":0,"55":0,"56":0,"57":0,"58":0,"59":0,"60":0,"61":0,"62":0,"63":0,"64":0,"65":0,"66":0,"67":0,"68":0,"69":0,"70":0,"71":0,"72":0,"73":0,"74":0,"75":0,"76":0,"77":0,"78":0,"79":0,"80":0,"81":0,"82":0,"83":0,"84":0,"85":0,"86":0,"87":1},"f":{"0":0,"1":0,"2":0,"3":0,"4":0,"5":0,"6":0,"7":0,"8":0,"9":0,"10":0},"b":{"0":[0,0],"1":[0,0],"2":[0,0],"3":[0,0],"4":[0,0],"5":[0,0],"6":[0,0],"7":[0,0],"8":[0,0],"9":[0,0],"10":[0,0],"11":[0,0],"12":[0,0],"13":[0,0],"14":[0,0],"15":[0,0],"16":[0,0],"17":[0,0],"18":[0,0]},"_coverageSchema":"1a1c01bbd47fc00a2c39e90264f33305004495a9","hash":"b2e73fd7ec745a46645b8d5549afe98cbf510755"}
,"C:\\Users\\HENI\\Downloads\\Pelatihan\\apk\\Coffeeshop\\backend\\src\\controllers\\aiController.js": {"path":"C:\\Users\\HENI\\Downloads\\Pelatihan\\apk\\Coffeeshop\\backend\\src\\controllers\\aiController.js","statementMap":{"0":{"start":{"line":1,"column":18},"end":{"line":1,"column":50}},"1":{"start":{"line":6,"column":4},"end":{"line":15,"column":5}},"2":{"start":{"line":7,"column":50},"end":{"line":7,"column":58}},"3":{"start":{"line":8,"column":23},"end":{"line":8,"column":87}},"4":{"start":{"line":10,"column":21},"end":{"line":10,"column":91}},"5":{"start":{"line":11,"column":6},"end":{"line":11,"column":23}},"6":{"start":{"line":13,"column":6},"end":{"line":13,"column":53}},"7":{"start":{"line":14,"column":6},"end":{"line":14,"column":51}},"8":{"start":{"line":19,"column":4},"end":{"line":27,"column":5}},"9":{"start":{"line":20,"column":35},"end":{"line":20,"column":44}},"10":{"start":{"line":21,"column":27},"end":{"line":21,"column":48}},"11":{"start":{"line":23,"column":21},"end":{"line":23,"column":81}},"12":{"start":{"line":24,"column":6},"end":{"line":24,"column":23}},"13":{"start":{"line":26,"column":6},"end":{"line":26,"column":51}},"14":{"start":{"line":30,"column":4},"end":{"line":38,"column":5}},"15":{"start":{"line":31,"column":35},"end":{"line":31,"column":44}},"16":{"start":{"line":32,"column":27},"end":{"line":32,"column":48}},"17":{"start":{"line":34,"column":21},"end":{"line":34,"column":85}},"18":{"start":{"line":35,"column":6},"end":{"line":35,"column":23}},"19":{"start":{"line":37,"column":6},"end":{"line":37,"column":51}},"20":{"start":{"line":42,"column":4},"end":{"line":50,"column":5}},"21":{"start":{"line":43,"column":35},"end":{"line":43,"column":44}},"22":{"start":{"line":44,"column":27},"end":{"line":44,"column":48}},"23":{"start":{"line":46,"column":21},"end":{"line":46,"column":87}},"24":{"start":{"line":47,"column":6},"end":{"line":47,"column":23}},"25":{"start":{"line":49,"column":6},"end":{"line":49,"column":51}},"26":{"start":{"line":54,"column":0},"end":{"line":54,"column":36}}},"fnMap":{"0":{"name":"(anonymous_0)","decl":{"start":{"line":5,"column":2},"end":{"line":5,"column":3}},"loc":{"start":{"line":5,"column":23},"end":{"line":16,"column":3}},"line":5},"1":{"name":"(anonymous_1)","decl":{"start":{"line":18,"column":2},"end":{"line":18,"column":3}},"loc":{"start":{"line":18,"column":30},"end":{"line":28,"column":3}},"line":18},"2":{"name":"(anonymous_2)","decl":{"start":{"line":29,"column":2},"end":{"line":29,"column":3}},"loc":{"start":{"line":29,"column":40},"end":{"line":39,"column":3}},"line":29},"3":{"name":"(anonymous_3)","decl":{"start":{"line":41,"column":2},"end":{"line":41,"column":3}},"loc":{"start":{"line":41,"column":39},"end":{"line":51,"column":3}},"line":41}},"branchMap":{"0":{"loc":{"start":{"line":8,"column":23},"end":{"line":8,"column":87}},"type":"binary-expr","locations":[{"start":{"line":8,"column":23},"end":{"line":8,"column":38}},{"start":{"line":8,"column":43},"end":{"line":8,"column":58}},{"start":{"line":8,"column":62},"end":{"line":8,"column":86}}],"line":8},"1":{"loc":{"start":{"line":21,"column":27},"end":{"line":21,"column":48}},"type":"binary-expr","locations":[{"start":{"line":21,"column":27},"end":{"line":21,"column":42}},{"start":{"line":21,"column":46},"end":{"line":21,"column":48}}],"line":21},"2":{"loc":{"start":{"line":32,"column":27},"end":{"line":32,"column":48}},"type":"binary-expr","locations":[{"start":{"line":32,"column":27},"end":{"line":32,"column":42}},{"start":{"line":32,"column":46},"end":{"line":32,"column":48}}],"line":32},"3":{"loc":{"start":{"line":44,"column":27},"end":{"line":44,"column":48}},"type":"binary-expr","locations":[{"start":{"line":44,"column":27},"end":{"line":44,"column":42}},{"start":{"line":44,"column":46},"end":{"line":44,"column":48}}],"line":44}},"s":{"0":1,"1":0,"2":0,"3":0,"4":0,"5":0,"6":0,"7":0,"8":0,"9":0,"10":0,"11":0,"12":0,"13":0,"14":0,"15":0,"16":0,"17":0,"18":0,"19":0,"20":0,"21":0,"22":0,"23":0,"24":0,"25":0,"26":1},"f":{"0":0,"1":0,"2":0,"3":0},"b":{"0":[0,0,0],"1":[0,0],"2":[0,0],"3":[0,0]},"_coverageSchema":"1a1c01bbd47fc00a2c39e90264f33305004495a9","hash":"8066174ce0301234f12350c9186d45871eb8c461"}
,"C:\\Users\\HENI\\Downloads\\Pelatihan\\apk\\Coffeeshop\\backend\\src\\controllers\\assetController.js": {"path":"C:\\Users\\HENI\\Downloads\\Pelatihan\\apk\\Coffeeshop\\backend\\src\\controllers\\assetController.js","statementMap":{"0":{"start":{"line":1,"column":21},"end":{"line":1,"column":56}},"1":{"start":{"line":5,"column":4},"end":{"line":11,"column":5}},"2":{"start":{"line":6,"column":27},"end":{"line":6,"column":48}},"3":{"start":{"line":7,"column":19},"end":{"line":7,"column":57}},"4":{"start":{"line":8,"column":6},"end":{"line":8,"column":21}},"5":{"start":{"line":10,"column":6},"end":{"line":10,"column":51}},"6":{"start":{"line":15,"column":4},"end":{"line":21,"column":5}},"7":{"start":{"line":16,"column":27},"end":{"line":16,"column":48}},"8":{"start":{"line":17,"column":19},"end":{"line":17,"column":71}},"9":{"start":{"line":18,"column":6},"end":{"line":18,"column":86}},"10":{"start":{"line":20,"column":6},"end":{"line":20,"column":51}},"11":{"start":{"line":25,"column":4},"end":{"line":37,"column":5}},"12":{"start":{"line":26,"column":27},"end":{"line":26,"column":48}},"13":{"start":{"line":27,"column":25},"end":{"line":27,"column":33}},"14":{"start":{"line":29,"column":6},"end":{"line":31,"column":7}},"15":{"start":{"line":30,"column":8},"end":{"line":30,"column":80}},"16":{"start":{"line":33,"column":21},"end":{"line":33,"column":82}},"17":{"start":{"line":34,"column":6},"end":{"line":34,"column":23}},"18":{"start":{"line":36,"column":6},"end":{"line":36,"column":51}},"19":{"start":{"line":41,"column":0},"end":{"line":41,"column":39}}},"fnMap":{"0":{"name":"(anonymous_0)","decl":{"start":{"line":4,"column":2},"end":{"line":4,"column":3}},"loc":{"start":{"line":4,"column":28},"end":{"line":12,"column":3}},"line":4},"1":{"name":"(anonymous_1)","decl":{"start":{"line":14,"column":2},"end":{"line":14,"column":3}},"loc":{"start":{"line":14,"column":32},"end":{"line":22,"column":3}},"line":14},"2":{"name":"(anonymous_2)","decl":{"start":{"line":24,"column":2},"end":{"line":24,"column":3}},"loc":{"start":{"line":24,"column":34},"end":{"line":38,"column":3}},"line":24}},"branchMap":{"0":{"loc":{"start":{"line":6,"column":27},"end":{"line":6,"column":48}},"type":"binary-expr","locations":[{"start":{"line":6,"column":27},"end":{"line":6,"column":42}},{"start":{"line":6,"column":46},"end":{"line":6,"column":48}}],"line":6},"1":{"loc":{"start":{"line":16,"column":27},"end":{"line":16,"column":48}},"type":"binary-expr","locations":[{"start":{"line":16,"column":27},"end":{"line":16,"column":42}},{"start":{"line":16,"column":46},"end":{"line":16,"column":48}}],"line":16},"2":{"loc":{"start":{"line":26,"column":27},"end":{"line":26,"column":48}},"type":"binary-expr","locations":[{"start":{"line":26,"column":27},"end":{"line":26,"column":42}},{"start":{"line":26,"column":46},"end":{"line":26,"column":48}}],"line":26},"3":{"loc":{"start":{"line":29,"column":6},"end":{"line":31,"column":7}},"type":"if","locations":[{"start":{"line":29,"column":6},"end":{"line":31,"column":7}},{"start":{},"end":{}}],"line":29}},"s":{"0":1,"1":0,"2":0,"3":0,"4":0,"5":0,"6":0,"7":0,"8":0,"9":0,"10":0,"11":0,"12":0,"13":0,"14":0,"15":0,"16":0,"17":0,"18":0,"19":1},"f":{"0":0,"1":0,"2":0},"b":{"0":[0,0],"1":[0,0],"2":[0,0],"3":[0,0]},"_coverageSchema":"1a1c01bbd47fc00a2c39e90264f33305004495a9","hash":"f4a04f3b09d3bc2b97d5f0529dcf222baf729f56"}
,"C:\\Users\\HENI\\Downloads\\Pelatihan\\apk\\Coffeeshop\\backend\\src\\controllers\\closingController.js": {"path":"C:\\Users\\HENI\\Downloads\\Pelatihan\\apk\\Coffeeshop\\backend\\src\\controllers\\closingController.js","statementMap":{"0":{"start":{"line":1,"column":23},"end":{"line":1,"column":60}},"1":{"start":{"line":5,"column":4},"end":{"line":11,"column":5}},"2":{"start":{"line":6,"column":27},"end":{"line":6,"column":48}},"3":{"start":{"line":7,"column":19},"end":{"line":7,"column":61}},"4":{"start":{"line":8,"column":6},"end":{"line":8,"column":21}},"5":{"start":{"line":10,"column":6},"end":{"line":10,"column":51}},"6":{"start":{"line":15,"column":4},"end":{"line":27,"column":5}},"7":{"start":{"line":16,"column":34},"end":{"line":16,"column":55}},"8":{"start":{"line":17,"column":25},"end":{"line":17,"column":33}},"9":{"start":{"line":19,"column":6},"end":{"line":21,"column":7}},"10":{"start":{"line":20,"column":8},"end":{"line":20,"column":86}},"11":{"start":{"line":23,"column":21},"end":{"line":23,"column":97}},"12":{"start":{"line":24,"column":6},"end":{"line":24,"column":23}},"13":{"start":{"line":26,"column":6},"end":{"line":26,"column":51}},"14":{"start":{"line":31,"column":0},"end":{"line":31,"column":41}}},"fnMap":{"0":{"name":"(anonymous_0)","decl":{"start":{"line":4,"column":2},"end":{"line":4,"column":3}},"loc":{"start":{"line":4,"column":30},"end":{"line":12,"column":3}},"line":4},"1":{"name":"(anonymous_1)","decl":{"start":{"line":14,"column":2},"end":{"line":14,"column":3}},"loc":{"start":{"line":14,"column":30},"end":{"line":28,"column":3}},"line":14}},"branchMap":{"0":{"loc":{"start":{"line":6,"column":27},"end":{"line":6,"column":48}},"type":"binary-expr","locations":[{"start":{"line":6,"column":27},"end":{"line":6,"column":42}},{"start":{"line":6,"column":46},"end":{"line":6,"column":48}}],"line":6},"1":{"loc":{"start":{"line":16,"column":34},"end":{"line":16,"column":55}},"type":"binary-expr","locations":[{"start":{"line":16,"column":34},"end":{"line":16,"column":49}},{"start":{"line":16,"column":53},"end":{"line":16,"column":55}}],"line":16},"2":{"loc":{"start":{"line":19,"column":6},"end":{"line":21,"column":7}},"type":"if","locations":[{"start":{"line":19,"column":6},"end":{"line":21,"column":7}},{"start":{},"end":{}}],"line":19},"3":{"loc":{"start":{"line":23,"column":72},"end":{"line":23,"column":96}},"type":"binary-expr","locations":[{"start":{"line":23,"column":72},"end":{"line":23,"column":77}},{"start":{"line":23,"column":81},"end":{"line":23,"column":96}}],"line":23}},"s":{"0":1,"1":0,"2":0,"3":0,"4":0,"5":0,"6":0,"7":0,"8":0,"9":0,"10":0,"11":0,"12":0,"13":0,"14":1},"f":{"0":0,"1":0},"b":{"0":[0,0],"1":[0,0],"2":[0,0],"3":[0,0]},"_coverageSchema":"1a1c01bbd47fc00a2c39e90264f33305004495a9","hash":"44595cc72d7ce68369341d80cc7aa901a102b56a"}
,"C:\\Users\\HENI\\Downloads\\Pelatihan\\apk\\Coffeeshop\\backend\\src\\controllers\\inventoryController.js": {"path":"C:\\Users\\HENI\\Downloads\\Pelatihan\\apk\\Coffeeshop\\backend\\src\\controllers\\inventoryController.js","statementMap":{"0":{"start":{"line":1,"column":25},"end":{"line":1,"column":64}},"1":{"start":{"line":6,"column":4},"end":{"line":12,"column":5}},"2":{"start":{"line":7,"column":27},"end":{"line":7,"column":48}},"3":{"start":{"line":8,"column":26},"end":{"line":8,"column":78}},"4":{"start":{"line":9,"column":6},"end":{"line":9,"column":34}},"5":{"start":{"line":11,"column":6},"end":{"line":11,"column":51}},"6":{"start":{"line":16,"column":4},"end":{"line":22,"column":5}},"7":{"start":{"line":17,"column":27},"end":{"line":17,"column":48}},"8":{"start":{"line":18,"column":20},"end":{"line":18,"column":72}},"9":{"start":{"line":19,"column":6},"end":{"line":19,"column":28}},"10":{"start":{"line":21,"column":6},"end":{"line":21,"column":51}},"11":{"start":{"line":26,"column":4},"end":{"line":34,"column":5}},"12":{"start":{"line":27,"column":27},"end":{"line":27,"column":48}},"13":{"start":{"line":28,"column":39},"end":{"line":28,"column":47}},"14":{"start":{"line":29,"column":19},"end":{"line":29,"column":85}},"15":{"start":{"line":30,"column":6},"end":{"line":30,"column":33}},"16":{"start":{"line":32,"column":6},"end":{"line":32,"column":68}},"17":{"start":{"line":33,"column":6},"end":{"line":33,"column":51}},"18":{"start":{"line":38,"column":4},"end":{"line":44,"column":5}},"19":{"start":{"line":39,"column":27},"end":{"line":39,"column":48}},"20":{"start":{"line":40,"column":24},"end":{"line":40,"column":75}},"21":{"start":{"line":41,"column":6},"end":{"line":41,"column":32}},"22":{"start":{"line":43,"column":6},"end":{"line":43,"column":51}},"23":{"start":{"line":48,"column":4},"end":{"line":54,"column":5}},"24":{"start":{"line":49,"column":27},"end":{"line":49,"column":48}},"25":{"start":{"line":50,"column":23},"end":{"line":50,"column":67}},"26":{"start":{"line":51,"column":6},"end":{"line":51,"column":25}},"27":{"start":{"line":53,"column":6},"end":{"line":53,"column":51}},"28":{"start":{"line":58,"column":4},"end":{"line":65,"column":5}},"29":{"start":{"line":59,"column":27},"end":{"line":59,"column":48}},"30":{"start":{"line":60,"column":19},"end":{"line":60,"column":59}},"31":{"start":{"line":61,"column":6},"end":{"line":61,"column":21}},"32":{"start":{"line":63,"column":6},"end":{"line":63,"column":60}},"33":{"start":{"line":64,"column":6},"end":{"line":64,"column":19}},"34":{"start":{"line":69,"column":4},"end":{"line":75,"column":5}},"35":{"start":{"line":70,"column":27},"end":{"line":70,"column":48}},"36":{"start":{"line":71,"column":19},"end":{"line":71,"column":63}},"37":{"start":{"line":72,"column":6},"end":{"line":72,"column":21}},"38":{"start":{"line":74,"column":6},"end":{"line":74,"column":46}},"39":{"start":{"line":79,"column":4},"end":{"line":86,"column":5}},"40":{"start":{"line":80,"column":33},"end":{"line":80,"column":54}},"41":{"start":{"line":81,"column":19},"end":{"line":81,"column":73}},"42":{"start":{"line":82,"column":6},"end":{"line":82,"column":21}},"43":{"start":{"line":84,"column":6},"end":{"line":84,"column":61}},"44":{"start":{"line":85,"column":6},"end":{"line":85,"column":51}},"45":{"start":{"line":90,"column":4},"end":{"line":98,"column":5}},"46":{"start":{"line":91,"column":27},"end":{"line":91,"column":48}},"47":{"start":{"line":92,"column":44},"end":{"line":92,"column":52}},"48":{"start":{"line":93,"column":19},"end":{"line":93,"column":91}},"49":{"start":{"line":94,"column":6},"end":{"line":94,"column":33}},"50":{"start":{"line":96,"column":6},"end":{"line":96,"column":62}},"51":{"start":{"line":97,"column":6},"end":{"line":97,"column":51}},"52":{"start":{"line":102,"column":4},"end":{"line":111,"column":5}},"53":{"start":{"line":103,"column":27},"end":{"line":103,"column":48}},"54":{"start":{"line":104,"column":21},"end":{"line":104,"column":31}},"55":{"start":{"line":105,"column":45},"end":{"line":105,"column":53}},"56":{"start":{"line":106,"column":19},"end":{"line":106,"column":96}},"57":{"start":{"line":107,"column":6},"end":{"line":107,"column":21}},"58":{"start":{"line":109,"column":6},"end":{"line":109,"column":61}},"59":{"start":{"line":110,"column":6},"end":{"line":110,"column":51}},"60":{"start":{"line":116,"column":4},"end":{"line":124,"column":5}},"61":{"start":{"line":117,"column":27},"end":{"line":117,"column":48}},"62":{"start":{"line":118,"column":21},"end":{"line":118,"column":31}},"63":{"start":{"line":119,"column":19},"end":{"line":119,"column":71}},"64":{"start":{"line":120,"column":6},"end":{"line":120,"column":77}},"65":{"start":{"line":122,"column":6},"end":{"line":122,"column":64}},"66":{"start":{"line":123,"column":6},"end":{"line":123,"column":51}},"67":{"start":{"line":128,"column":4},"end":{"line":135,"column":5}},"68":{"start":{"line":129,"column":27},"end":{"line":129,"column":48}},"69":{"start":{"line":130,"column":19},"end":{"line":130,"column":65}},"70":{"start":{"line":131,"column":6},"end":{"line":131,"column":21}},"71":{"start":{"line":133,"column":6},"end":{"line":133,"column":62}},"72":{"start":{"line":134,"column":6},"end":{"line":134,"column":51}},"73":{"start":{"line":139,"column":4},"end":{"line":147,"column":5}},"74":{"start":{"line":140,"column":27},"end":{"line":140,"column":48}},"75":{"start":{"line":141,"column":23},"end":{"line":141,"column":31}},"76":{"start":{"line":142,"column":19},"end":{"line":142,"column":72}},"77":{"start":{"line":143,"column":6},"end":{"line":143,"column":33}},"78":{"start":{"line":145,"column":6},"end":{"line":145,"column":61}},"79":{"start":{"line":146,"column":6},"end":{"line":146,"column":51}},"80":{"start":{"line":151,"column":4},"end":{"line":159,"column":5}},"81":{"start":{"line":152,"column":27},"end":{"line":152,"column":48}},"82":{"start":{"line":153,"column":21},"end":{"line":153,"column":31}},"83":{"start":{"line":154,"column":19},"end":{"line":154,"column":70}},"84":{"start":{"line":155,"column":6},"end":{"line":155,"column":40}},"85":{"start":{"line":157,"column":6},"end":{"line":157,"column":63}},"86":{"start":{"line":158,"column":6},"end":{"line":158,"column":51}},"87":{"start":{"line":163,"column":4},"end":{"line":171,"column":5}},"88":{"start":{"line":164,"column":27},"end":{"line":164,"column":48}},"89":{"start":{"line":165,"column":44},"end":{"line":165,"column":52}},"90":{"start":{"line":166,"column":19},"end":{"line":166,"column":96}},"91":{"start":{"line":167,"column":6},"end":{"line":167,"column":33}},"92":{"start":{"line":169,"column":6},"end":{"line":169,"column":61}},"93":{"start":{"line":170,"column":6},"end":{"line":170,"column":51}},"94":{"start":{"line":175,"column":0},"end":{"line":175,"column":43}}},"fnMap":{"0":{"name":"(anonymous_0)","decl":{"start":{"line":5,"column":2},"end":{"line":5,"column":3}},"loc":{"start":{"line":5,"column":33},"end":{"line":13,"column":3}},"line":5},"1":{"name":"(anonymous_1)","decl":{"start":{"line":15,"column":2},"end":{"line":15,"column":3}},"loc":{"start":{"line":15,"column":27},"end":{"line":23,"column":3}},"line":15},"2":{"name":"(anonymous_2)","decl":{"start":{"line":25,"column":2},"end":{"line":25,"column":3}},"loc":{"start":{"line":25,"column":30},"end":{"line":35,"column":3}},"line":25},"3":{"name":"(anonymous_3)","decl":{"start":{"line":37,"column":2},"end":{"line":37,"column":3}},"loc":{"start":{"line":37,"column":31},"end":{"line":45,"column":3}},"line":37},"4":{"name":"(anonymous_4)","decl":{"start":{"line":47,"column":2},"end":{"line":47,"column":3}},"loc":{"start":{"line":47,"column":30},"end":{"line":55,"column":3}},"line":47},"5":{"name":"(anonymous_5)","decl":{"start":{"line":57,"column":2},"end":{"line":57,"column":3}},"loc":{"start":{"line":57,"column":26},"end":{"line":66,"column":3}},"line":57},"6":{"name":"(anonymous_6)","decl":{"start":{"line":68,"column":2},"end":{"line":68,"column":3}},"loc":{"start":{"line":68,"column":26},"end":{"line":76,"column":3}},"line":68},"7":{"name":"(anonymous_7)","decl":{"start":{"line":78,"column":2},"end":{"line":78,"column":3}},"loc":{"start":{"line":78,"column":31},"end":{"line":87,"column":3}},"line":78},"8":{"name":"(anonymous_8)","decl":{"start":{"line":89,"column":2},"end":{"line":89,"column":3}},"loc":{"start":{"line":89,"column":34},"end":{"line":99,"column":3}},"line":89},"9":{"name":"(anonymous_9)","decl":{"start":{"line":101,"column":2},"end":{"line":101,"column":3}},"loc":{"start":{"line":101,"column":34},"end":{"line":112,"column":3}},"line":101},"10":{"name":"(anonymous_10)","decl":{"start":{"line":115,"column":2},"end":{"line":115,"column":3}},"loc":{"start":{"line":115,"column":34},"end":{"line":125,"column":3}},"line":115},"11":{"name":"(anonymous_11)","decl":{"start":{"line":127,"column":2},"end":{"line":127,"column":3}},"loc":{"start":{"line":127,"column":32},"end":{"line":136,"column":3}},"line":127},"12":{"name":"(anonymous_12)","decl":{"start":{"line":138,"column":2},"end":{"line":138,"column":3}},"loc":{"start":{"line":138,"column":33},"end":{"line":148,"column":3}},"line":138},"13":{"name":"(anonymous_13)","decl":{"start":{"line":150,"column":2},"end":{"line":150,"column":3}},"loc":{"start":{"line":150,"column":33},"end":{"line":160,"column":3}},"line":150},"14":{"name":"(anonymous_14)","decl":{"start":{"line":162,"column":2},"end":{"line":162,"column":3}},"loc":{"start":{"line":162,"column":36},"end":{"line":172,"column":3}},"line":162}},"branchMap":{"0":{"loc":{"start":{"line":7,"column":27},"end":{"line":7,"column":48}},"type":"binary-expr","locations":[{"start":{"line":7,"column":27},"end":{"line":7,"column":42}},{"start":{"line":7,"column":46},"end":{"line":7,"column":48}}],"line":7},"1":{"loc":{"start":{"line":9,"column":15},"end":{"line":9,"column":32}},"type":"binary-expr","locations":[{"start":{"line":9,"column":15},"end":{"line":9,"column":26}},{"start":{"line":9,"column":30},"end":{"line":9,"column":32}}],"line":9},"2":{"loc":{"start":{"line":17,"column":27},"end":{"line":17,"column":48}},"type":"binary-expr","locations":[{"start":{"line":17,"column":27},"end":{"line":17,"column":42}},{"start":{"line":17,"column":46},"end":{"line":17,"column":48}}],"line":17},"3":{"loc":{"start":{"line":19,"column":15},"end":{"line":19,"column":26}},"type":"binary-expr","locations":[{"start":{"line":19,"column":15},"end":{"line":19,"column":20}},{"start":{"line":19,"column":24},"end":{"line":19,"column":26}}],"line":19},"4":{"loc":{"start":{"line":27,"column":27},"end":{"line":27,"column":48}},"type":"binary-expr","locations":[{"start":{"line":27,"column":27},"end":{"line":27,"column":42}},{"start":{"line":27,"column":46},"end":{"line":27,"column":48}}],"line":27},"5":{"loc":{"start":{"line":39,"column":27},"end":{"line":39,"column":48}},"type":"binary-expr","locations":[{"start":{"line":39,"column":27},"end":{"line":39,"column":42}},{"start":{"line":39,"column":46},"end":{"line":39,"column":48}}],"line":39},"6":{"loc":{"start":{"line":41,"column":15},"end":{"line":41,"column":30}},"type":"binary-expr","locations":[{"start":{"line":41,"column":15},"end":{"line":41,"column":24}},{"start":{"line":41,"column":28},"end":{"line":41,"column":30}}],"line":41},"7":{"loc":{"start":{"line":49,"column":27},"end":{"line":49,"column":48}},"type":"binary-expr","locations":[{"start":{"line":49,"column":27},"end":{"line":49,"column":42}},{"start":{"line":49,"column":46},"end":{"line":49,"column":48}}],"line":49},"8":{"loc":{"start":{"line":59,"column":27},"end":{"line":59,"column":48}},"type":"binary-expr","locations":[{"start":{"line":59,"column":27},"end":{"line":59,"column":42}},{"start":{"line":59,"column":46},"end":{"line":59,"column":48}}],"line":59},"9":{"loc":{"start":{"line":70,"column":27},"end":{"line":70,"column":48}},"type":"binary-expr","locations":[{"start":{"line":70,"column":27},"end":{"line":70,"column":42}},{"start":{"line":70,"column":46},"end":{"line":70,"column":48}}],"line":70},"10":{"loc":{"start":{"line":80,"column":33},"end":{"line":80,"column":54}},"type":"binary-expr","locations":[{"start":{"line":80,"column":33},"end":{"line":80,"column":48}},{"start":{"line":80,"column":52},"end":{"line":80,"column":54}}],"line":80},"11":{"loc":{"start":{"line":91,"column":27},"end":{"line":91,"column":48}},"type":"binary-expr","locations":[{"start":{"line":91,"column":27},"end":{"line":91,"column":42}},{"start":{"line":91,"column":46},"end":{"line":91,"column":48}}],"line":91},"12":{"loc":{"start":{"line":103,"column":27},"end":{"line":103,"column":48}},"type":"binary-expr","locations":[{"start":{"line":103,"column":27},"end":{"line":103,"column":42}},{"start":{"line":103,"column":46},"end":{"line":103,"column":48}}],"line":103},"13":{"loc":{"start":{"line":117,"column":27},"end":{"line":117,"column":48}},"type":"binary-expr","locations":[{"start":{"line":117,"column":27},"end":{"line":117,"column":42}},{"start":{"line":117,"column":46},"end":{"line":117,"column":48}}],"line":117},"14":{"loc":{"start":{"line":129,"column":27},"end":{"line":129,"column":48}},"type":"binary-expr","locations":[{"start":{"line":129,"column":27},"end":{"line":129,"column":42}},{"start":{"line":129,"column":46},"end":{"line":129,"column":48}}],"line":129},"15":{"loc":{"start":{"line":140,"column":27},"end":{"line":140,"column":48}},"type":"binary-expr","locations":[{"start":{"line":140,"column":27},"end":{"line":140,"column":42}},{"start":{"line":140,"column":46},"end":{"line":140,"column":48}}],"line":140},"16":{"loc":{"start":{"line":152,"column":27},"end":{"line":152,"column":48}},"type":"binary-expr","locations":[{"start":{"line":152,"column":27},"end":{"line":152,"column":42}},{"start":{"line":152,"column":46},"end":{"line":152,"column":48}}],"line":152},"17":{"loc":{"start":{"line":164,"column":27},"end":{"line":164,"column":48}},"type":"binary-expr","locations":[{"start":{"line":164,"column":27},"end":{"line":164,"column":42}},{"start":{"line":164,"column":46},"end":{"line":164,"column":48}}],"line":164}},"s":{"0":1,"1":0,"2":0,"3":0,"4":0,"5":0,"6":0,"7":0,"8":0,"9":0,"10":0,"11":0,"12":0,"13":0,"14":0,"15":0,"16":0,"17":0,"18":0,"19":0,"20":0,"21":0,"22":0,"23":0,"24":0,"25":0,"26":0,"27":0,"28":0,"29":0,"30":0,"31":0,"32":0,"33":0,"34":0,"35":0,"36":0,"37":0,"38":0,"39":0,"40":0,"41":0,"42":0,"43":0,"44":0,"45":0,"46":0,"47":0,"48":0,"49":0,"50":0,"51":0,"52":0,"53":0,"54":0,"55":0,"56":0,"57":0,"58":0,"59":0,"60":0,"61":0,"62":0,"63":0,"64":0,"65":0,"66":0,"67":0,"68":0,"69":0,"70":0,"71":0,"72":0,"73":0,"74":0,"75":0,"76":0,"77":0,"78":0,"79":0,"80":0,"81":0,"82":0,"83":0,"84":0,"85":0,"86":0,"87":0,"88":0,"89":0,"90":0,"91":0,"92":0,"93":0,"94":1},"f":{"0":0,"1":0,"2":0,"3":0,"4":0,"5":0,"6":0,"7":0,"8":0,"9":0,"10":0,"11":0,"12":0,"13":0,"14":0},"b":{"0":[0,0],"1":[0,0],"2":[0,0],"3":[0,0],"4":[0,0],"5":[0,0],"6":[0,0],"7":[0,0],"8":[0,0],"9":[0,0],"10":[0,0],"11":[0,0],"12":[0,0],"13":[0,0],"14":[0,0],"15":[0,0],"16":[0,0],"17":[0,0]},"_coverageSchema":"1a1c01bbd47fc00a2c39e90264f33305004495a9","hash":"21fd0e55bf780077c9bad95cfab3da4b471ee1a0"}
,"C:\\Users\\HENI\\Downloads\\Pelatihan\\apk\\Coffeeshop\\backend\\src\\controllers\\menuController.js": {"path":"C:\\Users\\HENI\\Downloads\\Pelatihan\\apk\\Coffeeshop\\backend\\src\\controllers\\menuController.js","statementMap":{"0":{"start":{"line":1,"column":20},"end":{"line":1,"column":54}},"1":{"start":{"line":5,"column":4},"end":{"line":14,"column":5}},"2":{"start":{"line":6,"column":43},"end":{"line":6,"column":58}},"3":{"start":{"line":9,"column":19},"end":{"line":9,"column":73}},"4":{"start":{"line":10,"column":6},"end":{"line":10,"column":21}},"5":{"start":{"line":12,"column":6},"end":{"line":12,"column":67}},"6":{"start":{"line":13,"column":6},"end":{"line":13,"column":19}},"7":{"start":{"line":18,"column":4},"end":{"line":27,"column":5}},"8":{"start":{"line":19,"column":35},"end":{"line":19,"column":43}},"9":{"start":{"line":20,"column":37},"end":{"line":20,"column":52}},"10":{"start":{"line":22,"column":22},"end":{"line":22,"column":85}},"11":{"start":{"line":23,"column":6},"end":{"line":23,"column":36}},"12":{"start":{"line":25,"column":6},"end":{"line":25,"column":68}},"13":{"start":{"line":26,"column":6},"end":{"line":26,"column":51}},"14":{"start":{"line":31,"column":4},"end":{"line":41,"column":5}},"15":{"start":{"line":32,"column":35},"end":{"line":32,"column":43}},"16":{"start":{"line":33,"column":21},"end":{"line":33,"column":34}},"17":{"start":{"line":34,"column":37},"end":{"line":34,"column":52}},"18":{"start":{"line":36,"column":6},"end":{"line":36,"column":78}},"19":{"start":{"line":37,"column":6},"end":{"line":37,"column":64}},"20":{"start":{"line":39,"column":6},"end":{"line":39,"column":67}},"21":{"start":{"line":40,"column":6},"end":{"line":40,"column":51}},"22":{"start":{"line":45,"column":4},"end":{"line":55,"column":5}},"23":{"start":{"line":46,"column":21},"end":{"line":46,"column":34}},"24":{"start":{"line":47,"column":37},"end":{"line":47,"column":52}},"25":{"start":{"line":50,"column":6},"end":{"line":50,"column":67}},"26":{"start":{"line":51,"column":6},"end":{"line":51,"column":77}},"27":{"start":{"line":53,"column":6},"end":{"line":53,"column":70}},"28":{"start":{"line":54,"column":6},"end":{"line":54,"column":51}},"29":{"start":{"line":59,"column":0},"end":{"line":59,"column":38}}},"fnMap":{"0":{"name":"(anonymous_0)","decl":{"start":{"line":4,"column":2},"end":{"line":4,"column":3}},"loc":{"start":{"line":4,"column":29},"end":{"line":15,"column":3}},"line":4},"1":{"name":"(anonymous_1)","decl":{"start":{"line":17,"column":2},"end":{"line":17,"column":3}},"loc":{"start":{"line":17,"column":29},"end":{"line":28,"column":3}},"line":17},"2":{"name":"(anonymous_2)","decl":{"start":{"line":30,"column":2},"end":{"line":30,"column":3}},"loc":{"start":{"line":30,"column":29},"end":{"line":42,"column":3}},"line":30},"3":{"name":"(anonymous_3)","decl":{"start":{"line":44,"column":2},"end":{"line":44,"column":3}},"loc":{"start":{"line":44,"column":29},"end":{"line":56,"column":3}},"line":44}},"branchMap":{},"s":{"0":1,"1":0,"2":0,"3":0,"4":0,"5":0,"6":0,"7":0,"8":0,"9":0,"10":0,"11":0,"12":0,"13":0,"14":0,"15":0,"16":0,"17":0,"18":0,"19":0,"20":0,"21":0,"22":0,"23":0,"24":0,"25":0,"26":0,"27":0,"28":0,"29":1},"f":{"0":0,"1":0,"2":0,"3":0},"b":{},"_coverageSchema":"1a1c01bbd47fc00a2c39e90264f33305004495a9","hash":"5e641c83361838378cc107c80c3b31b09dde6ccf"}
,"C:\\Users\\HENI\\Downloads\\Pelatihan\\apk\\Coffeeshop\\backend\\src\\controllers\\opnameAccountingController.js": {"path":"C:\\Users\\HENI\\Downloads\\Pelatihan\\apk\\Coffeeshop\\backend\\src\\controllers\\opnameAccountingController.js","statementMap":{"0":{"start":{"line":1,"column":15},"end":{"line":1,"column":32}},"1":{"start":{"line":2,"column":21},"end":{"line":2,"column":43}},"2":{"start":{"line":3,"column":25},"end":{"line":3,"column":68}},"3":{"start":{"line":4,"column":30},"end":{"line":4,"column":78}},"4":{"start":{"line":12,"column":4},"end":{"line":29,"column":5}},"5":{"start":{"line":13,"column":27},"end":{"line":13,"column":48}},"6":{"start":{"line":14,"column":30},"end":{"line":18,"column":30}},"7":{"start":{"line":20,"column":6},"end":{"line":24,"column":7}},"8":{"start":{"line":22,"column":8},"end":{"line":22,"column":99}},"9":{"start":{"line":23,"column":8},"end":{"line":23,"column":28}},"10":{"start":{"line":25,"column":6},"end":{"line":25,"column":27}},"11":{"start":{"line":27,"column":6},"end":{"line":27,"column":77}},"12":{"start":{"line":28,"column":6},"end":{"line":28,"column":19}},"13":{"start":{"line":37,"column":4},"end":{"line":60,"column":5}},"14":{"start":{"line":38,"column":27},"end":{"line":38,"column":48}},"15":{"start":{"line":39,"column":32},"end":{"line":39,"column":40}},"16":{"start":{"line":41,"column":6},"end":{"line":43,"column":7}},"17":{"start":{"line":42,"column":8},"end":{"line":42,"column":98}},"18":{"start":{"line":45,"column":30},"end":{"line":54,"column":17}},"19":{"start":{"line":56,"column":6},"end":{"line":56,"column":29}},"20":{"start":{"line":56,"column":17},"end":{"line":56,"column":29}},"21":{"start":{"line":57,"column":6},"end":{"line":57,"column":33}},"22":{"start":{"line":59,"column":6},"end":{"line":59,"column":51}},"23":{"start":{"line":68,"column":4},"end":{"line":178,"column":5}},"24":{"start":{"line":69,"column":27},"end":{"line":69,"column":48}},"25":{"start":{"line":70,"column":28},"end":{"line":70,"column":38}},"26":{"start":{"line":71,"column":29},"end":{"line":71,"column":37}},"27":{"start":{"line":73,"column":22},"end":{"line":73,"column":80}},"28":{"start":{"line":74,"column":6},"end":{"line":74,"column":91}},"29":{"start":{"line":74,"column":20},"end":{"line":74,"column":91}},"30":{"start":{"line":76,"column":20},"end":{"line":76,"column":79}},"31":{"start":{"line":79,"column":20},"end":{"line":79,"column":22}},"32":{"start":{"line":80,"column":6},"end":{"line":88,"column":7}},"33":{"start":{"line":81,"column":31},"end":{"line":86,"column":19}},"34":{"start":{"line":87,"column":8},"end":{"line":87,"column":76}},"35":{"start":{"line":87,"column":18},"end":{"line":87,"column":76}},"36":{"start":{"line":91,"column":23},"end":{"line":91,"column":72}},"37":{"start":{"line":92,"column":19},"end":{"line":92,"column":49}},"38":{"start":{"line":93,"column":29},"end":{"line":93,"column":55}},"39":{"start":{"line":94,"column":29},"end":{"line":94,"column":49}},"40":{"start":{"line":96,"column":23},"end":{"line":96,"column":103}},"41":{"start":{"line":97,"column":27},"end":{"line":97,"column":77}},"42":{"start":{"line":97,"column":37},"end":{"line":97,"column":77}},"43":{"start":{"line":97,"column":57},"end":{"line":97,"column":72}},"44":{"start":{"line":99,"column":29},"end":{"line":99,"column":57}},"45":{"start":{"line":100,"column":23},"end":{"line":100,"column":51}},"46":{"start":{"line":103,"column":22},"end":{"line":103,"column":24}},"47":{"start":{"line":104,"column":23},"end":{"line":104,"column":24}},"48":{"start":{"line":105,"column":24},"end":{"line":105,"column":25}},"49":{"start":{"line":106,"column":20},"end":{"line":106,"column":21}},"50":{"start":{"line":108,"column":6},"end":{"line":160,"column":7}},"51":{"start":{"line":109,"column":25},"end":{"line":109,"column":51}},"52":{"start":{"line":110,"column":8},"end":{"line":110,"column":37}},"53":{"start":{"line":110,"column":28},"end":{"line":110,"column":37}},"54":{"start":{"line":112,"column":21},"end":{"line":112,"column":50}},"55":{"start":{"line":113,"column":23},"end":{"line":113,"column":48}},"56":{"start":{"line":114,"column":8},"end":{"line":114,"column":35}},"57":{"start":{"line":114,"column":26},"end":{"line":114,"column":35}},"58":{"start":{"line":116,"column":20},"end":{"line":116,"column":54}},"59":{"start":{"line":117,"column":26},"end":{"line":117,"column":50}},"60":{"start":{"line":119,"column":8},"end":{"line":159,"column":9}},"61":{"start":{"line":121,"column":10},"end":{"line":128,"column":13}},"62":{"start":{"line":129,"column":10},"end":{"line":136,"column":13}},"63":{"start":{"line":137,"column":10},"end":{"line":137,"column":31}},"64":{"start":{"line":138,"column":10},"end":{"line":138,"column":32}},"65":{"start":{"line":141,"column":10},"end":{"line":148,"column":13}},"66":{"start":{"line":149,"column":10},"end":{"line":156,"column":13}},"67":{"start":{"line":157,"column":10},"end":{"line":157,"column":31}},"68":{"start":{"line":158,"column":10},"end":{"line":158,"column":32}},"69":{"start":{"line":163,"column":34},"end":{"line":167,"column":7}},"70":{"start":{"line":169,"column":6},"end":{"line":175,"column":9}},"71":{"start":{"line":177,"column":6},"end":{"line":177,"column":51}},"72":{"start":{"line":186,"column":4},"end":{"line":260,"column":5}},"73":{"start":{"line":187,"column":39},"end":{"line":187,"column":60}},"74":{"start":{"line":188,"column":28},"end":{"line":188,"column":38}},"75":{"start":{"line":189,"column":41},"end":{"line":189,"column":49}},"76":{"start":{"line":191,"column":6},"end":{"line":193,"column":7}},"77":{"start":{"line":192,"column":8},"end":{"line":192,"column":90}},"78":{"start":{"line":196,"column":21},"end":{"line":196,"column":22}},"79":{"start":{"line":197,"column":22},"end":{"line":197,"column":23}},"80":{"start":{"line":198,"column":6},"end":{"line":201,"column":9}},"81":{"start":{"line":199,"column":8},"end":{"line":199,"column":48}},"82":{"start":{"line":200,"column":8},"end":{"line":200,"column":50}},"83":{"start":{"line":203,"column":6},"end":{"line":205,"column":7}},"84":{"start":{"line":204,"column":8},"end":{"line":204,"column":111}},"85":{"start":{"line":208,"column":45},"end":{"line":221,"column":17}},"86":{"start":{"line":223,"column":6},"end":{"line":223,"column":27}},"87":{"start":{"line":223,"column":16},"end":{"line":223,"column":27}},"88":{"start":{"line":226,"column":27},"end":{"line":235,"column":9}},"89":{"start":{"line":226,"column":45},"end":{"line":235,"column":7}},"90":{"start":{"line":237,"column":33},"end":{"line":239,"column":29}},"91":{"start":{"line":241,"column":6},"end":{"line":241,"column":33}},"92":{"start":{"line":241,"column":19},"end":{"line":241,"column":33}},"93":{"start":{"line":244,"column":6},"end":{"line":251,"column":35}},"94":{"start":{"line":253,"column":6},"end":{"line":257,"column":9}},"95":{"start":{"line":259,"column":6},"end":{"line":259,"column":51}},"96":{"start":{"line":268,"column":4},"end":{"line":326,"column":5}},"97":{"start":{"line":269,"column":27},"end":{"line":269,"column":48}},"98":{"start":{"line":272,"column":49},"end":{"line":276,"column":33}},"99":{"start":{"line":279,"column":6},"end":{"line":282,"column":7}},"100":{"start":{"line":280,"column":8},"end":{"line":280,"column":88}},"101":{"start":{"line":281,"column":8},"end":{"line":281,"column":121}},"102":{"start":{"line":285,"column":33},"end":{"line":289,"column":31}},"103":{"start":{"line":291,"column":25},"end":{"line":291,"column":56}},"104":{"start":{"line":291,"column":51},"end":{"line":291,"column":55}},"105":{"start":{"line":294,"column":34},"end":{"line":294,"column":35}},"106":{"start":{"line":295,"column":6},"end":{"line":306,"column":7}},"107":{"start":{"line":296,"column":32},"end":{"line":299,"column":46}},"108":{"start":{"line":301,"column":8},"end":{"line":305,"column":11}},"109":{"start":{"line":302,"column":23},"end":{"line":302,"column":52}},"110":{"start":{"line":303,"column":27},"end":{"line":303,"column":53}},"111":{"start":{"line":304,"column":10},"end":{"line":304,"column":61}},"112":{"start":{"line":309,"column":33},"end":{"line":309,"column":34}},"113":{"start":{"line":310,"column":6},"end":{"line":312,"column":9}},"114":{"start":{"line":311,"column":8},"end":{"line":311,"column":59}},"115":{"start":{"line":314,"column":25},"end":{"line":314,"column":79}},"116":{"start":{"line":315,"column":25},"end":{"line":315,"column":40}},"117":{"start":{"line":317,"column":6},"end":{"line":322,"column":9}},"118":{"start":{"line":324,"column":6},"end":{"line":324,"column":90}},"119":{"start":{"line":325,"column":6},"end":{"line":325,"column":112}},"120":{"start":{"line":330,"column":0},"end":{"line":330,"column":50}}},"fnMap":{"0":{"name":"(anonymous_0)","decl":{"start":{"line":11,"column":2},"end":{"line":11,"column":3}},"loc":{"start":{"line":11,"column":31},"end":{"line":30,"column":3}},"line":11},"1":{"name":"(anonymous_1)","decl":{"start":{"line":36,"column":2},"end":{"line":36,"column":3}},"loc":{"start":{"line":36,"column":33},"end":{"line":61,"column":3}},"line":36},"2":{"name":"(anonymous_2)","decl":{"start":{"line":67,"column":2},"end":{"line":67,"column":3}},"loc":{"start":{"line":67,"column":33},"end":{"line":179,"column":3}},"line":67},"3":{"name":"(anonymous_3)","decl":{"start":{"line":97,"column":27},"end":{"line":97,"column":28}},"loc":{"start":{"line":97,"column":37},"end":{"line":97,"column":77}},"line":97},"4":{"name":"(anonymous_4)","decl":{"start":{"line":97,"column":52},"end":{"line":97,"column":53}},"loc":{"start":{"line":97,"column":57},"end":{"line":97,"column":72}},"line":97},"5":{"name":"(anonymous_5)","decl":{"start":{"line":185,"column":2},"end":{"line":185,"column":3}},"loc":{"start":{"line":185,"column":31},"end":{"line":261,"column":3}},"line":185},"6":{"name":"(anonymous_6)","decl":{"start":{"line":198,"column":22},"end":{"line":198,"column":23}},"loc":{"start":{"line":198,"column":27},"end":{"line":201,"column":7}},"line":198},"7":{"name":"(anonymous_7)","decl":{"start":{"line":226,"column":39},"end":{"line":226,"column":40}},"loc":{"start":{"line":226,"column":45},"end":{"line":235,"column":7}},"line":226},"8":{"name":"(anonymous_8)","decl":{"start":{"line":267,"column":2},"end":{"line":267,"column":3}},"loc":{"start":{"line":267,"column":36},"end":{"line":327,"column":3}},"line":267},"9":{"name":"(anonymous_9)","decl":{"start":{"line":291,"column":46},"end":{"line":291,"column":47}},"loc":{"start":{"line":291,"column":51},"end":{"line":291,"column":55}},"line":291},"10":{"name":"(anonymous_10)","decl":{"start":{"line":301,"column":30},"end":{"line":301,"column":31}},"loc":{"start":{"line":301,"column":38},"end":{"line":305,"column":9}},"line":301},"11":{"name":"(anonymous_11)","decl":{"start":{"line":310,"column":31},"end":{"line":310,"column":32}},"loc":{"start":{"line":310,"column":36},"end":{"line":312,"column":7}},"line":310}},"branchMap":{"0":{"loc":{"start":{"line":13,"column":27},"end":{"line":13,"column":48}},"type":"binary-expr","locations":[{"start":{"line":13,"column":27},"end":{"line":13,"column":42}},{"start":{"line":13,"column":46},"end":{"line":13,"column":48}}],"line":13},"1":{"loc":{"start":{"line":20,"column":6},"end":{"line":24,"column":7}},"type":"if","locations":[{"start":{"line":20,"column":6},"end":{"line":24,"column":7}},{"start":{},"end":{}}],"line":20},"2":{"loc":{"start":{"line":25,"column":15},"end":{"line":25,"column":25}},"type":"binary-expr","locations":[{"start":{"line":25,"column":15},"end":{"line":25,"column":19}},{"start":{"line":25,"column":23},"end":{"line":25,"column":25}}],"line":25},"3":{"loc":{"start":{"line":38,"column":27},"end":{"line":38,"column":48}},"type":"binary-expr","locations":[{"start":{"line":38,"column":27},"end":{"line":38,"column":42}},{"start":{"line":38,"column":46},"end":{"line":38,"column":48}}],"line":38},"4":{"loc":{"start":{"line":41,"column":6},"end":{"line":43,"column":7}},"type":"if","locations":[{"start":{"line":41,"column":6},"end":{"line":43,"column":7}},{"start":{},"end":{}}],"line":41},"5":{"loc":{"start":{"line":41,"column":10},"end":{"line":41,"column":27}},"type":"binary-expr","locations":[{"start":{"line":41,"column":10},"end":{"line":41,"column":15}},{"start":{"line":41,"column":19},"end":{"line":41,"column":27}}],"line":41},"6":{"loc":{"start":{"line":56,"column":6},"end":{"line":56,"column":29}},"type":"if","locations":[{"start":{"line":56,"column":6},"end":{"line":56,"column":29}},{"start":{},"end":{}}],"line":56},"7":{"loc":{"start":{"line":69,"column":27},"end":{"line":69,"column":48}},"type":"binary-expr","locations":[{"start":{"line":69,"column":27},"end":{"line":69,"column":42}},{"start":{"line":69,"column":46},"end":{"line":69,"column":48}}],"line":69},"8":{"loc":{"start":{"line":74,"column":6},"end":{"line":74,"column":91}},"type":"if","locations":[{"start":{"line":74,"column":6},"end":{"line":74,"column":91}},{"start":{},"end":{}}],"line":74},"9":{"loc":{"start":{"line":80,"column":6},"end":{"line":88,"column":7}},"type":"if","locations":[{"start":{"line":80,"column":6},"end":{"line":88,"column":7}},{"start":{},"end":{}}],"line":80},"10":{"loc":{"start":{"line":87,"column":8},"end":{"line":87,"column":76}},"type":"if","locations":[{"start":{"line":87,"column":8},"end":{"line":87,"column":76}},{"start":{},"end":{}}],"line":87},"11":{"loc":{"start":{"line":87,"column":28},"end":{"line":87,"column":75}},"type":"binary-expr","locations":[{"start":{"line":87,"column":28},"end":{"line":87,"column":69}},{"start":{"line":87,"column":73},"end":{"line":87,"column":75}}],"line":87},"12":{"loc":{"start":{"line":92,"column":19},"end":{"line":92,"column":49}},"type":"binary-expr","locations":[{"start":{"line":92,"column":19},"end":{"line":92,"column":43}},{"start":{"line":92,"column":47},"end":{"line":92,"column":49}}],"line":92},"13":{"loc":{"start":{"line":93,"column":29},"end":{"line":93,"column":55}},"type":"binary-expr","locations":[{"start":{"line":93,"column":29},"end":{"line":93,"column":43}},{"start":{"line":93,"column":47},"end":{"line":93,"column":55}}],"line":93},"14":{"loc":{"start":{"line":94,"column":29},"end":{"line":94,"column":49}},"type":"binary-expr","locations":[{"start":{"line":94,"column":29},"end":{"line":94,"column":37}},{"start":{"line":94,"column":41},"end":{"line":94,"column":49}}],"line":94},"15":{"loc":{"start":{"line":108,"column":26},"end":{"line":108,"column":37}},"type":"binary-expr","locations":[{"start":{"line":108,"column":26},"end":{"line":108,"column":31}},{"start":{"line":108,"column":35},"end":{"line":108,"column":37}}],"line":108},"16":{"loc":{"start":{"line":109,"column":32},"end":{"line":109,"column":50}},"type":"binary-expr","locations":[{"start":{"line":109,"column":32},"end":{"line":109,"column":45}},{"start":{"line":109,"column":49},"end":{"line":109,"column":50}}],"line":109},"17":{"loc":{"start":{"line":110,"column":8},"end":{"line":110,"column":37}},"type":"if","locations":[{"start":{"line":110,"column":8},"end":{"line":110,"column":37}},{"start":{},"end":{}}],"line":110},"18":{"loc":{"start":{"line":112,"column":28},"end":{"line":112,"column":49}},"type":"binary-expr","locations":[{"start":{"line":112,"column":28},"end":{"line":112,"column":44}},{"start":{"line":112,"column":48},"end":{"line":112,"column":49}}],"line":112},"19":{"loc":{"start":{"line":114,"column":8},"end":{"line":114,"column":35}},"type":"if","locations":[{"start":{"line":114,"column":8},"end":{"line":114,"column":35}},{"start":{},"end":{}}],"line":114},"20":{"loc":{"start":{"line":116,"column":20},"end":{"line":116,"column":54}},"type":"binary-expr","locations":[{"start":{"line":116,"column":20},"end":{"line":116,"column":42}},{"start":{"line":116,"column":46},"end":{"line":116,"column":54}}],"line":116},"21":{"loc":{"start":{"line":117,"column":26},"end":{"line":117,"column":50}},"type":"binary-expr","locations":[{"start":{"line":117,"column":26},"end":{"line":117,"column":38}},{"start":{"line":117,"column":42},"end":{"line":117,"column":50}}],"line":117},"22":{"loc":{"start":{"line":119,"column":8},"end":{"line":159,"column":9}},"type":"if","locations":[{"start":{"line":119,"column":8},"end":{"line":159,"column":9}},{"start":{"line":139,"column":15},"end":{"line":159,"column":9}}],"line":119},"23":{"loc":{"start":{"line":126,"column":45},"end":{"line":126,"column":72}},"type":"binary-expr","locations":[{"start":{"line":126,"column":45},"end":{"line":126,"column":61}},{"start":{"line":126,"column":65},"end":{"line":126,"column":72}}],"line":126},"24":{"loc":{"start":{"line":134,"column":57},"end":{"line":134,"column":84}},"type":"binary-expr","locations":[{"start":{"line":134,"column":57},"end":{"line":134,"column":73}},{"start":{"line":134,"column":77},"end":{"line":134,"column":84}}],"line":134},"25":{"loc":{"start":{"line":146,"column":55},"end":{"line":146,"column":82}},"type":"binary-expr","locations":[{"start":{"line":146,"column":55},"end":{"line":146,"column":71}},{"start":{"line":146,"column":75},"end":{"line":146,"column":82}}],"line":146},"26":{"loc":{"start":{"line":154,"column":58},"end":{"line":154,"column":85}},"type":"binary-expr","locations":[{"start":{"line":154,"column":58},"end":{"line":154,"column":74}},{"start":{"line":154,"column":78},"end":{"line":154,"column":85}}],"line":154},"27":{"loc":{"start":{"line":187,"column":39},"end":{"line":187,"column":60}},"type":"binary-expr","locations":[{"start":{"line":187,"column":39},"end":{"line":187,"column":54}},{"start":{"line":187,"column":58},"end":{"line":187,"column":60}}],"line":187},"28":{"loc":{"start":{"line":191,"column":6},"end":{"line":193,"column":7}},"type":"if","locations":[{"start":{"line":191,"column":6},"end":{"line":193,"column":7}},{"start":{},"end":{}}],"line":191},"29":{"loc":{"start":{"line":191,"column":10},"end":{"line":191,"column":42}},"type":"binary-expr","locations":[{"start":{"line":191,"column":10},"end":{"line":191,"column":18}},{"start":{"line":191,"column":22},"end":{"line":191,"column":42}}],"line":191},"30":{"loc":{"start":{"line":199,"column":27},"end":{"line":199,"column":46}},"type":"binary-expr","locations":[{"start":{"line":199,"column":27},"end":{"line":199,"column":41}},{"start":{"line":199,"column":45},"end":{"line":199,"column":46}}],"line":199},"31":{"loc":{"start":{"line":200,"column":28},"end":{"line":200,"column":48}},"type":"binary-expr","locations":[{"start":{"line":200,"column":28},"end":{"line":200,"column":43}},{"start":{"line":200,"column":47},"end":{"line":200,"column":48}}],"line":200},"32":{"loc":{"start":{"line":203,"column":6},"end":{"line":205,"column":7}},"type":"if","locations":[{"start":{"line":203,"column":6},"end":{"line":205,"column":7}},{"start":{},"end":{}}],"line":203},"33":{"loc":{"start":{"line":213,"column":26},"end":{"line":213,"column":86}},"type":"binary-expr","locations":[{"start":{"line":213,"column":26},"end":{"line":213,"column":39}},{"start":{"line":213,"column":43},"end":{"line":213,"column":86}}],"line":213},"34":{"loc":{"start":{"line":223,"column":6},"end":{"line":223,"column":27}},"type":"if","locations":[{"start":{"line":223,"column":6},"end":{"line":223,"column":27}},{"start":{},"end":{}}],"line":223},"35":{"loc":{"start":{"line":234,"column":27},"end":{"line":234,"column":58}},"type":"binary-expr","locations":[{"start":{"line":234,"column":27},"end":{"line":234,"column":46}},{"start":{"line":234,"column":50},"end":{"line":234,"column":58}}],"line":234},"36":{"loc":{"start":{"line":241,"column":6},"end":{"line":241,"column":33}},"type":"if","locations":[{"start":{"line":241,"column":6},"end":{"line":241,"column":33}},{"start":{},"end":{}}],"line":241},"37":{"loc":{"start":{"line":269,"column":27},"end":{"line":269,"column":48}},"type":"binary-expr","locations":[{"start":{"line":269,"column":27},"end":{"line":269,"column":42}},{"start":{"line":269,"column":46},"end":{"line":269,"column":48}}],"line":269},"38":{"loc":{"start":{"line":279,"column":6},"end":{"line":282,"column":7}},"type":"if","locations":[{"start":{"line":279,"column":6},"end":{"line":282,"column":7}},{"start":{},"end":{}}],"line":279},"39":{"loc":{"start":{"line":291,"column":26},"end":{"line":291,"column":40}},"type":"binary-expr","locations":[{"start":{"line":291,"column":26},"end":{"line":291,"column":34}},{"start":{"line":291,"column":38},"end":{"line":291,"column":40}}],"line":291},"40":{"loc":{"start":{"line":295,"column":6},"end":{"line":306,"column":7}},"type":"if","locations":[{"start":{"line":295,"column":6},"end":{"line":306,"column":7}},{"start":{},"end":{}}],"line":295},"41":{"loc":{"start":{"line":301,"column":9},"end":{"line":301,"column":20}},"type":"binary-expr","locations":[{"start":{"line":301,"column":9},"end":{"line":301,"column":14}},{"start":{"line":301,"column":18},"end":{"line":301,"column":20}}],"line":301},"42":{"loc":{"start":{"line":302,"column":30},"end":{"line":302,"column":51}},"type":"binary-expr","locations":[{"start":{"line":302,"column":30},"end":{"line":302,"column":46}},{"start":{"line":302,"column":50},"end":{"line":302,"column":51}}],"line":302},"43":{"loc":{"start":{"line":303,"column":34},"end":{"line":303,"column":52}},"type":"binary-expr","locations":[{"start":{"line":303,"column":34},"end":{"line":303,"column":47}},{"start":{"line":303,"column":51},"end":{"line":303,"column":52}}],"line":303},"44":{"loc":{"start":{"line":310,"column":7},"end":{"line":310,"column":21}},"type":"binary-expr","locations":[{"start":{"line":310,"column":7},"end":{"line":310,"column":15}},{"start":{"line":310,"column":19},"end":{"line":310,"column":21}}],"line":310},"45":{"loc":{"start":{"line":311,"column":39},"end":{"line":311,"column":57}},"type":"binary-expr","locations":[{"start":{"line":311,"column":39},"end":{"line":311,"column":52}},{"start":{"line":311,"column":56},"end":{"line":311,"column":57}}],"line":311}},"s":{"0":1,"1":1,"2":1,"3":1,"4":0,"5":0,"6":0,"7":0,"8":0,"9":0,"10":0,"11":0,"12":0,"13":0,"14":0,"15":0,"16":0,"17":0,"18":0,"19":0,"20":0,"21":0,"22":0,"23":0,"24":0,"25":0,"26":0,"27":0,"28":0,"29":0,"30":0,"31":0,"32":0,"33":0,"34":0,"35":0,"36":0,"37":0,"38":0,"39":0,"40":0,"41":0,"42":0,"43":0,"44":0,"45":0,"46":0,"47":0,"48":0,"49":0,"50":0,"51":0,"52":0,"53":0,"54":0,"55":0,"56":0,"57":0,"58":0,"59":0,"60":0,"61":0,"62":0,"63":0,"64":0,"65":0,"66":0,"67":0,"68":0,"69":0,"70":0,"71":0,"72":0,"73":0,"74":0,"75":0,"76":0,"77":0,"78":0,"79":0,"80":0,"81":0,"82":0,"83":0,"84":0,"85":0,"86":0,"87":0,"88":0,"89":0,"90":0,"91":0,"92":0,"93":0,"94":0,"95":0,"96":0,"97":0,"98":0,"99":0,"100":0,"101":0,"102":0,"103":0,"104":0,"105":0,"106":0,"107":0,"108":0,"109":0,"110":0,"111":0,"112":0,"113":0,"114":0,"115":0,"116":0,"117":0,"118":0,"119":0,"120":1},"f":{"0":0,"1":0,"2":0,"3":0,"4":0,"5":0,"6":0,"7":0,"8":0,"9":0,"10":0,"11":0},"b":{"0":[0,0],"1":[0,0],"2":[0,0],"3":[0,0],"4":[0,0],"5":[0,0],"6":[0,0],"7":[0,0],"8":[0,0],"9":[0,0],"10":[0,0],"11":[0,0],"12":[0,0],"13":[0,0],"14":[0,0],"15":[0,0],"16":[0,0],"17":[0,0],"18":[0,0],"19":[0,0],"20":[0,0],"21":[0,0],"22":[0,0],"23":[0,0],"24":[0,0],"25":[0,0],"26":[0,0],"27":[0,0],"28":[0,0],"29":[0,0],"30":[0,0],"31":[0,0],"32":[0,0],"33":[0,0],"34":[0,0],"35":[0,0],"36":[0,0],"37":[0,0],"38":[0,0],"39":[0,0],"40":[0,0],"41":[0,0],"42":[0,0],"43":[0,0],"44":[0,0],"45":[0,0]},"_coverageSchema":"1a1c01bbd47fc00a2c39e90264f33305004495a9","hash":"1ace1a88f3921f4c1cc7a520132c41d14f8e6881"}
[...]
,"C:\\Users\\HENI\\Downloads\\Pelatihan\\apk\\Coffeeshop\\backend\\src\\utils\\cache.js": {"path":"C:\\Users\\HENI\\Downloads\\Pelatihan\\apk\\Coffeeshop\\backend\\src\\utils\\cache.js","statementMap":{"0":{"start":{"line":1,"column":18},"end":{"line":1,"column":39}},"1":{"start":{"line":4,"column":19},"end":{"line":4,"column":66}},"2":{"start":{"line":6,"column":0},"end":{"line":11,"column":2}},"3":{"start":{"line":7,"column":16},"end":{"line":7,"column":35}},"4":{"start":{"line":8,"column":28},"end":{"line":8,"column":59}},"5":{"start":{"line":9,"column":16},"end":{"line":9,"column":35}},"6":{"start":{"line":10,"column":15},"end":{"line":10,"column":36}}},"fnMap":{"0":{"name":"(anonymous_0)","decl":{"start":{"line":7,"column":7},"end":{"line":7,"column":8}},"loc":{"start":{"line":7,"column":16},"end":{"line":7,"column":35}},"line":7},"1":{"name":"(anonymous_1)","decl":{"start":{"line":8,"column":7},"end":{"line":8,"column":8}},"loc":{"start":{"line":8,"column":28},"end":{"line":8,"column":59}},"line":8},"2":{"name":"(anonymous_2)","decl":{"start":{"line":9,"column":7},"end":{"line":9,"column":8}},"loc":{"start":{"line":9,"column":16},"end":{"line":9,"column":35}},"line":9},"3":{"name":"(anonymous_3)","decl":{"start":{"line":10,"column":9},"end":{"line":10,"column":10}},"loc":{"start":{"line":10,"column":15},"end":{"line":10,"column":36}},"line":10}},"branchMap":{},"s":{"0":1,"1":1,"2":1,"3":0,"4":0,"5":0,"6":0},"f":{"0":0,"1":0,"2":0,"3":0},"b":{},"_coverageSchema":"1a1c01bbd47fc00a2c39e90264f33305004495a9","hash":"ad40d7423cf45e39bd0d07a47de7cd1a40779830"}
,"C:\\Users\\HENI\\Downloads\\Pelatihan\\apk\\Coffeeshop\\backend\\src\\utils\\conversion.js": {"path":"C:\\Users\\HENI\\Downloads\\Pelatihan\\apk\\Coffeeshop\\backend\\src\\utils\\conversion.js","statementMap":{"0":{"start":{"line":2,"column":2},"end":{"line":2,"column":44}},"1":{"start":{"line":2,"column":14},"end":{"line":2,"column":44}},"2":{"start":{"line":3,"column":2},"end":{"line":17,"column":3}},"3":{"start":{"line":4,"column":23},"end":{"line":4,"column":59}},"4":{"start":{"line":5,"column":16},"end":{"line":5,"column":52}},"5":{"start":{"line":6,"column":20},"end":{"line":6,"column":69}},"6":{"start":{"line":7,"column":4},"end":{"line":11,"column":5}},"7":{"start":{"line":8,"column":6},"end":{"line":8,"column":81}},"8":{"start":{"line":10,"column":6},"end":{"line":10,"column":73}},"9":{"start":{"line":13,"column":14},"end":{"line":13,"column":46}},"10":{"start":{"line":14,"column":4},"end":{"line":14,"column":77}},"11":{"start":{"line":14,"column":40},"end":{"line":14,"column":77}},"12":{"start":{"line":15,"column":4},"end":{"line":15,"column":71}},"13":{"start":{"line":15,"column":36},"end":{"line":15,"column":71}},"14":{"start":{"line":16,"column":4},"end":{"line":16,"column":42}},"15":{"start":{"line":20,"column":0},"end":{"line":20,"column":35}}},"fnMap":{"0":{"name":"getConversion","decl":{"start":{"line":1,"column":9},"end":{"line":1,"column":22}},"loc":{"start":{"line":1,"column":30},"end":{"line":18,"column":1}},"line":1}},"branchMap":{"0":{"loc":{"start":{"line":2,"column":2},"end":{"line":2,"column":44}},"type":"if","locations":[{"start":{"line":2,"column":2},"end":{"line":2,"column":44}},{"start":{},"end":{}}],"line":2},"1":{"loc":{"start":{"line":3,"column":2},"end":{"line":17,"column":3}},"type":"if","locations":[{"start":{"line":3,"column":2},"end":{"line":17,"column":3}},{"start":{"line":12,"column":9},"end":{"line":17,"column":3}}],"line":3},"2":{"loc":{"start":{"line":4,"column":23},"end":{"line":4,"column":59}},"type":"binary-expr","locations":[{"start":{"line":4,"column":23},"end":{"line":4,"column":54}},{"start":{"line":4,"column":58},"end":{"line":4,"column":59}}],"line":4},"3":{"loc":{"start":{"line":5,"column":16},"end":{"line":5,"column":52}},"type":"binary-expr","locations":[{"start":{"line":5,"column":16},"end":{"line":5,"column":47}},{"start":{"line":5,"column":51},"end":{"line":5,"column":52}}],"line":5},"4":{"loc":{"start":{"line":6,"column":21},"end":{"line":6,"column":54}},"type":"binary-expr","locations":[{"start":{"line":6,"column":21},"end":{"line":6,"column":48}},{"start":{"line":6,"column":52},"end":{"line":6,"column":54}}],"line":6},"5":{"loc":{"start":{"line":7,"column":4},"end":{"line":11,"column":5}},"type":"if","locations":[{"start":{"line":7,"column":4},"end":{"line":11,"column":5}},{"start":{"line":9,"column":11},"end":{"line":11,"column":5}}],"line":7},"6":{"loc":{"start":{"line":7,"column":8},"end":{"line":7,"column":66}},"type":"binary-expr","locations":[{"start":{"line":7,"column":8},"end":{"line":7,"column":24}},{"start":{"line":7,"column":28},"end":{"line":7,"column":44}},{"start":{"line":7,"column":48},"end":{"line":7,"column":66}}],"line":7},"7":{"loc":{"start":{"line":8,"column":46},"end":{"line":8,"column":78}},"type":"cond-expr","locations":[{"start":{"line":8,"column":65},"end":{"line":8,"column":71}},{"start":{"line":8,"column":74},"end":{"line":8,"column":78}}],"line":8},"8":{"loc":{"start":{"line":10,"column":40},"end":{"line":10,"column":70}},"type":"binary-expr","locations":[{"start":{"line":10,"column":40},"end":{"line":10,"column":61}},{"start":{"line":10,"column":65},"end":{"line":10,"column":70}}],"line":10},"9":{"loc":{"start":{"line":13,"column":15},"end":{"line":13,"column":31}},"type":"binary-expr","locations":[{"start":{"line":13,"column":15},"end":{"line":13,"column":25}},{"start":{"line":13,"column":29},"end":{"line":13,"column":31}}],"line":13},"10":{"loc":{"start":{"line":14,"column":4},"end":{"line":14,"column":77}},"type":"if","locations":[{"start":{"line":14,"column":4},"end":{"line":14,"column":77}},{"start":{},"end":{}}],"line":14},"11":{"loc":{"start":{"line":14,"column":8},"end":{"line":14,"column":38}},"type":"binary-expr","locations":[{"start":{"line":14,"column":8},"end":{"line":14,"column":18}},{"start":{"line":14,"column":22},"end":{"line":14,"column":38}}],"line":14},"12":{"loc":{"start":{"line":15,"column":4},"end":{"line":15,"column":71}},"type":"if","locations":[{"start":{"line":15,"column":4},"end":{"line":15,"column":71}},{"start":{},"end":{}}],"line":15},"13":{"loc":{"start":{"line":15,"column":8},"end":{"line":15,"column":34}},"type":"binary-expr","locations":[{"start":{"line":15,"column":8},"end":{"line":15,"column":21}},{"start":{"line":15,"column":25},"end":{"line":15,"column":34}}],"line":15}},"s":{"0":0,"1":0,"2":0,"3":0,"4":0,"5":0,"6":0,"7":0,"8":0,"9":0,"10":0,"11":0,"12":0,"13":0,"14":0,"15":1},"f":{"0":0},"b":{"0":[0,0],"1":[0,0],"2":[0,0],"3":[0,0],"4":[0,0],"5":[0,0],"6":[0,0,0],"7":[0,0],"8":[0,0],"9":[0,0],"10":[0,0],"11":[0,0],"12":[0,0],"13":[0,0]},"_coverageSchema":"1a1c01bbd47fc00a2c39e90264f33305004495a9","hash":"41d220f2afd48e5da5bad08e1c6eeb1d25d2f180"}
,"C:\\Users\\HENI\\Downloads\\Pelatihan\\apk\\Coffeeshop\\backend\\src\\utils\\logger.js": {"path":"C:\\Users\\HENI\\Downloads\\Pelatihan\\apk\\Coffeeshop\\backend\\src\\utils\\logger.js","statementMap":{"0":{"start":{"line":1,"column":45},"end":{"line":1,"column":63}},"1":{"start":{"line":3,"column":25},"end":{"line":3,"column":27}},"2":{"start":{"line":5,"column":0},"end":{"line":15,"column":1}},"3":{"start":{"line":6,"column":2},"end":{"line":6,"column":77}},"4":{"start":{"line":8,"column":2},"end":{"line":8,"column":77}},"5":{"start":{"line":9,"column":2},"end":{"line":14,"column":3}},"6":{"start":{"line":10,"column":4},"end":{"line":10,"column":95}},"7":{"start":{"line":11,"column":4},"end":{"line":11,"column":82}},"8":{"start":{"line":13,"column":4},"end":{"line":13,"column":57}},"9":{"start":{"line":17,"column":15},"end":{"line":25,"column":2}},"10":{"start":{"line":27,"column":0},"end":{"line":27,"column":24}}},"fnMap":{},"branchMap":{"0":{"loc":{"start":{"line":5,"column":0},"end":{"line":15,"column":1}},"type":"if","locations":[{"start":{"line":5,"column":0},"end":{"line":15,"column":1}},{"start":{"line":7,"column":7},"end":{"line":15,"column":1}}],"line":5},"1":{"loc":{"start":{"line":5,"column":4},"end":{"line":5,"column":63}},"type":"binary-expr","locations":[{"start":{"line":5,"column":4},"end":{"line":5,"column":22}},{"start":{"line":5,"column":26},"end":{"line":5,"column":63}}],"line":5}},"s":{"0":1,"1":1,"2":1,"3":0,"4":1,"5":1,"6":1,"7":1,"8":0,"9":1,"10":1},"f":{},"b":{"0":[0,1],"1":[1,1]},"_coverageSchema":"1a1c01bbd47fc00a2c39e90264f33305004495a9","hash":"668442e31621a36d2bebd02bc94f9d0aff3b7800"}
,"C:\\Users\\HENI\\Downloads\\Pelatihan\\apk\\Coffeeshop\\backend\\src\\utils\\realtimeNotifier.js": {"path":"C:\\Users\\HENI\\Downloads\\Pelatihan\\apk\\Coffeeshop\\backend\\src\\utils\\realtimeNotifier.js","statementMap":{"0":{"start":{"line":1,"column":24},"end":{"line":10,"column":1}},"1":{"start":{"line":3,"column":13},"end":{"line":3,"column":43}},"2":{"start":{"line":4,"column":2},"end":{"line":7,"column":3}},"3":{"start":{"line":5,"column":4},"end":{"line":5,"column":81}},"4":{"start":{"line":6,"column":4},"end":{"line":6,"column":11}},"5":{"start":{"line":9,"column":2},"end":{"line":9,"column":65}},"6":{"start":{"line":12,"column":0},"end":{"line":12,"column":37}}},"fnMap":{"0":{"name":"(anonymous_0)","decl":{"start":{"line":1,"column":24},"end":{"line":1,"column":25}},"loc":{"start":{"line":1,"column":46},"end":{"line":10,"column":1}},"line":1}},"branchMap":{"0":{"loc":{"start":{"line":4,"column":2},"end":{"line":7,"column":3}},"type":"if","locations":[{"start":{"line":4,"column":2},"end":{"line":7,"column":3}},{"start":{},"end":{}}],"line":4}},"s":{"0":1,"1":2,"2":2,"3":2,"4":2,"5":0,"6":1},"f":{"0":2},"b":{"0":[2,0]},"_coverageSchema":"1a1c01bbd47fc00a2c39e90264f33305004495a9","hash":"403d5004a67caa78705ad3874113e221336a5b46"}
,"C:\\Users\\HENI\\Downloads\\Pelatihan\\apk\\Coffeeshop\\backend\\src\\utils\\redis.js": {"path":"C:\\Users\\HENI\\Downloads\\Pelatihan\\apk\\Coffeeshop\\backend\\src\\utils\\redis.js","statementMap":{"0":{"start":{"line":1,"column":25},"end":{"line":1,"column":41}},"1":{"start":{"line":5,"column":4},"end":{"line":5,"column":23}},"2":{"start":{"line":6,"column":4},"end":{"line":6,"column":25}},"3":{"start":{"line":7,"column":4},"end":{"line":7,"column":35}},"4":{"start":{"line":11,"column":4},"end":{"line":39,"column":5}},"5":{"start":{"line":12,"column":6},"end":{"line":21,"column":9}},"6":{"start":{"line":17,"column":12},"end":{"line":17,"column":69}},"7":{"start":{"line":17,"column":29},"end":{"line":17,"column":69}},"8":{"start":{"line":18,"column":12},"end":{"line":18,"column":24}},"9":{"start":{"line":23,"column":6},"end":{"line":27,"column":9}},"10":{"start":{"line":25,"column":8},"end":{"line":25,"column":77}},"11":{"start":{"line":25,"column":26},"end":{"line":25,"column":77}},"12":{"start":{"line":26,"column":8},"end":{"line":26,"column":29}},"13":{"start":{"line":29,"column":6},"end":{"line":32,"column":9}},"14":{"start":{"line":30,"column":8},"end":{"line":30,"column":53}},"15":{"start":{"line":31,"column":8},"end":{"line":31,"column":28}},"16":{"start":{"line":34,"column":6},"end":{"line":36,"column":9}},"17":{"start":{"line":35,"column":8},"end":{"line":35,"column":70}},"18":{"start":{"line":38,"column":6},"end":{"line":38,"column":27}},"19":{"start":{"line":48,"column":4},"end":{"line":68,"column":5}},"20":{"start":{"line":49,"column":24},"end":{"line":57,"column":7}},"21":{"start":{"line":59,"column":6},"end":{"line":67,"column":7}},"22":{"start":{"line":60,"column":23},"end":{"line":63,"column":10}},"23":{"start":{"line":64,"column":8},"end":{"line":64,"column":50}},"24":{"start":{"line":66,"column":8},"end":{"line":66,"column":51}},"25":{"start":{"line":71,"column":18},"end":{"line":71,"column":45}},"26":{"start":{"line":72,"column":4},"end":{"line":75,"column":5}},"27":{"start":{"line":73,"column":6},"end":{"line":73,"column":56}},"28":{"start":{"line":73,"column":38},"end":{"line":73,"column":56}},"29":{"start":{"line":74,"column":6},"end":{"line":74,"column":37}},"30":{"start":{"line":78,"column":4},"end":{"line":81,"column":7}},"31":{"start":{"line":82,"column":4},"end":{"line":82,"column":16}},"32":{"start":{"line":86,"column":4},"end":{"line":93,"column":5}},"33":{"start":{"line":87,"column":6},"end":{"line":92,"column":20}},"34":{"start":{"line":88,"column":8},"end":{"line":90,"column":11}},"35":{"start":{"line":91,"column":8},"end":{"line":91,"column":15}},"36":{"start":{"line":96,"column":4},"end":{"line":99,"column":7}},"37":{"start":{"line":103,"column":4},"end":{"line":108,"column":5}},"38":{"start":{"line":104,"column":6},"end":{"line":107,"column":20}},"39":{"start":{"line":105,"column":21},"end":{"line":105,"column":47}},"40":{"start":{"line":106,"column":8},"end":{"line":106,"column":46}},"41":{"start":{"line":111,"column":18},"end":{"line":111,"column":45}},"42":{"start":{"line":112,"column":4},"end":{"line":112,"column":28}},"43":{"start":{"line":112,"column":16},"end":{"line":112,"column":28}},"44":{"start":{"line":113,"column":4},"end":{"line":116,"column":5}},"45":{"start":{"line":114,"column":6},"end":{"line":114,"column":37}},"46":{"start":{"line":115,"column":6},"end":{"line":115,"column":18}},"47":{"start":{"line":117,"column":4},"end":{"line":117,"column":22}},"48":{"start":{"line":121,"column":4},"end":{"line":125,"column":5}},"49":{"start":{"line":122,"column":6},"end":{"line":124,"column":20}},"50":{"start":{"line":123,"column":8},"end":{"line":123,"column":35}},"51":{"start":{"line":126,"column":4},"end":{"line":126,"column":35}},"52":{"start":{"line":130,"column":21},"end":{"line":130,"column":39}},"53":{"start":{"line":131,"column":0},"end":{"line":131,"column":30}}},"fnMap":{"0":{"name":"(anonymous_0)","decl":{"start":{"line":4,"column":2},"end":{"line":4,"column":3}},"loc":{"start":{"line":4,"column":16},"end":{"line":8,"column":3}},"line":4},"1":{"name":"(anonymous_1)","decl":{"start":{"line":10,"column":2},"end":{"line":10,"column":3}},"loc":{"start":{"line":10,"column":18},"end":{"line":40,"column":3}},"line":10},"2":{"name":"(anonymous_2)","decl":{"start":{"line":16,"column":29},"end":{"line":16,"column":30}},"loc":{"start":{"line":16,"column":42},"end":{"line":19,"column":11}},"line":16},"3":{"name":"(anonymous_3)","decl":{"start":{"line":23,"column":30},"end":{"line":23,"column":31}},"loc":{"start":{"line":23,"column":39},"end":{"line":27,"column":7}},"line":23},"4":{"name":"(anonymous_4)","decl":{"start":{"line":29,"column":30},"end":{"line":29,"column":31}},"loc":{"start":{"line":29,"column":36},"end":{"line":32,"column":7}},"line":29},"5":{"name":"(anonymous_5)","decl":{"start":{"line":34,"column":40},"end":{"line":34,"column":41}},"loc":{"start":{"line":34,"column":45},"end":{"line":36,"column":7}},"line":34},"6":{"name":"(anonymous_6)","decl":{"start":{"line":46,"column":2},"end":{"line":46,"column":3}},"loc":{"start":{"line":46,"column":55},"end":{"line":83,"column":3}},"line":46},"7":{"name":"(anonymous_7)","decl":{"start":{"line":85,"column":2},"end":{"line":85,"column":3}},"loc":{"start":{"line":85,"column":43},"end":{"line":100,"column":3}},"line":85},"8":{"name":"(anonymous_8)","decl":{"start":{"line":102,"column":2},"end":{"line":102,"column":3}},"loc":{"start":{"line":102,"column":17},"end":{"line":118,"column":3}},"line":102},"9":{"name":"(anonymous_9)","decl":{"start":{"line":120,"column":2},"end":{"line":120,"column":3}},"loc":{"start":{"line":120,"column":17},"end":{"line":127,"column":3}},"line":120}},"branchMap":{"0":{"loc":{"start":{"line":13,"column":13},"end":{"line":13,"column":62}},"type":"binary-expr","locations":[{"start":{"line":13,"column":13},"end":{"line":13,"column":34}},{"start":{"line":13,"column":38},"end":{"line":13,"column":62}}],"line":13},"1":{"loc":{"start":{"line":17,"column":12},"end":{"line":17,"column":69}},"type":"if","locations":[{"start":{"line":17,"column":12},"end":{"line":17,"column":69}},{"start":{},"end":{}}],"line":17},"2":{"loc":{"start":{"line":25,"column":8},"end":{"line":25,"column":77}},"type":"if","locations":[{"start":{"line":25,"column":8},"end":{"line":25,"column":77}},{"start":{},"end":{}}],"line":25},"3":{"loc":{"start":{"line":48,"column":4},"end":{"line":68,"column":5}},"type":"if","locations":[{"start":{"line":48,"column":4},"end":{"line":68,"column":5}},{"start":{},"end":{}}],"line":48},"4":{"loc":{"start":{"line":64,"column":15},"end":{"line":64,"column":49}},"type":"cond-expr","locations":[{"start":{"line":64,"column":24},"end":{"line":64,"column":42}},{"start":{"line":64,"column":45},"end":{"line":64,"column":49}}],"line":64},"5":{"loc":{"start":{"line":72,"column":4},"end":{"line":75,"column":5}},"type":"if","locations":[{"start":{"line":72,"column":4},"end":{"line":75,"column":5}},{"start":{},"end":{}}],"line":72},"6":{"loc":{"start":{"line":73,"column":6},"end":{"line":73,"column":56}},"type":"if","locations":[{"start":{"line":73,"column":6},"end":{"line":73,"column":56}},{"start":{},"end":{}}],"line":73},"7":{"loc":{"start":{"line":85,"column":24},"end":{"line":85,"column":41}},"type":"default-arg","locations":[{"start":{"line":85,"column":37},"end":{"line":85,"column":41}}],"line":85},"8":{"loc":{"start":{"line":86,"column":4},"end":{"line":93,"column":5}},"type":"if","locations":[{"start":{"line":86,"column":4},"end":{"line":93,"column":5}},{"start":{},"end":{}}],"line":86},"9":{"loc":{"start":{"line":103,"column":4},"end":{"line":108,"column":5}},"type":"if","locations":[{"start":{"line":103,"column":4},"end":{"line":108,"column":5}},{"start":{},"end":{}}],"line":103},"10":{"loc":{"start":{"line":106,"column":15},"end":{"line":106,"column":45}},"type":"cond-expr","locations":[{"start":{"line":106,"column":22},"end":{"line":106,"column":38}},{"start":{"line":106,"column":41},"end":{"line":106,"column":45}}],"line":106},"11":{"loc":{"start":{"line":112,"column":4},"end":{"line":112,"column":28}},"type":"if","locations":[{"start":{"line":112,"column":4},"end":{"line":112,"column":28}},{"start":{},"end":{}}],"line":112},"12":{"loc":{"start":{"line":113,"column":4},"end":{"line":116,"column":5}},"type":"if","locations":[{"start":{"line":113,"column":4},"end":{"line":116,"column":5}},{"start":{},"end":{}}],"line":113},"13":{"loc":{"start":{"line":121,"column":4},"end":{"line":125,"column":5}},"type":"if","locations":[{"start":{"line":121,"column":4},"end":{"line":125,"column":5}},{"start":{},"end":{}}],"line":121}},"s":{"0":1,"1":1,"2":1,"3":1,"4":0,"5":0,"6":0,"7":0,"8":0,"9":0,"10":0,"11":0,"12":0,"13":0,"14":0,"15":0,"16":0,"17":0,"18":0,"19":0,"20":0,"21":0,"22":0,"23":0,"24":0,"25":0,"26":0,"27":0,"28":0,"29":0,"30":0,"31":0,"32":0,"33":0,"34":0,"35":0,"36":0,"37":0,"38":0,"39":0,"40":0,"41":0,"42":0,"43":0,"44":0,"45":0,"46":0,"47":0,"48":0,"49":0,"50":0,"51":0,"52":1,"53":1},"f":{"0":1,"1":0,"2":0,"3":0,"4":0,"5":0,"6":0,"7":0,"8":0,"9":0},"b":{"0":[0,0],"1":[0,0],"2":[0,0],"3":[0,0],"4":[0,0],"5":[0,0],"6":[0,0],"7":[0],"8":[0,0],"9":[0,0],"10":[0,0],"11":[0,0],"12":[0,0],"13":[0,0]},"_coverageSchema":"1a1c01bbd47fc00a2c39e90264f33305004495a9","hash":"5db3ccadb8635b900bf1f01ad74ba46374a2d5a3"}
}
