TN:
SF:src\server.js
FN:11,(anonymous_0)
FN:34,(anonymous_1)
FN:43,(anonymous_2)
FN:51,(anonymous_3)
FN:61,(anonymous_4)
FN:78,(anonymous_5)
FN:90,(anonymous_6)
FN:92,(anonymous_7)
FN:93,(anonymous_8)
FN:131,(anonymous_9)
FN:185,(anonymous_10)
FN:186,(anonymous_11)
FN:200,(anonymous_12)
FNF:13
FNH:3
FNDA:0,(anonymous_0)
FNDA:1,(anonymous_1)
FNDA:0,(anonymous_2)
FNDA:1,(anonymous_3)
FNDA:1,(anonymous_4)
FNDA:0,(anonymous_5)
FNDA:0,(anonymous_6)
FNDA:0,(anonymous_7)
FNDA:0,(anonymous_8)
FNDA:0,(anonymous_9)
FNDA:0,(anonymous_10)
FNDA:0,(anonymous_11)
FNDA:0,(anonymous_12)
DA:1,1
DA:2,1
DA:4,1
DA:11,1
DA:13,1
DA:14,1
DA:19,1
DA:25,1
DA:26,1
DA:27,1
DA:28,1
DA:29,1
DA:30,1
DA:31,1
DA:33,1
DA:34,1
DA:35,1
DA:36,1
DA:38,1
DA:39,1
DA:41,1
DA:43,1
DA:51,1
DA:52,1
DA:53,0
DA:57,0
DA:58,0
DA:60,1
DA:62,1
DA:63,1
DA:65,0
DA:76,1
DA:78,1
DA:79,0
DA:80,0
DA:81,0
DA:82,0
DA:83,0
DA:86,1
DA:87,1
DA:90,1
DA:92,1
DA:93,1
DA:96,1
DA:97,1
DA:98,1
DA:99,1
DA:102,1
DA:103,1
DA:105,1
DA:106,1
DA:108,1
DA:109,1
DA:111,1
DA:113,1
DA:114,1
DA:115,1
DA:116,1
DA:117,1
DA:118,1
DA:119,1
DA:120,1
DA:121,1
DA:122,1
DA:123,1
DA:124,1
DA:125,1
DA:126,1
DA:127,1
DA:128,1
DA:130,1
DA:131,1
DA:132,0
DA:133,0
DA:135,0
DA:136,0
DA:137,0
DA:140,0
DA:147,0
DA:148,0
DA:149,0
DA:150,0
DA:151,0
DA:152,0
DA:161,0
DA:162,0
DA:163,0
DA:166,0
DA:170,0
DA:172,0
DA:173,0
DA:177,1
DA:178,1
DA:179,1
DA:181,1
DA:182,1
DA:183,1
DA:185,1
DA:186,0
DA:187,0
DA:188,0
DA:189,0
DA:193,1
DA:194,0
DA:197,0
DA:198,0
DA:199,0
DA:200,0
DA:201,0
DA:209,1
LF:110
LH:72
BRDA:52,0,0,1
BRDA:52,0,1,0
BRDA:53,1,0,0
BRDA:53,1,1,0
BRDA:54,2,0,0
BRDA:54,2,1,0
BRDA:54,2,2,0
BRDA:62,3,0,1
BRDA:62,3,1,0
BRDA:79,4,0,0
BRDA:79,4,1,0
BRDA:103,5,0,1
BRDA:103,5,1,0
BRDA:133,6,0,0
BRDA:133,6,1,0
BRDA:147,7,0,0
BRDA:147,7,1,0
BRDA:147,8,0,0
BRDA:147,8,1,0
BRDA:150,9,0,0
BRDA:150,9,1,0
BRDA:161,10,0,0
BRDA:161,10,1,0
BRDA:181,11,0,1
BRDA:181,11,1,0
BRDA:193,12,0,0
BRDA:193,12,1,1
BRDA:193,13,0,1
BRDA:193,13,1,1
BRF:29
BRH:7
end_of_record
TN:
SF:src\supabase.js
FN:19,(anonymous_0)
FNF:1
FNH:0
FNDA:0,(anonymous_0)
DA:1,1
DA:2,1
DA:3,1
DA:5,1
DA:6,1
DA:8,1
DA:9,0
DA:12,1
DA:19,1
DA:23,0
DA:26,1
LF:11
LH:9
BRDA:5,0,0,1
BRDA:5,0,1,0
BRDA:6,1,0,1
BRDA:6,1,1,0
BRDA:8,2,0,0
BRDA:8,2,1,1
BRDA:8,3,0,1
BRDA:8,3,1,1
BRF:8
BRH:5
end_of_record
TN:
SF:src\controllers\accountingController.js
FN:6,(anonymous_0)
FN:18,(anonymous_1)
FN:28,(anonymous_2)
FN:38,(anonymous_3)
FN:51,(anonymous_4)
FN:64,(anonymous_5)
FN:77,(anonymous_6)
FN:94,(anonymous_7)
FN:107,(anonymous_8)
FN:126,(anonymous_9)
FN:139,(anonymous_10)
FNF:11
FNH:0
FNDA:0,(anonymous_0)
FNDA:0,(anonymous_1)
FNDA:0,(anonymous_2)
FNDA:0,(anonymous_3)
FNDA:0,(anonymous_4)
FNDA:0,(anonymous_5)
FNDA:0,(anonymous_6)
FNDA:0,(anonymous_7)
FNDA:0,(anonymous_8)
FNDA:0,(anonymous_9)
FNDA:0,(anonymous_10)
DA:1,1
DA:2,1
DA:7,0
DA:8,0
DA:9,0
DA:10,0
DA:11,0
DA:13,0
DA:14,0
DA:19,0
DA:20,0
DA:21,0
DA:22,0
DA:24,0
DA:29,0
DA:30,0
DA:31,0
DA:32,0
DA:34,0
DA:39,0
DA:40,0
DA:41,0
DA:42,0
DA:43,0
DA:44,0
DA:46,0
DA:47,0
DA:52,0
DA:53,0
DA:54,0
DA:56,0
DA:57,0
DA:59,0
DA:60,0
DA:65,0
DA:66,0
DA:67,0
DA:69,0
DA:70,0
DA:72,0
DA:73,0
DA:78,0
DA:79,0
DA:80,0
DA:82,0
DA:83,0
DA:85,0
DA:86,0
DA:95,0
DA:96,0
DA:97,0
DA:99,0
DA:100,0
DA:102,0
DA:103,0
DA:108,0
DA:109,0
DA:110,0
DA:113,0
DA:114,0
DA:115,0
DA:118,0
DA:119,0
DA:121,0
DA:122,0
DA:127,0
DA:128,0
DA:129,0
DA:131,0
DA:132,0
DA:134,0
DA:135,0
DA:140,0
DA:141,0
DA:142,0
DA:144,0
DA:145,0
DA:146,0
DA:148,0
DA:149,0
DA:155,1
LF:81
LH:3
BRDA:8,0,0,0
BRDA:8,0,1,0
BRDA:20,1,0,0
BRDA:20,1,1,0
BRDA:30,2,0,0
BRDA:30,2,1,0
BRDA:40,3,0,0
BRDA:40,3,1,0
BRDA:53,4,0,0
BRDA:53,4,1,0
BRDA:54,5,0,0
BRDA:54,5,1,0
BRDA:66,6,0,0
BRDA:66,6,1,0
BRDA:67,7,0,0
BRDA:67,7,1,0
BRDA:79,8,0,0
BRDA:79,8,1,0
BRDA:80,9,0,0
BRDA:80,9,1,0
BRDA:96,10,0,0
BRDA:96,10,1,0
BRDA:97,11,0,0
BRDA:97,11,1,0
BRDA:109,12,0,0
BRDA:109,12,1,0
BRDA:110,13,0,0
BRDA:110,13,1,0
BRDA:113,14,0,0
BRDA:113,14,1,0
BRDA:128,15,0,0
BRDA:128,15,1,0
BRDA:129,16,0,0
BRDA:129,16,1,0
BRDA:141,17,0,0
BRDA:141,17,1,0
BRDA:142,18,0,0
BRDA:142,18,1,0
BRF:38
BRH:0
end_of_record
TN:
SF:src\controllers\aiController.js
FN:5,(anonymous_0)
FN:18,(anonymous_1)
FN:29,(anonymous_2)
FN:41,(anonymous_3)
FNF:4
FNH:0
FNDA:0,(anonymous_0)
FNDA:0,(anonymous_1)
FNDA:0,(anonymous_2)
FNDA:0,(anonymous_3)
DA:1,1
DA:6,0
DA:7,0
DA:8,0
DA:10,0
DA:11,0
DA:13,0
DA:14,0
DA:19,0
DA:20,0
DA:21,0
DA:23,0
DA:24,0
DA:26,0
DA:30,0
DA:31,0
DA:32,0
DA:34,0
DA:35,0
DA:37,0
DA:42,0
DA:43,0
DA:44,0
DA:46,0
DA:47,0
DA:49,0
DA:54,1
LF:27
LH:2
BRDA:8,0,0,0
BRDA:8,0,1,0
BRDA:8,0,2,0
BRDA:21,1,0,0
BRDA:21,1,1,0
BRDA:32,2,0,0
BRDA:32,2,1,0
BRDA:44,3,0,0
BRDA:44,3,1,0
BRF:9
BRH:0
end_of_record
TN:
SF:src\controllers\assetController.js
FN:4,(anonymous_0)
FN:14,(anonymous_1)
FN:24,(anonymous_2)
FNF:3
FNH:0
FNDA:0,(anonymous_0)
FNDA:0,(anonymous_1)
FNDA:0,(anonymous_2)
DA:1,1
DA:5,0
DA:6,0
DA:7,0
DA:8,0
DA:10,0
DA:15,0
DA:16,0
DA:17,0
DA:18,0
DA:20,0
DA:25,0
DA:26,0
DA:27,0
DA:29,0
DA:30,0
DA:33,0
DA:34,0
DA:36,0
DA:41,1
LF:20
LH:2
BRDA:6,0,0,0
BRDA:6,0,1,0
BRDA:16,1,0,0
BRDA:16,1,1,0
BRDA:26,2,0,0
BRDA:26,2,1,0
BRDA:29,3,0,0
BRDA:29,3,1,0
BRF:8
BRH:0
end_of_record
TN:
SF:src\controllers\closingController.js
FN:4,(anonymous_0)
FN:14,(anonymous_1)
FNF:2
FNH:0
FNDA:0,(anonymous_0)
FNDA:0,(anonymous_1)
DA:1,1
DA:5,0
DA:6,0
DA:7,0
DA:8,0
DA:10,0
DA:15,0
DA:16,0
DA:17,0
DA:19,0
DA:20,0
DA:23,0
DA:24,0
DA:26,0
DA:31,1
LF:15
LH:2
BRDA:6,0,0,0
BRDA:6,0,1,0
BRDA:16,1,0,0
BRDA:16,1,1,0
BRDA:19,2,0,0
BRDA:19,2,1,0
BRDA:23,3,0,0
BRDA:23,3,1,0
BRF:8
BRH:0
end_of_record
TN:
SF:src\controllers\customisationController.js
FN:11,getCustomisations
FN:28,upsertCustomisation
FNF:2
FNH:0
FNDA:0,getCustomisations
FNDA:0,upsertCustomisation
DA:6,1
DA:12,0
DA:13,0
DA:14,0
DA:15,0
DA:16,0
DA:17,0
DA:19,0
DA:20,0
DA:29,0
DA:30,0
DA:31,0
DA:32,0
DA:33,0
DA:34,0
DA:35,0
DA:37,0
DA:38,0
DA:40,0
DA:41,0
DA:45,1
LF:21
LH:2
BRDA:14,0,0,0
BRDA:14,0,1,0
BRDA:15,1,0,0
BRDA:15,1,1,0
BRDA:20,2,0,0
BRDA:20,2,1,0
BRDA:32,3,0,0
BRDA:32,3,1,0
BRDA:33,4,0,0
BRDA:33,4,1,0
BRDA:34,5,0,0
BRDA:34,5,1,0
BRDA:41,6,0,0
BRDA:41,6,1,0
BRF:14
BRH:0
end_of_record
TN:
SF:src\controllers\inventoryController.js
FN:5,(anonymous_0)
FN:15,(anonymous_1)
FN:25,(anonymous_2)
FN:37,(anonymous_3)
FN:47,(anonymous_4)
FN:57,(anonymous_5)
FN:68,(anonymous_6)
FN:78,(anonymous_7)
FN:89,(anonymous_8)
FN:101,(anonymous_9)
FN:115,(anonymous_10)
FN:127,(anonymous_11)
FN:138,(anonymous_12)
FN:150,(anonymous_13)
FN:162,(anonymous_14)
FNF:15
FNH:0
FNDA:0,(anonymous_0)
FNDA:0,(anonymous_1)
FNDA:0,(anonymous_2)
FNDA:0,(anonymous_3)
FNDA:0,(anonymous_4)
FNDA:0,(anonymous_5)
FNDA:0,(anonymous_6)
FNDA:0,(anonymous_7)
FNDA:0,(anonymous_8)
FNDA:0,(anonymous_9)
FNDA:0,(anonymous_10)
FNDA:0,(anonymous_11)
FNDA:0,(anonymous_12)
FNDA:0,(anonymous_13)
FNDA:0,(anonymous_14)
DA:1,1
DA:6,0
DA:7,0
DA:8,0
DA:9,0
DA:11,0
DA:16,0
DA:17,0
DA:18,0
DA:19,0
DA:21,0
DA:26,0
DA:27,0
DA:28,0
DA:29,0
DA:30,0
DA:32,0
DA:33,0
DA:38,0
DA:39,0
DA:40,0
DA:41,0
DA:43,0
DA:48,0
DA:49,0
DA:50,0
DA:51,0
DA:53,0
DA:58,0
DA:59,0
DA:60,0
DA:61,0
DA:63,0
DA:64,0
DA:69,0
DA:70,0
DA:71,0
DA:72,0
DA:74,0
DA:79,0
DA:80,0
DA:81,0
DA:82,0
DA:84,0
DA:85,0
DA:90,0
DA:91,0
DA:92,0
DA:93,0
DA:94,0
DA:96,0
DA:97,0
DA:102,0
DA:103,0
DA:104,0
DA:105,0
DA:106,0
DA:107,0
DA:109,0
DA:110,0
DA:116,0
DA:117,0
DA:118,0
DA:119,0
DA:120,0
DA:122,0
DA:123,0
DA:128,0
DA:129,0
DA:130,0
DA:131,0
DA:133,0
DA:134,0
DA:139,0
DA:140,0
DA:141,0
DA:142,0
DA:143,0
DA:145,0
DA:146,0
DA:151,0
DA:152,0
DA:153,0
DA:154,0
DA:155,0
DA:157,0
DA:158,0
DA:163,0
DA:164,0
DA:165,0
DA:166,0
DA:167,0
DA:169,0
DA:170,0
DA:175,1
LF:95
LH:2
BRDA:7,0,0,0
BRDA:7,0,1,0
BRDA:9,1,0,0
BRDA:9,1,1,0
BRDA:17,2,0,0
BRDA:17,2,1,0
BRDA:19,3,0,0
BRDA:19,3,1,0
BRDA:27,4,0,0
BRDA:27,4,1,0
BRDA:39,5,0,0
BRDA:39,5,1,0
BRDA:41,6,0,0
BRDA:41,6,1,0
BRDA:49,7,0,0
BRDA:49,7,1,0
BRDA:59,8,0,0
BRDA:59,8,1,0
BRDA:70,9,0,0
BRDA:70,9,1,0
BRDA:80,10,0,0
BRDA:80,10,1,0
BRDA:91,11,0,0
BRDA:91,11,1,0
BRDA:103,12,0,0
BRDA:103,12,1,0
BRDA:117,13,0,0
BRDA:117,13,1,0
BRDA:129,14,0,0
BRDA:129,14,1,0
BRDA:140,15,0,0
BRDA:140,15,1,0
BRDA:152,16,0,0
BRDA:152,16,1,0
BRDA:164,17,0,0
BRDA:164,17,1,0
BRF:36
BRH:0
end_of_record
TN:
SF:src\controllers\loyaltyController.js
FN:5,(anonymous_0)
FN:27,(anonymous_1)
FNF:2
FNH:0
FNDA:0,(anonymous_0)
FNDA:0,(anonymous_1)
DA:1,1
DA:2,1
DA:6,0
DA:7,0
DA:9,0
DA:10,0
DA:12,0
DA:13,0
DA:15,0
DA:16,0
DA:19,0
DA:20,0
DA:21,0
DA:23,0
DA:28,0
DA:30,0
DA:32,0
DA:33,0
DA:35,0
DA:36,0
DA:39,0
DA:40,0
DA:41,0
DA:43,0
DA:48,1
LF:25
LH:3
BRDA:9,0,0,0
BRDA:9,0,1,0
BRDA:12,1,0,0
BRDA:12,1,1,0
BRDA:15,2,0,0
BRDA:15,2,1,0
BRDA:15,3,0,0
BRDA:15,3,1,0
BRDA:23,4,0,0
BRDA:23,4,1,0
BRDA:30,5,0,0
BRDA:30,5,1,0
BRDA:32,6,0,0
BRDA:32,6,1,0
BRDA:35,7,0,0
BRDA:35,7,1,0
BRDA:43,8,0,0
BRDA:43,8,1,0
BRF:18
BRH:0
end_of_record
TN:
SF:src\controllers\menuController.js
FN:4,(anonymous_0)
FN:17,(anonymous_1)
FN:30,(anonymous_2)
FN:44,(anonymous_3)
FNF:4
FNH:0
FNDA:0,(anonymous_0)
FNDA:0,(anonymous_1)
FNDA:0,(anonymous_2)
FNDA:0,(anonymous_3)
DA:1,1
DA:5,0
DA:6,0
DA:9,0
DA:10,0
DA:12,0
DA:13,0
DA:18,0
DA:19,0
DA:20,0
DA:22,0
DA:23,0
DA:25,0
DA:26,0
DA:31,0
DA:32,0
DA:33,0
DA:34,0
DA:36,0
DA:37,0
DA:39,0
DA:40,0
DA:45,0
DA:46,0
DA:47,0
DA:50,0
DA:51,0
DA:53,0
DA:54,0
DA:59,1
LF:30
LH:2
BRF:0
BRH:0
end_of_record
TN:
SF:src\controllers\opnameAccountingController.js
FN:11,(anonymous_0)
FN:36,(anonymous_1)
FN:67,(anonymous_2)
FN:97,(anonymous_3)
FN:97,(anonymous_4)
FN:185,(anonymous_5)
FN:198,(anonymous_6)
FN:226,(anonymous_7)
FN:267,(anonymous_8)
FN:291,(anonymous_9)
FN:301,(anonymous_10)
FN:310,(anonymous_11)
FNF:12
FNH:0
FNDA:0,(anonymous_0)
FNDA:0,(anonymous_1)
FNDA:0,(anonymous_2)
FNDA:0,(anonymous_3)
FNDA:0,(anonymous_4)
FNDA:0,(anonymous_5)
FNDA:0,(anonymous_6)
FNDA:0,(anonymous_7)
FNDA:0,(anonymous_8)
FNDA:0,(anonymous_9)
FNDA:0,(anonymous_10)
FNDA:0,(anonymous_11)
DA:1,1
DA:2,1
DA:3,1
DA:4,1
DA:12,0
DA:13,0
DA:14,0
DA:20,0
DA:22,0
DA:23,0
DA:25,0
DA:27,0
DA:28,0
DA:37,0
DA:38,0
DA:39,0
DA:41,0
DA:42,0
DA:45,0
DA:56,0
DA:57,0
DA:59,0
DA:68,0
DA:69,0
DA:70,0
DA:71,0
DA:73,0
DA:74,0
DA:76,0
DA:79,0
DA:80,0
DA:81,0
DA:87,0
DA:91,0
DA:92,0
DA:93,0
DA:94,0
DA:96,0
DA:97,0
DA:99,0
DA:100,0
DA:103,0
DA:104,0
DA:105,0
DA:106,0
DA:108,0
DA:109,0
DA:110,0
DA:112,0
DA:113,0
DA:114,0
DA:116,0
DA:117,0
DA:119,0
DA:121,0
DA:129,0
DA:137,0
DA:138,0
DA:141,0
DA:149,0
DA:157,0
DA:158,0
DA:163,0
DA:169,0
DA:177,0
DA:186,0
DA:187,0
DA:188,0
DA:189,0
DA:191,0
DA:192,0
DA:196,0
DA:197,0
DA:198,0
DA:199,0
DA:200,0
DA:203,0
DA:204,0
DA:208,0
DA:223,0
DA:226,0
DA:237,0
DA:241,0
DA:244,0
DA:253,0
DA:259,0
DA:268,0
DA:269,0
DA:272,0
DA:279,0
DA:280,0
DA:281,0
DA:285,0
DA:291,0
DA:294,0
DA:295,0
DA:296,0
DA:301,0
DA:302,0
DA:303,0
DA:304,0
DA:309,0
DA:310,0
DA:311,0
DA:314,0
DA:315,0
DA:317,0
DA:324,0
DA:325,0
DA:330,1
LF:110
LH:5
BRDA:13,0,0,0
BRDA:13,0,1,0
BRDA:20,1,0,0
BRDA:20,1,1,0
BRDA:25,2,0,0
BRDA:25,2,1,0
BRDA:38,3,0,0
BRDA:38,3,1,0
BRDA:41,4,0,0
BRDA:41,4,1,0
BRDA:41,5,0,0
BRDA:41,5,1,0
BRDA:56,6,0,0
BRDA:56,6,1,0
BRDA:69,7,0,0
BRDA:69,7,1,0
BRDA:74,8,0,0
BRDA:74,8,1,0
BRDA:80,9,0,0
BRDA:80,9,1,0
BRDA:87,10,0,0
BRDA:87,10,1,0
BRDA:87,11,0,0
BRDA:87,11,1,0
BRDA:92,12,0,0
BRDA:92,12,1,0
BRDA:93,13,0,0
BRDA:93,13,1,0
BRDA:94,14,0,0
BRDA:94,14,1,0
BRDA:108,15,0,0
BRDA:108,15,1,0
BRDA:109,16,0,0
BRDA:109,16,1,0
BRDA:110,17,0,0
BRDA:110,17,1,0
BRDA:112,18,0,0
BRDA:112,18,1,0
BRDA:114,19,0,0
BRDA:114,19,1,0
BRDA:116,20,0,0
BRDA:116,20,1,0
BRDA:117,21,0,0
BRDA:117,21,1,0
BRDA:119,22,0,0
BRDA:119,22,1,0
BRDA:126,23,0,0
BRDA:126,23,1,0
BRDA:134,24,0,0
BRDA:134,24,1,0
BRDA:146,25,0,0
BRDA:146,25,1,0
BRDA:154,26,0,0
BRDA:154,26,1,0
BRDA:187,27,0,0
BRDA:187,27,1,0
BRDA:191,28,0,0
BRDA:191,28,1,0
BRDA:191,29,0,0
BRDA:191,29,1,0
BRDA:199,30,0,0
BRDA:199,30,1,0
BRDA:200,31,0,0
BRDA:200,31,1,0
BRDA:203,32,0,0
BRDA:203,32,1,0
BRDA:213,33,0,0
BRDA:213,33,1,0
BRDA:223,34,0,0
BRDA:223,34,1,0
BRDA:234,35,0,0
BRDA:234,35,1,0
BRDA:241,36,0,0
BRDA:241,36,1,0
BRDA:269,37,0,0
BRDA:269,37,1,0
BRDA:279,38,0,0
BRDA:279,38,1,0
BRDA:291,39,0,0
BRDA:291,39,1,0
BRDA:295,40,0,0
BRDA:295,40,1,0
BRDA:301,41,0,0
BRDA:301,41,1,0
BRDA:302,42,0,0
BRDA:302,42,1,0
BRDA:303,43,0,0
BRDA:303,43,1,0
BRDA:310,44,0,0
BRDA:310,44,1,0
BRDA:311,45,0,0
BRDA:311,45,1,0
BRF:92
BRH:0
end_of_record
TN:
SF:src\controllers\opnameController.js
FN:4,(anonymous_0)
FN:14,(anonymous_1)
FN:28,(anonymous_2)
FN:42,(anonymous_3)
FN:56,(anonymous_4)
FN:76,(anonymous_5)
FN:88,(anonymous_6)
FN:121,(anonymous_7)
FN:133,(anonymous_8)
FNF:9
FNH:0
FNDA:0,(anonymous_0)
FNDA:0,(anonymous_1)
FNDA:0,(anonymous_2)
FNDA:0,(anonymous_3)
FNDA:0,(anonymous_4)
FNDA:0,(anonymous_5)
FNDA:0,(anonymous_6)
FNDA:0,(anonymous_7)
FNDA:0,(anonymous_8)
DA:1,1
DA:5,0
DA:6,0
DA:7,0
DA:8,0
DA:10,0
DA:15,0
DA:16,0
DA:17,0
DA:19,0
DA:20,0
DA:21,0
DA:26,0
DA:27,0
DA:28,0
DA:29,0
DA:30,0
DA:31,0
DA:32,0
DA:36,0
DA:38,0
DA:43,0
DA:44,0
DA:46,0
DA:47,0
DA:49,0
DA:50,0
DA:52,0
DA:57,0
DA:58,0
DA:59,0
DA:61,0
DA:62,0
DA:63,0
DA:65,0
DA:66,0
DA:69,0
DA:70,0
DA:72,0
DA:77,0
DA:78,0
DA:79,0
DA:81,0
DA:82,0
DA:84,0
DA:89,0
DA:90,0
DA:91,0
DA:92,0
DA:95,0
DA:96,0
DA:97,0
DA:101,0
DA:102,0
DA:103,0
DA:104,0
DA:105,0
DA:106,0
DA:111,0
DA:114,0
DA:115,0
DA:117,0
DA:122,0
DA:123,0
DA:124,0
DA:126,0
DA:127,0
DA:129,0
DA:134,0
DA:135,0
DA:136,0
DA:138,0
DA:139,0
DA:142,0
DA:143,0
DA:145,0
DA:150,1
LF:77
LH:2
BRDA:6,0,0,0
BRDA:6,0,1,0
BRDA:16,1,0,0
BRDA:16,1,1,0
BRDA:20,2,0,0
BRDA:20,2,1,0
BRDA:27,3,0,0
BRDA:27,3,1,0
BRDA:27,4,0,0
BRDA:27,4,1,0
BRDA:28,5,0,0
BRDA:28,5,1,0
BRDA:44,6,0,0
BRDA:44,6,1,0
BRDA:46,7,0,0
BRDA:46,7,1,0
BRDA:49,8,0,0
BRDA:49,8,1,0
BRDA:58,9,0,0
BRDA:58,9,1,0
BRDA:61,10,0,0
BRDA:61,10,1,0
BRDA:62,11,0,0
BRDA:62,11,1,0
BRDA:65,12,0,0
BRDA:65,12,1,0
BRDA:65,13,0,0
BRDA:65,13,1,0
BRDA:78,14,0,0
BRDA:78,14,1,0
BRDA:90,15,0,0
BRDA:90,15,1,0
BRDA:96,16,0,0
BRDA:96,16,1,0
BRDA:105,17,0,0
BRDA:105,17,1,0
BRDA:105,18,0,0
BRDA:105,18,1,0
BRDA:123,19,0,0
BRDA:123,19,1,0
BRDA:135,20,0,0
BRDA:135,20,1,0
BRDA:138,21,0,0
BRDA:138,21,1,0
BRF:44
BRH:0
end_of_record
TN:
SF:src\controllers\procurementController.js
FN:5,(anonymous_0)
FN:15,(anonymous_1)
FN:27,(anonymous_2)
FN:37,(anonymous_3)
FN:54,(anonymous_4)
FN:67,(anonymous_5)
FN:82,(anonymous_6)
FN:92,(anonymous_7)
FN:102,(anonymous_8)
FN:112,(anonymous_9)
FN:123,(anonymous_10)
FNF:11
FNH:0
FNDA:0,(anonymous_0)
FNDA:0,(anonymous_1)
FNDA:0,(anonymous_2)
FNDA:0,(anonymous_3)
FNDA:0,(anonymous_4)
FNDA:0,(anonymous_5)
FNDA:0,(anonymous_6)
FNDA:0,(anonymous_7)
FNDA:0,(anonymous_8)
FNDA:0,(anonymous_9)
FNDA:0,(anonymous_10)
DA:1,1
DA:6,0
DA:7,0
DA:8,0
DA:9,0
DA:11,0
DA:16,0
DA:17,0
DA:18,0
DA:19,0
DA:20,0
DA:22,0
DA:23,0
DA:28,0
DA:29,0
DA:30,0
DA:31,0
DA:33,0
DA:38,0
DA:39,0
DA:40,0
DA:42,0
DA:43,0
DA:46,0
DA:47,0
DA:49,0
DA:50,0
DA:55,0
DA:56,0
DA:57,0
DA:59,0
DA:60,0
DA:62,0
DA:63,0
DA:68,0
DA:69,0
DA:70,0
DA:72,0
DA:74,0
DA:75,0
DA:77,0
DA:78,0
DA:83,0
DA:84,0
DA:85,0
DA:86,0
DA:88,0
DA:93,0
DA:94,0
DA:95,0
DA:96,0
DA:98,0
DA:103,0
DA:104,0
DA:105,0
DA:106,0
DA:108,0
DA:113,0
DA:114,0
DA:115,0
DA:116,0
DA:117,0
DA:119,0
DA:124,0
DA:125,0
DA:126,0
DA:127,0
DA:128,0
DA:130,0
DA:131,0
DA:136,1
LF:71
LH:2
BRDA:7,0,0,0
BRDA:7,0,1,0
BRDA:17,1,0,0
BRDA:17,1,1,0
BRDA:29,2,0,0
BRDA:29,2,1,0
BRDA:39,3,0,0
BRDA:39,3,1,0
BRDA:42,4,0,0
BRDA:42,4,1,0
BRDA:56,5,0,0
BRDA:56,5,1,0
BRDA:69,6,0,0
BRDA:69,6,1,0
BRDA:84,7,0,0
BRDA:84,7,1,0
BRDA:94,8,0,0
BRDA:94,8,1,0
BRDA:104,9,0,0
BRDA:104,9,1,0
BRDA:114,10,0,0
BRDA:114,10,1,0
BRDA:125,11,0,0
BRDA:125,11,1,0
BRF:24
BRH:0
end_of_record
TN:
SF:src\controllers\promoCodeController.js
FN:6,(anonymous_0)
FN:17,(anonymous_1)
FN:27,(anonymous_2)
FN:39,(anonymous_3)
FN:53,(anonymous_4)
FN:63,(anonymous_5)
FNF:6
FNH:0
FNDA:0,(anonymous_0)
FNDA:0,(anonymous_1)
FNDA:0,(anonymous_2)
FNDA:0,(anonymous_3)
FNDA:0,(anonymous_4)
FNDA:0,(anonymous_5)
DA:2,1
DA:3,1
DA:7,0
DA:8,0
DA:9,0
DA:10,0
DA:11,0
DA:13,0
DA:18,0
DA:19,0
DA:20,0
DA:21,0
DA:23,0
DA:28,0
DA:29,0
DA:30,0
DA:31,0
DA:32,0
DA:33,0
DA:35,0
DA:40,0
DA:41,0
DA:42,0
DA:43,0
DA:45,0
DA:47,0
DA:49,0
DA:54,0
DA:55,0
DA:56,0
DA:57,0
DA:58,0
DA:60,0
DA:64,0
DA:65,0
DA:67,0
DA:68,0
DA:70,0
DA:71,0
DA:74,0
DA:75,0
DA:76,0
DA:77,0
DA:79,0
DA:80,0
DA:82,0
DA:83,0
DA:85,0
DA:86,0
DA:89,0
DA:90,0
DA:91,0
DA:92,0
DA:97,0
DA:98,0
DA:99,0
DA:101,0
DA:105,0
DA:106,0
DA:109,0
DA:118,0
DA:123,1
LF:62
LH:3
BRDA:13,0,0,0
BRDA:13,0,1,0
BRDA:23,1,0,0
BRDA:23,1,1,0
BRDA:32,2,0,0
BRDA:32,2,1,0
BRDA:35,3,0,0
BRDA:35,3,1,0
BRDA:49,4,0,0
BRDA:49,4,1,0
BRDA:60,5,0,0
BRDA:60,5,1,0
BRDA:67,6,0,0
BRDA:67,6,1,0
BRDA:70,7,0,0
BRDA:70,7,1,0
BRDA:76,8,0,0
BRDA:76,8,1,0
BRDA:79,9,0,0
BRDA:79,9,1,0
BRDA:82,10,0,0
BRDA:82,10,1,0
BRDA:82,11,0,0
BRDA:82,11,1,0
BRDA:85,12,0,0
BRDA:85,12,1,0
BRDA:85,13,0,0
BRDA:85,13,1,0
BRDA:85,13,2,0
BRDA:89,14,0,0
BRDA:89,14,1,0
BRDA:90,15,0,0
BRDA:90,15,1,0
BRDA:91,16,0,0
BRDA:91,16,1,0
BRDA:98,17,0,0
BRDA:98,17,1,0
BRDA:105,18,0,0
BRDA:105,18,1,0
BRDA:118,19,0,0
BRDA:118,19,1,0
BRF:41
BRH:0
end_of_record
TN:
SF:src\controllers\reportController.js
FN:5,(anonymous_0)
FN:16,(anonymous_1)
FN:26,(anonymous_2)
FN:36,(anonymous_3)
FN:46,(anonymous_4)
FN:56,(anonymous_5)
FN:66,(anonymous_6)
FNF:7
FNH:0
FNDA:0,(anonymous_0)
FNDA:0,(anonymous_1)
FNDA:0,(anonymous_2)
FNDA:0,(anonymous_3)
FNDA:0,(anonymous_4)
FNDA:0,(anonymous_5)
FNDA:0,(anonymous_6)
DA:1,1
DA:6,0
DA:7,0
DA:8,0
DA:9,0
DA:10,0
DA:12,0
DA:17,0
DA:18,0
DA:19,0
DA:20,0
DA:22,0
DA:27,0
DA:28,0
DA:29,0
DA:30,0
DA:32,0
DA:37,0
DA:38,0
DA:39,0
DA:40,0
DA:42,0
DA:47,0
DA:48,0
DA:49,0
DA:50,0
DA:52,0
DA:57,0
DA:58,0
DA:59,0
DA:60,0
DA:62,0
DA:67,0
DA:68,0
DA:69,0
DA:70,0
DA:72,0
DA:78,1
LF:38
LH:2
BRDA:7,0,0,0
BRDA:7,0,1,0
BRDA:18,1,0,0
BRDA:18,1,1,0
BRDA:28,2,0,0
BRDA:28,2,1,0
BRDA:38,3,0,0
BRDA:38,3,1,0
BRDA:48,4,0,0
BRDA:48,4,1,0
BRDA:58,5,0,0
BRDA:58,5,1,0
BRDA:68,6,0,0
BRDA:68,6,1,0
BRF:14
BRH:0
end_of_record
TN:
SF:src\controllers\shiftController.js
FN:3,(anonymous_0)
FN:13,(anonymous_1)
FN:23,(anonymous_2)
FN:33,(anonymous_3)
FN:45,(anonymous_4)
FNF:5
FNH:1
FNDA:0,(anonymous_0)
FNDA:0,(anonymous_1)
FNDA:0,(anonymous_2)
FNDA:1,(anonymous_3)
FNDA:0,(anonymous_4)
DA:1,1
DA:3,1
DA:4,0
DA:5,0
DA:6,0
DA:7,0
DA:9,0
DA:13,1
DA:14,0
DA:15,0
DA:16,0
DA:17,0
DA:19,0
DA:23,1
DA:24,0
DA:25,0
DA:26,0
DA:27,0
DA:29,0
DA:33,1
DA:34,1
DA:35,1
DA:36,1
DA:37,1
DA:39,1
DA:41,0
DA:45,1
DA:46,0
DA:47,0
DA:48,0
DA:49,0
DA:50,0
DA:52,0
LF:33
LH:11
BRF:0
BRH:0
end_of_record
TN:
SF:src\controllers\systemController.js
FN:5,(anonymous_0)
FN:15,(anonymous_1)
FN:25,(anonymous_2)
FN:40,(anonymous_3)
FN:51,(anonymous_4)
FN:63,(anonymous_5)
FN:79,(anonymous_6)
FN:99,(anonymous_7)
FN:116,(anonymous_8)
FN:126,(anonymous_9)
FN:138,(anonymous_10)
FN:150,(anonymous_11)
FN:175,(anonymous_12)
FN:193,(anonymous_13)
FN:203,(anonymous_14)
FNF:15
FNH:0
FNDA:0,(anonymous_0)
FNDA:0,(anonymous_1)
FNDA:0,(anonymous_2)
FNDA:0,(anonymous_3)
FNDA:0,(anonymous_4)
FNDA:0,(anonymous_5)
FNDA:0,(anonymous_6)
FNDA:0,(anonymous_7)
FNDA:0,(anonymous_8)
FNDA:0,(anonymous_9)
FNDA:0,(anonymous_10)
FNDA:0,(anonymous_11)
FNDA:0,(anonymous_12)
FNDA:0,(anonymous_13)
FNDA:0,(anonymous_14)
DA:1,1
DA:6,0
DA:7,0
DA:8,0
DA:9,0
DA:11,0
DA:16,0
DA:17,0
DA:18,0
DA:19,0
DA:21,0
DA:26,0
DA:27,0
DA:28,0
DA:29,0
DA:30,0
DA:32,0
DA:33,0
DA:35,0
DA:41,0
DA:42,0
DA:43,0
DA:44,0
DA:45,0
DA:47,0
DA:52,0
DA:53,0
DA:54,0
DA:56,0
DA:57,0
DA:59,0
DA:64,0
DA:65,0
DA:66,0
DA:68,0
DA:69,0
DA:72,0
DA:73,0
DA:75,0
DA:80,0
DA:81,0
DA:82,0
DA:84,0
DA:85,0
DA:86,0
DA:89,0
DA:90,0
DA:92,0
DA:93,0
DA:95,0
DA:100,0
DA:101,0
DA:102,0
DA:104,0
DA:105,0
DA:106,0
DA:109,0
DA:110,0
DA:112,0
DA:117,0
DA:118,0
DA:119,0
DA:120,0
DA:122,0
DA:127,0
DA:128,0
DA:129,0
DA:131,0
DA:132,0
DA:134,0
DA:139,0
DA:140,0
DA:141,0
DA:143,0
DA:144,0
DA:146,0
DA:151,0
DA:152,0
DA:153,0
DA:155,0
DA:168,0
DA:169,0
DA:171,0
DA:176,0
DA:177,0
DA:178,0
DA:180,0
DA:186,0
DA:187,0
DA:189,0
DA:194,0
DA:195,0
DA:196,0
DA:197,0
DA:199,0
DA:204,0
DA:205,0
DA:208,0
DA:209,0
DA:210,0
DA:215,0
DA:216,0
DA:217,0
DA:219,0
DA:224,1
LF:105
LH:2
BRDA:7,0,0,0
BRDA:7,0,1,0
BRDA:17,1,0,0
BRDA:17,1,1,0
BRDA:27,2,0,0
BRDA:27,2,1,0
BRDA:32,3,0,0
BRDA:32,3,1,0
BRDA:42,4,0,0
BRDA:42,4,1,0
BRDA:53,5,0,0
BRDA:53,5,1,0
BRDA:54,6,0,0
BRDA:54,6,1,0
BRDA:54,7,0,0
BRDA:54,7,1,0
BRDA:65,8,0,0
BRDA:65,8,1,0
BRDA:66,9,0,0
BRDA:66,9,1,0
BRDA:68,10,0,0
BRDA:68,10,1,0
BRDA:68,11,0,0
BRDA:68,11,1,0
BRDA:81,12,0,0
BRDA:81,12,1,0
BRDA:85,13,0,0
BRDA:85,13,1,0
BRDA:92,14,0,0
BRDA:92,14,1,0
BRDA:101,15,0,0
BRDA:101,15,1,0
BRDA:105,16,0,0
BRDA:105,16,1,0
BRDA:118,17,0,0
BRDA:118,17,1,0
BRDA:128,18,0,0
BRDA:128,18,1,0
BRDA:129,19,0,0
BRDA:129,19,1,0
BRDA:140,20,0,0
BRDA:140,20,1,0
BRDA:141,21,0,0
BRDA:141,21,1,0
BRDA:152,22,0,0
BRDA:152,22,1,0
BRDA:153,23,0,0
BRDA:153,23,1,0
BRDA:159,24,0,0
BRDA:159,24,1,0
BRDA:160,25,0,0
BRDA:160,25,1,0
BRDA:161,26,0,0
BRDA:161,26,1,0
BRDA:161,26,2,0
BRDA:177,27,0,0
BRDA:177,27,1,0
BRDA:178,28,0,0
BRDA:178,28,1,0
BRDA:195,29,0,0
BRDA:195,29,1,0
BRDA:205,30,0,0
BRDA:205,30,1,0
BRDA:209,31,0,0
BRDA:209,31,1,0
BRF:65
BRH:0
end_of_record
TN:
SF:src\controllers\transactionController.js
FN:7,(anonymous_0)
FN:18,(anonymous_1)
FN:38,(anonymous_2)
FN:70,(anonymous_3)
FN:83,(anonymous_4)
FN:109,(anonymous_5)
FN:122,(anonymous_6)
FN:136,(anonymous_7)
FN:146,(anonymous_8)
FNF:9
FNH:0
FNDA:0,(anonymous_0)
FNDA:0,(anonymous_1)
FNDA:0,(anonymous_2)
FNDA:0,(anonymous_3)
FNDA:0,(anonymous_4)
FNDA:0,(anonymous_5)
FNDA:0,(anonymous_6)
FNDA:0,(anonymous_7)
FNDA:0,(anonymous_8)
DA:1,1
DA:2,1
DA:3,1
DA:8,0
DA:9,0
DA:10,0
DA:11,0
DA:13,0
DA:15,0
DA:16,0
DA:18,0
DA:19,0
DA:20,0
DA:21,0
DA:29,0
DA:32,0
DA:34,0
DA:39,0
DA:40,0
DA:41,0
DA:43,0
DA:44,0
DA:45,0
DA:46,0
DA:50,0
DA:53,0
DA:54,0
DA:55,0
DA:56,0
DA:59,0
DA:65,0
DA:66,0
DA:71,0
DA:72,0
DA:73,0
DA:75,0
DA:76,0
DA:78,0
DA:79,0
DA:84,0
DA:85,0
DA:86,0
DA:88,0
DA:89,0
DA:91,0
DA:92,0
DA:95,0
DA:97,0
DA:98,0
DA:99,0
DA:100,0
DA:103,0
DA:105,0
DA:110,0
DA:111,0
DA:112,0
DA:113,0
DA:115,0
DA:116,0
DA:118,0
DA:123,0
DA:124,0
DA:125,0
DA:126,0
DA:128,0
DA:129,0
DA:131,0
DA:132,0
DA:137,0
DA:138,0
DA:139,0
DA:140,0
DA:142,0
DA:147,0
DA:148,0
DA:149,0
DA:150,0
DA:152,0
DA:157,1
LF:79
LH:4
BRDA:9,0,0,0
BRDA:9,0,1,0
BRDA:10,1,0,0
BRDA:10,1,1,0
BRDA:11,2,0,0
BRDA:11,2,1,0
BRDA:18,3,0,0
BRDA:18,3,1,0
BRDA:20,4,0,0
BRDA:20,4,1,0
BRDA:20,5,0,0
BRDA:20,5,1,0
BRDA:20,5,2,0
BRDA:23,6,0,0
BRDA:23,6,1,0
BRDA:24,7,0,0
BRDA:24,7,1,0
BRDA:24,7,2,0
BRDA:25,8,0,0
BRDA:25,8,1,0
BRDA:26,9,0,0
BRDA:26,9,1,0
BRDA:40,10,0,0
BRDA:40,10,1,0
BRDA:41,11,0,0
BRDA:41,11,1,0
BRDA:43,12,0,0
BRDA:43,12,1,0
BRDA:43,13,0,0
BRDA:43,13,1,0
BRDA:44,14,0,0
BRDA:44,14,1,0
BRDA:54,15,0,0
BRDA:54,15,1,0
BRDA:73,16,0,0
BRDA:73,16,1,0
BRDA:91,17,0,0
BRDA:91,17,1,0
BRDA:98,18,0,0
BRDA:98,18,1,0
BRDA:113,19,0,0
BRDA:113,19,1,0
BRDA:125,20,0,0
BRDA:125,20,1,0
BRDA:132,21,0,0
BRDA:132,21,1,0
BRDA:138,22,0,0
BRDA:138,22,1,0
BRDA:148,23,0,0
BRDA:148,23,1,0
BRF:50
BRH:0
end_of_record
TN:
SF:src\controllers\userController.js
FN:4,(anonymous_0)
FN:17,(anonymous_1)
FN:27,(anonymous_2)
FN:38,(anonymous_3)
FN:50,(anonymous_4)
FN:60,(anonymous_5)
FN:71,(anonymous_6)
FN:83,(anonymous_7)
FN:93,(anonymous_8)
FN:105,(anonymous_9)
FN:115,(anonymous_10)
FN:126,(anonymous_11)
FN:137,(anonymous_12)
FN:149,(anonymous_13)
FN:159,(anonymous_14)
FN:170,(anonymous_15)
FN:181,(anonymous_16)
FN:202,(anonymous_17)
FN:223,(anonymous_18)
FNF:19
FNH:0
FNDA:0,(anonymous_0)
FNDA:0,(anonymous_1)
FNDA:0,(anonymous_2)
FNDA:0,(anonymous_3)
FNDA:0,(anonymous_4)
FNDA:0,(anonymous_5)
FNDA:0,(anonymous_6)
FNDA:0,(anonymous_7)
FNDA:0,(anonymous_8)
FNDA:0,(anonymous_9)
FNDA:0,(anonymous_10)
FNDA:0,(anonymous_11)
FNDA:0,(anonymous_12)
FNDA:0,(anonymous_13)
FNDA:0,(anonymous_14)
FNDA:0,(anonymous_15)
FNDA:0,(anonymous_16)
FNDA:0,(anonymous_17)
FNDA:0,(anonymous_18)
DA:1,1
DA:5,0
DA:6,0
DA:7,0
DA:8,0
DA:9,0
DA:11,0
DA:12,0
DA:18,0
DA:19,0
DA:20,0
DA:21,0
DA:23,0
DA:28,0
DA:29,0
DA:30,0
DA:31,0
DA:33,0
DA:34,0
DA:39,0
DA:40,0
DA:41,0
DA:42,0
DA:43,0
DA:45,0
DA:46,0
DA:51,0
DA:52,0
DA:53,0
DA:54,0
DA:56,0
DA:61,0
DA:62,0
DA:63,0
DA:64,0
DA:65,0
DA:67,0
DA:72,0
DA:73,0
DA:74,0
DA:75,0
DA:76,0
DA:78,0
DA:84,0
DA:85,0
DA:86,0
DA:87,0
DA:89,0
DA:94,0
DA:95,0
DA:96,0
DA:97,0
DA:98,0
DA:100,0
DA:106,0
DA:107,0
DA:108,0
DA:109,0
DA:111,0
DA:116,0
DA:117,0
DA:118,0
DA:119,0
DA:120,0
DA:122,0
DA:127,0
DA:128,0
DA:129,0
DA:130,0
DA:131,0
DA:133,0
DA:138,0
DA:139,0
DA:140,0
DA:141,0
DA:142,0
DA:144,0
DA:150,0
DA:151,0
DA:152,0
DA:153,0
DA:155,0
DA:160,0
DA:161,0
DA:162,0
DA:163,0
DA:164,0
DA:166,0
DA:171,0
DA:172,0
DA:173,0
DA:174,0
DA:176,0
DA:177,0
DA:182,0
DA:183,0
DA:184,0
DA:185,0
DA:186,0
DA:189,0
DA:190,0
DA:191,0
DA:194,0
DA:195,0
DA:197,0
DA:198,0
DA:203,0
DA:204,0
DA:205,0
DA:206,0
DA:207,0
DA:210,0
DA:211,0
DA:212,0
DA:215,0
DA:216,0
DA:218,0
DA:219,0
DA:224,0
DA:225,0
DA:226,0
DA:227,0
DA:229,0
DA:230,0
DA:235,1
LF:125
LH:2
BRDA:7,0,0,0
BRDA:7,0,1,0
BRDA:12,1,0,0
BRDA:12,1,1,0
BRDA:29,2,0,0
BRDA:29,2,1,0
BRDA:34,3,0,0
BRDA:34,3,1,0
BRDA:40,4,0,0
BRDA:40,4,1,0
BRDA:46,5,0,0
BRDA:46,5,1,0
BRDA:107,6,0,0
BRDA:107,6,1,0
BRDA:111,7,0,0
BRDA:111,7,1,0
BRDA:117,8,0,0
BRDA:117,8,1,0
BRDA:122,9,0,0
BRDA:122,9,1,0
BRDA:128,10,0,0
BRDA:128,10,1,0
BRDA:133,11,0,0
BRDA:133,11,1,0
BRDA:139,12,0,0
BRDA:139,12,1,0
BRDA:184,13,0,0
BRDA:184,13,1,0
BRDA:185,14,0,0
BRDA:185,14,1,0
BRDA:190,15,0,0
BRDA:190,15,1,0
BRDA:206,16,0,0
BRDA:206,16,1,0
BRDA:211,17,0,0
BRDA:211,17,1,0
BRDA:225,18,0,0
BRDA:225,18,1,0
BRF:38
BRH:0
end_of_record
TN:
SF:src\jobs\index.js
FN:10,(anonymous_0)
FN:14,(anonymous_1)
FN:29,(anonymous_2)
FN:34,(anonymous_3)
FN:39,(anonymous_4)
FNF:5
FNH:0
FNDA:0,(anonymous_0)
FNDA:0,(anonymous_1)
FNDA:0,(anonymous_2)
FNDA:0,(anonymous_3)
FNDA:0,(anonymous_4)
DA:1,1
DA:2,1
DA:3,1
DA:4,1
DA:10,1
DA:11,0
DA:14,0
DA:15,0
DA:16,0
DA:18,0
DA:20,0
DA:21,0
DA:24,0
DA:29,0
DA:30,0
DA:34,0
DA:35,0
DA:39,0
DA:40,0
DA:41,0
DA:43,0
DA:48,1
LF:22
LH:6
BRDA:20,0,0,0
BRDA:20,0,1,0
BRF:2
BRH:0
end_of_record
TN:
SF:src\middleware\authMiddleware.js
FN:7,(anonymous_0)
FNF:1
FNH:1
FNDA:1,(anonymous_0)
DA:1,1
DA:7,1
DA:9,1
DA:10,0
DA:16,0
DA:20,1
DA:36,1
DA:38,1
DA:41,1
DA:42,0
DA:43,0
DA:44,0
DA:45,0
DA:51,0
DA:53,0
DA:54,0
DA:60,1
DA:61,1
DA:62,1
DA:68,1
DA:72,0
DA:73,0
DA:79,0
DA:81,0
DA:87,0
DA:90,0
DA:91,0
DA:92,0
DA:98,0
DA:101,0
DA:104,1
LF:31
LH:12
BRDA:9,0,0,0
BRDA:9,0,1,1
BRDA:9,1,0,1
BRDA:9,1,1,1
BRDA:9,1,2,1
BRDA:41,2,0,0
BRDA:41,2,1,1
BRDA:41,3,0,1
BRDA:41,3,1,0
BRDA:44,4,0,0
BRDA:44,4,1,0
BRDA:46,5,0,0
BRDA:46,5,1,0
BRDA:49,6,0,0
BRDA:49,6,1,0
BRDA:49,6,2,0
BRDA:53,7,0,0
BRDA:53,7,1,0
BRDA:53,8,0,0
BRDA:53,8,1,0
BRDA:60,9,0,1
BRDA:60,9,1,0
BRDA:60,9,2,0
BRDA:61,10,0,1
BRDA:61,10,1,0
BRDA:63,11,0,1
BRDA:63,11,1,1
BRDA:64,12,0,1
BRDA:64,12,1,1
BRDA:66,13,0,1
BRDA:66,13,1,1
BRDA:66,13,2,1
BRDA:72,14,0,0
BRDA:72,14,1,0
BRDA:72,15,0,0
BRDA:72,15,1,0
BRDA:72,15,2,0
BRDA:72,15,3,0
BRDA:72,15,4,0
BRDA:90,16,0,0
BRDA:90,16,1,0
BRF:41
BRH:15
end_of_record
TN:
SF:src\middleware\closingGuard.js
FN:7,(anonymous_0)
FNF:1
FNH:0
FNDA:0,(anonymous_0)
DA:1,1
DA:7,1
DA:9,0
DA:10,0
DA:11,0
DA:14,0
DA:16,0
DA:19,0
DA:20,0
DA:22,0
DA:24,0
DA:25,0
DA:26,0
DA:36,0
DA:39,0
DA:44,0
DA:47,0
DA:50,1
LF:18
LH:3
BRDA:9,0,0,0
BRDA:9,0,1,0
BRDA:11,1,0,0
BRDA:11,1,1,0
BRDA:14,2,0,0
BRDA:14,2,1,0
BRDA:16,3,0,0
BRDA:16,3,1,0
BRDA:19,4,0,0
BRDA:19,4,1,0
BRDA:19,4,2,0
BRDA:22,5,0,0
BRDA:22,5,1,0
BRDA:29,6,0,0
BRDA:29,6,1,0
BRF:15
BRH:0
end_of_record
TN:
SF:src\middleware\errorHandler.js
FN:5,(anonymous_0)
FN:15,(anonymous_1)
FN:42,(anonymous_2)
FNF:3
FNH:0
FNDA:0,(anonymous_0)
FNDA:0,(anonymous_1)
FNDA:0,(anonymous_2)
DA:1,1
DA:2,1
DA:5,1
DA:6,0
DA:15,1
DA:17,0
DA:28,0
DA:29,0
DA:35,0
DA:42,1
DA:43,0
DA:44,0
DA:46,0
DA:47,0
DA:48,0
DA:50,0
DA:51,0
DA:53,0
LF:18
LH:5
BRDA:28,0,0,0
BRDA:28,0,1,0
BRDA:43,1,0,0
BRDA:43,1,1,0
BRDA:44,2,0,0
BRDA:44,2,1,0
BRDA:46,3,0,0
BRDA:46,3,1,0
BRDA:48,4,0,0
BRDA:48,4,1,0
BRDA:48,4,2,0
BRDA:50,5,0,0
BRDA:50,5,1,0
BRF:13
BRH:0
end_of_record
TN:
SF:src\middleware\journalGuard.js
FN:8,(anonymous_0)
FN:16,(anonymous_1)
FN:17,(anonymous_2)
FNF:3
FNH:0
FNDA:0,(anonymous_0)
FNDA:0,(anonymous_1)
FNDA:0,(anonymous_2)
DA:1,1
DA:8,1
DA:10,0
DA:11,0
DA:13,0
DA:14,0
DA:16,0
DA:17,0
DA:19,0
DA:20,0
DA:21,0
DA:25,0
LF:12
LH:2
BRDA:11,0,0,0
BRDA:11,0,1,0
BRDA:14,1,0,0
BRDA:14,1,1,0
BRDA:16,2,0,0
BRDA:16,2,1,0
BRDA:17,3,0,0
BRDA:17,3,1,0
BRDA:19,4,0,0
BRDA:19,4,1,0
BRF:10
BRH:0
end_of_record
TN:
SF:src\middleware\permissionGuard.js
FN:10,(anonymous_0)
FN:11,(anonymous_1)
FNF:2
FNH:1
FNDA:51,(anonymous_0)
FNDA:0,(anonymous_1)
DA:1,1
DA:2,1
DA:10,1
DA:11,51
DA:12,0
DA:14,0
DA:15,0
DA:16,0
DA:17,0
DA:19,0
DA:23,0
DA:24,0
DA:27,0
DA:30,0
DA:31,0
DA:32,0
DA:34,0
DA:35,0
DA:36,0
DA:37,0
DA:40,0
DA:41,0
DA:42,0
DA:43,0
DA:45,0
DA:47,0
DA:52,0
DA:53,0
DA:55,0
DA:56,0
DA:64,0
DA:65,0
DA:66,0
DA:68,0
DA:69,0
DA:73,0
DA:80,0
DA:82,0
DA:83,0
DA:88,0
DA:97,0
DA:98,0
DA:101,0
DA:107,0
DA:108,0
DA:113,1
LF:46
LH:5
BRDA:10,0,0,0
BRDA:14,1,0,0
BRDA:14,1,1,0
BRDA:14,2,0,0
BRDA:14,2,1,0
BRDA:15,3,0,0
BRDA:15,3,1,0
BRDA:24,4,0,0
BRDA:24,4,1,0
BRDA:27,5,0,0
BRDA:27,5,1,0
BRDA:30,6,0,0
BRDA:30,6,1,0
BRDA:34,7,0,0
BRDA:34,7,1,0
BRDA:36,8,0,0
BRDA:36,8,1,0
BRDA:40,9,0,0
BRDA:40,9,1,0
BRDA:40,10,0,0
BRDA:40,10,1,0
BRDA:41,11,0,0
BRDA:41,11,1,0
BRDA:42,12,0,0
BRDA:42,12,1,0
BRDA:47,13,0,0
BRDA:47,13,1,0
BRDA:55,14,0,0
BRDA:55,14,1,0
BRDA:64,15,0,0
BRDA:64,15,1,0
BRDA:68,16,0,0
BRDA:68,16,1,0
BRDA:82,17,0,0
BRDA:82,17,1,0
BRDA:82,18,0,0
BRDA:82,18,1,0
BRDA:97,19,0,0
BRDA:97,19,1,0
BRDA:97,20,0,0
BRDA:97,20,1,0
BRDA:97,20,2,0
BRF:42
BRH:0
end_of_record
TN:
SF:src\middleware\roleGuard.js
FN:2,roleGuard
FN:3,(anonymous_1)
FNF:2
FNH:1
FNDA:5,roleGuard
FNDA:0,(anonymous_1)
DA:2,1
DA:3,5
DA:4,0
DA:5,0
DA:6,0
DA:7,0
DA:8,0
DA:9,0
DA:11,0
DA:12,0
DA:13,0
DA:14,0
DA:16,0
DA:18,0
LF:14
LH:2
BRDA:5,0,0,0
BRDA:5,0,1,0
BRDA:6,1,0,0
BRDA:6,1,1,0
BRDA:11,2,0,0
BRDA:11,2,1,0
BRF:6
BRH:0
end_of_record
TN:
SF:src\middleware\validate.js
FN:7,normalizeKeys
FN:28,validateBody
FN:29,(anonymous_2)
FN:40,(anonymous_3)
FNF:4
FNH:1
FNDA:0,normalizeKeys
FNDA:12,validateBody
FNDA:0,(anonymous_2)
FNDA:0,(anonymous_3)
DA:1,1
DA:8,0
DA:9,0
DA:10,0
DA:11,0
DA:12,0
DA:14,0
DA:15,0
DA:17,0
DA:19,0
DA:29,12
DA:31,0
DA:34,0
DA:36,0
DA:37,0
DA:38,0
DA:40,0
DA:48,0
DA:49,0
DA:53,1
LF:20
LH:3
BRDA:8,0,0,0
BRDA:8,0,1,0
BRDA:10,1,0,0
BRDA:10,1,1,0
BRDA:10,2,0,0
BRDA:10,2,1,0
BRDA:36,3,0,0
BRDA:36,3,1,0
BRF:8
BRH:0
end_of_record
TN:
SF:src\repositories\accountingRepository.js
FN:5,(anonymous_0)
FN:14,(anonymous_1)
FN:23,(anonymous_2)
FN:32,(anonymous_3)
FN:50,(anonymous_4)
FN:61,(anonymous_5)
FN:67,(anonymous_6)
FN:73,(anonymous_7)
FN:79,(anonymous_8)
FN:85,(anonymous_9)
FN:96,(anonymous_10)
FNF:11
FNH:0
FNDA:0,(anonymous_0)
FNDA:0,(anonymous_1)
FNDA:0,(anonymous_2)
FNDA:0,(anonymous_3)
FNDA:0,(anonymous_4)
FNDA:0,(anonymous_5)
FNDA:0,(anonymous_6)
FNDA:0,(anonymous_7)
FNDA:0,(anonymous_8)
FNDA:0,(anonymous_9)
FNDA:0,(anonymous_10)
DA:1,1
DA:6,0
DA:7,0
DA:9,0
DA:10,0
DA:11,0
DA:15,0
DA:16,0
DA:18,0
DA:19,0
DA:20,0
DA:24,0
DA:25,0
DA:27,0
DA:28,0
DA:29,0
DA:33,0
DA:41,0
DA:42,0
DA:43,0
DA:45,0
DA:46,0
DA:47,0
DA:51,0
DA:57,0
DA:58,0
DA:62,0
DA:63,0
DA:64,0
DA:68,0
DA:69,0
DA:70,0
DA:74,0
DA:75,0
DA:76,0
DA:80,0
DA:81,0
DA:82,0
DA:86,0
DA:92,0
DA:93,0
DA:97,0
DA:98,0
DA:99,0
DA:104,1
LF:45
LH:2
BRDA:7,0,0,0
BRDA:7,0,1,0
BRDA:10,1,0,0
BRDA:10,1,1,0
BRDA:11,2,0,0
BRDA:11,2,1,0
BRDA:16,3,0,0
BRDA:16,3,1,0
BRDA:19,4,0,0
BRDA:19,4,1,0
BRDA:20,5,0,0
BRDA:20,5,1,0
BRDA:25,6,0,0
BRDA:25,6,1,0
BRDA:28,7,0,0
BRDA:28,7,1,0
BRDA:29,8,0,0
BRDA:29,8,1,0
BRDA:41,9,0,0
BRDA:41,9,1,0
BRDA:42,10,0,0
BRDA:42,10,1,0
BRDA:43,11,0,0
BRDA:43,11,1,0
BRDA:46,12,0,0
BRDA:46,12,1,0
BRDA:47,13,0,0
BRDA:47,13,1,0
BRDA:57,14,0,0
BRDA:57,14,1,0
BRDA:63,15,0,0
BRDA:63,15,1,0
BRDA:69,16,0,0
BRDA:69,16,1,0
BRDA:75,17,0,0
BRDA:75,17,1,0
BRDA:81,18,0,0
BRDA:81,18,1,0
BRDA:92,19,0,0
BRDA:92,19,1,0
BRDA:98,20,0,0
BRDA:98,20,1,0
BRF:42
BRH:0
end_of_record
TN:
SF:src\repositories\aiRepository.js
FN:5,(anonymous_0)
FN:14,(anonymous_1)
FN:22,(anonymous_2)
FN:30,(anonymous_3)
FN:38,(anonymous_4)
FN:46,(anonymous_5)
FN:54,(anonymous_6)
FN:62,(anonymous_7)
FN:74,(anonymous_8)
FN:81,(anonymous_9)
FNF:10
FNH:0
FNDA:0,(anonymous_0)
FNDA:0,(anonymous_1)
FNDA:0,(anonymous_2)
FNDA:0,(anonymous_3)
FNDA:0,(anonymous_4)
FNDA:0,(anonymous_5)
FNDA:0,(anonymous_6)
FNDA:0,(anonymous_7)
FNDA:0,(anonymous_8)
FNDA:0,(anonymous_9)
DA:1,1
DA:6,0
DA:7,0
DA:8,0
DA:10,0
DA:11,0
DA:15,0
DA:16,0
DA:18,0
DA:19,0
DA:23,0
DA:24,0
DA:26,0
DA:27,0
DA:31,0
DA:32,0
DA:34,0
DA:35,0
DA:39,0
DA:40,0
DA:42,0
DA:43,0
DA:47,0
DA:48,0
DA:50,0
DA:51,0
DA:55,0
DA:56,0
DA:58,0
DA:59,0
DA:63,0
DA:64,0
DA:71,0
DA:72,0
DA:75,0
DA:76,0
DA:77,0
DA:78,0
DA:82,0
DA:83,0
DA:84,0
DA:85,0
DA:89,1
LF:43
LH:2
BRDA:7,0,0,0
BRDA:7,0,1,0
BRDA:16,1,0,0
BRDA:16,1,1,0
BRDA:19,2,0,0
BRDA:19,2,1,0
BRDA:24,3,0,0
BRDA:24,3,1,0
BRDA:27,4,0,0
BRDA:27,4,1,0
BRDA:32,5,0,0
BRDA:32,5,1,0
BRDA:35,6,0,0
BRDA:35,6,1,0
BRDA:38,7,0,0
BRDA:40,8,0,0
BRDA:40,8,1,0
BRDA:43,9,0,0
BRDA:43,9,1,0
BRDA:46,10,0,0
BRDA:48,11,0,0
BRDA:48,11,1,0
BRDA:51,12,0,0
BRDA:51,12,1,0
BRDA:56,13,0,0
BRDA:56,13,1,0
BRDA:59,14,0,0
BRDA:59,14,1,0
BRDA:62,15,0,0
BRDA:64,16,0,0
BRDA:64,16,1,0
BRDA:72,17,0,0
BRDA:72,17,1,0
BRDA:76,18,0,0
BRDA:76,18,1,0
BRDA:78,19,0,0
BRDA:78,19,1,0
BRDA:83,20,0,0
BRDA:83,20,1,0
BRDA:85,21,0,0
BRDA:85,21,1,0
BRF:41
BRH:0
end_of_record
TN:
SF:src\repositories\assetRepository.js
FN:4,(anonymous_0)
FN:13,(anonymous_1)
FN:22,(anonymous_2)
FN:28,(anonymous_3)
FNF:4
FNH:0
FNDA:0,(anonymous_0)
FNDA:0,(anonymous_1)
FNDA:0,(anonymous_2)
FNDA:0,(anonymous_3)
DA:1,1
DA:5,0
DA:6,0
DA:8,0
DA:9,0
DA:10,0
DA:14,0
DA:15,0
DA:17,0
DA:18,0
DA:19,0
DA:23,0
DA:24,0
DA:25,0
DA:29,0
DA:30,0
DA:32,0
DA:33,0
DA:34,0
DA:38,1
LF:20
LH:2
BRDA:6,0,0,0
BRDA:6,0,1,0
BRDA:9,1,0,0
BRDA:9,1,1,0
BRDA:10,2,0,0
BRDA:10,2,1,0
BRDA:15,3,0,0
BRDA:15,3,1,0
BRDA:18,4,0,0
BRDA:18,4,1,0
BRDA:24,5,0,0
BRDA:24,5,1,0
BRDA:30,6,0,0
BRDA:30,6,1,0
BRDA:33,7,0,0
BRDA:33,7,1,0
BRF:16
BRH:0
end_of_record
TN:
SF:src\repositories\budgetRepository.js
FN:12,(anonymous_0)
FN:30,(anonymous_1)
FN:46,(anonymous_2)
FN:62,(anonymous_3)
FN:78,(anonymous_4)
FNF:5
FNH:0
FNDA:0,(anonymous_0)
FNDA:0,(anonymous_1)
FNDA:0,(anonymous_2)
FNDA:0,(anonymous_3)
FNDA:0,(anonymous_4)
DA:5,1
DA:13,0
DA:19,0
DA:20,0
DA:22,0
DA:23,0
DA:24,0
DA:31,0
DA:39,0
DA:40,0
DA:47,0
DA:53,0
DA:54,0
DA:64,0
DA:65,0
DA:67,0
DA:74,0
DA:77,0
DA:78,0
DA:79,0
DA:80,0
DA:81,0
DA:82,0
DA:89,0
DA:90,0
DA:93,0
DA:97,1
LF:27
LH:2
BRDA:19,0,0,0
BRDA:19,0,1,0
BRDA:20,1,0,0
BRDA:20,1,1,0
BRDA:23,2,0,0
BRDA:23,2,1,0
BRDA:24,3,0,0
BRDA:24,3,1,0
BRDA:39,4,0,0
BRDA:39,4,1,0
BRDA:53,5,0,0
BRDA:53,5,1,0
BRDA:74,6,0,0
BRDA:74,6,1,0
BRDA:78,7,0,0
BRDA:78,7,1,0
BRDA:80,8,0,0
BRDA:80,8,1,0
BRDA:81,9,0,0
BRDA:81,9,1,0
BRDA:89,10,0,0
BRDA:89,10,1,0
BRDA:90,11,0,0
BRDA:90,11,1,0
BRF:24
BRH:0
end_of_record
TN:
SF:src\repositories\closingRepository.js
FN:4,(anonymous_0)
FN:13,(anonymous_1)
FN:25,(anonymous_2)
FNF:3
FNH:0
FNDA:0,(anonymous_0)
FNDA:0,(anonymous_1)
FNDA:0,(anonymous_2)
DA:1,1
DA:5,0
DA:6,0
DA:8,0
DA:9,0
DA:10,0
DA:14,0
DA:21,0
DA:22,0
DA:26,0
DA:27,0
DA:28,0
DA:32,1
LF:13
LH:2
BRDA:6,0,0,0
BRDA:6,0,1,0
BRDA:9,1,0,0
BRDA:9,1,1,0
BRDA:10,2,0,0
BRDA:10,2,1,0
BRDA:21,3,0,0
BRDA:21,3,1,0
BRDA:27,4,0,0
BRDA:27,4,1,0
BRF:10
BRH:0
end_of_record
TN:
SF:src\repositories\discountRepository.js
FN:6,(anonymous_0)
FN:13,(anonymous_1)
FN:19,(anonymous_2)
FN:25,(anonymous_3)
FN:31,(anonymous_4)
FNF:5
FNH:0
FNDA:0,(anonymous_0)
FNDA:0,(anonymous_1)
FNDA:0,(anonymous_2)
FNDA:0,(anonymous_3)
FNDA:0,(anonymous_4)
DA:2,1
DA:3,1
DA:7,0
DA:8,0
DA:9,0
DA:10,0
DA:14,0
DA:15,0
DA:16,0
DA:20,0
DA:21,0
DA:22,0
DA:26,0
DA:27,0
DA:28,0
DA:32,0
DA:33,0
DA:34,0
DA:38,1
LF:19
LH:3
BRDA:9,0,0,0
BRDA:9,0,1,0
BRDA:15,1,0,0
BRDA:15,1,1,0
BRDA:21,2,0,0
BRDA:21,2,1,0
BRDA:27,3,0,0
BRDA:27,3,1,0
BRDA:33,4,0,0
BRDA:33,4,1,0
BRF:10
BRH:0
end_of_record
TN:
SF:src\repositories\fifoRepository.js
FN:7,(anonymous_0)
FN:29,(anonymous_1)
FNF:2
FNH:0
FNDA:0,(anonymous_0)
FNDA:0,(anonymous_1)
DA:1,1
DA:8,0
DA:10,0
DA:19,0
DA:20,0
DA:21,0
DA:23,0
DA:30,0
DA:31,0
DA:34,0
DA:42,0
DA:43,0
DA:44,0
DA:47,0
DA:49,0
DA:50,0
DA:51,0
DA:55,0
DA:56,0
DA:58,0
DA:59,0
DA:61,0
DA:62,0
DA:64,0
DA:65,0
DA:68,0
DA:75,0
DA:77,0
DA:78,0
DA:81,0
DA:85,1
LF:31
LH:2
BRDA:8,0,0,0
BRDA:8,0,1,0
BRDA:8,1,0,0
BRDA:8,1,1,0
BRDA:16,2,0,0
BRDA:16,2,1,0
BRDA:19,3,0,0
BRDA:19,3,1,0
BRDA:42,4,0,0
BRDA:42,4,1,0
BRDA:47,5,0,0
BRDA:47,5,1,0
BRDA:47,6,0,0
BRDA:47,6,1,0
BRDA:50,7,0,0
BRDA:50,7,1,0
BRDA:56,8,0,0
BRDA:56,8,1,0
BRDA:75,9,0,0
BRDA:75,9,1,0
BRF:20
BRH:0
end_of_record
TN:
SF:src\repositories\inventoryRepository.js
FN:4,(anonymous_0)
FN:13,(anonymous_1)
FN:19,(anonymous_2)
FN:22,(anonymous_3)
FN:34,(anonymous_4)
FN:41,(anonymous_5)
FN:50,(anonymous_6)
FN:60,(anonymous_7)
FN:72,(anonymous_8)
FN:87,(anonymous_9)
FN:99,(anonymous_10)
FN:135,(anonymous_11)
FN:153,(anonymous_12)
FN:158,(anonymous_13)
FN:167,(anonymous_14)
FN:182,(anonymous_15)
FNF:16
FNH:0
FNDA:0,(anonymous_0)
FNDA:0,(anonymous_1)
FNDA:0,(anonymous_2)
FNDA:0,(anonymous_3)
FNDA:0,(anonymous_4)
FNDA:0,(anonymous_5)
FNDA:0,(anonymous_6)
FNDA:0,(anonymous_7)
FNDA:0,(anonymous_8)
FNDA:0,(anonymous_9)
FNDA:0,(anonymous_10)
FNDA:0,(anonymous_11)
FNDA:0,(anonymous_12)
FNDA:0,(anonymous_13)
FNDA:0,(anonymous_14)
FNDA:0,(anonymous_15)
DA:1,2
DA:5,0
DA:6,0
DA:8,0
DA:9,0
DA:10,0
DA:14,0
DA:15,0
DA:17,0
DA:18,0
DA:19,0
DA:24,0
DA:27,0
DA:28,0
DA:30,0
DA:31,0
DA:34,0
DA:42,0
DA:43,0
DA:45,0
DA:46,0
DA:47,0
DA:51,0
DA:57,0
DA:59,0
DA:60,0
DA:67,0
DA:69,0
DA:73,0
DA:81,0
DA:84,0
DA:86,0
DA:87,0
DA:94,0
DA:96,0
DA:101,0
DA:109,0
DA:111,0
DA:112,0
DA:120,0
DA:122,0
DA:123,0
DA:125,0
DA:127,0
DA:129,0
DA:131,0
DA:136,0
DA:137,0
DA:138,0
DA:140,0
DA:141,0
DA:142,0
DA:145,0
DA:150,0
DA:153,0
DA:159,0
DA:163,0
DA:164,0
DA:168,0
DA:169,0
DA:171,0
DA:178,0
DA:179,0
DA:183,0
DA:191,0
DA:192,0
DA:196,2
LF:67
LH:2
BRDA:4,0,0,0
BRDA:6,1,0,0
BRDA:6,1,1,0
BRDA:9,2,0,0
BRDA:9,2,1,0
BRDA:10,3,0,0
BRDA:10,3,1,0
BRDA:15,4,0,0
BRDA:15,4,1,0
BRDA:18,5,0,0
BRDA:18,5,1,0
BRDA:19,6,0,0
BRDA:19,6,1,0
BRDA:27,7,0,0
BRDA:27,7,1,0
BRDA:30,8,0,0
BRDA:30,8,1,0
BRDA:30,9,0,0
BRDA:30,9,1,0
BRDA:31,10,0,0
BRDA:31,10,1,0
BRDA:34,11,0,0
BRDA:34,11,1,0
BRDA:36,12,0,0
BRDA:36,12,1,0
BRDA:36,12,2,0
BRDA:43,13,0,0
BRDA:43,13,1,0
BRDA:46,14,0,0
BRDA:46,14,1,0
BRDA:47,15,0,0
BRDA:47,15,1,0
BRDA:57,16,0,0
BRDA:57,16,1,0
BRDA:59,17,0,0
BRDA:59,17,1,0
BRDA:59,18,0,0
BRDA:59,18,1,0
BRDA:81,19,0,0
BRDA:81,19,1,0
BRDA:86,20,0,0
BRDA:86,20,1,0
BRDA:86,21,0,0
BRDA:86,21,1,0
BRDA:109,22,0,0
BRDA:109,22,1,0
BRDA:111,23,0,0
BRDA:111,23,1,0
BRDA:111,24,0,0
BRDA:111,24,1,0
BRDA:120,25,0,0
BRDA:120,25,1,0
BRDA:122,26,0,0
BRDA:122,26,1,0
BRDA:122,27,0,0
BRDA:122,27,1,0
BRDA:140,28,0,0
BRDA:140,28,1,0
BRDA:151,29,0,0
BRDA:151,29,1,0
BRDA:152,30,0,0
BRDA:152,30,1,0
BRDA:153,31,0,0
BRDA:153,31,1,0
BRDA:163,32,0,0
BRDA:163,32,1,0
BRDA:164,33,0,0
BRDA:164,33,1,0
BRDA:167,34,0,0
BRDA:178,35,0,0
BRDA:178,35,1,0
BRDA:179,36,0,0
BRDA:179,36,1,0
BRDA:191,37,0,0
BRDA:191,37,1,0
BRDA:192,38,0,0
BRDA:192,38,1,0
BRF:77
BRH:0
end_of_record
TN:
SF:src\repositories\menuRepository.js
FN:8,(anonymous_0)
FN:21,(anonymous_1)
FN:31,(anonymous_2)
FN:42,(anonymous_3)
FN:52,(anonymous_4)
FN:65,(anonymous_5)
FN:78,(anonymous_6)
FNF:7
FNH:0
FNDA:0,(anonymous_0)
FNDA:0,(anonymous_1)
FNDA:0,(anonymous_2)
FNDA:0,(anonymous_3)
FNDA:0,(anonymous_4)
FNDA:0,(anonymous_5)
FNDA:0,(anonymous_6)
DA:1,1
DA:9,0
DA:10,0
DA:11,0
DA:14,0
DA:16,0
DA:17,0
DA:18,0
DA:22,0
DA:23,0
DA:24,0
DA:26,0
DA:27,0
DA:28,0
DA:32,0
DA:38,0
DA:39,0
DA:43,0
DA:48,0
DA:49,0
DA:53,0
DA:61,0
DA:62,0
DA:66,0
DA:71,0
DA:72,0
DA:79,0
DA:87,0
DA:88,0
DA:92,1
LF:30
LH:2
BRDA:10,0,0,0
BRDA:10,0,1,0
BRDA:10,1,0,0
BRDA:10,1,1,0
BRDA:17,2,0,0
BRDA:17,2,1,0
BRDA:18,3,0,0
BRDA:18,3,1,0
BRDA:23,4,0,0
BRDA:23,4,1,0
BRDA:23,5,0,0
BRDA:23,5,1,0
BRDA:27,6,0,0
BRDA:27,6,1,0
BRDA:28,7,0,0
BRDA:28,7,1,0
BRDA:38,8,0,0
BRDA:38,8,1,0
BRDA:48,9,0,0
BRDA:48,9,1,0
BRDA:61,10,0,0
BRDA:61,10,1,0
BRDA:71,11,0,0
BRDA:71,11,1,0
BRDA:87,12,0,0
BRDA:87,12,1,0
BRF:26
BRH:0
end_of_record
TN:
SF:src\repositories\opnameRepository.js
FN:4,(anonymous_0)
FN:16,(anonymous_1)
FN:24,(anonymous_2)
FN:36,(anonymous_3)
FN:42,(anonymous_4)
FN:48,(anonymous_5)
FN:57,(anonymous_6)
FN:66,(anonymous_7)
FNF:8
FNH:0
FNDA:0,(anonymous_0)
FNDA:0,(anonymous_1)
FNDA:0,(anonymous_2)
FNDA:0,(anonymous_3)
FNDA:0,(anonymous_4)
FNDA:0,(anonymous_5)
FNDA:0,(anonymous_6)
FNDA:0,(anonymous_7)
DA:1,2
DA:5,0
DA:10,0
DA:11,0
DA:12,0
DA:13,0
DA:17,0
DA:18,0
DA:19,0
DA:20,0
DA:21,0
DA:25,0
DA:30,0
DA:31,0
DA:32,0
DA:33,0
DA:37,0
DA:38,0
DA:39,0
DA:43,0
DA:44,0
DA:45,0
DA:49,0
DA:50,0
DA:52,0
DA:53,0
DA:54,0
DA:58,0
DA:59,0
DA:61,0
DA:62,0
DA:63,0
DA:67,0
DA:68,0
DA:69,0
DA:73,2
LF:36
LH:2
BRDA:10,0,0,0
BRDA:10,0,1,0
BRDA:12,1,0,0
BRDA:12,1,1,0
BRDA:13,2,0,0
BRDA:13,2,1,0
BRDA:18,3,0,0
BRDA:18,3,1,0
BRDA:20,4,0,0
BRDA:20,4,1,0
BRDA:30,5,0,0
BRDA:30,5,1,0
BRDA:32,6,0,0
BRDA:32,6,1,0
BRDA:33,7,0,0
BRDA:33,7,1,0
BRDA:38,8,0,0
BRDA:38,8,1,0
BRDA:44,9,0,0
BRDA:44,9,1,0
BRDA:50,10,0,0
BRDA:50,10,1,0
BRDA:53,11,0,0
BRDA:53,11,1,0
BRDA:59,12,0,0
BRDA:59,12,1,0
BRDA:62,13,0,0
BRDA:62,13,1,0
BRDA:68,14,0,0
BRDA:68,14,1,0
BRF:30
BRH:0
end_of_record
TN:
SF:src\repositories\procurementRepository.js
FN:6,(anonymous_0)
FN:10,(anonymous_1)
FN:19,(anonymous_2)
FN:26,(anonymous_3)
FN:32,(anonymous_4)
FN:38,(anonymous_5)
FN:45,(anonymous_6)
FN:54,(anonymous_7)
FN:60,(anonymous_8)
FN:66,(anonymous_9)
FN:73,(anonymous_10)
FN:80,(anonymous_11)
FN:87,(anonymous_12)
FN:93,(anonymous_13)
FN:100,(anonymous_14)
FN:109,(anonymous_15)
FN:115,(anonymous_16)
FN:122,(anonymous_17)
FN:131,(anonymous_18)
FN:137,(anonymous_19)
FN:143,(anonymous_20)
FN:149,(anonymous_21)
FN:156,(anonymous_22)
FN:162,(anonymous_23)
FN:165,(anonymous_24)
FN:175,(anonymous_25)
FN:176,(anonymous_26)
FNF:27
FNH:0
FNDA:0,(anonymous_0)
FNDA:0,(anonymous_1)
FNDA:0,(anonymous_2)
FNDA:0,(anonymous_3)
FNDA:0,(anonymous_4)
FNDA:0,(anonymous_5)
FNDA:0,(anonymous_6)
FNDA:0,(anonymous_7)
FNDA:0,(anonymous_8)
FNDA:0,(anonymous_9)
FNDA:0,(anonymous_10)
FNDA:0,(anonymous_11)
FNDA:0,(anonymous_12)
FNDA:0,(anonymous_13)
FNDA:0,(anonymous_14)
FNDA:0,(anonymous_15)
FNDA:0,(anonymous_16)
FNDA:0,(anonymous_17)
FNDA:0,(anonymous_18)
FNDA:0,(anonymous_19)
FNDA:0,(anonymous_20)
FNDA:0,(anonymous_21)
FNDA:0,(anonymous_22)
FNDA:0,(anonymous_23)
FNDA:0,(anonymous_24)
FNDA:0,(anonymous_25)
FNDA:0,(anonymous_26)
DA:1,1
DA:7,0
DA:8,0
DA:10,0
DA:11,0
DA:14,0
DA:15,0
DA:16,0
DA:20,0
DA:21,0
DA:22,0
DA:23,0
DA:27,0
DA:28,0
DA:29,0
DA:33,0
DA:34,0
DA:35,0
DA:39,0
DA:40,0
DA:41,0
DA:46,0
DA:47,0
DA:49,0
DA:50,0
DA:51,0
DA:55,0
DA:56,0
DA:57,0
DA:61,0
DA:62,0
DA:63,0
DA:67,0
DA:68,0
DA:69,0
DA:74,0
DA:75,0
DA:76,0
DA:77,0
DA:81,0
DA:82,0
DA:83,0
DA:84,0
DA:88,0
DA:89,0
DA:90,0
DA:94,0
DA:95,0
DA:96,0
DA:101,0
DA:102,0
DA:104,0
DA:105,0
DA:106,0
DA:110,0
DA:111,0
DA:112,0
DA:116,0
DA:117,0
DA:118,0
DA:123,0
DA:124,0
DA:126,0
DA:127,0
DA:128,0
DA:132,0
DA:133,0
DA:134,0
DA:138,0
DA:139,0
DA:140,0
DA:144,0
DA:145,0
DA:146,0
DA:150,0
DA:151,0
DA:152,0
DA:157,0
DA:158,0
DA:159,0
DA:163,0
DA:165,0
DA:166,0
DA:172,0
DA:173,0
DA:175,0
DA:176,0
DA:177,0
DA:185,0
DA:186,0
DA:188,0
DA:192,1
LF:92
LH:2
BRDA:6,0,0,0
BRDA:8,1,0,0
BRDA:8,1,1,0
BRDA:11,2,0,0
BRDA:11,2,1,0
BRDA:15,3,0,0
BRDA:15,3,1,0
BRDA:16,4,0,0
BRDA:16,4,1,0
BRDA:20,5,0,0
BRDA:20,5,1,0
BRDA:20,6,0,0
BRDA:20,6,1,0
BRDA:22,7,0,0
BRDA:22,7,1,0
BRDA:23,8,0,0
BRDA:23,8,1,0
BRDA:28,9,0,0
BRDA:28,9,1,0
BRDA:34,10,0,0
BRDA:34,10,1,0
BRDA:40,11,0,0
BRDA:40,11,1,0
BRDA:47,12,0,0
BRDA:47,12,1,0
BRDA:50,13,0,0
BRDA:50,13,1,0
BRDA:51,14,0,0
BRDA:51,14,1,0
BRDA:56,15,0,0
BRDA:56,15,1,0
BRDA:62,16,0,0
BRDA:62,16,1,0
BRDA:68,17,0,0
BRDA:68,17,1,0
BRDA:74,18,0,0
BRDA:74,18,1,0
BRDA:74,19,0,0
BRDA:74,19,1,0
BRDA:76,20,0,0
BRDA:76,20,1,0
BRDA:77,21,0,0
BRDA:77,21,1,0
BRDA:81,22,0,0
BRDA:81,22,1,0
BRDA:81,23,0,0
BRDA:81,23,1,0
BRDA:83,24,0,0
BRDA:83,24,1,0
BRDA:84,25,0,0
BRDA:84,25,1,0
BRDA:89,26,0,0
BRDA:89,26,1,0
BRDA:95,27,0,0
BRDA:95,27,1,0
BRDA:102,28,0,0
BRDA:102,28,1,0
BRDA:105,29,0,0
BRDA:105,29,1,0
BRDA:106,30,0,0
BRDA:106,30,1,0
BRDA:111,31,0,0
BRDA:111,31,1,0
BRDA:117,32,0,0
BRDA:117,32,1,0
BRDA:124,33,0,0
BRDA:124,33,1,0
BRDA:127,34,0,0
BRDA:127,34,1,0
BRDA:128,35,0,0
BRDA:128,35,1,0
BRDA:133,36,0,0
BRDA:133,36,1,0
BRDA:134,37,0,0
BRDA:134,37,1,0
BRDA:139,38,0,0
BRDA:139,38,1,0
BRDA:145,39,0,0
BRDA:145,39,1,0
BRDA:151,40,0,0
BRDA:151,40,1,0
BRDA:158,41,0,0
BRDA:158,41,1,0
BRDA:173,42,0,0
BRDA:173,42,1,0
BRDA:180,43,0,0
BRDA:180,43,1,0
BRDA:180,43,2,0
BRDA:181,44,0,0
BRDA:181,44,1,0
BRDA:181,44,2,0
BRDA:186,45,0,0
BRDA:186,45,1,0
BRF:93
BRH:0
end_of_record
TN:
SF:src\repositories\promoCodeRepository.js
FN:6,(anonymous_0)
FN:13,(anonymous_1)
FN:19,(anonymous_2)
FN:29,(anonymous_3)
FN:39,(anonymous_4)
FN:50,(anonymous_5)
FNF:6
FNH:0
FNDA:0,(anonymous_0)
FNDA:0,(anonymous_1)
FNDA:0,(anonymous_2)
FNDA:0,(anonymous_3)
FNDA:0,(anonymous_4)
FNDA:0,(anonymous_5)
DA:2,2
DA:3,2
DA:7,0
DA:8,0
DA:9,0
DA:10,0
DA:14,0
DA:15,0
DA:16,0
DA:20,0
DA:25,0
DA:26,0
DA:30,0
DA:35,0
DA:36,0
DA:40,0
DA:46,0
DA:47,0
DA:51,0
DA:55,0
DA:56,0
DA:60,2
LF:22
LH:3
BRDA:9,0,0,0
BRDA:9,0,1,0
BRDA:15,1,0,0
BRDA:15,1,1,0
BRDA:25,2,0,0
BRDA:25,2,1,0
BRDA:35,3,0,0
BRDA:35,3,1,0
BRDA:46,4,0,0
BRDA:46,4,1,0
BRDA:55,5,0,0
BRDA:55,5,1,0
BRF:12
BRH:0
end_of_record
TN:
SF:src\repositories\reportRepository.js
FN:5,(anonymous_0)
FN:18,(anonymous_1)
FN:31,(anonymous_2)
FN:44,(anonymous_3)
FN:55,(anonymous_4)
FN:62,(anonymous_5)
FN:76,(anonymous_6)
FN:88,(anonymous_7)
FN:100,(anonymous_8)
FNF:9
FNH:0
FNDA:0,(anonymous_0)
FNDA:0,(anonymous_1)
FNDA:0,(anonymous_2)
FNDA:0,(anonymous_3)
FNDA:0,(anonymous_4)
FNDA:0,(anonymous_5)
FNDA:0,(anonymous_6)
FNDA:0,(anonymous_7)
FNDA:0,(anonymous_8)
DA:1,1
DA:6,0
DA:11,0
DA:13,0
DA:14,0
DA:15,0
DA:19,0
DA:24,0
DA:26,0
DA:27,0
DA:28,0
DA:32,0
DA:37,0
DA:39,0
DA:40,0
DA:41,0
DA:45,0
DA:49,0
DA:51,0
DA:52,0
DA:54,0
DA:55,0
DA:56,0
DA:57,0
DA:58,0
DA:59,0
DA:60,0
DA:62,0
DA:63,0
DA:73,0
DA:77,0
DA:81,0
DA:83,0
DA:84,0
DA:85,0
DA:89,0
DA:93,0
DA:95,0
DA:96,0
DA:97,0
DA:101,0
DA:105,0
DA:107,0
DA:108,0
DA:109,0
DA:113,1
LF:46
LH:2
BRDA:11,0,0,0
BRDA:11,0,1,0
BRDA:14,1,0,0
BRDA:14,1,1,0
BRDA:15,2,0,0
BRDA:15,2,1,0
BRDA:24,3,0,0
BRDA:24,3,1,0
BRDA:27,4,0,0
BRDA:27,4,1,0
BRDA:28,5,0,0
BRDA:28,5,1,0
BRDA:37,6,0,0
BRDA:37,6,1,0
BRDA:40,7,0,0
BRDA:40,7,1,0
BRDA:41,8,0,0
BRDA:41,8,1,0
BRDA:49,9,0,0
BRDA:49,9,1,0
BRDA:52,10,0,0
BRDA:52,10,1,0
BRDA:55,11,0,0
BRDA:55,11,1,0
BRDA:57,12,0,0
BRDA:57,12,1,0
BRDA:59,13,0,0
BRDA:59,13,1,0
BRDA:64,14,0,0
BRDA:64,14,1,0
BRDA:64,14,2,0
BRDA:65,15,0,0
BRDA:65,15,1,0
BRDA:67,16,0,0
BRDA:67,16,1,0
BRDA:67,16,2,0
BRDA:68,17,0,0
BRDA:68,17,1,0
BRDA:81,18,0,0
BRDA:81,18,1,0
BRDA:84,19,0,0
BRDA:84,19,1,0
BRDA:85,20,0,0
BRDA:85,20,1,0
BRDA:93,21,0,0
BRDA:93,21,1,0
BRDA:96,22,0,0
BRDA:96,22,1,0
BRDA:97,23,0,0
BRDA:97,23,1,0
BRDA:105,24,0,0
BRDA:105,24,1,0
BRDA:108,25,0,0
BRDA:108,25,1,0
BRDA:109,26,0,0
BRDA:109,26,1,0
BRF:56
BRH:0
end_of_record
TN:
SF:src\repositories\shiftRepository.js
FN:8,(anonymous_0)
FN:22,(anonymous_1)
FN:37,(anonymous_2)
FN:49,(anonymous_3)
FN:71,(anonymous_4)
FN:87,(anonymous_5)
FN:102,(anonymous_6)
FNF:7
FNH:6
FNDA:2,(anonymous_0)
FNDA:3,(anonymous_1)
FNDA:0,(anonymous_2)
FNDA:2,(anonymous_3)
FNDA:2,(anonymous_4)
FNDA:3,(anonymous_5)
FNDA:4,(anonymous_6)
DA:1,2
DA:2,2
DA:9,2
DA:15,2
DA:16,1
DA:23,3
DA:30,3
DA:31,2
DA:38,0
DA:45,0
DA:46,0
DA:50,2
DA:55,2
DA:61,2
DA:62,1
DA:63,1
DA:65,1
DA:72,2
DA:80,2
DA:81,1
DA:88,3
DA:95,3
DA:97,2
DA:98,2
DA:99,2
DA:100,2
DA:102,2
DA:103,4
DA:104,4
DA:105,4
DA:106,4
DA:107,2
DA:108,1
DA:111,2
DA:121,2
LF:35
LH:32
BRDA:15,0,0,1
BRDA:15,0,1,1
BRDA:30,1,0,1
BRDA:30,1,1,2
BRDA:45,2,0,0
BRDA:45,2,1,0
BRDA:61,3,0,1
BRDA:61,3,1,1
BRDA:80,4,0,1
BRDA:80,4,1,1
BRDA:95,5,0,1
BRDA:95,5,1,2
BRDA:102,6,0,2
BRDA:102,6,1,0
BRDA:103,7,0,4
BRDA:103,7,1,0
BRDA:105,8,0,4
BRDA:105,8,1,0
BRDA:106,9,0,2
BRDA:106,9,1,2
BRDA:107,10,0,1
BRDA:107,10,1,1
BRDA:112,11,0,2
BRDA:112,11,1,0
BRF:24
BRH:18
end_of_record
TN:
SF:src\repositories\systemRepository.js
FN:5,(anonymous_0)
FN:11,(anonymous_1)
FN:21,(anonymous_2)
FN:30,(anonymous_3)
FN:40,(anonymous_4)
FN:51,(anonymous_5)
FN:61,(anonymous_6)
FN:67,(anonymous_7)
FN:77,(anonymous_8)
FN:87,(anonymous_9)
FN:97,(anonymous_10)
FN:104,(anonymous_11)
FN:111,(anonymous_12)
FN:123,(anonymous_13)
FN:136,(anonymous_14)
FNF:15
FNH:0
FNDA:0,(anonymous_0)
FNDA:0,(anonymous_1)
FNDA:0,(anonymous_2)
FNDA:0,(anonymous_3)
FNDA:0,(anonymous_4)
FNDA:0,(anonymous_5)
FNDA:0,(anonymous_6)
FNDA:0,(anonymous_7)
FNDA:0,(anonymous_8)
FNDA:0,(anonymous_9)
FNDA:0,(anonymous_10)
FNDA:0,(anonymous_11)
FNDA:0,(anonymous_12)
FNDA:0,(anonymous_13)
FNDA:0,(anonymous_14)
DA:1,1
DA:6,0
DA:7,0
DA:12,0
DA:13,0
DA:14,0
DA:16,0
DA:17,0
DA:18,0
DA:22,0
DA:23,0
DA:25,0
DA:26,0
DA:27,0
DA:31,0
DA:32,0
DA:33,0
DA:35,0
DA:36,0
DA:37,0
DA:41,0
DA:42,0
DA:43,0
DA:45,0
DA:46,0
DA:47,0
DA:52,0
DA:53,0
DA:54,0
DA:56,0
DA:57,0
DA:58,0
DA:62,0
DA:63,0
DA:64,0
DA:68,0
DA:69,0
DA:70,0
DA:72,0
DA:73,0
DA:74,0
DA:78,0
DA:79,0
DA:80,0
DA:82,0
DA:83,0
DA:84,0
DA:88,0
DA:93,0
DA:98,0
DA:99,0
DA:100,0
DA:101,0
DA:105,0
DA:106,0
DA:107,0
DA:108,0
DA:112,0
DA:113,0
DA:114,0
DA:115,0
DA:117,0
DA:118,0
DA:119,0
DA:124,0
DA:125,0
DA:126,0
DA:127,0
DA:129,0
DA:130,0
DA:131,0
DA:137,0
DA:138,0
DA:139,0
DA:140,0
DA:142,0
DA:143,0
DA:144,0
DA:148,1
LF:79
LH:2
BRDA:13,0,0,0
BRDA:13,0,1,0
BRDA:13,1,0,0
BRDA:13,1,1,0
BRDA:17,2,0,0
BRDA:17,2,1,0
BRDA:18,3,0,0
BRDA:18,3,1,0
BRDA:22,4,0,0
BRDA:22,4,1,0
BRDA:22,5,0,0
BRDA:22,5,1,0
BRDA:26,6,0,0
BRDA:26,6,1,0
BRDA:32,7,0,0
BRDA:32,7,1,0
BRDA:32,8,0,0
BRDA:32,8,1,0
BRDA:36,9,0,0
BRDA:36,9,1,0
BRDA:42,10,0,0
BRDA:42,10,1,0
BRDA:42,11,0,0
BRDA:42,11,1,0
BRDA:46,12,0,0
BRDA:46,12,1,0
BRDA:53,13,0,0
BRDA:53,13,1,0
BRDA:53,14,0,0
BRDA:53,14,1,0
BRDA:57,15,0,0
BRDA:57,15,1,0
BRDA:58,16,0,0
BRDA:58,16,1,0
BRDA:63,17,0,0
BRDA:63,17,1,0
BRDA:69,18,0,0
BRDA:69,18,1,0
BRDA:69,19,0,0
BRDA:69,19,1,0
BRDA:73,20,0,0
BRDA:73,20,1,0
BRDA:79,21,0,0
BRDA:79,21,1,0
BRDA:79,22,0,0
BRDA:79,22,1,0
BRDA:83,23,0,0
BRDA:83,23,1,0
BRDA:99,24,0,0
BRDA:99,24,1,0
BRDA:106,25,0,0
BRDA:106,25,1,0
BRDA:112,26,0,0
BRDA:112,26,1,0
BRDA:114,27,0,0
BRDA:114,27,1,0
BRDA:118,28,0,0
BRDA:118,28,1,0
BRDA:124,29,0,0
BRDA:124,29,1,0
BRDA:126,30,0,0
BRDA:126,30,1,0
BRDA:130,31,0,0
BRDA:130,31,1,0
BRDA:138,32,0,0
BRDA:138,32,1,0
BRDA:140,33,0,0
BRDA:140,33,1,0
BRDA:143,34,0,0
BRDA:143,34,1,0
BRDA:144,35,0,0
BRDA:144,35,1,0
BRF:72
BRH:0
end_of_record
TN:
SF:src\repositories\transactionRepository.js
FN:5,(anonymous_0)
FN:23,(anonymous_1)
FN:35,(anonymous_2)
FN:44,(anonymous_3)
FN:50,(anonymous_4)
FN:56,(anonymous_5)
FN:62,(anonymous_6)
FN:68,(anonymous_7)
FN:75,(anonymous_8)
FN:85,(anonymous_9)
FN:100,(anonymous_10)
FN:109,(anonymous_11)
FN:114,(anonymous_12)
FN:120,(anonymous_13)
FN:125,(anonymous_14)
FN:131,(anonymous_15)
FN:137,(anonymous_16)
FN:143,(anonymous_17)
FN:148,(anonymous_18)
FN:166,(anonymous_19)
FN:178,(anonymous_20)
FNF:21
FNH:0
FNDA:0,(anonymous_0)
FNDA:0,(anonymous_1)
FNDA:0,(anonymous_2)
FNDA:0,(anonymous_3)
FNDA:0,(anonymous_4)
FNDA:0,(anonymous_5)
FNDA:0,(anonymous_6)
FNDA:0,(anonymous_7)
FNDA:0,(anonymous_8)
FNDA:0,(anonymous_9)
FNDA:0,(anonymous_10)
FNDA:0,(anonymous_11)
FNDA:0,(anonymous_12)
FNDA:0,(anonymous_13)
FNDA:0,(anonymous_14)
FNDA:0,(anonymous_15)
FNDA:0,(anonymous_16)
FNDA:0,(anonymous_17)
FNDA:0,(anonymous_18)
FNDA:0,(anonymous_19)
FNDA:0,(anonymous_20)
DA:1,2
DA:6,0
DA:7,0
DA:9,0
DA:15,0
DA:17,0
DA:18,0
DA:20,0
DA:24,0
DA:25,0
DA:26,0
DA:29,0
DA:30,0
DA:31,0
DA:32,0
DA:33,0
DA:34,0
DA:35,0
DA:36,0
DA:38,0
DA:41,0
DA:45,0
DA:46,0
DA:47,0
DA:51,0
DA:52,0
DA:53,0
DA:57,0
DA:58,0
DA:59,0
DA:63,0
DA:64,0
DA:65,0
DA:69,0
DA:70,0
DA:71,0
DA:76,0
DA:81,0
DA:82,0
DA:86,0
DA:88,0
DA:89,0
DA:90,0
DA:91,0
DA:93,0
DA:96,0
DA:97,0
DA:101,0
DA:106,0
DA:110,0
DA:111,0
DA:115,0
DA:116,0
DA:121,0
DA:122,0
DA:126,0
DA:127,0
DA:128,0
DA:132,0
DA:133,0
DA:134,0
DA:138,0
DA:139,0
DA:140,0
DA:144,0
DA:149,0
DA:150,0
DA:151,0
DA:153,0
DA:159,0
DA:161,0
DA:162,0
DA:163,0
DA:167,0
DA:171,0
DA:173,0
DA:174,0
DA:175,0
DA:179,0
DA:180,0
DA:181,0
DA:182,0
DA:183,0
DA:184,0
DA:188,2
LF:85
LH:2
BRDA:5,0,0,0
BRDA:5,1,0,0
BRDA:15,2,0,0
BRDA:15,2,1,0
BRDA:18,3,0,0
BRDA:18,3,1,0
BRDA:25,4,0,0
BRDA:25,4,1,0
BRDA:26,5,0,0
BRDA:26,5,1,0
BRDA:32,6,0,0
BRDA:32,6,1,0
BRDA:35,7,0,0
BRDA:35,7,1,0
BRDA:36,8,0,0
BRDA:36,8,1,0
BRDA:46,9,0,0
BRDA:46,9,1,0
BRDA:47,10,0,0
BRDA:47,10,1,0
BRDA:52,11,0,0
BRDA:52,11,1,0
BRDA:58,12,0,0
BRDA:58,12,1,0
BRDA:64,13,0,0
BRDA:64,13,1,0
BRDA:70,14,0,0
BRDA:70,14,1,0
BRDA:81,15,0,0
BRDA:81,15,1,0
BRDA:82,16,0,0
BRDA:82,16,1,0
BRDA:88,17,0,0
BRDA:88,17,1,0
BRDA:88,18,0,0
BRDA:88,18,1,0
BRDA:90,19,0,0
BRDA:90,19,1,0
BRDA:122,20,0,0
BRDA:122,20,1,0
BRDA:127,21,0,0
BRDA:127,21,1,0
BRDA:128,22,0,0
BRDA:128,22,1,0
BRDA:133,23,0,0
BRDA:133,23,1,0
BRDA:139,24,0,0
BRDA:139,24,1,0
BRDA:148,25,0,0
BRDA:159,26,0,0
BRDA:159,26,1,0
BRDA:162,27,0,0
BRDA:162,27,1,0
BRDA:163,28,0,0
BRDA:163,28,1,0
BRDA:171,29,0,0
BRDA:171,29,1,0
BRDA:174,30,0,0
BRDA:174,30,1,0
BRDA:175,31,0,0
BRDA:175,31,1,0
BRDA:179,32,0,0
BRDA:179,32,1,0
BRDA:179,33,0,0
BRDA:179,33,1,0
BRDA:181,34,0,0
BRDA:181,34,1,0
BRDA:183,35,0,0
BRDA:183,35,1,0
BRDA:184,36,0,0
BRDA:184,36,1,0
BRF:71
BRH:0
end_of_record
TN:
SF:src\repositories\userRepository.js
FN:4,(anonymous_0)
FN:9,(anonymous_1)
FN:18,(anonymous_2)
FN:23,(anonymous_3)
FN:28,(anonymous_4)
FN:39,(anonymous_5)
FN:49,(anonymous_6)
FN:55,(anonymous_7)
FN:66,(anonymous_8)
FN:87,(anonymous_9)
FN:95,(anonymous_10)
FN:105,(anonymous_11)
FN:111,(anonymous_12)
FN:117,(anonymous_13)
FN:124,(anonymous_14)
FN:131,(anonymous_15)
FN:138,(anonymous_16)
FN:144,(anonymous_17)
FN:152,(anonymous_18)
FN:160,(anonymous_19)
FNF:20
FNH:0
FNDA:0,(anonymous_0)
FNDA:0,(anonymous_1)
FNDA:0,(anonymous_2)
FNDA:0,(anonymous_3)
FNDA:0,(anonymous_4)
FNDA:0,(anonymous_5)
FNDA:0,(anonymous_6)
FNDA:0,(anonymous_7)
FNDA:0,(anonymous_8)
FNDA:0,(anonymous_9)
FNDA:0,(anonymous_10)
FNDA:0,(anonymous_11)
FNDA:0,(anonymous_12)
FNDA:0,(anonymous_13)
FNDA:0,(anonymous_14)
FNDA:0,(anonymous_15)
FNDA:0,(anonymous_16)
FNDA:0,(anonymous_17)
FNDA:0,(anonymous_18)
FNDA:0,(anonymous_19)
DA:1,1
DA:5,0
DA:6,0
DA:10,0
DA:15,0
DA:19,0
DA:20,0
DA:24,0
DA:25,0
DA:29,0
DA:30,0
DA:34,0
DA:35,0
DA:36,0
DA:40,0
DA:46,0
DA:50,0
DA:51,0
DA:52,0
DA:56,0
DA:62,0
DA:63,0
DA:68,0
DA:75,0
DA:76,0
DA:78,0
DA:80,0
DA:83,0
DA:88,0
DA:89,0
DA:90,0
DA:91,0
DA:92,0
DA:96,0
DA:97,0
DA:98,0
DA:99,0
DA:101,0
DA:106,0
DA:107,0
DA:108,0
DA:112,0
DA:113,0
DA:114,0
DA:118,0
DA:119,0
DA:120,0
DA:125,0
DA:126,0
DA:127,0
DA:128,0
DA:132,0
DA:133,0
DA:134,0
DA:135,0
DA:139,0
DA:140,0
DA:141,0
DA:145,0
DA:146,0
DA:147,0
DA:148,0
DA:149,0
DA:153,0
DA:154,0
DA:155,0
DA:156,0
DA:157,0
DA:161,0
DA:162,0
DA:163,0
DA:167,1
LF:72
LH:2
BRDA:20,0,0,0
BRDA:20,0,1,0
BRDA:25,1,0,0
BRDA:25,1,1,0
BRDA:30,2,0,0
BRDA:30,2,1,0
BRDA:35,3,0,0
BRDA:35,3,1,0
BRDA:36,4,0,0
BRDA:36,4,1,0
BRDA:51,5,0,0
BRDA:51,5,1,0
BRDA:62,6,0,0
BRDA:62,6,1,0
BRDA:75,7,0,0
BRDA:75,7,1,0
BRDA:76,8,0,0
BRDA:76,8,1,0
BRDA:76,9,0,0
BRDA:76,9,1,0
BRDA:89,10,0,0
BRDA:89,10,1,0
BRDA:91,11,0,0
BRDA:91,11,1,0
BRDA:97,12,0,0
BRDA:97,12,1,0
BRDA:99,13,0,0
BRDA:99,13,1,0
BRDA:107,14,0,0
BRDA:107,14,1,0
BRDA:108,15,0,0
BRDA:108,15,1,0
BRDA:113,16,0,0
BRDA:113,16,1,0
BRDA:119,17,0,0
BRDA:119,17,1,0
BRDA:126,18,0,0
BRDA:126,18,1,0
BRDA:133,19,0,0
BRDA:133,19,1,0
BRDA:140,20,0,0
BRDA:140,20,1,0
BRDA:146,21,0,0
BRDA:146,21,1,0
BRDA:148,22,0,0
BRDA:148,22,1,0
BRDA:154,23,0,0
BRDA:154,23,1,0
BRDA:156,24,0,0
BRDA:156,24,1,0
BRDA:162,25,0,0
BRDA:162,25,1,0
BRF:52
BRH:0
end_of_record
TN:
SF:src\routes\accountingRoutes.js
FN:18,(anonymous_0)
FNF:1
FNH:0
FNDA:0,(anonymous_0)
DA:1,1
DA:2,1
DA:3,1
DA:4,1
DA:5,1
DA:6,1
DA:11,1
DA:18,0
DA:23,1
DA:36,1
DA:42,1
DA:48,1
DA:54,1
DA:60,1
DA:66,1
DA:72,1
DA:82,1
DA:88,1
DA:94,1
DA:100,1
DA:102,1
LF:21
LH:20
BRDA:18,0,0,0
BRDA:18,0,1,0
BRF:2
BRH:0
end_of_record
TN:
SF:src\routes\aiRoutes.js
FNF:0
FNH:0
DA:1,1
DA:2,1
DA:3,1
DA:5,1
DA:11,1
DA:17,1
DA:23,1
DA:25,1
LF:8
LH:8
BRF:0
BRH:0
end_of_record
TN:
SF:src\routes\assetRoutes.js
FNF:0
FNH:0
DA:1,1
DA:2,1
DA:3,1
DA:9,1
DA:15,1
DA:21,1
DA:23,1
LF:7
LH:7
BRF:0
BRH:0
end_of_record
TN:
SF:src\routes\closingRoutes.js
FNF:0
FNH:0
DA:1,1
DA:2,1
DA:3,1
DA:9,1
DA:15,1
DA:17,1
LF:6
LH:6
BRF:0
BRH:0
end_of_record
TN:
SF:src\routes\customisationRoutes.js
FNF:0
FNH:0
DA:2,1
DA:3,1
DA:6,1
DA:7,1
DA:9,1
LF:5
LH:5
BRF:0
BRH:0
end_of_record
TN:
SF:src\routes\inventoryRoutes.js
FN:25,(anonymous_0)
FNF:1
FNH:0
FNDA:0,(anonymous_0)
DA:1,1
DA:2,1
DA:3,1
DA:4,1
DA:5,1
DA:6,1
DA:11,1
DA:17,1
DA:25,0
DA:36,1
DA:41,1
DA:46,1
DA:51,1
DA:56,1
DA:61,1
DA:66,1
DA:71,1
DA:77,1
DA:83,1
DA:89,1
DA:94,1
DA:99,1
DA:104,1
DA:109,1
DA:111,1
LF:25
LH:24
BRDA:25,0,0,0
BRDA:25,0,1,0
BRF:2
BRH:0
end_of_record
TN:
SF:src\routes\loyaltyRoutes.js
FNF:0
FNH:0
DA:1,1
DA:2,1
DA:3,1
DA:6,1
DA:9,1
DA:11,1
LF:6
LH:6
BRF:0
BRH:0
end_of_record
TN:
SF:src\routes\menuRoutes.js
FN:14,(anonymous_0)
FNF:1
FNH:0
FNDA:0,(anonymous_0)
DA:1,1
DA:2,1
DA:3,1
DA:4,1
DA:5,1
DA:10,1
DA:14,0
DA:19,1
DA:34,1
DA:37,1
DA:40,1
DA:43,1
DA:45,1
LF:13
LH:12
BRDA:14,0,0,0
BRDA:14,0,1,0
BRF:2
BRH:0
end_of_record
TN:
SF:src\routes\opnameRoutes.js
FN:68,(anonymous_0)
FN:84,(anonymous_1)
FN:98,(anonymous_2)
FN:113,(anonymous_3)
FN:128,(anonymous_4)
FNF:5
FNH:0
FNDA:0,(anonymous_0)
FNDA:0,(anonymous_1)
FNDA:0,(anonymous_2)
FNDA:0,(anonymous_3)
FNDA:0,(anonymous_4)
DA:1,1
DA:2,1
DA:3,1
DA:4,1
DA:5,1
DA:6,1
DA:7,1
DA:8,1
DA:13,1
DA:19,1
DA:25,1
DA:38,1
DA:44,1
DA:50,1
DA:56,1
DA:62,1
DA:68,1
DA:69,0
DA:70,0
DA:71,0
DA:72,0
DA:75,0
DA:76,0
DA:84,1
DA:85,0
DA:86,0
DA:87,0
DA:88,0
DA:90,0
DA:98,1
DA:99,0
DA:100,0
DA:101,0
DA:102,0
DA:103,0
DA:105,0
DA:113,1
DA:114,0
DA:115,0
DA:116,0
DA:117,0
DA:118,0
DA:120,0
DA:128,1
DA:129,0
DA:130,0
DA:131,0
DA:132,0
DA:133,0
DA:135,0
DA:143,1
DA:149,1
DA:155,1
DA:161,1
DA:167,1
DA:173,1
DA:179,1
DA:185,1
DA:187,1
LF:59
LH:30
BRDA:70,0,0,0
BRDA:70,0,1,0
BRDA:86,1,0,0
BRDA:86,1,1,0
BRDA:100,2,0,0
BRDA:100,2,1,0
BRDA:115,3,0,0
BRDA:115,3,1,0
BRDA:130,4,0,0
BRDA:130,4,1,0
BRF:10
BRH:0
end_of_record
TN:
SF:src\routes\procurementRoutes.js
FN:11,(anonymous_0)
FN:50,(anonymous_1)
FNF:2
FNH:0
FNDA:0,(anonymous_0)
FNDA:0,(anonymous_1)
DA:1,1
DA:2,1
DA:3,1
DA:4,1
DA:5,1
DA:8,1
DA:11,1
DA:12,0
DA:13,0
DA:14,0
DA:15,0
DA:16,0
DA:18,0
DA:23,1
DA:26,1
DA:29,1
DA:32,1
DA:35,1
DA:38,1
DA:41,1
DA:44,1
DA:47,1
DA:50,1
DA:51,0
DA:52,0
DA:53,0
DA:54,0
DA:57,0
DA:64,0
DA:65,0
DA:66,0
DA:69,0
DA:75,0
DA:76,0
DA:78,0
DA:83,1
DA:85,1
LF:37
LH:19
BRDA:13,0,0,0
BRDA:13,0,1,0
BRDA:52,1,0,0
BRDA:52,1,1,0
BRDA:64,2,0,0
BRDA:64,2,1,0
BRDA:64,3,0,0
BRDA:64,3,1,0
BRDA:65,4,0,0
BRDA:65,4,1,0
BRDA:75,5,0,0
BRDA:75,5,1,0
BRF:12
BRH:0
end_of_record
TN:
SF:src\routes\promoCodeRoutes.js
FNF:0
FNH:0
DA:2,1
DA:3,1
DA:4,1
DA:5,1
DA:8,1
DA:11,1
DA:12,1
DA:13,1
DA:14,1
DA:15,1
DA:17,1
LF:11
LH:11
BRF:0
BRH:0
end_of_record
TN:
SF:src\routes\reportRoutes.js
FNF:0
FNH:0
DA:1,1
DA:2,1
DA:3,1
DA:8,1
DA:13,1
DA:18,1
DA:23,1
DA:28,1
DA:33,1
DA:38,1
DA:40,1
LF:11
LH:11
BRF:0
BRH:0
end_of_record
TN:
SF:src\routes\shiftRoutes.js
FNF:0
FNH:0
DA:1,1
DA:2,1
DA:3,1
DA:6,1
DA:7,1
DA:8,1
DA:9,1
DA:11,1
LF:8
LH:8
BRF:0
BRH:0
end_of_record
TN:
SF:src\routes\systemRoutes.js
FNF:0
FNH:0
DA:1,1
DA:2,1
DA:3,1
DA:4,1
DA:5,1
DA:10,1
DA:24,1
DA:34,1
DA:40,1
DA:45,1
DA:50,1
DA:55,1
DA:60,1
DA:66,1
DA:71,1
DA:76,1
DA:81,1
DA:86,1
DA:91,1
DA:96,1
DA:101,1
DA:106,1
DA:112,1
DA:114,1
LF:24
LH:24
BRF:0
BRH:0
end_of_record
TN:
SF:src\routes\transactionRoutes.js
FNF:0
FNH:0
DA:1,1
DA:2,1
DA:3,1
DA:4,1
DA:5,1
DA:10,1
DA:16,1
DA:34,1
DA:39,1
DA:44,1
DA:49,1
DA:54,1
DA:59,1
DA:64,1
DA:69,1
DA:71,1
LF:16
LH:16
BRF:0
BRH:0
end_of_record
TN:
SF:src\routes\userRoutes.js
FNF:0
FNH:0
DA:1,1
DA:2,1
DA:3,1
DA:5,1
DA:7,1
DA:13,1
DA:18,1
DA:24,1
DA:30,1
DA:35,1
DA:40,1
DA:45,1
DA:50,1
DA:55,1
DA:61,1
DA:67,1
DA:73,1
DA:79,1
DA:84,1
DA:89,1
DA:90,1
DA:91,1
DA:92,1
DA:93,1
DA:99,1
DA:101,1
LF:26
LH:26
BRF:0
BRH:0
end_of_record
TN:
SF:src\services\accountingService.js
FN:5,(anonymous_0)
FN:13,(anonymous_1)
FN:13,(anonymous_2)
FN:14,(anonymous_3)
FN:16,(anonymous_4)
FN:17,(anonymous_5)
FN:17,(anonymous_6)
FN:19,(anonymous_7)
FN:20,(anonymous_8)
FN:21,(anonymous_9)
FN:22,(anonymous_10)
FN:23,(anonymous_11)
FN:24,(anonymous_12)
FN:65,(anonymous_13)
FN:69,(anonymous_14)
FN:72,(anonymous_15)
FN:74,(anonymous_16)
FN:83,(anonymous_17)
FN:85,(anonymous_18)
FN:86,(anonymous_19)
FN:105,(anonymous_20)
FN:122,(anonymous_21)
FN:133,(anonymous_22)
FN:140,(anonymous_23)
FN:211,(anonymous_24)
FN:284,(anonymous_25)
FN:374,(anonymous_26)
FN:401,(anonymous_27)
FNF:28
FNH:0
FNDA:0,(anonymous_0)
FNDA:0,(anonymous_1)
FNDA:0,(anonymous_2)
FNDA:0,(anonymous_3)
FNDA:0,(anonymous_4)
FNDA:0,(anonymous_5)
FNDA:0,(anonymous_6)
FNDA:0,(anonymous_7)
FNDA:0,(anonymous_8)
FNDA:0,(anonymous_9)
FNDA:0,(anonymous_10)
FNDA:0,(anonymous_11)
FNDA:0,(anonymous_12)
FNDA:0,(anonymous_13)
FNDA:0,(anonymous_14)
FNDA:0,(anonymous_15)
FNDA:0,(anonymous_16)
FNDA:0,(anonymous_17)
FNDA:0,(anonymous_18)
FNDA:0,(anonymous_19)
FNDA:0,(anonymous_20)
FNDA:0,(anonymous_21)
FNDA:0,(anonymous_22)
FNDA:0,(anonymous_23)
FNDA:0,(anonymous_24)
FNDA:0,(anonymous_25)
FNDA:0,(anonymous_26)
FNDA:0,(anonymous_27)
DA:1,1
DA:6,0
DA:7,0
DA:8,0
DA:9,0
DA:11,0
DA:13,0
DA:14,0
DA:16,0
DA:17,0
DA:19,0
DA:20,0
DA:21,0
DA:22,0
DA:23,0
DA:24,0
DA:26,0
DA:27,0
DA:28,0
DA:29,0
DA:30,0
DA:32,0
DA:33,0
DA:34,0
DA:36,0
DA:66,0
DA:70,0
DA:72,0
DA:74,0
DA:85,0
DA:86,0
DA:88,0
DA:89,0
DA:91,0
DA:92,0
DA:96,0
DA:97,0
DA:98,0
DA:99,0
DA:104,0
DA:105,0
DA:106,0
DA:108,0
DA:109,0
DA:110,0
DA:112,0
DA:113,0
DA:116,0
DA:119,0
DA:122,0
DA:129,0
DA:130,0
DA:133,0
DA:134,0
DA:137,0
DA:141,0
DA:142,0
DA:143,0
DA:144,0
DA:146,0
DA:147,0
DA:149,0
DA:150,0
DA:151,0
DA:159,0
DA:163,0
DA:164,0
DA:165,0
DA:173,0
DA:177,0
DA:178,0
DA:180,0
DA:188,0
DA:207,0
DA:208,0
DA:212,0
DA:213,0
DA:214,0
DA:215,0
DA:217,0
DA:219,0
DA:220,0
DA:222,0
DA:223,0
DA:224,0
DA:232,0
DA:236,0
DA:237,0
DA:238,0
DA:246,0
DA:250,0
DA:251,0
DA:253,0
DA:261,0
DA:280,0
DA:281,0
DA:285,0
DA:286,0
DA:288,0
DA:290,0
DA:291,0
DA:293,0
DA:294,0
DA:296,0
DA:297,0
DA:299,0
DA:300,0
DA:301,0
DA:309,0
DA:313,0
DA:314,0
DA:315,0
DA:323,0
DA:327,0
DA:328,0
DA:329,0
DA:330,0
DA:332,0
DA:340,0
DA:359,0
DA:361,0
DA:371,0
DA:375,0
DA:376,0
DA:378,0
DA:379,0
DA:380,0
DA:381,0
DA:382,0
DA:383,0
DA:384,0
DA:385,0
DA:386,0
DA:387,0
DA:388,0
DA:389,0
DA:392,0
DA:393,0
DA:395,0
DA:398,0
DA:399,0
DA:401,0
DA:402,0
DA:403,0
DA:405,0
DA:406,0
DA:408,0
DA:411,0
DA:417,0
DA:426,1
LF:150
LH:2
BRDA:7,0,0,0
BRDA:7,0,1,0
BRDA:8,1,0,0
BRDA:8,1,1,0
BRDA:21,2,0,0
BRDA:21,2,1,0
BRDA:43,3,0,0
BRDA:43,3,1,0
BRDA:85,4,0,0
BRDA:85,4,1,0
BRDA:86,5,0,0
BRDA:86,5,1,0
BRDA:91,6,0,0
BRDA:91,6,1,0
BRDA:98,7,0,0
BRDA:98,7,1,0
BRDA:110,8,0,0
BRDA:110,8,1,0
BRDA:112,9,0,0
BRDA:112,9,1,0
BRDA:112,10,0,0
BRDA:112,10,1,0
BRDA:125,11,0,0
BRDA:125,11,1,0
BRDA:126,12,0,0
BRDA:126,12,1,0
BRDA:142,13,0,0
BRDA:142,13,1,0
BRDA:144,14,0,0
BRDA:144,14,1,0
BRDA:149,15,0,0
BRDA:149,15,1,0
BRDA:163,16,0,0
BRDA:163,16,1,0
BRDA:168,17,0,0
BRDA:168,17,1,0
BRDA:173,18,0,0
BRDA:173,18,1,0
BRDA:184,19,0,0
BRDA:184,19,1,0
BRDA:217,20,0,0
BRDA:217,20,1,0
BRDA:222,21,0,0
BRDA:222,21,1,0
BRDA:236,22,0,0
BRDA:236,22,1,0
BRDA:241,23,0,0
BRDA:241,23,1,0
BRDA:242,24,0,0
BRDA:242,24,1,0
BRDA:243,25,0,0
BRDA:243,25,1,0
BRDA:246,26,0,0
BRDA:246,26,1,0
BRDA:257,27,0,0
BRDA:257,27,1,0
BRDA:288,28,0,0
BRDA:288,28,1,0
BRDA:291,29,0,0
BRDA:291,29,1,0
BRDA:299,30,0,0
BRDA:299,30,1,0
BRDA:313,31,0,0
BRDA:313,31,1,0
BRDA:328,32,0,0
BRDA:328,32,1,0
BRDA:378,33,0,0
BRDA:378,33,1,0
BRDA:382,34,0,0
BRDA:382,34,1,0
BRDA:386,35,0,0
BRDA:386,35,1,0
BRDA:395,36,0,0
BRDA:395,36,1,0
BRDA:402,37,0,0
BRDA:402,37,1,0
BRDA:403,38,0,0
BRDA:403,38,1,0
BRDA:405,39,0,0
BRDA:405,39,1,0
BRF:80
BRH:0
end_of_record
TN:
SF:src\services\aiService.js
FN:4,(anonymous_0)
FN:27,(anonymous_1)
FN:49,(anonymous_2)
FN:86,(anonymous_3)
FN:110,(anonymous_4)
FN:111,(anonymous_5)
FN:113,(anonymous_6)
FN:113,(anonymous_7)
FN:114,(anonymous_8)
FN:114,(anonymous_9)
FN:117,(anonymous_10)
FN:120,(anonymous_11)
FN:122,(anonymous_12)
FN:126,(anonymous_13)
FN:126,(anonymous_14)
FN:188,(anonymous_15)
FN:197,(anonymous_16)
FN:198,(anonymous_17)
FN:245,(anonymous_18)
FN:251,(anonymous_19)
FN:252,(anonymous_20)
FN:307,(anonymous_21)
FN:313,(anonymous_22)
FNF:23
FNH:0
FNDA:0,(anonymous_0)
FNDA:0,(anonymous_1)
FNDA:0,(anonymous_2)
FNDA:0,(anonymous_3)
FNDA:0,(anonymous_4)
FNDA:0,(anonymous_5)
FNDA:0,(anonymous_6)
FNDA:0,(anonymous_7)
FNDA:0,(anonymous_8)
FNDA:0,(anonymous_9)
FNDA:0,(anonymous_10)
FNDA:0,(anonymous_11)
FNDA:0,(anonymous_12)
FNDA:0,(anonymous_13)
FNDA:0,(anonymous_14)
FNDA:0,(anonymous_15)
FNDA:0,(anonymous_16)
FNDA:0,(anonymous_17)
FNDA:0,(anonymous_18)
FNDA:0,(anonymous_19)
FNDA:0,(anonymous_20)
FNDA:0,(anonymous_21)
FNDA:0,(anonymous_22)
DA:1,1
DA:5,0
DA:6,0
DA:7,0
DA:9,0
DA:10,0
DA:13,0
DA:17,0
DA:18,0
DA:24,0
DA:28,0
DA:30,0
DA:40,0
DA:41,0
DA:43,0
DA:44,0
DA:46,0
DA:50,0
DA:51,0
DA:53,0
DA:54,0
DA:55,0
DA:56,0
DA:57,0
DA:58,0
DA:61,0
DA:77,0
DA:78,0
DA:80,0
DA:81,0
DA:83,0
DA:88,0
DA:89,0
DA:90,0
DA:91,0
DA:92,0
DA:96,0
DA:97,0
DA:98,0
DA:99,0
DA:101,0
DA:110,0
DA:111,0
DA:112,0
DA:113,0
DA:114,0
DA:115,0
DA:116,0
DA:117,0
DA:119,0
DA:120,0
DA:121,0
DA:122,0
DA:123,0
DA:126,0
DA:128,0
DA:129,0
DA:146,0
DA:149,0
DA:151,0
DA:152,0
DA:153,0
DA:154,0
DA:155,0
DA:157,0
DA:159,0
DA:161,0
DA:165,0
DA:166,0
DA:167,0
DA:168,0
DA:169,0
DA:171,0
DA:175,0
DA:176,0
DA:179,0
DA:180,0
DA:182,0
DA:183,0
DA:185,0
DA:189,0
DA:191,0
DA:197,0
DA:198,0
DA:200,0
DA:205,0
DA:207,0
DA:208,0
DA:209,0
DA:212,0
DA:214,0
DA:218,0
DA:219,0
DA:220,0
DA:221,0
DA:223,0
DA:227,0
DA:228,0
DA:229,0
DA:230,0
DA:231,0
DA:233,0
DA:239,0
DA:246,0
DA:251,0
DA:252,0
DA:254,0
DA:270,0
DA:273,0
DA:274,0
DA:275,0
DA:277,0
DA:278,0
DA:279,0
DA:280,0
DA:282,0
DA:284,0
DA:286,0
DA:290,0
DA:292,0
DA:293,0
DA:294,0
DA:296,0
DA:301,0
DA:308,0
DA:313,0
DA:314,0
DA:316,0
DA:329,0
DA:330,0
DA:331,0
DA:332,0
DA:334,0
DA:335,0
DA:336,0
DA:337,0
DA:339,0
DA:341,0
DA:343,0
DA:347,0
DA:348,0
DA:349,0
DA:350,0
DA:352,0
DA:357,0
DA:364,1
LF:146
LH:2
BRDA:7,0,0,0
BRDA:7,0,1,0
BRDA:7,1,0,0
BRDA:7,1,1,0
BRDA:9,2,0,0
BRDA:9,2,1,0
BRDA:9,3,0,0
BRDA:9,3,1,0
BRDA:9,3,2,0
BRDA:17,4,0,0
BRDA:17,4,1,0
BRDA:41,5,0,0
BRDA:41,5,1,0
BRDA:43,6,0,0
BRDA:43,6,1,0
BRDA:43,7,0,0
BRDA:43,7,1,0
BRDA:49,8,0,0
BRDA:53,9,0,0
BRDA:53,9,1,0
BRDA:56,10,0,0
BRDA:56,10,1,0
BRDA:78,11,0,0
BRDA:78,11,1,0
BRDA:80,12,0,0
BRDA:80,12,1,0
BRDA:80,13,0,0
BRDA:80,13,1,0
BRDA:88,14,0,0
BRDA:88,14,1,0
BRDA:88,15,0,0
BRDA:88,15,1,0
BRDA:90,16,0,0
BRDA:90,16,1,0
BRDA:90,17,0,0
BRDA:90,17,1,0
BRDA:91,18,0,0
BRDA:91,18,1,0
BRDA:92,19,0,0
BRDA:92,19,1,0
BRDA:110,20,0,0
BRDA:110,20,1,0
BRDA:110,21,0,0
BRDA:110,21,1,0
BRDA:111,22,0,0
BRDA:111,22,1,0
BRDA:111,23,0,0
BRDA:111,23,1,0
BRDA:112,24,0,0
BRDA:112,24,1,0
BRDA:113,25,0,0
BRDA:113,25,1,0
BRDA:114,26,0,0
BRDA:114,26,1,0
BRDA:116,27,0,0
BRDA:116,27,1,0
BRDA:117,28,0,0
BRDA:117,28,1,0
BRDA:120,29,0,0
BRDA:120,29,1,0
BRDA:121,30,0,0
BRDA:121,30,1,0
BRDA:123,31,0,0
BRDA:123,31,1,0
BRDA:123,32,0,0
BRDA:123,32,1,0
BRDA:128,33,0,0
BRDA:128,33,1,0
BRDA:135,34,0,0
BRDA:135,34,1,0
BRDA:136,35,0,0
BRDA:136,35,1,0
BRDA:151,36,0,0
BRDA:151,36,1,0
BRDA:151,37,0,0
BRDA:151,37,1,0
BRDA:154,38,0,0
BRDA:154,38,1,0
BRDA:165,39,0,0
BRDA:165,39,1,0
BRDA:165,40,0,0
BRDA:165,40,1,0
BRDA:175,41,0,0
BRDA:175,41,1,0
BRDA:175,42,0,0
BRDA:175,42,1,0
BRDA:182,43,0,0
BRDA:182,43,1,0
BRDA:182,44,0,0
BRDA:182,44,1,0
BRDA:183,45,0,0
BRDA:183,45,1,0
BRDA:183,46,0,0
BRDA:183,46,1,0
BRDA:197,47,0,0
BRDA:197,47,1,0
BRDA:197,48,0,0
BRDA:197,48,1,0
BRDA:198,49,0,0
BRDA:198,49,1,0
BRDA:207,50,0,0
BRDA:207,50,1,0
BRDA:207,51,0,0
BRDA:207,51,1,0
BRDA:209,52,0,0
BRDA:209,52,1,0
BRDA:218,53,0,0
BRDA:218,53,1,0
BRDA:218,54,0,0
BRDA:218,54,1,0
BRDA:227,55,0,0
BRDA:227,55,1,0
BRDA:227,56,0,0
BRDA:227,56,1,0
BRDA:229,57,0,0
BRDA:229,57,1,0
BRDA:241,58,0,0
BRDA:241,58,1,0
BRDA:241,59,0,0
BRDA:241,59,1,0
BRDA:251,60,0,0
BRDA:251,60,1,0
BRDA:252,61,0,0
BRDA:252,61,1,0
BRDA:258,62,0,0
BRDA:258,62,1,0
BRDA:261,63,0,0
BRDA:261,63,1,0
BRDA:274,64,0,0
BRDA:274,64,1,0
BRDA:274,65,0,0
BRDA:274,65,1,0
BRDA:275,66,0,0
BRDA:275,66,1,0
BRDA:275,67,0,0
BRDA:275,67,1,0
BRDA:275,67,2,0
BRDA:277,68,0,0
BRDA:277,68,1,0
BRDA:279,69,0,0
BRDA:279,69,1,0
BRDA:290,70,0,0
BRDA:290,70,1,0
BRDA:290,71,0,0
BRDA:290,71,1,0
BRDA:313,72,0,0
BRDA:313,72,1,0
BRDA:314,73,0,0
BRDA:314,73,1,0
BRDA:320,74,0,0
BRDA:320,74,1,0
BRDA:331,75,0,0
BRDA:331,75,1,0
BRDA:331,76,0,0
BRDA:331,76,1,0
BRDA:332,77,0,0
BRDA:332,77,1,0
BRDA:332,78,0,0
BRDA:332,78,1,0
BRDA:332,78,2,0
BRDA:334,79,0,0
BRDA:334,79,1,0
BRDA:336,80,0,0
BRDA:336,80,1,0
BRDA:347,81,0,0
BRDA:347,81,1,0
BRDA:347,82,0,0
BRDA:347,82,1,0
BRF:168
BRH:0
end_of_record
TN:
SF:src\services\assetService.js
FN:6,(anonymous_0)
FN:10,(anonymous_1)
FN:47,(anonymous_2)
FN:49,(anonymous_3)
FN:61,(anonymous_4)
FN:61,(anonymous_5)
FNF:6
FNH:0
FNDA:0,(anonymous_0)
FNDA:0,(anonymous_1)
FNDA:0,(anonymous_2)
FNDA:0,(anonymous_3)
FNDA:0,(anonymous_4)
FNDA:0,(anonymous_5)
DA:1,1
DA:2,1
DA:3,1
DA:7,0
DA:20,0
DA:22,0
DA:23,0
DA:26,0
DA:40,0
DA:48,0
DA:49,0
DA:51,0
DA:52,0
DA:53,0
DA:56,0
DA:57,0
DA:60,0
DA:61,0
DA:63,0
DA:64,0
DA:65,0
DA:67,0
DA:69,0
DA:70,0
DA:72,0
DA:76,0
DA:78,0
DA:81,0
DA:85,0
DA:88,0
DA:89,0
DA:91,0
DA:92,0
DA:115,0
DA:116,0
DA:125,0
DA:126,0
DA:128,0
DA:135,0
DA:143,1
LF:40
LH:4
BRDA:22,0,0,0
BRDA:22,0,1,0
BRDA:22,1,0,0
BRDA:22,1,1,0
BRDA:22,1,2,0
BRDA:22,1,3,0
BRDA:32,2,0,0
BRDA:32,2,1,0
BRDA:34,3,0,0
BRDA:34,3,1,0
BRDA:35,4,0,0
BRDA:35,4,1,0
BRDA:36,5,0,0
BRDA:36,5,1,0
BRDA:67,6,0,0
BRDA:67,6,1,0
BRDA:72,7,0,0
BRDA:72,7,1,0
BRDA:76,8,0,0
BRDA:76,8,1,0
BRDA:83,9,0,0
BRDA:83,9,1,0
BRDA:88,10,0,0
BRDA:88,10,1,0
BRDA:89,11,0,0
BRDA:89,11,1,0
BRDA:91,12,0,0
BRDA:91,12,1,0
BRDA:91,13,0,0
BRDA:91,13,1,0
BRDA:96,14,0,0
BRDA:96,14,1,0
BRDA:105,15,0,0
BRDA:105,15,1,0
BRDA:115,16,0,0
BRDA:115,16,1,0
BRDA:115,17,0,0
BRDA:115,17,1,0
BRF:38
BRH:0
end_of_record
TN:
SF:src\services\budgetService.js
FN:13,(anonymous_0)
FN:22,(anonymous_1)
FN:49,(anonymous_2)
FN:65,(anonymous_3)
FN:81,(anonymous_4)
FN:95,(anonymous_5)
FN:100,(anonymous_6)
FN:131,(anonymous_7)
FNF:8
FNH:0
FNDA:0,(anonymous_0)
FNDA:0,(anonymous_1)
FNDA:0,(anonymous_2)
FNDA:0,(anonymous_3)
FNDA:0,(anonymous_4)
FNDA:0,(anonymous_5)
FNDA:0,(anonymous_6)
FNDA:0,(anonymous_7)
DA:5,1
DA:6,1
DA:14,0
DA:15,0
DA:23,0
DA:26,0
DA:27,0
DA:28,0
DA:29,0
DA:31,0
DA:43,0
DA:50,0
DA:51,0
DA:52,0
DA:53,0
DA:54,0
DA:56,0
DA:59,0
DA:66,0
DA:67,0
DA:82,0
DA:84,0
DA:85,0
DA:88,0
DA:91,0
DA:94,0
DA:95,0
DA:96,0
DA:100,0
DA:101,0
DA:106,0
DA:107,0
DA:108,0
DA:112,0
DA:113,0
DA:114,0
DA:116,0
DA:131,0
DA:137,0
DA:141,0
DA:149,1
LF:41
LH:3
BRDA:13,0,0,0
BRDA:15,1,0,0
BRDA:15,1,1,0
BRDA:15,2,0,0
BRDA:15,2,1,0
BRDA:26,3,0,0
BRDA:26,3,1,0
BRDA:27,4,0,0
BRDA:27,4,1,0
BRDA:27,5,0,0
BRDA:27,5,1,0
BRDA:27,5,2,0
BRDA:28,6,0,0
BRDA:28,6,1,0
BRDA:28,7,0,0
BRDA:28,7,1,0
BRDA:29,8,0,0
BRDA:29,8,1,0
BRDA:29,9,0,0
BRDA:29,9,1,0
BRDA:29,9,2,0
BRDA:39,10,0,0
BRDA:39,10,1,0
BRDA:49,11,0,0
BRDA:66,12,0,0
BRDA:66,12,1,0
BRDA:82,13,0,0
BRDA:82,13,1,0
BRDA:82,14,0,0
BRDA:82,14,1,0
BRDA:101,15,0,0
BRDA:101,15,1,0
BRDA:108,16,0,0
BRDA:108,16,1,0
BRDA:113,17,0,0
BRDA:113,17,1,0
BRDA:114,18,0,0
BRDA:114,18,1,0
BRDA:137,19,0,0
BRDA:137,19,1,0
BRF:40
BRH:0
end_of_record
TN:
SF:src\services\closingService.js
FN:7,(anonymous_0)
FN:11,(anonymous_1)
FN:17,(anonymous_2)
FN:116,(anonymous_3)
FNF:4
FNH:0
FNDA:0,(anonymous_0)
FNDA:0,(anonymous_1)
FNDA:0,(anonymous_2)
FNDA:0,(anonymous_3)
DA:1,1
DA:2,1
DA:3,1
DA:4,1
DA:8,0
DA:12,0
DA:13,0
DA:14,0
DA:18,0
DA:19,0
DA:22,0
DA:23,0
DA:24,0
DA:28,0
DA:29,0
DA:30,0
DA:31,0
DA:34,0
DA:41,0
DA:44,0
DA:46,0
DA:47,0
DA:48,0
DA:49,0
DA:50,0
DA:52,0
DA:53,0
DA:54,0
DA:61,0
DA:62,0
DA:69,0
DA:70,0
DA:71,0
DA:73,0
DA:74,0
DA:75,0
DA:76,0
DA:80,0
DA:82,0
DA:83,0
DA:85,0
DA:95,0
DA:97,0
DA:109,0
DA:110,0
DA:114,0
DA:115,0
DA:116,0
DA:118,0
DA:119,0
DA:123,0
DA:125,0
DA:134,0
DA:136,0
DA:148,0
DA:157,0
DA:158,0
DA:161,0
DA:167,0
DA:169,0
DA:178,1
LF:61
LH:5
BRDA:12,0,0,0
BRDA:12,0,1,0
BRDA:18,1,0,0
BRDA:18,1,1,0
BRDA:18,2,0,0
BRDA:18,2,1,0
BRDA:23,3,0,0
BRDA:23,3,1,0
BRDA:41,4,0,0
BRDA:41,4,1,0
BRDA:46,5,0,0
BRDA:46,5,1,0
BRDA:46,6,0,0
BRDA:46,6,1,0
BRDA:48,7,0,0
BRDA:48,7,1,0
BRDA:50,8,0,0
BRDA:50,8,1,0
BRDA:52,9,0,0
BRDA:52,9,1,0
BRDA:52,10,0,0
BRDA:52,10,1,0
BRDA:53,11,0,0
BRDA:53,11,1,0
BRDA:61,12,0,0
BRDA:61,12,1,0
BRDA:62,13,0,0
BRDA:62,13,1,0
BRDA:76,14,0,0
BRDA:76,14,1,0
BRDA:80,15,0,0
BRDA:80,15,1,0
BRDA:82,16,0,0
BRDA:82,16,1,0
BRDA:109,17,0,0
BRDA:109,17,1,0
BRDA:118,18,0,0
BRDA:118,18,1,0
BRDA:123,19,0,0
BRDA:123,19,1,0
BRDA:134,20,0,0
BRDA:134,20,1,0
BRDA:164,21,0,0
BRDA:164,21,1,0
BRF:44
BRH:0
end_of_record
TN:
SF:src\services\customisationService.js
FN:20,(anonymous_0)
FN:45,(anonymous_1)
FN:46,(anonymous_2)
FN:51,(anonymous_3)
FN:78,(anonymous_4)
FN:99,(anonymous_5)
FNF:6
FNH:0
FNDA:0,(anonymous_0)
FNDA:0,(anonymous_1)
FNDA:0,(anonymous_2)
FNDA:0,(anonymous_3)
FNDA:0,(anonymous_4)
FNDA:0,(anonymous_5)
DA:15,1
DA:16,1
DA:21,0
DA:24,0
DA:29,0
DA:32,0
DA:33,0
DA:34,0
DA:39,0
DA:40,0
DA:44,0
DA:45,0
DA:46,0
DA:47,0
DA:52,0
DA:54,0
DA:55,0
DA:62,0
DA:63,0
DA:66,0
DA:73,0
DA:74,0
DA:79,0
DA:80,0
DA:81,0
DA:83,0
DA:91,0
DA:94,0
DA:95,0
DA:100,0
DA:101,0
DA:102,0
DA:107,0
DA:108,0
DA:109,0
DA:110,0
DA:111,0
DA:115,1
LF:38
LH:3
BRDA:20,0,0,0
BRDA:21,1,0,0
BRDA:21,1,1,0
BRDA:29,2,0,0
BRDA:29,2,1,0
BRDA:33,3,0,0
BRDA:33,3,1,0
BRDA:39,4,0,0
BRDA:39,4,1,0
BRDA:51,5,0,0
BRDA:52,6,0,0
BRDA:52,6,1,0
BRDA:54,7,0,0
BRDA:54,7,1,0
BRDA:62,8,0,0
BRDA:62,8,1,0
BRDA:63,9,0,0
BRDA:63,9,1,0
BRDA:73,10,0,0
BRDA:73,10,1,0
BRDA:74,11,0,0
BRDA:74,11,1,0
BRDA:78,12,0,0
BRDA:79,13,0,0
BRDA:79,13,1,0
BRDA:80,14,0,0
BRDA:80,14,1,0
BRDA:81,15,0,0
BRDA:81,15,1,0
BRDA:94,16,0,0
BRDA:94,16,1,0
BRDA:99,17,0,0
BRDA:100,18,0,0
BRDA:100,18,1,0
BRDA:101,19,0,0
BRDA:101,19,1,0
BRDA:107,20,0,0
BRDA:107,20,1,0
BRDA:110,21,0,0
BRDA:110,21,1,0
BRF:40
BRH:0
end_of_record
TN:
SF:src\services\inventoryService.js
FN:9,(anonymous_0)
FN:16,(anonymous_1)
FN:21,(anonymous_2)
FN:32,(anonymous_3)
FN:33,(anonymous_4)
FN:39,(anonymous_5)
FN:54,(anonymous_6)
FN:69,(anonymous_7)
FN:87,(anonymous_8)
FN:97,(anonymous_9)
FN:109,(anonymous_10)
FN:110,(anonymous_11)
FN:167,(anonymous_12)
FN:177,(anonymous_13)
FN:182,(anonymous_14)
FN:186,(anonymous_15)
FN:188,(anonymous_16)
FN:195,(anonymous_17)
FN:197,(anonymous_18)
FN:198,(anonymous_19)
FN:203,(anonymous_20)
FN:209,(anonymous_21)
FN:214,(anonymous_22)
FN:248,(anonymous_23)
FN:262,(anonymous_24)
FN:265,(anonymous_25)
FN:267,(anonymous_26)
FN:285,(anonymous_27)
FN:314,(anonymous_28)
FN:314,(anonymous_29)
FN:346,(anonymous_30)
FN:384,(anonymous_31)
FN:398,(anonymous_32)
FN:408,(anonymous_33)
FN:418,(anonymous_34)
FN:427,(anonymous_35)
FN:432,(anonymous_36)
FN:433,(anonymous_37)
FN:445,(anonymous_38)
FN:534,(anonymous_39)
FN:544,(anonymous_40)
FN:552,(anonymous_41)
FN:556,(anonymous_42)
FNF:43
FNH:0
FNDA:0,(anonymous_0)
FNDA:0,(anonymous_1)
FNDA:0,(anonymous_2)
FNDA:0,(anonymous_3)
FNDA:0,(anonymous_4)
FNDA:0,(anonymous_5)
FNDA:0,(anonymous_6)
FNDA:0,(anonymous_7)
FNDA:0,(anonymous_8)
FNDA:0,(anonymous_9)
FNDA:0,(anonymous_10)
FNDA:0,(anonymous_11)
FNDA:0,(anonymous_12)
FNDA:0,(anonymous_13)
FNDA:0,(anonymous_14)
FNDA:0,(anonymous_15)
FNDA:0,(anonymous_16)
FNDA:0,(anonymous_17)
FNDA:0,(anonymous_18)
FNDA:0,(anonymous_19)
FNDA:0,(anonymous_20)
FNDA:0,(anonymous_21)
FNDA:0,(anonymous_22)
FNDA:0,(anonymous_23)
FNDA:0,(anonymous_24)
FNDA:0,(anonymous_25)
FNDA:0,(anonymous_26)
FNDA:0,(anonymous_27)
FNDA:0,(anonymous_28)
FNDA:0,(anonymous_29)
FNDA:0,(anonymous_30)
FNDA:0,(anonymous_31)
FNDA:0,(anonymous_32)
FNDA:0,(anonymous_33)
FNDA:0,(anonymous_34)
FNDA:0,(anonymous_35)
FNDA:0,(anonymous_36)
FNDA:0,(anonymous_37)
FNDA:0,(anonymous_38)
FNDA:0,(anonymous_39)
FNDA:0,(anonymous_40)
FNDA:0,(anonymous_41)
FNDA:0,(anonymous_42)
DA:1,1
DA:2,1
DA:3,1
DA:4,1
DA:10,0
DA:13,0
DA:14,0
DA:16,0
DA:17,0
DA:18,0
DA:20,0
DA:21,0
DA:22,0
DA:23,0
DA:25,0
DA:31,0
DA:32,0
DA:33,0
DA:34,0
DA:35,0
DA:39,0
DA:41,0
DA:49,0
DA:50,0
DA:56,0
DA:62,0
DA:63,0
DA:66,0
DA:67,0
DA:69,0
DA:70,0
DA:71,0
DA:74,0
DA:85,0
DA:86,0
DA:87,0
DA:94,0
DA:99,0
DA:105,0
DA:108,0
DA:109,0
DA:110,0
DA:115,0
DA:116,0
DA:124,0
DA:125,0
DA:127,0
DA:128,0
DA:135,0
DA:136,0
DA:137,0
DA:138,0
DA:140,0
DA:143,0
DA:152,0
DA:155,0
DA:165,0
DA:166,0
DA:167,0
DA:174,0
DA:178,0
DA:183,0
DA:187,0
DA:188,0
DA:196,0
DA:197,0
DA:198,0
DA:199,0
DA:204,0
DA:205,0
DA:206,0
DA:208,0
DA:209,0
DA:210,0
DA:211,0
DA:214,0
DA:215,0
DA:216,0
DA:217,0
DA:219,0
DA:220,0
DA:221,0
DA:223,0
DA:224,0
DA:225,0
DA:226,0
DA:227,0
DA:228,0
DA:229,0
DA:230,0
DA:233,0
DA:248,0
DA:249,0
DA:250,0
DA:251,0
DA:253,0
DA:257,0
DA:258,0
DA:263,0
DA:264,0
DA:265,0
DA:267,0
DA:268,0
DA:269,0
DA:279,0
DA:281,0
DA:286,0
DA:287,0
DA:288,0
DA:290,0
DA:291,0
DA:293,0
DA:305,0
DA:306,0
DA:307,0
DA:308,0
DA:309,0
DA:310,0
DA:311,0
DA:313,0
DA:314,0
DA:316,0
DA:317,0
DA:319,0
DA:320,0
DA:321,0
DA:330,0
DA:336,0
DA:340,0
DA:342,0
DA:347,0
DA:348,0
DA:354,0
DA:355,0
DA:362,0
DA:363,0
DA:371,0
DA:372,0
DA:378,0
DA:379,0
DA:380,0
DA:382,0
DA:384,0
DA:387,0
DA:389,0
DA:399,0
DA:404,0
DA:405,0
DA:409,0
DA:414,0
DA:415,0
DA:419,0
DA:425,0
DA:427,0
DA:428,0
DA:431,0
DA:432,0
DA:433,0
DA:434,0
DA:435,0
DA:437,0
DA:442,0
DA:444,0
DA:445,0
DA:446,0
DA:449,0
DA:450,0
DA:451,0
DA:453,0
DA:455,0
DA:456,0
DA:457,0
DA:459,0
DA:460,0
DA:462,0
DA:463,0
DA:466,0
DA:467,0
DA:469,0
DA:470,0
DA:472,0
DA:473,0
DA:486,0
DA:487,0
DA:488,0
DA:489,0
DA:491,0
DA:492,0
DA:493,0
DA:495,0
DA:497,0
DA:498,0
DA:501,0
DA:507,0
DA:509,0
DA:521,0
DA:523,0
DA:535,0
DA:536,0
DA:537,0
DA:538,0
DA:539,0
DA:540,0
DA:541,0
DA:545,0
DA:546,0
DA:547,0
DA:548,0
DA:549,0
DA:553,0
DA:554,0
DA:556,0
DA:566,0
DA:571,1
LF:214
LH:5
BRDA:16,0,0,0
BRDA:16,0,1,0
BRDA:17,1,0,0
BRDA:17,1,1,0
BRDA:20,2,0,0
BRDA:20,2,1,0
BRDA:22,3,0,0
BRDA:22,3,1,0
BRDA:22,4,0,0
BRDA:22,4,1,0
BRDA:23,5,0,0
BRDA:23,5,1,0
BRDA:31,6,0,0
BRDA:31,6,1,0
BRDA:33,7,0,0
BRDA:33,7,1,0
BRDA:34,8,0,0
BRDA:34,8,1,0
BRDA:39,9,0,0
BRDA:39,9,1,0
BRDA:45,10,0,0
BRDA:45,10,1,0
BRDA:50,11,0,0
BRDA:50,11,1,0
BRDA:62,12,0,0
BRDA:62,12,1,0
BRDA:66,13,0,0
BRDA:66,13,1,0
BRDA:66,13,2,0
BRDA:67,14,0,0
BRDA:67,14,1,0
BRDA:69,15,0,0
BRDA:69,15,1,0
BRDA:70,16,0,0
BRDA:70,16,1,0
BRDA:86,17,0,0
BRDA:86,17,1,0
BRDA:86,18,0,0
BRDA:86,18,1,0
BRDA:89,19,0,0
BRDA:89,19,1,0
BRDA:90,20,0,0
BRDA:90,20,1,0
BRDA:99,21,0,0
BRDA:99,21,1,0
BRDA:99,22,0,0
BRDA:99,22,1,0
BRDA:101,23,0,0
BRDA:101,23,1,0
BRDA:101,24,0,0
BRDA:101,24,1,0
BRDA:105,25,0,0
BRDA:105,25,1,0
BRDA:109,26,0,0
BRDA:109,26,1,0
BRDA:112,27,0,0
BRDA:112,27,1,0
BRDA:112,28,0,0
BRDA:112,28,1,0
BRDA:112,28,2,0
BRDA:113,29,0,0
BRDA:113,29,1,0
BRDA:113,30,0,0
BRDA:113,30,1,0
BRDA:113,30,2,0
BRDA:115,31,0,0
BRDA:115,31,1,0
BRDA:125,32,0,0
BRDA:125,32,1,0
BRDA:135,33,0,0
BRDA:135,33,1,0
BRDA:136,34,0,0
BRDA:136,34,1,0
BRDA:137,35,0,0
BRDA:137,35,1,0
BRDA:138,36,0,0
BRDA:138,36,1,0
BRDA:140,37,0,0
BRDA:140,37,1,0
BRDA:140,38,0,0
BRDA:140,38,1,0
BRDA:140,38,2,0
BRDA:140,38,3,0
BRDA:140,38,4,0
BRDA:166,39,0,0
BRDA:166,39,1,0
BRDA:166,40,0,0
BRDA:166,40,1,0
BRDA:169,41,0,0
BRDA:169,41,1,0
BRDA:170,42,0,0
BRDA:170,42,1,0
BRDA:188,43,0,0
BRDA:188,43,1,0
BRDA:190,44,0,0
BRDA:190,44,1,0
BRDA:190,45,0,0
BRDA:190,45,1,0
BRDA:197,46,0,0
BRDA:197,46,1,0
BRDA:198,47,0,0
BRDA:198,47,1,0
BRDA:210,48,0,0
BRDA:210,48,1,0
BRDA:215,49,0,0
BRDA:215,49,1,0
BRDA:217,50,0,0
BRDA:217,50,1,0
BRDA:223,51,0,0
BRDA:223,51,1,0
BRDA:227,52,0,0
BRDA:227,52,1,0
BRDA:238,53,0,0
BRDA:238,53,1,0
BRDA:240,54,0,0
BRDA:240,54,1,0
BRDA:250,55,0,0
BRDA:250,55,1,0
BRDA:265,56,0,0
BRDA:265,56,1,0
BRDA:268,57,0,0
BRDA:268,57,1,0
BRDA:288,58,0,0
BRDA:288,58,1,0
BRDA:305,59,0,0
BRDA:305,59,1,0
BRDA:306,60,0,0
BRDA:306,60,1,0
BRDA:309,61,0,0
BRDA:309,61,1,0
BRDA:310,62,0,0
BRDA:310,62,1,0
BRDA:311,63,0,0
BRDA:311,63,1,0
BRDA:319,64,0,0
BRDA:319,64,1,0
BRDA:319,65,0,0
BRDA:319,65,1,0
BRDA:354,66,0,0
BRDA:354,66,1,0
BRDA:354,67,0,0
BRDA:354,67,1,0
BRDA:362,68,0,0
BRDA:362,68,1,0
BRDA:371,69,0,0
BRDA:371,69,1,0
BRDA:371,70,0,0
BRDA:371,70,1,0
BRDA:380,71,0,0
BRDA:380,71,1,0
BRDA:380,72,0,0
BRDA:380,72,1,0
BRDA:404,73,0,0
BRDA:404,73,1,0
[...]
DA:3,1
DA:5,1
DA:8,0
DA:9,0
DA:10,0
DA:11,0
DA:12,0
DA:15,0
DA:19,0
DA:20,0
DA:21,0
DA:22,0
DA:23,0
DA:25,0
DA:26,0
DA:27,0
DA:29,0
DA:34,0
DA:35,0
DA:36,0
DA:37,0
DA:38,0
DA:41,0
DA:45,0
DA:46,0
DA:47,0
DA:48,0
DA:49,0
DA:51,0
DA:52,0
DA:53,0
DA:55,0
DA:62,0
DA:63,0
DA:64,0
DA:66,0
DA:69,0
DA:70,0
DA:71,0
DA:72,0
DA:73,0
DA:77,0
DA:81,0
DA:82,0
DA:83,0
DA:84,0
DA:86,0
DA:87,0
DA:88,0
DA:89,0
DA:90,0
DA:92,0
DA:94,0
DA:95,0
DA:100,0
DA:101,0
DA:102,0
DA:103,0
DA:105,0
DA:107,0
DA:108,0
DA:109,0
DA:110,0
DA:111,0
DA:112,0
DA:113,0
DA:115,0
DA:120,0
DA:121,0
DA:122,0
DA:123,0
DA:124,0
DA:125,0
DA:127,0
DA:128,0
DA:129,0
DA:130,0
DA:135,0
DA:139,0
DA:140,0
DA:141,0
DA:142,0
DA:146,0
DA:147,0
DA:148,0
DA:150,0
DA:154,0
DA:155,0
DA:156,0
DA:158,0
DA:159,0
DA:160,0
DA:165,0
DA:170,0
DA:171,0
DA:172,0
DA:173,0
DA:182,0
DA:183,0
DA:192,0
DA:193,0
DA:194,0
DA:195,0
DA:217,0
DA:235,0
DA:236,0
DA:237,0
DA:247,0
DA:256,0
DA:259,0
DA:260,0
DA:261,0
DA:262,0
DA:263,0
DA:265,0
DA:266,0
DA:267,0
DA:269,0
DA:270,0
DA:274,0
DA:276,0
DA:277,0
DA:278,0
DA:279,0
DA:283,0
DA:284,0
DA:285,0
DA:286,0
DA:287,0
DA:291,0
DA:295,1
LF:133
LH:5
BRDA:9,0,0,0
BRDA:9,0,1,0
BRDA:12,1,0,0
BRDA:12,1,1,0
BRDA:21,2,0,0
BRDA:21,2,1,0
BRDA:35,3,0,0
BRDA:35,3,1,0
BRDA:38,4,0,0
BRDA:38,4,1,0
BRDA:47,5,0,0
BRDA:47,5,1,0
BRDA:72,6,0,0
BRDA:72,6,1,0
BRDA:72,7,0,0
BRDA:72,7,1,0
BRDA:81,8,0,0
BRDA:81,8,1,0
BRDA:88,9,0,0
BRDA:88,9,1,0
BRDA:89,10,0,0
BRDA:89,10,1,0
BRDA:102,11,0,0
BRDA:102,11,1,0
BRDA:102,12,0,0
BRDA:102,12,1,0
BRDA:110,13,0,0
BRDA:110,13,1,0
BRDA:140,14,0,0
BRDA:140,14,1,0
BRDA:147,15,0,0
BRDA:147,15,1,0
BRDA:147,16,0,0
BRDA:147,16,1,0
BRDA:158,17,0,0
BRDA:158,17,1,0
BRDA:158,18,0,0
BRDA:158,18,1,0
BRDA:170,19,0,0
BRDA:170,19,1,0
BRDA:172,20,0,0
BRDA:172,20,1,0
BRDA:172,21,0,0
BRDA:172,21,1,0
BRDA:172,21,2,0
BRDA:174,22,0,0
BRDA:174,22,1,0
BRDA:175,23,0,0
BRDA:175,23,1,0
BRDA:176,24,0,0
BRDA:176,24,1,0
BRDA:183,25,0,0
BRDA:183,25,1,0
BRDA:194,26,0,0
BRDA:194,26,1,0
BRDA:204,27,0,0
BRDA:204,27,1,0
BRDA:205,28,0,0
BRDA:205,28,1,0
BRDA:206,29,0,0
BRDA:206,29,1,0
BRDA:207,30,0,0
BRDA:207,30,1,0
BRDA:212,31,0,0
BRDA:212,31,1,0
BRDA:213,32,0,0
BRDA:213,32,1,0
BRDA:229,33,0,0
BRDA:229,33,1,0
BRDA:230,34,0,0
BRDA:230,34,1,0
BRDA:236,35,0,0
BRDA:236,35,1,0
BRDA:241,36,0,0
BRDA:241,36,1,0
BRDA:242,37,0,0
BRDA:242,37,1,0
BRDA:243,38,0,0
BRDA:243,38,1,0
BRDA:261,39,0,0
BRDA:261,39,1,0
BRDA:265,40,0,0
BRDA:265,40,1,0
BRDA:269,41,0,0
BRDA:269,41,1,0
BRF:85
BRH:0
end_of_record
TN:
SF:src\services\tamperAuditService.js
FN:19,(anonymous_0)
FN:41,(anonymous_1)
FN:63,(anonymous_2)
FNF:3
FNH:2
FNDA:1,(anonymous_0)
FNDA:1,(anonymous_1)
FNDA:0,(anonymous_2)
DA:9,1
DA:10,1
DA:11,1
DA:20,1
DA:21,1
DA:22,1
DA:23,1
DA:26,1
DA:27,1
DA:29,1
DA:31,1
DA:42,1
DA:43,1
DA:49,1
DA:50,1
DA:51,0
DA:52,0
DA:54,1
DA:64,0
DA:65,0
DA:67,0
DA:68,0
DA:70,0
DA:71,0
DA:73,0
DA:75,0
DA:76,0
DA:77,0
DA:82,0
DA:85,0
DA:88,0
DA:89,0
DA:98,0
DA:100,0
DA:101,0
DA:109,0
DA:113,0
DA:123,1
LF:38
LH:17
BRDA:11,0,0,1
BRDA:11,0,1,1
BRDA:20,1,0,1
BRDA:20,1,1,0
BRDA:21,2,0,1
BRDA:21,2,1,0
BRDA:22,3,0,1
BRDA:22,3,1,0
BRDA:23,4,0,1
BRDA:23,4,1,0
BRDA:26,5,0,1
BRDA:26,5,1,0
BRDA:27,6,0,1
BRDA:27,6,1,0
BRDA:45,7,0,1
BRDA:45,7,1,0
BRDA:50,8,0,0
BRDA:50,8,1,1
BRDA:65,9,0,0
BRDA:65,9,1,0
BRDA:68,10,0,0
BRDA:68,10,1,0
BRDA:73,11,0,0
BRDA:73,11,1,0
BRDA:75,12,0,0
BRDA:75,12,1,0
BRDA:76,13,0,0
BRDA:76,13,1,0
BRDA:100,14,0,0
BRDA:100,14,1,0
BRDA:114,15,0,0
BRDA:114,15,1,0
BRF:32
BRH:10
end_of_record
TN:
SF:src\services\transactionService.js
FN:13,(anonymous_0)
FN:37,(anonymous_1)
FN:52,(anonymous_2)
FN:56,(anonymous_3)
FN:63,(anonymous_4)
FN:132,(anonymous_5)
FN:208,(anonymous_6)
FN:224,(anonymous_7)
FN:226,(anonymous_8)
FN:260,(anonymous_9)
FN:327,(anonymous_10)
FN:348,(anonymous_11)
FN:359,(anonymous_12)
FN:382,(anonymous_13)
FN:474,(anonymous_14)
FN:494,(anonymous_15)
FN:494,(anonymous_16)
FN:547,(anonymous_17)
FN:571,(anonymous_18)
FN:580,(anonymous_19)
FN:595,(anonymous_20)
FN:612,(anonymous_21)
FN:614,(anonymous_22)
FN:671,(anonymous_23)
FN:671,(anonymous_24)
FN:703,(anonymous_25)
FN:726,(anonymous_26)
FN:739,(anonymous_27)
FN:747,(anonymous_28)
FN:753,(anonymous_29)
FN:756,(anonymous_30)
FN:763,(anonymous_31)
FNF:32
FNH:0
FNDA:0,(anonymous_0)
FNDA:0,(anonymous_1)
FNDA:0,(anonymous_2)
FNDA:0,(anonymous_3)
FNDA:0,(anonymous_4)
FNDA:0,(anonymous_5)
FNDA:0,(anonymous_6)
FNDA:0,(anonymous_7)
FNDA:0,(anonymous_8)
FNDA:0,(anonymous_9)
FNDA:0,(anonymous_10)
FNDA:0,(anonymous_11)
FNDA:0,(anonymous_12)
FNDA:0,(anonymous_13)
FNDA:0,(anonymous_14)
FNDA:0,(anonymous_15)
FNDA:0,(anonymous_16)
FNDA:0,(anonymous_17)
FNDA:0,(anonymous_18)
FNDA:0,(anonymous_19)
FNDA:0,(anonymous_20)
FNDA:0,(anonymous_21)
FNDA:0,(anonymous_22)
FNDA:0,(anonymous_23)
FNDA:0,(anonymous_24)
FNDA:0,(anonymous_25)
FNDA:0,(anonymous_26)
FNDA:0,(anonymous_27)
FNDA:0,(anonymous_28)
FNDA:0,(anonymous_29)
FNDA:0,(anonymous_30)
FNDA:0,(anonymous_31)
DA:1,1
DA:2,1
DA:3,1
DA:4,1
DA:5,1
DA:6,1
DA:27,0
DA:30,0
DA:31,0
DA:32,0
DA:33,0
DA:36,0
DA:37,0
DA:38,0
DA:41,0
DA:42,0
DA:43,0
DA:45,0
DA:47,0
DA:48,0
DA:52,0
DA:53,0
DA:54,0
DA:55,0
DA:56,0
DA:57,0
DA:60,0
DA:63,0
DA:68,0
DA:69,0
DA:70,0
DA:71,0
DA:73,0
DA:96,0
DA:97,0
DA:98,0
DA:100,0
DA:101,0
DA:102,0
DA:104,0
DA:105,0
DA:106,0
DA:107,0
DA:109,0
DA:110,0
DA:112,0
DA:113,0
DA:114,0
DA:115,0
DA:116,0
DA:117,0
DA:118,0
DA:120,0
DA:125,0
DA:126,0
DA:128,0
DA:129,0
DA:131,0
DA:132,0
DA:139,0
DA:143,0
DA:144,0
DA:146,0
DA:150,0
DA:151,0
DA:152,0
DA:154,0
DA:159,0
DA:162,0
DA:163,0
DA:165,0
DA:168,0
DA:173,0
DA:174,0
DA:175,0
DA:176,0
DA:177,0
DA:179,0
DA:182,0
DA:183,0
DA:184,0
DA:185,0
DA:186,0
DA:187,0
DA:192,0
DA:197,0
DA:209,0
DA:210,0
DA:212,0
DA:213,0
DA:215,0
DA:220,0
DA:222,0
DA:223,0
DA:224,0
DA:225,0
DA:226,0
DA:229,0
DA:230,0
DA:233,0
DA:234,0
DA:235,0
DA:236,0
DA:237,0
DA:238,0
DA:240,0
DA:241,0
DA:245,0
DA:246,0
DA:247,0
DA:248,0
DA:250,0
DA:254,0
DA:261,0
DA:263,0
DA:264,0
DA:267,0
DA:269,0
DA:271,0
DA:272,0
DA:273,0
DA:274,0
DA:275,0
DA:287,0
DA:289,0
DA:290,0
DA:291,0
DA:292,0
DA:293,0
DA:294,0
DA:295,0
DA:298,0
DA:299,0
DA:314,0
DA:315,0
DA:322,0
DA:323,0
DA:324,0
DA:325,0
DA:327,0
DA:328,0
DA:329,0
DA:330,0
DA:332,0
DA:342,0
DA:344,0
DA:345,0
DA:346,0
DA:348,0
DA:349,0
DA:350,0
DA:355,0
DA:356,0
DA:357,0
DA:358,0
DA:359,0
DA:360,0
DA:361,0
DA:362,0
DA:365,0
DA:377,0
DA:378,0
DA:379,0
DA:380,0
DA:382,0
DA:383,0
DA:384,0
DA:387,0
DA:389,0
DA:390,0
DA:400,0
DA:401,0
DA:410,0
DA:411,0
DA:412,0
DA:413,0
DA:414,0
DA:415,0
DA:417,0
DA:430,0
DA:431,0
DA:432,0
DA:433,0
DA:435,0
DA:436,0
DA:438,0
DA:439,0
DA:440,0
DA:442,0
DA:443,0
DA:444,0
DA:447,0
DA:449,0
DA:450,0
DA:451,0
DA:454,0
DA:468,0
DA:475,0
DA:476,0
DA:477,0
DA:478,0
DA:481,0
DA:482,0
DA:484,0
DA:492,0
DA:494,0
DA:496,0
DA:497,0
DA:498,0
DA:499,0
DA:501,0
DA:503,0
DA:514,0
DA:515,0
DA:516,0
DA:517,0
DA:518,0
DA:520,0
DA:521,0
DA:526,0
DA:527,0
DA:530,0
DA:535,0
DA:536,0
DA:539,0
DA:540,0
DA:547,0
DA:548,0
DA:549,0
DA:550,0
DA:553,0
DA:554,0
DA:555,0
DA:556,0
DA:558,0
DA:559,0
DA:563,0
DA:564,0
DA:572,0
DA:573,0
DA:575,0
DA:576,0
DA:577,0
DA:581,0
DA:582,0
DA:584,0
DA:591,0
DA:592,0
DA:596,0
DA:597,0
DA:599,0
DA:600,0
DA:601,0
DA:602,0
DA:604,0
DA:605,0
DA:608,0
DA:609,0
DA:610,0
DA:611,0
DA:612,0
DA:613,0
DA:614,0
DA:617,0
DA:618,0
DA:619,0
DA:620,0
DA:622,0
DA:623,0
DA:624,0
DA:625,0
DA:627,0
DA:628,0
DA:629,0
DA:630,0
DA:631,0
DA:634,0
DA:636,0
DA:637,0
DA:638,0
DA:640,0
DA:641,0
DA:642,0
DA:643,0
DA:645,0
DA:660,0
DA:661,0
DA:662,0
DA:663,0
DA:670,0
DA:671,0
DA:673,0
DA:674,0
DA:675,0
DA:676,0
DA:678,0
DA:687,0
DA:692,0
DA:693,0
DA:696,0
DA:697,0
DA:703,0
DA:704,0
DA:705,0
DA:706,0
DA:707,0
DA:709,0
DA:714,0
DA:722,0
DA:723,0
DA:727,0
DA:729,0
DA:730,0
DA:732,0
DA:733,0
DA:734,0
DA:735,0
DA:736,0
DA:739,0
DA:740,0
DA:741,0
DA:742,0
DA:743,0
DA:747,0
DA:754,0
DA:756,0
DA:757,0
DA:758,0
DA:759,0
DA:760,0
DA:763,0
DA:767,1
LF:332
LH:7
BRDA:13,0,0,0
BRDA:32,1,0,0
BRDA:32,1,1,0
BRDA:33,2,0,0
BRDA:33,2,1,0
BRDA:33,3,0,0
BRDA:33,3,1,0
BRDA:33,3,2,0
BRDA:41,4,0,0
BRDA:41,4,1,0
BRDA:42,5,0,0
BRDA:42,5,1,0
BRDA:43,6,0,0
BRDA:43,6,1,0
BRDA:47,7,0,0
BRDA:47,7,1,0
BRDA:65,8,0,0
BRDA:65,8,1,0
BRDA:65,8,2,0
BRDA:68,9,0,0
BRDA:68,9,1,0
BRDA:69,10,0,0
BRDA:69,10,1,0
BRDA:70,11,0,0
BRDA:70,11,1,0
BRDA:71,12,0,0
BRDA:71,12,1,0
BRDA:77,13,0,0
BRDA:77,13,1,0
BRDA:84,14,0,0
BRDA:84,14,1,0
BRDA:89,15,0,0
BRDA:89,15,1,0
BRDA:90,16,0,0
BRDA:90,16,1,0
BRDA:100,17,0,0
BRDA:100,17,1,0
BRDA:106,18,0,0
BRDA:106,18,1,0
BRDA:109,19,0,0
BRDA:109,19,1,0
BRDA:115,20,0,0
BRDA:115,20,1,0
BRDA:128,21,0,0
BRDA:128,21,1,0
BRDA:131,22,0,0
BRDA:131,22,1,0
BRDA:150,23,0,0
BRDA:150,23,1,0
BRDA:168,24,0,0
BRDA:168,24,1,0
BRDA:173,25,0,0
BRDA:173,25,1,0
BRDA:174,26,0,0
BRDA:174,26,1,0
BRDA:174,27,0,0
BRDA:174,27,1,0
BRDA:182,28,0,0
BRDA:182,28,1,0
BRDA:186,29,0,0
BRDA:186,29,1,0
BRDA:188,30,0,0
BRDA:188,30,1,0
BRDA:210,31,0,0
BRDA:210,31,1,0
BRDA:213,32,0,0
BRDA:213,32,1,0
BRDA:217,33,0,0
BRDA:217,33,1,0
BRDA:223,34,0,0
BRDA:223,34,1,0
BRDA:223,35,0,0
BRDA:223,35,1,0
BRDA:225,36,0,0
BRDA:225,36,1,0
BRDA:225,37,0,0
BRDA:225,37,1,0
BRDA:234,38,0,0
BRDA:234,38,1,0
BRDA:235,39,0,0
BRDA:235,39,1,0
BRDA:237,40,0,0
BRDA:237,40,1,0
BRDA:240,41,0,0
BRDA:240,41,1,0
BRDA:240,42,0,0
BRDA:240,42,1,0
BRDA:245,43,0,0
BRDA:245,43,1,0
BRDA:260,44,0,0
BRDA:260,45,0,0
BRDA:264,46,0,0
BRDA:264,46,1,0
BRDA:269,47,0,0
BRDA:269,47,1,0
BRDA:269,48,0,0
BRDA:269,48,1,0
BRDA:272,49,0,0
BRDA:272,49,1,0
BRDA:272,50,0,0
BRDA:272,50,1,0
BRDA:274,51,0,0
BRDA:274,51,1,0
BRDA:278,52,0,0
BRDA:278,52,1,0
BRDA:280,53,0,0
BRDA:280,53,1,0
BRDA:281,54,0,0
BRDA:281,54,1,0
BRDA:287,55,0,0
BRDA:287,55,1,0
BRDA:291,56,0,0
BRDA:291,56,1,0
BRDA:291,57,0,0
BRDA:291,57,1,0
BRDA:294,58,0,0
BRDA:294,58,1,0
BRDA:298,59,0,0
BRDA:298,59,1,0
BRDA:302,60,0,0
BRDA:302,60,1,0
BRDA:304,61,0,0
BRDA:304,61,1,0
BRDA:305,62,0,0
BRDA:305,62,1,0
BRDA:314,63,0,0
BRDA:314,63,1,0
BRDA:323,64,0,0
BRDA:323,64,1,0
BRDA:325,65,0,0
BRDA:325,65,1,0
BRDA:328,66,0,0
BRDA:328,66,1,0
BRDA:342,67,0,0
BRDA:342,67,1,0
BRDA:342,68,0,0
BRDA:342,68,1,0
BRDA:344,69,0,0
BRDA:344,69,1,0
BRDA:345,70,0,0
BRDA:345,70,1,0
BRDA:346,71,0,0
BRDA:346,71,1,0
BRDA:349,72,0,0
BRDA:349,72,1,0
BRDA:356,73,0,0
BRDA:356,73,1,0
BRDA:358,74,0,0
BRDA:358,74,1,0
BRDA:360,75,0,0
BRDA:360,75,1,0
BRDA:377,76,0,0
BRDA:377,76,1,0
BRDA:377,77,0,0
BRDA:377,77,1,0
BRDA:378,78,0,0
BRDA:378,78,1,0
BRDA:378,79,0,0
BRDA:378,79,1,0
BRDA:378,80,0,0
BRDA:378,80,1,0
BRDA:379,81,0,0
BRDA:379,81,1,0
BRDA:383,82,0,0
BRDA:383,82,1,0
BRDA:387,83,0,0
BRDA:387,83,1,0
BRDA:389,84,0,0
BRDA:389,84,1,0
BRDA:400,85,0,0
BRDA:400,85,1,0
BRDA:400,86,0,0
BRDA:400,86,1,0
BRDA:412,87,0,0
BRDA:412,87,1,0
BRDA:414,88,0,0
BRDA:414,88,1,0
BRDA:415,89,0,0
BRDA:415,89,1,0
BRDA:415,90,0,0
BRDA:415,90,1,0
BRDA:433,91,0,0
BRDA:433,91,1,0
BRDA:443,92,0,0
BRDA:443,92,1,0
BRDA:449,93,0,0
BRDA:449,93,1,0
BRDA:463,94,0,0
BRDA:463,94,1,0
BRDA:476,95,0,0
BRDA:476,95,1,0
BRDA:482,96,0,0
BRDA:482,96,1,0
BRDA:485,97,0,0
BRDA:485,97,1,0
BRDA:486,98,0,0
BRDA:486,98,1,0
BRDA:487,99,0,0
BRDA:487,99,1,0
BRDA:488,100,0,0
BRDA:488,100,1,0
BRDA:489,101,0,0
BRDA:489,101,1,0
BRDA:497,102,0,0
BRDA:497,102,1,0
BRDA:498,103,0,0
BRDA:498,103,1,0
BRDA:501,104,0,0
BRDA:501,104,1,0
BRDA:506,105,0,0
BRDA:506,105,1,0
BRDA:508,106,0,0
BRDA:508,106,1,0
BRDA:511,107,0,0
BRDA:511,107,1,0
BRDA:511,108,0,0
BRDA:511,108,1,0
BRDA:515,109,0,0
BRDA:515,109,1,0
BRDA:517,110,0,0
BRDA:517,110,1,0
BRDA:518,111,0,0
BRDA:518,111,1,0
BRDA:520,112,0,0
BRDA:520,112,1,0
BRDA:522,113,0,0
BRDA:522,113,1,0
BRDA:531,114,0,0
BRDA:531,114,1,0
BRDA:531,115,0,0
BRDA:531,115,1,0
BRDA:532,116,0,0
BRDA:532,116,1,0
BRDA:532,117,0,0
BRDA:532,117,1,0
BRDA:535,118,0,0
BRDA:535,118,1,0
BRDA:536,119,0,0
BRDA:536,119,1,0
BRDA:536,120,0,0
BRDA:536,120,1,0
BRDA:539,121,0,0
BRDA:539,121,1,0
BRDA:541,122,0,0
BRDA:541,122,1,0
BRDA:541,123,0,0
BRDA:541,123,1,0
BRDA:542,124,0,0
BRDA:542,124,1,0
BRDA:542,125,0,0
BRDA:542,125,1,0
BRDA:548,126,0,0
BRDA:548,126,1,0
BRDA:573,127,0,0
BRDA:573,127,1,0
BRDA:582,128,0,0
BRDA:582,128,1,0
BRDA:585,129,0,0
BRDA:585,129,1,0
BRDA:587,130,0,0
BRDA:587,130,1,0
BRDA:588,131,0,0
BRDA:588,131,1,0
BRDA:589,132,0,0
BRDA:589,132,1,0
BRDA:597,133,0,0
BRDA:597,133,1,0
BRDA:601,134,0,0
BRDA:601,134,1,0
BRDA:604,135,0,0
BRDA:604,135,1,0
BRDA:604,136,0,0
BRDA:604,136,1,0
BRDA:608,137,0,0
BRDA:608,137,1,0
BRDA:611,138,0,0
BRDA:611,138,1,0
BRDA:611,139,0,0
BRDA:611,139,1,0
BRDA:613,140,0,0
BRDA:613,140,1,0
BRDA:613,141,0,0
BRDA:613,141,1,0
BRDA:620,142,0,0
BRDA:620,142,1,0
BRDA:620,143,0,0
BRDA:620,143,1,0
BRDA:623,144,0,0
BRDA:623,144,1,0
BRDA:627,145,0,0
BRDA:627,145,1,0
BRDA:627,146,0,0
BRDA:627,146,1,0
BRDA:630,147,0,0
BRDA:630,147,1,0
BRDA:634,148,0,0
BRDA:634,148,1,0
BRDA:638,149,0,0
BRDA:638,149,1,0
BRDA:641,150,0,0
BRDA:641,150,1,0
BRDA:654,151,0,0
BRDA:654,151,1,0
BRDA:660,152,0,0
BRDA:660,152,1,0
BRDA:662,153,0,0
BRDA:662,153,1,0
BRDA:664,154,0,0
BRDA:664,154,1,0
BRDA:665,155,0,0
BRDA:665,155,1,0
BRDA:666,156,0,0
BRDA:666,156,1,0
BRDA:667,157,0,0
BRDA:667,157,1,0
BRDA:668,158,0,0
BRDA:668,158,1,0
BRDA:674,159,0,0
BRDA:674,159,1,0
BRDA:675,160,0,0
BRDA:675,160,1,0
BRDA:688,161,0,0
BRDA:688,161,1,0
BRDA:688,162,0,0
BRDA:688,162,1,0
BRDA:689,163,0,0
BRDA:689,163,1,0
BRDA:689,164,0,0
BRDA:689,164,1,0
BRDA:692,165,0,0
BRDA:692,165,1,0
BRDA:693,166,0,0
BRDA:693,166,1,0
BRDA:693,167,0,0
BRDA:693,167,1,0
BRDA:696,168,0,0
BRDA:696,168,1,0
BRDA:698,169,0,0
BRDA:698,169,1,0
BRDA:698,170,0,0
BRDA:698,170,1,0
BRDA:699,171,0,0
BRDA:699,171,1,0
BRDA:699,172,0,0
BRDA:699,172,1,0
BRDA:704,173,0,0
BRDA:704,173,1,0
BRDA:718,174,0,0
BRDA:718,174,1,0
BRDA:719,175,0,0
BRDA:719,175,1,0
BRDA:739,176,0,0
BRDA:739,176,1,0
BRDA:742,177,0,0
BRDA:742,177,1,0
BRDA:743,178,0,0
BRDA:743,178,1,0
BRDA:758,179,0,0
BRDA:758,179,1,0
BRF:359
BRH:0
end_of_record
TN:
SF:src\services\userService.js
FN:6,(anonymous_0)
FN:48,(anonymous_1)
FN:56,(anonymous_2)
FN:61,(anonymous_3)
FN:79,(anonymous_4)
FN:106,(anonymous_5)
FN:115,(anonymous_6)
FN:123,(anonymous_7)
FN:128,(anonymous_8)
FN:132,(anonymous_9)
FN:162,(anonymous_10)
FN:167,(anonymous_11)
FN:172,(anonymous_12)
FN:178,(anonymous_13)
FN:185,(anonymous_14)
FN:196,(anonymous_15)
FN:201,(anonymous_16)
FN:206,(anonymous_17)
FN:214,(anonymous_18)
FN:222,(anonymous_19)
FN:227,(anonymous_20)
FNF:21
FNH:0
FNDA:0,(anonymous_0)
FNDA:0,(anonymous_1)
FNDA:0,(anonymous_2)
FNDA:0,(anonymous_3)
FNDA:0,(anonymous_4)
FNDA:0,(anonymous_5)
FNDA:0,(anonymous_6)
FNDA:0,(anonymous_7)
FNDA:0,(anonymous_8)
FNDA:0,(anonymous_9)
FNDA:0,(anonymous_10)
FNDA:0,(anonymous_11)
FNDA:0,(anonymous_12)
FNDA:0,(anonymous_13)
FNDA:0,(anonymous_14)
FNDA:0,(anonymous_15)
FNDA:0,(anonymous_16)
FNDA:0,(anonymous_17)
FNDA:0,(anonymous_18)
FNDA:0,(anonymous_19)
FNDA:0,(anonymous_20)
DA:1,1
DA:2,1
DA:3,1
DA:8,0
DA:9,0
DA:12,0
DA:15,0
DA:16,0
DA:29,0
DA:30,0
DA:31,0
DA:34,0
DA:39,0
DA:45,0
DA:50,0
DA:51,0
DA:53,0
DA:57,0
DA:58,0
DA:61,0
DA:62,0
DA:63,0
DA:80,0
DA:82,0
DA:83,0
DA:85,0
DA:86,0
DA:95,0
DA:96,0
DA:107,0
DA:108,0
DA:116,0
DA:117,0
DA:118,0
DA:120,0
DA:124,0
DA:129,0
DA:133,0
DA:144,0
DA:145,0
DA:146,0
DA:147,0
DA:158,0
DA:163,0
DA:164,0
DA:168,0
DA:169,0
DA:173,0
DA:174,0
DA:175,0
DA:179,0
DA:180,0
DA:181,0
DA:186,0
DA:187,0
DA:188,0
DA:190,0
DA:191,0
DA:193,0
DA:197,0
DA:198,0
DA:199,0
DA:200,0
DA:201,0
DA:203,0
DA:207,0
DA:208,0
DA:215,0
DA:216,0
DA:217,0
DA:218,0
DA:219,0
DA:223,0
DA:224,0
DA:228,0
DA:236,0
DA:240,1
LF:77
LH:4
BRDA:8,0,0,0
BRDA:8,0,1,0
BRDA:12,1,0,0
BRDA:12,1,1,0
BRDA:12,1,2,0
BRDA:12,1,3,0
BRDA:12,1,4,0
BRDA:15,2,0,0
BRDA:15,2,1,0
BRDA:17,3,0,0
BRDA:17,3,1,0
BRDA:17,4,0,0
BRDA:17,4,1,0
BRDA:22,5,0,0
BRDA:22,5,1,0
BRDA:23,6,0,0
BRDA:23,6,1,0
BRDA:30,7,0,0
BRDA:30,7,1,0
BRDA:30,8,0,0
BRDA:30,8,1,0
BRDA:30,8,2,0
BRDA:41,9,0,0
BRDA:41,9,1,0
BRDA:50,10,0,0
BRDA:50,10,1,0
BRDA:57,11,0,0
BRDA:57,11,1,0
BRDA:61,12,0,0
BRDA:61,12,1,0
BRDA:62,13,0,0
BRDA:62,13,1,0
BRDA:62,14,0,0
BRDA:62,14,1,0
BRDA:69,15,0,0
BRDA:69,15,1,0
BRDA:70,16,0,0
BRDA:70,16,1,0
BRDA:80,17,0,0
BRDA:80,17,1,0
BRDA:83,18,0,0
BRDA:83,18,1,0
BRDA:83,19,0,0
BRDA:83,19,1,0
BRDA:85,20,0,0
BRDA:85,20,1,0
BRDA:85,21,0,0
BRDA:85,21,1,0
BRDA:89,22,0,0
BRDA:89,22,1,0
BRDA:90,23,0,0
BRDA:90,23,1,0
BRDA:91,24,0,0
BRDA:91,24,1,0
BRDA:107,25,0,0
BRDA:107,25,1,0
BRDA:117,26,0,0
BRDA:117,26,1,0
BRDA:117,27,0,0
BRDA:117,27,1,0
BRDA:146,28,0,0
BRDA:146,28,1,0
BRDA:149,29,0,0
BRDA:149,29,1,0
BRDA:153,30,0,0
BRDA:153,30,1,0
BRDA:163,31,0,0
BRDA:163,31,1,0
BRDA:168,32,0,0
BRDA:168,32,1,0
BRDA:173,33,0,0
BRDA:173,33,1,0
BRDA:174,34,0,0
BRDA:174,34,1,0
BRDA:175,35,0,0
BRDA:175,35,1,0
BRDA:179,36,0,0
BRDA:179,36,1,0
BRDA:179,37,0,0
BRDA:179,37,1,0
BRDA:180,38,0,0
BRDA:180,38,1,0
BRDA:187,39,0,0
BRDA:187,39,1,0
BRDA:187,40,0,0
BRDA:187,40,1,0
BRDA:188,41,0,0
BRDA:188,41,1,0
BRDA:193,42,0,0
BRDA:193,42,1,0
BRDA:196,43,0,0
BRDA:198,44,0,0
BRDA:198,44,1,0
BRDA:199,45,0,0
BRDA:199,45,1,0
BRDA:200,46,0,0
BRDA:200,46,1,0
BRDA:207,47,0,0
BRDA:207,47,1,0
BRDA:215,48,0,0
BRDA:215,48,1,0
BRDA:223,49,0,0
BRDA:223,49,1,0
BRDA:229,50,0,0
BRDA:229,50,1,0
BRDA:229,50,2,0
BRDA:229,50,3,0
BRDA:230,51,0,0
BRDA:230,51,1,0
BRDA:230,51,2,0
BRDA:230,51,3,0
BRDA:231,52,0,0
BRDA:231,52,1,0
BRDA:231,52,2,0
BRDA:232,53,0,0
BRDA:232,53,1,0
BRDA:232,53,2,0
BRDA:233,54,0,0
BRDA:233,54,1,0
BRF:119
BRH:0
end_of_record
TN:
SF:src\utils\AppError.js
FN:2,(anonymous_0)
FNF:1
FNH:1
FNDA:5,(anonymous_0)
DA:3,5
DA:5,5
DA:6,5
DA:7,5
DA:9,5
DA:13,3
LF:6
LH:6
BRDA:6,0,0,0
BRDA:6,0,1,5
BRF:2
BRH:1
end_of_record
TN:
SF:src\utils\cache.js
FN:7,(anonymous_0)
FN:8,(anonymous_1)
FN:9,(anonymous_2)
FN:10,(anonymous_3)
FNF:4
FNH:0
FNDA:0,(anonymous_0)
FNDA:0,(anonymous_1)
FNDA:0,(anonymous_2)
FNDA:0,(anonymous_3)
DA:1,1
DA:4,1
DA:6,1
DA:7,0
DA:8,0
DA:9,0
DA:10,0
LF:7
LH:3
BRF:0
BRH:0
end_of_record
TN:
SF:src\utils\conversion.js
FN:1,getConversion
FNF:1
FNH:0
FNDA:0,getConversion
DA:2,0
DA:3,0
DA:4,0
DA:5,0
DA:6,0
DA:7,0
DA:8,0
DA:10,0
DA:13,0
DA:14,0
DA:15,0
DA:16,0
DA:20,1
LF:13
LH:1
BRDA:2,0,0,0
BRDA:2,0,1,0
BRDA:3,1,0,0
BRDA:3,1,1,0
BRDA:4,2,0,0
BRDA:4,2,1,0
BRDA:5,3,0,0
BRDA:5,3,1,0
BRDA:6,4,0,0
BRDA:6,4,1,0
BRDA:7,5,0,0
BRDA:7,5,1,0
BRDA:7,6,0,0
BRDA:7,6,1,0
BRDA:7,6,2,0
BRDA:8,7,0,0
BRDA:8,7,1,0
BRDA:10,8,0,0
BRDA:10,8,1,0
BRDA:13,9,0,0
BRDA:13,9,1,0
BRDA:14,10,0,0
BRDA:14,10,1,0
BRDA:14,11,0,0
BRDA:14,11,1,0
BRDA:15,12,0,0
BRDA:15,12,1,0
BRDA:15,13,0,0
BRDA:15,13,1,0
BRF:29
BRH:0
end_of_record
TN:
SF:src\utils\logger.js
FNF:0
FNH:0
DA:1,1
DA:3,1
DA:5,1
DA:6,0
DA:8,1
DA:9,1
DA:10,1
DA:11,1
DA:13,0
DA:17,1
DA:27,1
LF:11
LH:9
BRDA:5,0,0,0
BRDA:5,0,1,1
BRDA:5,1,0,1
BRDA:5,1,1,1
BRF:4
BRH:3
end_of_record
TN:
SF:src\utils\realtimeNotifier.js
FN:1,(anonymous_0)
FNF:1
FNH:1
FNDA:2,(anonymous_0)
DA:1,1
DA:3,2
DA:4,2
DA:5,2
DA:6,2
DA:9,0
DA:12,1
LF:7
LH:6
BRDA:4,0,0,2
BRDA:4,0,1,0
BRF:2
BRH:1
end_of_record
TN:
SF:src\utils\redis.js
FN:4,(anonymous_0)
FN:10,(anonymous_1)
FN:16,(anonymous_2)
FN:23,(anonymous_3)
FN:29,(anonymous_4)
FN:34,(anonymous_5)
FN:46,(anonymous_6)
FN:85,(anonymous_7)
FN:102,(anonymous_8)
FN:120,(anonymous_9)
FNF:10
FNH:1
FNDA:1,(anonymous_0)
FNDA:0,(anonymous_1)
FNDA:0,(anonymous_2)
FNDA:0,(anonymous_3)
FNDA:0,(anonymous_4)
FNDA:0,(anonymous_5)
FNDA:0,(anonymous_6)
FNDA:0,(anonymous_7)
FNDA:0,(anonymous_8)
FNDA:0,(anonymous_9)
DA:1,1
DA:5,1
DA:6,1
DA:7,1
DA:11,0
DA:12,0
DA:17,0
DA:18,0
DA:23,0
DA:25,0
DA:26,0
DA:29,0
DA:30,0
DA:31,0
DA:34,0
DA:35,0
DA:38,0
DA:48,0
DA:49,0
DA:59,0
DA:60,0
DA:64,0
DA:66,0
DA:71,0
DA:72,0
DA:73,0
DA:74,0
DA:78,0
DA:82,0
DA:86,0
DA:87,0
DA:88,0
DA:91,0
DA:96,0
DA:103,0
DA:104,0
DA:105,0
DA:106,0
DA:111,0
DA:112,0
DA:113,0
DA:114,0
DA:115,0
DA:117,0
DA:121,0
DA:122,0
DA:123,0
DA:126,0
DA:130,1
DA:131,1
LF:50
LH:6
BRDA:13,0,0,0
BRDA:13,0,1,0
BRDA:17,1,0,0
BRDA:17,1,1,0
BRDA:25,2,0,0
BRDA:25,2,1,0
BRDA:48,3,0,0
BRDA:48,3,1,0
BRDA:64,4,0,0
BRDA:64,4,1,0
BRDA:72,5,0,0
BRDA:72,5,1,0
BRDA:73,6,0,0
BRDA:73,6,1,0
BRDA:85,7,0,0
BRDA:86,8,0,0
BRDA:86,8,1,0
BRDA:103,9,0,0
BRDA:103,9,1,0
BRDA:106,10,0,0
BRDA:106,10,1,0
BRDA:112,11,0,0
BRDA:112,11,1,0
BRDA:113,12,0,0
BRDA:113,12,1,0
BRDA:121,13,0,0
BRDA:121,13,1,0
BRF:27
BRH:0
end_of_record
